<?xml version="1.0" encoding="UTF-8"?>
<coverage generated="1591693967716" clover="3.2.0">
  <project timestamp="1591693967717" name="All files">
    <metrics statements="3024" coveredstatements="2784" conditionals="2298" coveredconditionals="1762" methods="258" coveredmethods="235" elements="5580" coveredelements="4781" complexity="0" loc="3024" ncloc="3024" packages="1" files="12" classes="12"/>
    <file name="album-api.js" path="D:\aya\ayas2\software-project\Marioplex-Backend\source\album-api.js">
      <metrics statements="225" coveredstatements="216" conditionals="183" coveredconditionals="133" methods="21" coveredmethods="21"/>
      <line num="1" count="11" type="stmt"/>
      <line num="5" count="11" type="stmt"/>
      <line num="6" count="11" type="stmt"/>
      <line num="7" count="11" type="stmt"/>
      <line num="9" count="11" type="stmt"/>
      <line num="17" count="3" type="stmt"/>
      <line num="18" count="3" type="cond" truecount="2" falsecount="0"/>
      <line num="19" count="2" type="cond" truecount="1" falsecount="1"/>
      <line num="20" count="2" type="stmt"/>
      <line num="21" count="2" type="stmt"/>
      <line num="22" count="2" type="stmt"/>
      <line num="23" count="1" type="stmt"/>
      <line num="24" count="1" type="cond" truecount="3" falsecount="1"/>
      <line num="26" count="1" type="stmt"/>
      <line num="28" count="2" type="stmt"/>
      <line num="37" count="3" type="stmt"/>
      <line num="38" count="3" type="cond" truecount="2" falsecount="0"/>
      <line num="39" count="2" type="cond" truecount="1" falsecount="1"/>
      <line num="40" count="2" type="stmt"/>
      <line num="41" count="2" type="stmt"/>
      <line num="42" count="2" type="stmt"/>
      <line num="43" count="1" type="stmt"/>
      <line num="44" count="1" type="cond" truecount="4" falsecount="1"/>
      <line num="47" count="1" type="stmt"/>
      <line num="49" count="2" type="stmt"/>
      <line num="57" count="3" type="stmt"/>
      <line num="58" count="3" type="cond" truecount="2" falsecount="0"/>
      <line num="59" count="2" type="cond" truecount="1" falsecount="1"/>
      <line num="60" count="2" type="stmt"/>
      <line num="61" count="2" type="stmt"/>
      <line num="62" count="2" type="cond" truecount="1" falsecount="1"/>
      <line num="63" count="2" type="stmt"/>
      <line num="64" count="1" type="stmt"/>
      <line num="65" count="1" type="cond" truecount="1" falsecount="1"/>
      <line num="66" count="1" type="stmt"/>
      <line num="68" count="2" type="stmt"/>
      <line num="78" count="41" type="cond" truecount="2" falsecount="0"/>
      <line num="79" count="40" type="stmt"/>
      <line num="80" count="40" type="cond" truecount="2" falsecount="0"/>
      <line num="81" count="39" type="cond" truecount="1" falsecount="1"/>
      <line num="82" count="39" type="stmt"/>
      <line num="85" count="39" type="stmt"/>
      <line num="86" count="39" type="stmt"/>
      <line num="88" count="1" type="stmt"/>
      <line num="99" count="559" type="cond" truecount="2" falsecount="0"/>
      <line num="100" count="555" type="stmt"/>
      <line num="101" count="555" type="cond" truecount="1" falsecount="1"/>
      <line num="102" count="555" type="stmt"/>
      <line num="104" count="555" type="stmt"/>
      <line num="115" count="4" type="cond" truecount="2" falsecount="0"/>
      <line num="116" count="3" type="stmt"/>
      <line num="117" count="3" type="cond" truecount="2" falsecount="0"/>
      <line num="118" count="2" type="cond" truecount="1" falsecount="1"/>
      <line num="119" count="2" type="stmt"/>
      <line num="120" count="2" type="cond" truecount="2" falsecount="0"/>
      <line num="121" count="1" type="cond" truecount="1" falsecount="1"/>
      <line num="122" count="1" type="stmt"/>
      <line num="123" count="3" type="stmt"/>
      <line num="126" count="1" type="stmt"/>
      <line num="129" count="1" type="cond" truecount="1" falsecount="1"/>
      <line num="130" count="1" type="stmt"/>
      <line num="131" count="1" type="cond" truecount="1" falsecount="1"/>
      <line num="132" count="1" type="stmt"/>
      <line num="133" count="3" type="cond" truecount="1" falsecount="1"/>
      <line num="134" count="3" type="stmt"/>
      <line num="136" count="3" type="cond" truecount="1" falsecount="1"/>
      <line num="137" count="3" type="stmt"/>
      <line num="138" count="0" type="cond" truecount="0" falsecount="4"/>
      <line num="139" count="0" type="stmt"/>
      <line num="141" count="3" type="cond" truecount="1" falsecount="1"/>
      <line num="143" count="3" type="stmt"/>
      <line num="144" count="0" type="cond" truecount="0" falsecount="4"/>
      <line num="145" count="0" type="stmt"/>
      <line num="147" count="3" type="stmt"/>
      <line num="151" count="1" type="stmt"/>
      <line num="159" count="1" type="stmt"/>
      <line num="160" count="1" type="cond" truecount="1" falsecount="1"/>
      <line num="161" count="1" type="cond" truecount="1" falsecount="1"/>
      <line num="163" count="1" type="cond" truecount="2" falsecount="2"/>
      <line num="164" count="0" type="cond" truecount="0" falsecount="2"/>
      <line num="166" count="1" type="stmt"/>
      <line num="167" count="3" type="stmt"/>
      <line num="168" count="3" type="stmt"/>
      <line num="171" count="1" type="stmt"/>
      <line num="172" count="1" type="stmt"/>
      <line num="180" count="1" type="stmt"/>
      <line num="181" count="1" type="cond" truecount="1" falsecount="1"/>
      <line num="182" count="1" type="cond" truecount="1" falsecount="1"/>
      <line num="184" count="1" type="cond" truecount="2" falsecount="2"/>
      <line num="185" count="0" type="cond" truecount="0" falsecount="2"/>
      <line num="186" count="1" type="stmt"/>
      <line num="187" count="3" type="cond" truecount="1" falsecount="1"/>
      <line num="188" count="3" type="stmt"/>
      <line num="189" count="3" type="stmt"/>
      <line num="193" count="1" type="stmt"/>
      <line num="194" count="1" type="stmt"/>
      <line num="206" count="23" type="cond" truecount="2" falsecount="0"/>
      <line num="207" count="19" type="stmt"/>
      <line num="208" count="19" type="stmt"/>
      <line num="209" count="19" type="stmt"/>
      <line num="210" count="19" type="cond" truecount="2" falsecount="0"/>
      <line num="211" count="3" type="cond" truecount="2" falsecount="0"/>
      <line num="212" count="2" type="stmt"/>
      <line num="213" count="2" type="cond" truecount="2" falsecount="0"/>
      <line num="214" count="1" type="stmt"/>
      <line num="216" count="1" type="stmt"/>
      <line num="222" count="19" type="cond" truecount="2" falsecount="0"/>
      <line num="223" count="18" type="stmt"/>
      <line num="224" count="18" type="stmt"/>
      <line num="225" count="18" type="stmt"/>
      <line num="226" count="18" type="stmt"/>
      <line num="227" count="18" type="stmt"/>
      <line num="228" count="18" type="cond" truecount="1" falsecount="1"/>
      <line num="229" count="18" type="stmt"/>
      <line num="230" count="18" type="stmt"/>
      <line num="232" count="18" type="cond" truecount="2" falsecount="0"/>
      <line num="233" count="13" type="stmt"/>
      <line num="235" count="5" type="stmt"/>
      <line num="237" count="18" type="stmt"/>
      <line num="239" count="1" type="stmt"/>
      <line num="254" count="4" type="cond" truecount="2" falsecount="0"/>
      <line num="255" count="3" type="cond" truecount="1" falsecount="1"/>
      <line num="256" count="3" type="stmt"/>
      <line num="257" count="5" type="cond" truecount="2" falsecount="0"/>
      <line num="259" count="1" type="stmt"/>
      <line num="272" count="5" type="stmt"/>
      <line num="273" count="5" type="cond" truecount="2" falsecount="0"/>
      <line num="274" count="4" type="cond" truecount="2" falsecount="0"/>
      <line num="275" count="3" type="stmt"/>
      <line num="276" count="2" type="stmt"/>
      <line num="277" count="2" type="cond" truecount="2" falsecount="0"/>
      <line num="278" count="1" type="stmt"/>
      <line num="281" count="3" type="cond" truecount="2" falsecount="0"/>
      <line num="282" count="1" type="stmt"/>
      <line num="283" count="1" type="stmt"/>
      <line num="284" count="1" type="stmt"/>
      <line num="285" count="1" type="cond" truecount="1" falsecount="1"/>
      <line num="286" count="1" type="stmt"/>
      <line num="289" count="1" type="stmt"/>
      <line num="291" count="2" type="stmt"/>
      <line num="304" count="21" type="cond" truecount="2" falsecount="0"/>
      <line num="305" count="20" type="stmt"/>
      <line num="306" count="20" type="stmt"/>
      <line num="307" count="20" type="cond" truecount="2" falsecount="0"/>
      <line num="308" count="1" type="stmt"/>
      <line num="310" count="19" type="cond" truecount="1" falsecount="1"/>
      <line num="311" count="19" type="stmt"/>
      <line num="312" count="32" type="cond" truecount="1" falsecount="1"/>
      <line num="313" count="32" type="stmt"/>
      <line num="314" count="32" type="cond" truecount="1" falsecount="1"/>
      <line num="315" count="32" type="stmt"/>
      <line num="316" count="32" type="stmt"/>
      <line num="317" count="32" type="stmt"/>
      <line num="318" count="32" type="stmt"/>
      <line num="319" count="32" type="cond" truecount="2" falsecount="0"/>
      <line num="320" count="7" type="stmt"/>
      <line num="322" count="32" type="stmt"/>
      <line num="323" count="32" type="stmt"/>
      <line num="324" count="32" type="stmt"/>
      <line num="328" count="19" type="cond" truecount="2" falsecount="0"/>
      <line num="329" count="5" type="stmt"/>
      <line num="331" count="14" type="stmt"/>
      <line num="342" count="15" type="cond" truecount="2" falsecount="0"/>
      <line num="343" count="14" type="stmt"/>
      <line num="345" count="14" type="cond" truecount="2" falsecount="0"/>
      <line num="346" count="13" type="stmt"/>
      <line num="348" count="1" type="stmt"/>
      <line num="361" count="11" type="cond" truecount="2" falsecount="0"/>
      <line num="362" count="10" type="cond" truecount="2" falsecount="0"/>
      <line num="363" count="9" type="stmt"/>
      <line num="364" count="9" type="stmt"/>
      <line num="365" count="8" type="stmt"/>
      <line num="366" count="8" type="cond" truecount="2" falsecount="0"/>
      <line num="367" count="5" type="cond" truecount="2" falsecount="0"/>
      <line num="368" count="4" type="cond" truecount="1" falsecount="1"/>
      <line num="369" count="0" type="stmt"/>
      <line num="371" count="4" type="stmt"/>
      <line num="375" count="4" type="stmt"/>
      <line num="376" count="4" type="cond" truecount="1" falsecount="1"/>
      <line num="377" count="0" type="stmt"/>
      <line num="379" count="4" type="stmt"/>
      <line num="380" count="4" type="stmt"/>
      <line num="382" count="1" type="stmt"/>
      <line num="384" count="3" type="stmt"/>
      <line num="387" count="9" type="cond" truecount="2" falsecount="0"/>
      <line num="388" count="5" type="stmt"/>
      <line num="390" count="4" type="stmt"/>
      <line num="402" count="6" type="stmt"/>
      <line num="403" count="6" type="cond" truecount="2" falsecount="0"/>
      <line num="404" count="5" type="cond" truecount="2" falsecount="0"/>
      <line num="405" count="4" type="stmt"/>
      <line num="406" count="3" type="cond" truecount="2" falsecount="0"/>
      <line num="407" count="1" type="stmt"/>
      <line num="408" count="1" type="stmt"/>
      <line num="409" count="1" type="stmt"/>
      <line num="412" count="2" type="cond" truecount="3" falsecount="2"/>
      <line num="413" count="2" type="stmt"/>
      <line num="417" count="2" type="stmt"/>
      <line num="428" count="3" type="stmt"/>
      <line num="429" count="3" type="stmt"/>
      <line num="430" count="2" type="cond" truecount="5" falsecount="0"/>
      <line num="431" count="1" type="stmt"/>
      <line num="432" count="1" type="cond" truecount="1" falsecount="1"/>
      <line num="433" count="1" type="stmt"/>
      <line num="434" count="0" type="stmt"/>
      <line num="436" count="1" type="stmt"/>
      <line num="447" count="3" type="stmt"/>
      <line num="448" count="3" type="stmt"/>
      <line num="449" count="2" type="stmt"/>
      <line num="450" count="2" type="cond" truecount="5" falsecount="0"/>
      <line num="451" count="1" type="stmt"/>
      <line num="452" count="1" type="cond" truecount="3" falsecount="1"/>
      <line num="453" count="1" type="stmt"/>
      <line num="455" count="1" type="stmt"/>
      <line num="457" count="1" type="stmt"/>
      <line num="467" count="3" type="stmt"/>
      <line num="468" count="3" type="stmt"/>
      <line num="469" count="2" type="stmt"/>
      <line num="470" count="2" type="cond" truecount="5" falsecount="0"/>
      <line num="471" count="1" type="stmt"/>
      <line num="472" count="1" type="cond" truecount="3" falsecount="1"/>
      <line num="473" count="1" type="stmt"/>
      <line num="475" count="1" type="stmt"/>
      <line num="477" count="1" type="stmt"/>
      <line num="481" count="11" type="stmt"/>
    </file>
    <file name="artist-api.js" path="D:\aya\ayas2\software-project\Marioplex-Backend\source\artist-api.js">
      <metrics statements="189" coveredstatements="184" conditionals="171" coveredconditionals="127" methods="27" coveredmethods="23"/>
      <line num="1" count="11" type="stmt"/>
      <line num="2" count="11" type="stmt"/>
      <line num="3" count="11" type="stmt"/>
      <line num="4" count="11" type="stmt"/>
      <line num="7" count="11" type="stmt"/>
      <line num="14" count="3" type="stmt"/>
      <line num="15" count="3" type="cond" truecount="2" falsecount="0"/>
      <line num="16" count="2" type="cond" truecount="1" falsecount="1"/>
      <line num="17" count="2" type="stmt"/>
      <line num="18" count="2" type="stmt"/>
      <line num="19" count="2" type="stmt"/>
      <line num="20" count="2" type="stmt"/>
      <line num="21" count="2" type="cond" truecount="3" falsecount="1"/>
      <line num="23" count="2" type="stmt"/>
      <line num="25" count="2" type="stmt"/>
      <line num="34" count="3" type="stmt"/>
      <line num="35" count="3" type="cond" truecount="2" falsecount="0"/>
      <line num="36" count="2" type="cond" truecount="1" falsecount="1"/>
      <line num="37" count="2" type="stmt"/>
      <line num="38" count="2" type="stmt"/>
      <line num="39" count="2" type="stmt"/>
      <line num="40" count="2" type="stmt"/>
      <line num="41" count="2" type="cond" truecount="4" falsecount="1"/>
      <line num="44" count="2" type="stmt"/>
      <line num="46" count="2" type="stmt"/>
      <line num="54" count="3" type="stmt"/>
      <line num="55" count="3" type="cond" truecount="2" falsecount="0"/>
      <line num="56" count="2" type="cond" truecount="1" falsecount="1"/>
      <line num="57" count="2" type="stmt"/>
      <line num="58" count="2" type="stmt"/>
      <line num="59" count="2" type="cond" truecount="1" falsecount="1"/>
      <line num="60" count="2" type="stmt"/>
      <line num="61" count="2" type="stmt"/>
      <line num="62" count="2" type="cond" truecount="1" falsecount="1"/>
      <line num="63" count="2" type="stmt"/>
      <line num="65" count="2" type="stmt"/>
      <line num="79" count="21" type="cond" truecount="2" falsecount="0"/>
      <line num="80" count="20" type="stmt"/>
      <line num="81" count="21" type="stmt"/>
      <line num="95" count="21" type="stmt"/>
      <line num="96" count="21" type="stmt"/>
      <line num="107" count="5" type="cond" truecount="2" falsecount="0"/>
      <line num="108" count="4" type="stmt"/>
      <line num="109" count="4" type="cond" truecount="2" falsecount="0"/>
      <line num="110" count="3" type="cond" truecount="2" falsecount="0"/>
      <line num="111" count="3" type="cond" truecount="2" falsecount="0"/>
      <line num="112" count="3" type="cond" truecount="2" falsecount="0"/>
      <line num="113" count="3" type="stmt"/>
      <line num="114" count="3" type="stmt"/>
      <line num="122" count="1" type="stmt"/>
      <line num="123" count="1" type="cond" truecount="1" falsecount="1"/>
      <line num="124" count="1" type="cond" truecount="1" falsecount="1"/>
      <line num="126" count="1" type="cond" truecount="2" falsecount="2"/>
      <line num="127" count="0" type="cond" truecount="0" falsecount="2"/>
      <line num="128" count="1" type="stmt"/>
      <line num="130" count="4" type="stmt"/>
      <line num="141" count="1" type="stmt"/>
      <line num="142" count="1" type="stmt"/>
      <line num="151" count="7" type="cond" truecount="2" falsecount="0"/>
      <line num="152" count="6" type="cond" truecount="2" falsecount="0"/>
      <line num="153" count="5" type="stmt"/>
      <line num="154" count="5" type="cond" truecount="2" falsecount="0"/>
      <line num="155" count="4" type="cond" truecount="1" falsecount="1"/>
      <line num="156" count="4" type="stmt"/>
      <line num="159" count="1" type="stmt"/>
      <line num="167" count="753" type="cond" truecount="2" falsecount="0"/>
      <line num="168" count="749" type="stmt"/>
      <line num="169" count="749" type="cond" truecount="1" falsecount="1"/>
      <line num="170" count="749" type="stmt"/>
      <line num="171" count="0" type="stmt"/>
      <line num="172" count="749" type="stmt"/>
      <line num="187" count="33" type="cond" truecount="4" falsecount="0"/>
      <line num="188" count="29" type="cond" truecount="2" falsecount="0"/>
      <line num="189" count="28" type="stmt"/>
      <line num="190" count="28" type="cond" truecount="1" falsecount="1"/>
      <line num="191" count="28" type="stmt"/>
      <line num="192" count="28" type="stmt"/>
      <line num="208" count="28" type="stmt"/>
      <line num="210" count="28" type="stmt"/>
      <line num="213" count="28" type="stmt"/>
      <line num="214" count="28" type="stmt"/>
      <line num="223" count="42" type="cond" truecount="2" falsecount="0"/>
      <line num="224" count="41" type="stmt"/>
      <line num="225" count="41" type="cond" truecount="1" falsecount="1"/>
      <line num="226" count="41" type="stmt"/>
      <line num="229" count="41" type="stmt"/>
      <line num="230" count="41" type="stmt"/>
      <line num="238" count="2" type="stmt"/>
      <line num="240" count="2" type="cond" truecount="1" falsecount="1"/>
      <line num="241" count="2" type="cond" truecount="2" falsecount="0"/>
      <line num="242" count="1" type="stmt"/>
      <line num="244" count="2" type="stmt"/>
      <line num="245" count="2" type="cond" truecount="1" falsecount="1"/>
      <line num="246" count="2" type="stmt"/>
      <line num="248" count="1" type="stmt"/>
      <line num="261" count="8" type="cond" truecount="1" falsecount="1"/>
      <line num="262" count="8" type="stmt"/>
      <line num="263" count="8" type="stmt"/>
      <line num="264" count="8" type="stmt"/>
      <line num="265" count="8" type="cond" truecount="1" falsecount="1"/>
      <line num="266" count="8" type="cond" truecount="1" falsecount="1"/>
      <line num="268" count="8" type="stmt"/>
      <line num="269" count="11" type="stmt"/>
      <line num="270" count="11" type="cond" truecount="1" falsecount="1"/>
      <line num="271" count="11" type="stmt"/>
      <line num="272" count="0" type="stmt"/>
      <line num="275" count="8" type="cond" truecount="4" falsecount="0"/>
      <line num="276" count="3" type="stmt"/>
      <line num="277" count="4" type="cond" truecount="3" falsecount="1"/>
      <line num="278" count="4" type="stmt"/>
      <line num="281" count="5" type="cond" truecount="4" falsecount="0"/>
      <line num="282" count="1" type="stmt"/>
      <line num="283" count="1" type="cond" truecount="1" falsecount="1"/>
      <line num="284" count="1" type="stmt"/>
      <line num="287" count="4" type="cond" truecount="4" falsecount="0"/>
      <line num="288" count="2" type="stmt"/>
      <line num="289" count="3" type="cond" truecount="1" falsecount="1"/>
      <line num="290" count="3" type="stmt"/>
      <line num="294" count="2" type="stmt"/>
      <line num="295" count="3" type="stmt"/>
      <line num="299" count="8" type="stmt"/>
      <line num="300" count="8" type="stmt"/>
      <line num="301" count="8" type="cond" truecount="2" falsecount="0"/>
      <line num="302" count="3" type="cond" truecount="3" falsecount="1"/>
      <line num="303" count="3" type="stmt"/>
      <line num="306" count="8" type="cond" truecount="2" falsecount="0"/>
      <line num="307" count="3" type="cond" truecount="4" falsecount="0"/>
      <line num="308" count="2" type="stmt"/>
      <line num="311" count="5" type="cond" truecount="1" falsecount="1"/>
      <line num="312" count="5" type="cond" truecount="3" falsecount="1"/>
      <line num="313" count="0" type="stmt"/>
      <line num="316" count="8" type="stmt"/>
      <line num="317" count="8" type="stmt"/>
      <line num="325" count="2" type="cond" truecount="1" falsecount="1"/>
      <line num="327" count="2" type="stmt"/>
      <line num="328" count="2" type="stmt"/>
      <line num="330" count="2" type="stmt"/>
      <line num="331" count="2" type="cond" truecount="1" falsecount="1"/>
      <line num="332" count="2" type="cond" truecount="1" falsecount="1"/>
      <line num="333" count="2" type="stmt"/>
      <line num="335" count="2" type="stmt"/>
      <line num="336" count="8" type="cond" truecount="2" falsecount="0"/>
      <line num="337" count="6" type="stmt"/>
      <line num="338" count="6" type="stmt"/>
      <line num="339" count="6" type="cond" truecount="2" falsecount="0"/>
      <line num="340" count="1" type="cond" truecount="1" falsecount="1"/>
      <line num="341" count="1" type="stmt"/>
      <line num="342" count="1" type="stmt"/>
      <line num="348" count="2" type="cond" truecount="1" falsecount="1"/>
      <line num="349" count="2" type="stmt"/>
      <line num="357" count="31" type="cond" truecount="2" falsecount="0"/>
      <line num="358" count="29" type="stmt"/>
      <line num="359" count="29" type="cond" truecount="1" falsecount="1"/>
      <line num="360" count="29" type="stmt"/>
      <line num="361" count="0" type="stmt"/>
      <line num="362" count="29" type="stmt"/>
      <line num="373" count="2" type="cond" truecount="2" falsecount="0"/>
      <line num="374" count="1" type="stmt"/>
      <line num="375" count="1" type="stmt"/>
      <line num="376" count="1" type="stmt"/>
      <line num="377" count="1" type="cond" truecount="1" falsecount="1"/>
      <line num="378" count="1" type="stmt"/>
      <line num="379" count="3" type="stmt"/>
      <line num="380" count="3" type="cond" truecount="1" falsecount="1"/>
      <line num="384" count="1" type="stmt"/>
      <line num="385" count="3" type="cond" truecount="4" falsecount="0"/>
      <line num="386" count="2" type="stmt"/>
      <line num="390" count="1" type="cond" truecount="1" falsecount="1"/>
      <line num="391" count="1" type="stmt"/>
      <line num="392" count="1" type="stmt"/>
      <line num="401" count="3" type="cond" truecount="2" falsecount="0"/>
      <line num="402" count="2" type="stmt"/>
      <line num="403" count="2" type="stmt"/>
      <line num="404" count="2" type="stmt"/>
      <line num="405" count="2" type="cond" truecount="1" falsecount="1"/>
      <line num="406" count="2" type="cond" truecount="1" falsecount="1"/>
      <line num="407" count="2" type="stmt"/>
      <line num="408" count="5" type="stmt"/>
      <line num="409" count="5" type="cond" truecount="1" falsecount="1"/>
      <line num="411" count="2" type="stmt"/>
      <line num="412" count="5" type="stmt"/>
      <line num="414" count="2" type="stmt"/>
      <line num="423" count="5" type="cond" truecount="2" falsecount="0"/>
      <line num="424" count="4" type="cond" truecount="3" falsecount="1"/>
      <line num="425" count="4" type="cond" truecount="1" falsecount="1"/>
      <line num="426" count="4" type="stmt"/>
      <line num="427" count="2" type="cond" truecount="1" falsecount="1"/>
      <line num="429" count="2" type="stmt"/>
      <line num="433" count="11" type="stmt"/>
    </file>
    <file name="browse-api.js" path="D:\aya\ayas2\software-project\Marioplex-Backend\source\browse-api.js">
      <metrics statements="111" coveredstatements="99" conditionals="80" coveredconditionals="67" methods="16" coveredmethods="11"/>
      <line num="1" count="1" type="stmt"/>
      <line num="5" count="1" type="stmt"/>
      <line num="6" count="1" type="stmt"/>
      <line num="7" count="1" type="stmt"/>
      <line num="9" count="1" type="stmt"/>
      <line num="18" count="81" type="stmt"/>
      <line num="19" count="81" type="cond" truecount="2" falsecount="0"/>
      <line num="21" count="80" type="stmt"/>
      <line num="22" count="80" type="cond" truecount="1" falsecount="1"/>
      <line num="23" count="80" type="stmt"/>
      <line num="24" count="0" type="stmt"/>
      <line num="25" count="80" type="cond" truecount="2" falsecount="0"/>
      <line num="26" count="78" type="cond" truecount="2" falsecount="0"/>
      <line num="27" count="53" type="stmt"/>
      <line num="28" count="53" type="stmt"/>
      <line num="30" count="78" type="stmt"/>
      <line num="32" count="0" type="stmt"/>
      <line num="43" count="9" type="stmt"/>
      <line num="44" count="9" type="cond" truecount="2" falsecount="0"/>
      <line num="45" count="8" type="stmt"/>
      <line num="46" count="8" type="cond" truecount="2" falsecount="0"/>
      <line num="47" count="7" type="stmt"/>
      <line num="48" count="7" type="stmt"/>
      <line num="49" count="24" type="stmt"/>
      <line num="50" count="24" type="cond" truecount="1" falsecount="1"/>
      <line num="51" count="24" type="stmt"/>
      <line num="52" count="24" type="stmt"/>
      <line num="53" count="24" type="stmt"/>
      <line num="54" count="24" type="stmt"/>
      <line num="55" count="24" type="stmt"/>
      <line num="56" count="24" type="cond" truecount="1" falsecount="1"/>
      <line num="57" count="24" type="stmt"/>
      <line num="58" count="24" type="stmt"/>
      <line num="60" count="24" type="stmt"/>
      <line num="63" count="7" type="stmt"/>
      <line num="65" count="0" type="stmt"/>
      <line num="76" count="1" type="stmt"/>
      <line num="77" count="1" type="stmt"/>
      <line num="78" count="1" type="cond" truecount="1" falsecount="1"/>
      <line num="79" count="1" type="stmt"/>
      <line num="80" count="0" type="stmt"/>
      <line num="81" count="1" type="stmt"/>
      <line num="82" count="3" type="cond" truecount="2" falsecount="0"/>
      <line num="83" count="2" type="stmt"/>
      <line num="84" count="2" type="stmt"/>
      <line num="87" count="1" type="stmt"/>
      <line num="89" count="0" type="stmt"/>
      <line num="99" count="3" type="stmt"/>
      <line num="100" count="3" type="stmt"/>
      <line num="101" count="3" type="cond" truecount="1" falsecount="1"/>
      <line num="102" count="3" type="stmt"/>
      <line num="103" count="0" type="stmt"/>
      <line num="105" count="3" type="cond" truecount="2" falsecount="0"/>
      <line num="106" count="2" type="stmt"/>
      <line num="107" count="2" type="stmt"/>
      <line num="108" count="2" type="stmt"/>
      <line num="109" count="4" type="cond" truecount="4" falsecount="0"/>
      <line num="110" count="2" type="stmt"/>
      <line num="111" count="2" type="stmt"/>
      <line num="112" count="6" type="cond" truecount="2" falsecount="2"/>
      <line num="113" count="0" type="stmt"/>
      <line num="114" count="6" type="stmt"/>
      <line num="115" count="12" type="cond" truecount="2" falsecount="0"/>
      <line num="116" count="6" type="stmt"/>
      <line num="117" count="6" type="cond" truecount="2" falsecount="0"/>
      <line num="118" count="2" type="stmt"/>
      <line num="122" count="2" type="stmt"/>
      <line num="124" count="0" type="stmt"/>
      <line num="133" count="8" type="stmt"/>
      <line num="134" count="8" type="cond" truecount="2" falsecount="0"/>
      <line num="135" count="7" type="stmt"/>
      <line num="136" count="7" type="cond" truecount="1" falsecount="1"/>
      <line num="137" count="7" type="stmt"/>
      <line num="138" count="0" type="stmt"/>
      <line num="139" count="7" type="cond" truecount="1" falsecount="1"/>
      <line num="140" count="7" type="stmt"/>
      <line num="141" count="7" type="stmt"/>
      <line num="142" count="7" type="stmt"/>
      <line num="143" count="11" type="stmt"/>
      <line num="144" count="77" type="cond" truecount="2" falsecount="0"/>
      <line num="145" count="52" type="cond" truecount="2" falsecount="0"/>
      <line num="146" count="32" type="cond" truecount="1" falsecount="1"/>
      <line num="147" count="32" type="stmt"/>
      <line num="148" count="32" type="cond" truecount="1" falsecount="1"/>
      <line num="149" count="32" type="stmt"/>
      <line num="150" count="0" type="stmt"/>
      <line num="151" count="32" type="cond" truecount="6" falsecount="0"/>
      <line num="152" count="30" type="stmt"/>
      <line num="153" count="30" type="cond" truecount="1" falsecount="1"/>
      <line num="154" count="30" type="stmt"/>
      <line num="156" count="32" type="cond" truecount="1" falsecount="1"/>
      <line num="158" count="11" type="cond" truecount="2" falsecount="0"/>
      <line num="160" count="6" type="stmt"/>
      <line num="161" count="11" type="stmt"/>
      <line num="163" count="7" type="stmt"/>
      <line num="165" count="0" type="stmt"/>
      <line num="171" count="1" type="stmt"/>
      <line num="179" count="7" type="stmt"/>
      <line num="180" count="7" type="stmt"/>
      <line num="181" count="7" type="stmt"/>
      <line num="182" count="7" type="cond" truecount="2" falsecount="0"/>
      <line num="183" count="3" type="cond" truecount="4" falsecount="0"/>
      <line num="184" count="2" type="stmt"/>
      <line num="187" count="7" type="cond" truecount="2" falsecount="0"/>
      <line num="188" count="3" type="cond" truecount="4" falsecount="0"/>
      <line num="189" count="2" type="stmt"/>
      <line num="192" count="4" type="cond" truecount="2" falsecount="0"/>
      <line num="193" count="4" type="cond" truecount="4" falsecount="0"/>
      <line num="194" count="1" type="stmt"/>
      <line num="197" count="7" type="stmt"/>
      <line num="199" count="0" type="stmt"/>
    </file>
    <file name="image-api.js" path="D:\aya\ayas2\software-project\Marioplex-Backend\source\image-api.js">
      <metrics statements="383" coveredstatements="372" conditionals="307" coveredconditionals="241" methods="26" coveredmethods="24"/>
      <line num="1" count="11" type="stmt"/>
      <line num="3" count="11" type="stmt"/>
      <line num="4" count="11" type="stmt"/>
      <line num="6" count="11" type="stmt"/>
      <line num="15" count="13" type="stmt"/>
      <line num="16" count="13" type="stmt"/>
      <line num="17" count="13" type="cond" truecount="1" falsecount="1"/>
      <line num="20" count="13" type="stmt"/>
      <line num="21" count="13" type="stmt"/>
      <line num="22" count="13" type="cond" truecount="1" falsecount="1"/>
      <line num="23" count="13" type="stmt"/>
      <line num="24" count="13" type="cond" truecount="1" falsecount="1"/>
      <line num="25" count="13" type="stmt"/>
      <line num="26" count="13" type="stmt"/>
      <line num="27" count="13" type="stmt"/>
      <line num="28" count="13" type="stmt"/>
      <line num="31" count="13" type="cond" truecount="1" falsecount="1"/>
      <line num="33" count="13" type="cond" truecount="1" falsecount="1"/>
      <line num="34" count="13" type="cond" truecount="2" falsecount="0"/>
      <line num="35" count="4" type="stmt"/>
      <line num="36" count="0" type="cond" truecount="0" falsecount="2"/>
      <line num="37" count="0" type="stmt"/>
      <line num="41" count="4" type="stmt"/>
      <line num="43" count="0" type="stmt"/>
      <line num="53" count="16" type="stmt"/>
      <line num="54" count="16" type="stmt"/>
      <line num="57" count="16" type="cond" truecount="1" falsecount="1"/>
      <line num="59" count="16" type="stmt"/>
      <line num="61" count="16" type="cond" truecount="2" falsecount="0"/>
      <line num="62" count="12" type="stmt"/>
      <line num="63" count="12" type="stmt"/>
      <line num="65" count="0" type="stmt"/>
      <line num="74" count="48" type="stmt"/>
      <line num="75" count="48" type="cond" truecount="1" falsecount="1"/>
      <line num="76" count="48" type="stmt"/>
      <line num="77" count="48" type="cond" truecount="1" falsecount="1"/>
      <line num="78" count="48" type="stmt"/>
      <line num="79" count="0" type="stmt"/>
      <line num="80" count="48" type="stmt"/>
      <line num="82" count="0" type="stmt"/>
      <line num="92" count="12" type="stmt"/>
      <line num="93" count="12" type="cond" truecount="3" falsecount="1"/>
      <line num="94" count="12" type="cond" truecount="1" falsecount="1"/>
      <line num="95" count="12" type="stmt"/>
      <line num="96" count="10" type="cond" truecount="2" falsecount="0"/>
      <line num="98" count="3" type="stmt"/>
      <line num="100" count="0" type="stmt"/>
      <line num="111" count="13" type="stmt"/>
      <line num="112" count="13" type="stmt"/>
      <line num="113" count="13" type="cond" truecount="1" falsecount="1"/>
      <line num="115" count="13" type="stmt"/>
      <line num="116" count="13" type="cond" truecount="2" falsecount="0"/>
      <line num="117" count="9" type="stmt"/>
      <line num="118" count="9" type="stmt"/>
      <line num="120" count="0" type="stmt"/>
      <line num="130" count="9" type="stmt"/>
      <line num="131" count="9" type="cond" truecount="1" falsecount="1"/>
      <line num="132" count="9" type="stmt"/>
      <line num="133" count="9" type="cond" truecount="1" falsecount="1"/>
      <line num="134" count="9" type="stmt"/>
      <line num="135" count="9" type="cond" truecount="1" falsecount="1"/>
      <line num="136" count="9" type="cond" truecount="1" falsecount="1"/>
      <line num="137" count="9" type="stmt"/>
      <line num="140" count="0" type="stmt"/>
      <line num="142" count="0" type="stmt"/>
      <line num="155" count="19" type="stmt"/>
      <line num="156" count="19" type="cond" truecount="2" falsecount="0"/>
      <line num="157" count="18" type="cond" truecount="4" falsecount="0"/>
      <line num="158" count="17" type="stmt"/>
      <line num="159" count="17" type="cond" truecount="2" falsecount="0"/>
      <line num="161" count="16" type="cond" truecount="7" falsecount="0"/>
      <line num="164" count="2" type="cond" truecount="2" falsecount="0"/>
      <line num="166" count="1" type="cond" truecount="1" falsecount="1"/>
      <line num="167" count="1" type="stmt"/>
      <line num="169" count="1" type="stmt"/>
      <line num="171" count="1" type="stmt"/>
      <line num="176" count="3" type="stmt"/>
      <line num="178" count="3" type="cond" truecount="2" falsecount="0"/>
      <line num="180" count="2" type="stmt"/>
      <line num="183" count="2" type="cond" truecount="2" falsecount="0"/>
      <line num="185" count="1" type="cond" truecount="1" falsecount="1"/>
      <line num="186" count="1" type="stmt"/>
      <line num="187" count="1" type="stmt"/>
      <line num="188" count="1" type="stmt"/>
      <line num="194" count="3" type="stmt"/>
      <line num="196" count="3" type="cond" truecount="2" falsecount="0"/>
      <line num="198" count="2" type="stmt"/>
      <line num="200" count="2" type="cond" truecount="2" falsecount="0"/>
      <line num="203" count="1" type="cond" truecount="1" falsecount="1"/>
      <line num="204" count="1" type="stmt"/>
      <line num="205" count="1" type="stmt"/>
      <line num="206" count="1" type="stmt"/>
      <line num="213" count="3" type="stmt"/>
      <line num="214" count="3" type="cond" truecount="2" falsecount="0"/>
      <line num="216" count="2" type="stmt"/>
      <line num="217" count="2" type="cond" truecount="2" falsecount="0"/>
      <line num="219" count="1" type="cond" truecount="1" falsecount="1"/>
      <line num="220" count="1" type="stmt"/>
      <line num="221" count="1" type="stmt"/>
      <line num="222" count="1" type="stmt"/>
      <line num="227" count="3" type="stmt"/>
      <line num="228" count="3" type="cond" truecount="2" falsecount="0"/>
      <line num="229" count="2" type="cond" truecount="2" falsecount="0"/>
      <line num="230" count="1" type="cond" truecount="1" falsecount="1"/>
      <line num="231" count="1" type="stmt"/>
      <line num="232" count="1" type="stmt"/>
      <line num="233" count="1" type="stmt"/>
      <line num="237" count="1" type="stmt"/>
      <line num="240" count="1" type="stmt"/>
      <line num="245" count="1" type="stmt"/>
      <line num="259" count="24" type="stmt"/>
      <line num="260" count="24" type="cond" truecount="2" falsecount="0"/>
      <line num="261" count="23" type="cond" truecount="4" falsecount="0"/>
      <line num="262" count="22" type="stmt"/>
      <line num="263" count="22" type="cond" truecount="2" falsecount="0"/>
      <line num="267" count="21" type="cond" truecount="7" falsecount="0"/>
      <line num="270" count="3" type="cond" truecount="2" falsecount="0"/>
      <line num="273" count="2" type="stmt"/>
      <line num="274" count="2" type="stmt"/>
      <line num="275" count="2" type="stmt"/>
      <line num="278" count="2" type="stmt"/>
      <line num="282" count="2" type="stmt"/>
      <line num="287" count="4" type="stmt"/>
      <line num="289" count="4" type="cond" truecount="2" falsecount="0"/>
      <line num="291" count="3" type="stmt"/>
      <line num="293" count="3" type="cond" truecount="2" falsecount="0"/>
      <line num="295" count="2" type="stmt"/>
      <line num="296" count="2" type="stmt"/>
      <line num="297" count="2" type="stmt"/>
      <line num="299" count="2" type="stmt"/>
      <line num="300" count="2" type="stmt"/>
      <line num="307" count="4" type="stmt"/>
      <line num="308" count="4" type="cond" truecount="2" falsecount="0"/>
      <line num="310" count="3" type="stmt"/>
      <line num="311" count="3" type="cond" truecount="2" falsecount="0"/>
      <line num="313" count="2" type="stmt"/>
      <line num="314" count="2" type="stmt"/>
      <line num="315" count="2" type="stmt"/>
      <line num="317" count="2" type="stmt"/>
      <line num="318" count="2" type="stmt"/>
      <line num="325" count="4" type="stmt"/>
      <line num="326" count="4" type="cond" truecount="2" falsecount="0"/>
      <line num="328" count="3" type="stmt"/>
      <line num="329" count="3" type="cond" truecount="2" falsecount="0"/>
      <line num="331" count="2" type="stmt"/>
      <line num="332" count="2" type="stmt"/>
      <line num="333" count="2" type="stmt"/>
      <line num="334" count="2" type="stmt"/>
      <line num="335" count="2" type="stmt"/>
      <line num="340" count="4" type="stmt"/>
      <line num="341" count="4" type="cond" truecount="2" falsecount="0"/>
      <line num="342" count="3" type="cond" truecount="2" falsecount="0"/>
      <line num="344" count="2" type="stmt"/>
      <line num="345" count="2" type="stmt"/>
      <line num="346" count="2" type="stmt"/>
      <line num="347" count="2" type="stmt"/>
      <line num="348" count="2" type="stmt"/>
      <line num="352" count="1" type="stmt"/>
      <line num="355" count="1" type="stmt"/>
      <line num="359" count="1" type="stmt"/>
      <line num="360" count="1" type="stmt"/>
      <line num="365" count="52" type="stmt"/>
      <line num="366" count="52" type="cond" truecount="2" falsecount="0"/>
      <line num="367" count="51" type="cond" truecount="2" falsecount="0"/>
      <line num="371" count="50" type="cond" truecount="7" falsecount="0"/>
      <line num="374" count="28" type="stmt"/>
      <line num="376" count="28" type="cond" truecount="2" falsecount="0"/>
      <line num="377" count="27" type="cond" truecount="1" falsecount="1"/>
      <line num="378" count="27" type="cond" truecount="2" falsecount="0"/>
      <line num="380" count="3" type="stmt"/>
      <line num="385" count="4" type="stmt"/>
      <line num="387" count="4" type="cond" truecount="2" falsecount="0"/>
      <line num="388" count="3" type="cond" truecount="1" falsecount="1"/>
      <line num="389" count="3" type="cond" truecount="1" falsecount="1"/>
      <line num="390" count="3" type="stmt"/>
      <line num="398" count="4" type="stmt"/>
      <line num="399" count="4" type="cond" truecount="2" falsecount="0"/>
      <line num="400" count="3" type="cond" truecount="1" falsecount="1"/>
      <line num="401" count="3" type="cond" truecount="1" falsecount="1"/>
      <line num="402" count="3" type="stmt"/>
      <line num="409" count="4" type="stmt"/>
      <line num="410" count="4" type="cond" truecount="2" falsecount="0"/>
      <line num="411" count="3" type="cond" truecount="1" falsecount="1"/>
      <line num="412" count="3" type="cond" truecount="1" falsecount="1"/>
      <line num="413" count="3" type="stmt"/>
      <line num="418" count="8" type="stmt"/>
      <line num="419" count="8" type="cond" truecount="2" falsecount="0"/>
      <line num="420" count="7" type="cond" truecount="1" falsecount="1"/>
      <line num="421" count="7" type="cond" truecount="2" falsecount="0"/>
      <line num="422" count="4" type="stmt"/>
      <line num="426" count="1" type="stmt"/>
      <line num="429" count="1" type="stmt"/>
      <line num="433" count="1" type="stmt"/>
      <line num="434" count="1" type="stmt"/>
      <line num="446" count="25" type="stmt"/>
      <line num="449" count="25" type="cond" truecount="2" falsecount="0"/>
      <line num="450" count="24" type="cond" truecount="4" falsecount="0"/>
      <line num="451" count="23" type="stmt"/>
      <line num="452" count="23" type="cond" truecount="2" falsecount="0"/>
      <line num="454" count="22" type="cond" truecount="7" falsecount="0"/>
      <line num="457" count="3" type="cond" truecount="2" falsecount="0"/>
      <line num="460" count="2" type="stmt"/>
      <line num="462" count="2" type="cond" truecount="2" falsecount="0"/>
      <line num="465" count="1" type="stmt"/>
      <line num="467" count="1" type="stmt"/>
      <line num="469" count="1" type="stmt"/>
      <line num="470" count="1" type="cond" truecount="1" falsecount="1"/>
      <line num="471" count="1" type="cond" truecount="1" falsecount="1"/>
      <line num="472" count="1" type="stmt"/>
      <line num="473" count="1" type="cond" truecount="1" falsecount="1"/>
      <line num="475" count="1" type="stmt"/>
      <line num="477" count="1" type="stmt"/>
      <line num="478" count="1" type="stmt"/>
      <line num="485" count="1" type="stmt"/>
      <line num="490" count="4" type="stmt"/>
      <line num="492" count="4" type="cond" truecount="2" falsecount="0"/>
      <line num="494" count="3" type="stmt"/>
      <line num="496" count="3" type="cond" truecount="2" falsecount="0"/>
      <line num="499" count="2" type="stmt"/>
      <line num="500" count="2" type="cond" truecount="2" falsecount="0"/>
      <line num="502" count="1" type="stmt"/>
      <line num="504" count="1" type="stmt"/>
      <line num="506" count="1" type="stmt"/>
      <line num="507" count="1" type="cond" truecount="1" falsecount="1"/>
      <line num="508" count="1" type="cond" truecount="1" falsecount="1"/>
      <line num="509" count="1" type="stmt"/>
      <line num="510" count="1" type="cond" truecount="1" falsecount="1"/>
      <line num="512" count="1" type="stmt"/>
      <line num="514" count="1" type="stmt"/>
      <line num="515" count="1" type="stmt"/>
      <line num="519" count="1" type="stmt"/>
      <line num="526" count="4" type="stmt"/>
      <line num="527" count="4" type="cond" truecount="2" falsecount="0"/>
      <line num="529" count="3" type="stmt"/>
      <line num="530" count="3" type="cond" truecount="2" falsecount="0"/>
      <line num="533" count="2" type="stmt"/>
      <line num="534" count="2" type="cond" truecount="2" falsecount="0"/>
      <line num="536" count="1" type="stmt"/>
      <line num="538" count="1" type="stmt"/>
      <line num="540" count="1" type="stmt"/>
      <line num="541" count="1" type="cond" truecount="1" falsecount="1"/>
      <line num="542" count="1" type="cond" truecount="1" falsecount="1"/>
      <line num="543" count="1" type="stmt"/>
      <line num="544" count="1" type="cond" truecount="1" falsecount="1"/>
      <line num="546" count="1" type="stmt"/>
      <line num="548" count="1" type="stmt"/>
      <line num="549" count="1" type="stmt"/>
      <line num="553" count="1" type="stmt"/>
      <line num="560" count="4" type="stmt"/>
      <line num="561" count="4" type="cond" truecount="2" falsecount="0"/>
      <line num="563" count="3" type="stmt"/>
      <line num="564" count="3" type="cond" truecount="2" falsecount="0"/>
      <line num="567" count="2" type="stmt"/>
      <line num="568" count="2" type="cond" truecount="2" falsecount="0"/>
      <line num="570" count="1" type="stmt"/>
      <line num="572" count="1" type="stmt"/>
      <line num="574" count="1" type="stmt"/>
      <line num="575" count="1" type="cond" truecount="1" falsecount="1"/>
      <line num="576" count="1" type="cond" truecount="1" falsecount="1"/>
      <line num="577" count="1" type="stmt"/>
      <line num="578" count="1" type="cond" truecount="1" falsecount="1"/>
      <line num="580" count="1" type="stmt"/>
      <line num="582" count="1" type="stmt"/>
      <line num="583" count="1" type="stmt"/>
      <line num="587" count="1" type="stmt"/>
      <line num="592" count="5" type="stmt"/>
      <line num="593" count="5" type="cond" truecount="2" falsecount="0"/>
      <line num="594" count="4" type="cond" truecount="2" falsecount="0"/>
      <line num="596" count="3" type="stmt"/>
      <line num="598" count="3" type="cond" truecount="2" falsecount="0"/>
      <line num="600" count="1" type="stmt"/>
      <line num="602" count="1" type="stmt"/>
      <line num="604" count="1" type="stmt"/>
      <line num="605" count="1" type="cond" truecount="1" falsecount="1"/>
      <line num="606" count="1" type="cond" truecount="1" falsecount="1"/>
      <line num="607" count="1" type="stmt"/>
      <line num="608" count="1" type="cond" truecount="1" falsecount="1"/>
      <line num="610" count="1" type="stmt"/>
      <line num="612" count="1" type="stmt"/>
      <line num="613" count="1" type="stmt"/>
      <line num="617" count="1" type="stmt"/>
      <line num="621" count="1" type="stmt"/>
      <line num="624" count="1" type="stmt"/>
      <line num="628" count="1" type="stmt"/>
      <line num="640" count="11" type="stmt"/>
      <line num="641" count="11" type="cond" truecount="1" falsecount="1"/>
      <line num="643" count="11" type="stmt"/>
      <line num="645" count="6" type="cond" truecount="2" falsecount="0"/>
      <line num="647" count="5" type="stmt"/>
      <line num="649" count="5" type="stmt"/>
      <line num="652" count="6" type="stmt"/>
      <line num="654" count="0" type="stmt"/>
      <line num="665" count="39" type="stmt"/>
      <line num="668" count="39" type="cond" truecount="2" falsecount="0"/>
      <line num="669" count="38" type="cond" truecount="2" falsecount="0"/>
      <line num="670" count="37" type="stmt"/>
      <line num="671" count="37" type="cond" truecount="2" falsecount="0"/>
      <line num="673" count="36" type="cond" truecount="7" falsecount="0"/>
      <line num="676" count="6" type="cond" truecount="2" falsecount="0"/>
      <line num="677" count="5" type="cond" truecount="1" falsecount="1"/>
      <line num="679" count="5" type="stmt"/>
      <line num="680" count="2" type="stmt"/>
      <line num="681" count="2" type="cond" truecount="1" falsecount="1"/>
      <line num="682" count="2" type="cond" truecount="1" falsecount="1"/>
      <line num="683" count="2" type="stmt"/>
      <line num="684" count="2" type="cond" truecount="1" falsecount="1"/>
      <line num="686" count="2" type="stmt"/>
      <line num="688" count="2" type="stmt"/>
      <line num="689" count="2" type="stmt"/>
      <line num="696" count="5" type="stmt"/>
      <line num="698" count="5" type="stmt"/>
      <line num="700" count="5" type="stmt"/>
      <line num="705" count="6" type="stmt"/>
      <line num="707" count="6" type="cond" truecount="2" falsecount="0"/>
      <line num="709" count="5" type="stmt"/>
      <line num="711" count="5" type="cond" truecount="2" falsecount="0"/>
      <line num="713" count="4" type="cond" truecount="1" falsecount="1"/>
      <line num="715" count="4" type="stmt"/>
      <line num="716" count="2" type="stmt"/>
      <line num="717" count="2" type="cond" truecount="1" falsecount="1"/>
      <line num="718" count="2" type="cond" truecount="1" falsecount="1"/>
      <line num="719" count="2" type="stmt"/>
      <line num="720" count="2" type="cond" truecount="1" falsecount="1"/>
      <line num="722" count="2" type="stmt"/>
      <line num="724" count="2" type="stmt"/>
      <line num="725" count="2" type="stmt"/>
      <line num="731" count="4" type="stmt"/>
      <line num="733" count="4" type="stmt"/>
      <line num="734" count="4" type="stmt"/>
      <line num="741" count="9" type="stmt"/>
      <line num="742" count="9" type="cond" truecount="2" falsecount="0"/>
      <line num="744" count="8" type="stmt"/>
      <line num="745" count="8" type="cond" truecount="2" falsecount="0"/>
      <line num="747" count="4" type="cond" truecount="1" falsecount="1"/>
      <line num="749" count="4" type="stmt"/>
      <line num="750" count="2" type="stmt"/>
      <line num="751" count="2" type="cond" truecount="1" falsecount="1"/>
      <line num="752" count="2" type="cond" truecount="1" falsecount="1"/>
      <line num="753" count="2" type="stmt"/>
      <line num="754" count="2" type="cond" truecount="1" falsecount="1"/>
      <line num="756" count="2" type="stmt"/>
      <line num="758" count="2" type="stmt"/>
      <line num="759" count="2" type="stmt"/>
      <line num="765" count="4" type="stmt"/>
      <line num="767" count="4" type="stmt"/>
      <line num="768" count="4" type="stmt"/>
      <line num="776" count="6" type="stmt"/>
      <line num="777" count="6" type="cond" truecount="2" falsecount="0"/>
      <line num="779" count="5" type="stmt"/>
      <line num="780" count="5" type="cond" truecount="2" falsecount="0"/>
      <line num="782" count="4" type="cond" truecount="1" falsecount="1"/>
      <line num="784" count="4" type="stmt"/>
      <line num="785" count="2" type="stmt"/>
      <line num="786" count="2" type="cond" truecount="1" falsecount="1"/>
      <line num="787" count="2" type="cond" truecount="1" falsecount="1"/>
      <line num="788" count="2" type="stmt"/>
      <line num="789" count="2" type="cond" truecount="1" falsecount="1"/>
      <line num="791" count="2" type="stmt"/>
      <line num="793" count="2" type="stmt"/>
      <line num="794" count="2" type="stmt"/>
      <line num="800" count="4" type="stmt"/>
      <line num="802" count="4" type="stmt"/>
      <line num="803" count="4" type="stmt"/>
      <line num="808" count="7" type="stmt"/>
      <line num="809" count="7" type="cond" truecount="2" falsecount="0"/>
      <line num="810" count="6" type="cond" truecount="2" falsecount="0"/>
      <line num="811" count="5" type="cond" truecount="1" falsecount="1"/>
      <line num="813" count="5" type="stmt"/>
      <line num="814" count="2" type="stmt"/>
      <line num="815" count="2" type="cond" truecount="1" falsecount="1"/>
      <line num="816" count="2" type="cond" truecount="1" falsecount="1"/>
      <line num="817" count="2" type="stmt"/>
      <line num="818" count="2" type="cond" truecount="1" falsecount="1"/>
      <line num="820" count="2" type="stmt"/>
      <line num="822" count="2" type="stmt"/>
      <line num="823" count="2" type="stmt"/>
      <line num="829" count="5" type="stmt"/>
      <line num="831" count="5" type="stmt"/>
      <line num="832" count="5" type="stmt"/>
      <line num="836" count="1" type="stmt"/>
      <line num="839" count="1" type="stmt"/>
      <line num="842" count="1" type="stmt"/>
      <line num="849" count="11" type="stmt"/>
    </file>
    <file name="library-api.js" path="D:\aya\ayas2\software-project\Marioplex-Backend\source\library-api.js">
      <metrics statements="113" coveredstatements="106" conditionals="90" coveredconditionals="78" methods="8" coveredmethods="6"/>
      <line num="1" count="1" type="stmt"/>
      <line num="3" count="1" type="stmt"/>
      <line num="4" count="1" type="stmt"/>
      <line num="5" count="1" type="stmt"/>
      <line num="6" count="1" type="stmt"/>
      <line num="8" count="1" type="stmt"/>
      <line num="16" count="5" type="stmt"/>
      <line num="18" count="5" type="cond" truecount="2" falsecount="0"/>
      <line num="19" count="4" type="cond" truecount="2" falsecount="0"/>
      <line num="20" count="3" type="stmt"/>
      <line num="21" count="3" type="stmt"/>
      <line num="22" count="3" type="stmt"/>
      <line num="23" count="3" type="cond" truecount="1" falsecount="1"/>
      <line num="24" count="3" type="stmt"/>
      <line num="25" count="0" type="stmt"/>
      <line num="26" count="3" type="cond" truecount="2" falsecount="0"/>
      <line num="28" count="2" type="cond" truecount="1" falsecount="1"/>
      <line num="29" count="2" type="stmt"/>
      <line num="30" count="2" type="stmt"/>
      <line num="32" count="2" type="stmt"/>
      <line num="35" count="2" type="cond" truecount="2" falsecount="0"/>
      <line num="37" count="1" type="stmt"/>
      <line num="38" count="1" type="stmt"/>
      <line num="42" count="2" type="cond" truecount="2" falsecount="0"/>
      <line num="43" count="1" type="stmt"/>
      <line num="47" count="2" type="stmt"/>
      <line num="49" count="0" type="stmt"/>
      <line num="59" count="5" type="stmt"/>
      <line num="60" count="5" type="cond" truecount="2" falsecount="0"/>
      <line num="61" count="4" type="cond" truecount="2" falsecount="0"/>
      <line num="62" count="3" type="stmt"/>
      <line num="63" count="3" type="cond" truecount="1" falsecount="1"/>
      <line num="64" count="3" type="stmt"/>
      <line num="65" count="0" type="stmt"/>
      <line num="66" count="3" type="cond" truecount="2" falsecount="0"/>
      <line num="67" count="2" type="stmt"/>
      <line num="68" count="2" type="stmt"/>
      <line num="69" count="2" type="stmt"/>
      <line num="72" count="2" type="cond" truecount="2" falsecount="0"/>
      <line num="74" count="1" type="stmt"/>
      <line num="76" count="0" type="stmt"/>
      <line num="87" count="8" type="stmt"/>
      <line num="88" count="8" type="cond" truecount="2" falsecount="0"/>
      <line num="89" count="6" type="stmt"/>
      <line num="90" count="6" type="stmt"/>
      <line num="91" count="6" type="cond" truecount="2" falsecount="0"/>
      <line num="92" count="5" type="cond" truecount="1" falsecount="1"/>
      <line num="93" count="5" type="cond" truecount="2" falsecount="0"/>
      <line num="94" count="4" type="stmt"/>
      <line num="95" count="7" type="stmt"/>
      <line num="96" count="7" type="cond" truecount="2" falsecount="0"/>
      <line num="99" count="4" type="stmt"/>
      <line num="100" count="4" type="cond" truecount="1" falsecount="1"/>
      <line num="101" count="4" type="cond" truecount="2" falsecount="0"/>
      <line num="102" count="2" type="cond" truecount="4" falsecount="0"/>
      <line num="103" count="1" type="stmt"/>
      <line num="106" count="4" type="cond" truecount="2" falsecount="0"/>
      <line num="107" count="2" type="cond" truecount="4" falsecount="0"/>
      <line num="108" count="1" type="stmt"/>
      <line num="111" count="2" type="cond" truecount="1" falsecount="1"/>
      <line num="112" count="2" type="cond" truecount="3" falsecount="1"/>
      <line num="113" count="0" type="stmt"/>
      <line num="116" count="4" type="stmt"/>
      <line num="117" count="4" type="stmt"/>
      <line num="118" count="4" type="stmt"/>
      <line num="119" count="5" type="stmt"/>
      <line num="120" count="5" type="cond" truecount="1" falsecount="1"/>
      <line num="121" count="5" type="stmt"/>
      <line num="125" count="4" type="stmt"/>
      <line num="127" count="0" type="stmt"/>
      <line num="139" count="10" type="stmt"/>
      <line num="140" count="10" type="cond" truecount="2" falsecount="0"/>
      <line num="141" count="9" type="stmt"/>
      <line num="142" count="9" type="cond" truecount="2" falsecount="0"/>
      <line num="143" count="8" type="cond" truecount="2" falsecount="0"/>
      <line num="144" count="6" type="stmt"/>
      <line num="146" count="6" type="cond" truecount="4" falsecount="0"/>
      <line num="147" count="5" type="stmt"/>
      <line num="148" count="5" type="stmt"/>
      <line num="149" count="5" type="cond" truecount="1" falsecount="1"/>
      <line num="150" count="5" type="cond" truecount="2" falsecount="0"/>
      <line num="151" count="2" type="cond" truecount="4" falsecount="0"/>
      <line num="152" count="1" type="stmt"/>
      <line num="155" count="5" type="cond" truecount="2" falsecount="0"/>
      <line num="156" count="2" type="cond" truecount="4" falsecount="0"/>
      <line num="157" count="1" type="stmt"/>
      <line num="160" count="3" type="cond" truecount="1" falsecount="1"/>
      <line num="161" count="3" type="cond" truecount="4" falsecount="0"/>
      <line num="162" count="1" type="stmt"/>
      <line num="165" count="5" type="stmt"/>
      <line num="166" count="5" type="stmt"/>
      <line num="167" count="5" type="stmt"/>
      <line num="168" count="11" type="stmt"/>
      <line num="169" count="11" type="stmt"/>
      <line num="170" count="11" type="cond" truecount="1" falsecount="1"/>
      <line num="171" count="11" type="stmt"/>
      <line num="172" count="11" type="stmt"/>
      <line num="173" count="11" type="stmt"/>
      <line num="174" count="11" type="stmt"/>
      <line num="176" count="11" type="stmt"/>
      <line num="177" count="11" type="cond" truecount="1" falsecount="1"/>
      <line num="178" count="11" type="stmt"/>
      <line num="179" count="11" type="stmt"/>
      <line num="180" count="11" type="stmt"/>
      <line num="181" count="11" type="stmt"/>
      <line num="183" count="11" type="stmt"/>
      <line num="184" count="11" type="stmt"/>
      <line num="185" count="11" type="stmt"/>
      <line num="186" count="11" type="stmt"/>
      <line num="187" count="11" type="stmt"/>
      <line num="189" count="5" type="stmt"/>
      <line num="191" count="0" type="stmt"/>
      <line num="197" count="1" type="stmt"/>
    </file>
    <file name="notification-api.js" path="D:\aya\ayas2\software-project\Marioplex-Backend\source\notification-api.js">
      <metrics statements="143" coveredstatements="93" conditionals="68" coveredconditionals="36" methods="11" coveredmethods="5"/>
      <line num="1" count="1" type="stmt"/>
      <line num="2" count="1" type="stmt"/>
      <line num="3" count="1" type="stmt"/>
      <line num="4" count="1" type="stmt"/>
      <line num="20" count="1" type="stmt"/>
      <line num="24" count="4" type="stmt"/>
      <line num="25" count="4" type="stmt"/>
      <line num="27" count="0" type="cond" truecount="0" falsecount="2"/>
      <line num="28" count="0" type="stmt"/>
      <line num="29" count="0" type="cond" truecount="0" falsecount="2"/>
      <line num="30" count="0" type="stmt"/>
      <line num="35" count="0" type="stmt"/>
      <line num="39" count="4" type="stmt"/>
      <line num="43" count="2" type="cond" truecount="1" falsecount="1"/>
      <line num="45" count="0" type="stmt"/>
      <line num="46" count="0" type="stmt"/>
      <line num="49" count="2" type="stmt"/>
      <line num="51" count="2" type="stmt"/>
      <line num="53" count="2" type="stmt"/>
      <line num="63" count="2" type="cond" truecount="2" falsecount="0"/>
      <line num="66" count="1" type="stmt"/>
      <line num="71" count="1" type="stmt"/>
      <line num="72" count="1" type="stmt"/>
      <line num="75" count="0" type="stmt"/>
      <line num="77" count="1" type="stmt"/>
      <line num="78" count="1" type="stmt"/>
      <line num="81" count="2" type="cond" truecount="4" falsecount="0"/>
      <line num="82" count="1" type="cond" truecount="1" falsecount="1"/>
      <line num="83" count="1" type="stmt"/>
      <line num="84" count="1" type="stmt"/>
      <line num="85" count="1" type="stmt"/>
      <line num="87" count="1" type="cond" truecount="1" falsecount="1"/>
      <line num="88" count="1" type="stmt"/>
      <line num="89" count="1" type="stmt"/>
      <line num="90" count="1" type="stmt"/>
      <line num="95" count="0" type="stmt"/>
      <line num="96" count="0" type="stmt"/>
      <line num="97" count="0" type="stmt"/>
      <line num="104" count="0" type="stmt"/>
      <line num="105" count="0" type="stmt"/>
      <line num="108" count="0" type="stmt"/>
      <line num="109" count="0" type="stmt"/>
      <line num="111" count="0" type="stmt"/>
      <line num="112" count="0" type="stmt"/>
      <line num="113" count="0" type="stmt"/>
      <line num="118" count="0" type="stmt"/>
      <line num="119" count="0" type="stmt"/>
      <line num="121" count="0" type="stmt"/>
      <line num="127" count="2" type="stmt"/>
      <line num="129" count="2" type="stmt"/>
      <line num="130" count="2" type="cond" truecount="1" falsecount="1"/>
      <line num="132" count="2" type="stmt"/>
      <line num="140" count="2" type="stmt"/>
      <line num="141" count="6" type="stmt"/>
      <line num="142" count="2" type="cond" truecount="1" falsecount="1"/>
      <line num="143" count="2" type="cond" truecount="1" falsecount="1"/>
      <line num="144" count="0" type="stmt"/>
      <line num="145" count="2" type="cond" truecount="2" falsecount="0"/>
      <line num="146" count="1" type="stmt"/>
      <line num="149" count="1" type="cond" truecount="1" falsecount="1"/>
      <line num="150" count="1" type="stmt"/>
      <line num="151" count="1" type="stmt"/>
      <line num="153" count="2" type="cond" truecount="1" falsecount="1"/>
      <line num="154" count="2" type="stmt"/>
      <line num="155" count="2" type="stmt"/>
      <line num="159" count="2" type="cond" truecount="2" falsecount="0"/>
      <line num="162" count="1" type="stmt"/>
      <line num="167" count="1" type="stmt"/>
      <line num="168" count="1" type="stmt"/>
      <line num="171" count="0" type="stmt"/>
      <line num="173" count="1" type="stmt"/>
      <line num="174" count="1" type="stmt"/>
      <line num="177" count="2" type="stmt"/>
      <line num="182" count="2" type="stmt"/>
      <line num="184" count="2" type="stmt"/>
      <line num="185" count="2" type="cond" truecount="1" falsecount="1"/>
      <line num="187" count="2" type="stmt"/>
      <line num="195" count="2" type="stmt"/>
      <line num="196" count="6" type="stmt"/>
      <line num="197" count="2" type="cond" truecount="1" falsecount="1"/>
      <line num="198" count="2" type="cond" truecount="1" falsecount="1"/>
      <line num="199" count="0" type="stmt"/>
      <line num="200" count="2" type="cond" truecount="2" falsecount="0"/>
      <line num="201" count="1" type="stmt"/>
      <line num="204" count="1" type="cond" truecount="1" falsecount="1"/>
      <line num="205" count="1" type="stmt"/>
      <line num="206" count="1" type="stmt"/>
      <line num="208" count="2" type="cond" truecount="1" falsecount="1"/>
      <line num="209" count="2" type="stmt"/>
      <line num="210" count="2" type="stmt"/>
      <line num="214" count="2" type="cond" truecount="2" falsecount="0"/>
      <line num="217" count="1" type="stmt"/>
      <line num="222" count="1" type="stmt"/>
      <line num="223" count="1" type="stmt"/>
      <line num="226" count="0" type="stmt"/>
      <line num="228" count="1" type="stmt"/>
      <line num="229" count="1" type="stmt"/>
      <line num="232" count="2" type="stmt"/>
      <line num="236" count="2" type="cond" truecount="1" falsecount="1"/>
      <line num="238" count="0" type="stmt"/>
      <line num="239" count="0" type="stmt"/>
      <line num="242" count="2" type="stmt"/>
      <line num="244" count="2" type="stmt"/>
      <line num="246" count="2" type="stmt"/>
      <line num="256" count="2" type="cond" truecount="2" falsecount="0"/>
      <line num="259" count="1" type="stmt"/>
      <line num="264" count="1" type="stmt"/>
      <line num="265" count="1" type="stmt"/>
      <line num="268" count="0" type="stmt"/>
      <line num="270" count="1" type="stmt"/>
      <line num="271" count="1" type="stmt"/>
      <line num="274" count="2" type="cond" truecount="4" falsecount="0"/>
      <line num="275" count="1" type="cond" truecount="1" falsecount="1"/>
      <line num="276" count="1" type="stmt"/>
      <line num="277" count="1" type="stmt"/>
      <line num="278" count="1" type="stmt"/>
      <line num="280" count="1" type="cond" truecount="1" falsecount="1"/>
      <line num="281" count="1" type="stmt"/>
      <line num="282" count="1" type="stmt"/>
      <line num="283" count="1" type="stmt"/>
      <line num="287" count="0" type="cond" truecount="0" falsecount="2"/>
      <line num="289" count="0" type="stmt"/>
      <line num="290" count="0" type="stmt"/>
      <line num="293" count="0" type="stmt"/>
      <line num="295" count="0" type="stmt"/>
      <line num="297" count="0" type="stmt"/>
      <line num="307" count="0" type="cond" truecount="0" falsecount="2"/>
      <line num="310" count="0" type="stmt"/>
      <line num="315" count="0" type="stmt"/>
      <line num="316" count="0" type="stmt"/>
      <line num="319" count="0" type="stmt"/>
      <line num="321" count="0" type="stmt"/>
      <line num="322" count="0" type="stmt"/>
      <line num="325" count="0" type="cond" truecount="0" falsecount="4"/>
      <line num="326" count="0" type="cond" truecount="0" falsecount="2"/>
      <line num="327" count="0" type="stmt"/>
      <line num="328" count="0" type="stmt"/>
      <line num="329" count="0" type="stmt"/>
      <line num="331" count="0" type="cond" truecount="0" falsecount="2"/>
      <line num="332" count="0" type="stmt"/>
      <line num="333" count="0" type="stmt"/>
      <line num="334" count="0" type="stmt"/>
      <line num="339" count="1" type="stmt"/>
    </file>
    <file name="player-api.js" path="D:\aya\ayas2\software-project\Marioplex-Backend\source\player-api.js">
      <metrics statements="429" coveredstatements="376" conditionals="322" coveredconditionals="257" methods="21" coveredmethods="21"/>
      <line num="1" count="11" type="stmt"/>
      <line num="2" count="11" type="stmt"/>
      <line num="3" count="11" type="stmt"/>
      <line num="4" count="11" type="stmt"/>
      <line num="5" count="11" type="stmt"/>
      <line num="6" count="11" type="stmt"/>
      <line num="8" count="11" type="stmt"/>
      <line num="22" count="10" type="stmt"/>
      <line num="23" count="10" type="cond" truecount="2" falsecount="0"/>
      <line num="24" count="9" type="cond" truecount="5" falsecount="0"/>
      <line num="25" count="8" type="cond" truecount="1" falsecount="1"/>
      <line num="27" count="8" type="stmt"/>
      <line num="28" count="8" type="stmt"/>
      <line num="29" count="8" type="stmt"/>
      <line num="30" count="8" type="cond" truecount="1" falsecount="1"/>
      <line num="33" count="8" type="cond" truecount="2" falsecount="0"/>
      <line num="34" count="6" type="cond" truecount="4" falsecount="0"/>
      <line num="35" count="6" type="stmt"/>
      <line num="36" count="6" type="stmt"/>
      <line num="38" count="2" type="stmt"/>
      <line num="39" count="2" type="stmt"/>
      <line num="40" count="2" type="stmt"/>
      <line num="42" count="8" type="stmt"/>
      <line num="44" count="8" type="stmt"/>
      <line num="46" count="0" type="stmt"/>
      <line num="48" count="0" type="stmt"/>
      <line num="58" count="2" type="stmt"/>
      <line num="59" count="2" type="cond" truecount="1" falsecount="1"/>
      <line num="60" count="2" type="cond" truecount="1" falsecount="1"/>
      <line num="61" count="2" type="stmt"/>
      <line num="62" count="2" type="stmt"/>
      <line num="63" count="2" type="stmt"/>
      <line num="64" count="2" type="stmt"/>
      <line num="66" count="2" type="stmt"/>
      <line num="67" count="2" type="cond" truecount="2" falsecount="2"/>
      <line num="68" count="0" type="cond" truecount="0" falsecount="2"/>
      <line num="69" count="2" type="stmt"/>
      <line num="70" count="9" type="stmt"/>
      <line num="72" count="9" type="cond" truecount="2" falsecount="0"/>
      <line num="73" count="3" type="stmt"/>
      <line num="74" count="2" type="cond" truecount="2" falsecount="0"/>
      <line num="75" count="1" type="stmt"/>
      <line num="76" count="3" type="cond" truecount="2" falsecount="0"/>
      <line num="77" count="2" type="stmt"/>
      <line num="78" count="2" type="cond" truecount="2" falsecount="0"/>
      <line num="79" count="1" type="stmt"/>
      <line num="80" count="1" type="stmt"/>
      <line num="81" count="1" type="stmt"/>
      <line num="83" count="6" type="cond" truecount="2" falsecount="0"/>
      <line num="84" count="3" type="stmt"/>
      <line num="85" count="2" type="cond" truecount="2" falsecount="0"/>
      <line num="86" count="1" type="stmt"/>
      <line num="87" count="3" type="cond" truecount="2" falsecount="0"/>
      <line num="88" count="2" type="stmt"/>
      <line num="89" count="2" type="cond" truecount="2" falsecount="0"/>
      <line num="90" count="1" type="stmt"/>
      <line num="91" count="1" type="stmt"/>
      <line num="94" count="3" type="cond" truecount="1" falsecount="1"/>
      <line num="95" count="3" type="stmt"/>
      <line num="96" count="2" type="cond" truecount="2" falsecount="0"/>
      <line num="97" count="1" type="stmt"/>
      <line num="98" count="3" type="cond" truecount="2" falsecount="0"/>
      <line num="99" count="2" type="stmt"/>
      <line num="100" count="2" type="cond" truecount="2" falsecount="0"/>
      <line num="101" count="1" type="stmt"/>
      <line num="102" count="1" type="stmt"/>
      <line num="103" count="1" type="stmt"/>
      <line num="109" count="2" type="cond" truecount="5" falsecount="0"/>
      <line num="110" count="1" type="stmt"/>
      <line num="111" count="1" type="stmt"/>
      <line num="117" count="0" type="stmt"/>
      <line num="119" count="0" type="stmt"/>
      <line num="129" count="1" type="stmt"/>
      <line num="130" count="1" type="stmt"/>
      <line num="131" count="1" type="stmt"/>
      <line num="132" count="1" type="stmt"/>
      <line num="134" count="0" type="stmt"/>
      <line num="147" count="12" type="stmt"/>
      <line num="148" count="12" type="cond" truecount="2" falsecount="0"/>
      <line num="149" count="11" type="cond" truecount="2" falsecount="0"/>
      <line num="150" count="10" type="cond" truecount="1" falsecount="1"/>
      <line num="151" count="10" type="cond" truecount="1" falsecount="1"/>
      <line num="152" count="10" type="stmt"/>
      <line num="157" count="10" type="stmt"/>
      <line num="158" count="10" type="stmt"/>
      <line num="160" count="0" type="stmt"/>
      <line num="161" count="0" type="stmt"/>
      <line num="166" count="0" type="stmt"/>
      <line num="167" count="0" type="stmt"/>
      <line num="170" count="0" type="stmt"/>
      <line num="181" count="4" type="stmt"/>
      <line num="182" count="4" type="cond" truecount="2" falsecount="0"/>
      <line num="183" count="3" type="cond" truecount="4" falsecount="0"/>
      <line num="184" count="3" type="stmt"/>
      <line num="185" count="3" type="cond" truecount="1" falsecount="1"/>
      <line num="186" count="9" type="stmt"/>
      <line num="187" count="3" type="stmt"/>
      <line num="189" count="0" type="stmt"/>
      <line num="205" count="27" type="stmt"/>
      <line num="206" count="27" type="cond" truecount="2" falsecount="0"/>
      <line num="207" count="25" type="cond" truecount="2" falsecount="0"/>
      <line num="208" count="24" type="stmt"/>
      <line num="209" count="24" type="cond" truecount="4" falsecount="0"/>
      <line num="210" count="22" type="cond" truecount="2" falsecount="0"/>
      <line num="211" count="18" type="cond" truecount="2" falsecount="0"/>
      <line num="212" count="17" type="cond" truecount="4" falsecount="0"/>
      <line num="213" count="4" type="stmt"/>
      <line num="214" count="4" type="cond" truecount="2" falsecount="0"/>
      <line num="216" count="2" type="cond" truecount="4" falsecount="0"/>
      <line num="218" count="1" type="cond" truecount="1" falsecount="1"/>
      <line num="219" count="0" type="stmt"/>
      <line num="221" count="1" type="stmt"/>
      <line num="222" count="1" type="cond" truecount="1" falsecount="1"/>
      <line num="223" count="1" type="stmt"/>
      <line num="224" count="0" type="cond" truecount="0" falsecount="2"/>
      <line num="225" count="0" type="stmt"/>
      <line num="228" count="1" type="stmt"/>
      <line num="229" count="1" type="stmt"/>
      <line num="230" count="1" type="stmt"/>
      <line num="231" count="1" type="stmt"/>
      <line num="232" count="1" type="stmt"/>
      <line num="233" count="1" type="stmt"/>
      <line num="234" count="1" type="stmt"/>
      <line num="235" count="1" type="stmt"/>
      <line num="236" count="4" type="stmt"/>
      <line num="243" count="4" type="stmt"/>
      <line num="245" count="1" type="stmt"/>
      <line num="246" count="1" type="stmt"/>
      <line num="247" count="1" type="stmt"/>
      <line num="248" count="1" type="stmt"/>
      <line num="249" count="1" type="stmt"/>
      <line num="251" count="13" type="stmt"/>
      <line num="252" count="13" type="cond" truecount="1" falsecount="1"/>
      <line num="253" count="13" type="cond" truecount="1" falsecount="1"/>
      <line num="254" count="18" type="cond" truecount="2" falsecount="0"/>
      <line num="255" count="12" type="stmt"/>
      <line num="256" count="12" type="stmt"/>
      <line num="257" count="12" type="stmt"/>
      <line num="258" count="12" type="stmt"/>
      <line num="259" count="12" type="stmt"/>
      <line num="260" count="12" type="stmt"/>
      <line num="261" count="12" type="stmt"/>
      <line num="262" count="12" type="stmt"/>
      <line num="263" count="34" type="stmt"/>
      <line num="270" count="34" type="stmt"/>
      <line num="272" count="12" type="stmt"/>
      <line num="273" count="12" type="stmt"/>
      <line num="274" count="12" type="stmt"/>
      <line num="275" count="12" type="stmt"/>
      <line num="278" count="4" type="cond" truecount="2" falsecount="0"/>
      <line num="279" count="3" type="stmt"/>
      <line num="280" count="3" type="stmt"/>
      <line num="281" count="3" type="stmt"/>
      <line num="282" count="9" type="stmt"/>
      <line num="283" count="9" type="cond" truecount="2" falsecount="0"/>
      <line num="284" count="9" type="cond" truecount="1" falsecount="1"/>
      <line num="285" count="9" type="stmt"/>
      <line num="294" count="3" type="cond" truecount="4" falsecount="0"/>
      <line num="295" count="2" type="stmt"/>
      <line num="296" count="2" type="stmt"/>
      <line num="297" count="2" type="stmt"/>
      <line num="298" count="2" type="stmt"/>
      <line num="299" count="2" type="stmt"/>
      <line num="300" count="2" type="stmt"/>
      <line num="301" count="2" type="stmt"/>
      <line num="302" count="2" type="stmt"/>
      <line num="305" count="0" type="stmt"/>
      <line num="315" count="51" type="stmt"/>
      <line num="316" count="51" type="stmt"/>
      <line num="317" count="51" type="stmt"/>
      <line num="318" count="51" type="cond" truecount="2" falsecount="0"/>
      <line num="319" count="1" type="stmt"/>
      <line num="320" count="51" type="cond" truecount="4" falsecount="0"/>
      <line num="321" count="17" type="stmt"/>
      <line num="323" count="33" type="stmt"/>
      <line num="324" count="50" type="cond" truecount="2" falsecount="0"/>
      <line num="325" count="16" type="cond" truecount="1" falsecount="1"/>
      <line num="326" count="50" type="stmt"/>
      <line num="328" count="1" type="stmt"/>
      <line num="340" count="16" type="stmt"/>
      <line num="341" count="16" type="cond" truecount="2" falsecount="0"/>
      <line num="342" count="15" type="cond" truecount="2" falsecount="0"/>
      <line num="343" count="14" type="stmt"/>
      <line num="345" count="14" type="cond" truecount="4" falsecount="0"/>
      <line num="346" count="12" type="cond" truecount="4" falsecount="0"/>
      <line num="347" count="2" type="stmt"/>
      <line num="348" count="2" type="cond" truecount="2" falsecount="0"/>
      <line num="349" count="1" type="cond" truecount="3" falsecount="1"/>
      <line num="350" count="1" type="cond" truecount="1" falsecount="1"/>
      <line num="352" count="1" type="stmt"/>
      <line num="353" count="4" type="cond" truecount="1" falsecount="1"/>
      <line num="354" count="0" type="stmt"/>
      <line num="355" count="4" type="cond" truecount="2" falsecount="0"/>
      <line num="356" count="1" type="stmt"/>
      <line num="359" count="10" type="stmt"/>
      <line num="360" count="10" type="cond" truecount="2" falsecount="0"/>
      <line num="361" count="8" type="cond" truecount="1" falsecount="1"/>
      <line num="362" count="12" type="cond" truecount="2" falsecount="0"/>
      <line num="365" count="7" type="cond" truecount="1" falsecount="1"/>
      <line num="366" count="0" type="stmt"/>
      <line num="367" count="0" type="stmt"/>
      <line num="373" count="0" type="stmt"/>
      <line num="374" count="0" type="stmt"/>
      <line num="375" count="0" type="stmt"/>
      <line num="376" count="0" type="stmt"/>
      <line num="377" count="0" type="stmt"/>
      <line num="378" count="0" type="stmt"/>
      <line num="379" count="0" type="stmt"/>
      <line num="382" count="7" type="cond" truecount="1" falsecount="1"/>
      <line num="383" count="0" type="stmt"/>
      <line num="389" count="0" type="stmt"/>
      <line num="390" count="0" type="stmt"/>
      <line num="391" count="0" type="stmt"/>
      <line num="392" count="0" type="stmt"/>
      <line num="393" count="0" type="stmt"/>
      <line num="394" count="0" type="stmt"/>
      <line num="396" count="0" type="stmt"/>
      <line num="398" count="7" type="cond" truecount="4" falsecount="0"/>
      <line num="399" count="6" type="stmt"/>
      <line num="405" count="6" type="stmt"/>
      <line num="406" count="6" type="stmt"/>
      <line num="407" count="6" type="stmt"/>
      <line num="408" count="6" type="stmt"/>
      <line num="410" count="6" type="stmt"/>
      <line num="411" count="6" type="stmt"/>
      <line num="412" count="6" type="stmt"/>
      <line num="416" count="1" type="stmt"/>
      <line num="417" count="1" type="stmt"/>
      <line num="423" count="1" type="stmt"/>
      <line num="424" count="1" type="stmt"/>
      <line num="425" count="1" type="stmt"/>
      <line num="426" count="1" type="stmt"/>
      <line num="431" count="0" type="stmt"/>
      <line num="441" count="14" type="stmt"/>
      <line num="442" count="14" type="cond" truecount="2" falsecount="0"/>
      <line num="443" count="13" type="cond" truecount="2" falsecount="0"/>
      <line num="444" count="12" type="cond" truecount="1" falsecount="1"/>
      <line num="445" count="12" type="stmt"/>
      <line num="446" count="12" type="stmt"/>
[...]
      <line num="383" count="1" type="stmt"/>
      <line num="384" count="2" type="stmt"/>
      <line num="385" count="2" type="cond" truecount="1" falsecount="1"/>
      <line num="387" count="1" type="stmt"/>
      <line num="389" count="2" type="stmt"/>
      <line num="398" count="4" type="stmt"/>
      <line num="399" count="4" type="cond" truecount="2" falsecount="0"/>
      <line num="400" count="3" type="stmt"/>
      <line num="401" count="3" type="cond" truecount="2" falsecount="0"/>
      <line num="402" count="2" type="cond" truecount="1" falsecount="1"/>
      <line num="403" count="2" type="cond" truecount="2" falsecount="0"/>
      <line num="404" count="1" type="stmt"/>
      <line num="405" count="1" type="stmt"/>
      <line num="406" count="1" type="stmt"/>
      <line num="407" count="1" type="cond" truecount="1" falsecount="1"/>
      <line num="409" count="1" type="stmt"/>
      <line num="411" count="1" type="stmt"/>
      <line num="416" count="5" type="stmt"/>
      <line num="418" count="5" type="stmt"/>
      <line num="419" count="4" type="cond" truecount="2" falsecount="0"/>
      <line num="421" count="3" type="stmt"/>
      <line num="423" count="0" type="stmt"/>
      <line num="433" count="6" type="stmt"/>
      <line num="434" count="6" type="cond" truecount="2" falsecount="0"/>
      <line num="435" count="5" type="stmt"/>
      <line num="436" count="5" type="stmt"/>
      <line num="437" count="5" type="cond" truecount="4" falsecount="0"/>
      <line num="439" count="3" type="cond" truecount="2" falsecount="0"/>
      <line num="440" count="2" type="cond" truecount="1" falsecount="1"/>
      <line num="442" count="2" type="stmt"/>
      <line num="444" count="2" type="stmt"/>
      <line num="445" count="2" type="cond" truecount="1" falsecount="1"/>
      <line num="447" count="2" type="stmt"/>
      <line num="448" count="2" type="stmt"/>
      <line num="449" count="2" type="stmt"/>
      <line num="451" count="1" type="stmt"/>
      <line num="461" count="4" type="stmt"/>
      <line num="462" count="4" type="cond" truecount="2" falsecount="0"/>
      <line num="463" count="3" type="stmt"/>
      <line num="464" count="3" type="stmt"/>
      <line num="465" count="3" type="cond" truecount="4" falsecount="0"/>
      <line num="467" count="2" type="cond" truecount="2" falsecount="0"/>
      <line num="469" count="1" type="stmt"/>
      <line num="470" count="1" type="cond" truecount="1" falsecount="1"/>
      <line num="471" count="1" type="stmt"/>
      <line num="472" count="1" type="stmt"/>
      <line num="475" count="1" type="stmt"/>
      <line num="477" count="1" type="stmt"/>
      <line num="478" count="1" type="cond" truecount="1" falsecount="1"/>
      <line num="479" count="1" type="stmt"/>
      <line num="480" count="1" type="stmt"/>
      <line num="483" count="1" type="stmt"/>
      <line num="484" count="1" type="stmt"/>
      <line num="486" count="1" type="stmt"/>
      <line num="496" count="7" type="stmt"/>
      <line num="497" count="7" type="cond" truecount="2" falsecount="0"/>
      <line num="498" count="6" type="stmt"/>
      <line num="499" count="6" type="stmt"/>
      <line num="500" count="6" type="cond" truecount="4" falsecount="0"/>
      <line num="501" count="5" type="cond" truecount="1" falsecount="1"/>
      <line num="502" count="5" type="cond" truecount="1" falsecount="1"/>
      <line num="503" count="5" type="cond" truecount="2" falsecount="0"/>
      <line num="504" count="4" type="stmt"/>
      <line num="505" count="4" type="stmt"/>
      <line num="506" count="4" type="stmt"/>
      <line num="507" count="4" type="stmt"/>
      <line num="508" count="4" type="stmt"/>
      <line num="511" count="5" type="stmt"/>
      <line num="513" count="1" type="stmt"/>
      <line num="523" count="5" type="stmt"/>
      <line num="524" count="5" type="cond" truecount="2" falsecount="0"/>
      <line num="525" count="4" type="stmt"/>
      <line num="526" count="4" type="stmt"/>
      <line num="527" count="4" type="cond" truecount="4" falsecount="0"/>
      <line num="528" count="2" type="cond" truecount="1" falsecount="1"/>
      <line num="529" count="2" type="cond" truecount="2" falsecount="0"/>
      <line num="530" count="1" type="cond" truecount="1" falsecount="1"/>
      <line num="531" count="1" type="cond" truecount="1" falsecount="1"/>
      <line num="532" count="1" type="stmt"/>
      <line num="533" count="1" type="cond" truecount="1" falsecount="1"/>
      <line num="534" count="1" type="stmt"/>
      <line num="535" count="1" type="stmt"/>
      <line num="538" count="1" type="stmt"/>
      <line num="539" count="1" type="cond" truecount="1" falsecount="1"/>
      <line num="540" count="1" type="stmt"/>
      <line num="541" count="1" type="stmt"/>
      <line num="542" count="1" type="stmt"/>
      <line num="545" count="0" type="stmt"/>
      <line num="547" count="1" type="stmt"/>
      <line num="557" count="12" type="stmt"/>
      <line num="558" count="12" type="cond" truecount="2" falsecount="0"/>
      <line num="559" count="11" type="stmt"/>
      <line num="560" count="11" type="stmt"/>
      <line num="561" count="11" type="cond" truecount="4" falsecount="0"/>
      <line num="562" count="9" type="cond" truecount="1" falsecount="1"/>
      <line num="563" count="9" type="cond" truecount="2" falsecount="0"/>
      <line num="564" count="3" type="stmt"/>
      <line num="565" count="3" type="cond" truecount="1" falsecount="1"/>
      <line num="566" count="3" type="stmt"/>
      <line num="569" count="0" type="stmt"/>
      <line num="571" count="1" type="stmt"/>
      <line num="584" count="3" type="stmt"/>
      <line num="585" count="3" type="stmt"/>
      <line num="586" count="3" type="cond" truecount="2" falsecount="0"/>
      <line num="587" count="1" type="stmt"/>
      <line num="589" count="0" type="stmt"/>
      <line num="593" count="2" type="stmt"/>
      <line num="594" count="2" type="cond" truecount="1" falsecount="1"/>
      <line num="596" count="2" type="stmt"/>
      <line num="597" count="2" type="stmt"/>
      <line num="599" count="0" type="stmt"/>
      <line num="603" count="3" type="stmt"/>
      <line num="604" count="3" type="cond" truecount="1" falsecount="1"/>
      <line num="605" count="3" type="stmt"/>
      <line num="606" count="3" type="stmt"/>
      <line num="607" count="3" type="stmt"/>
      <line num="609" count="0" type="stmt"/>
      <line num="620" count="1" type="stmt"/>
      <line num="621" count="1" type="stmt"/>
      <line num="622" count="1" type="stmt"/>
      <line num="623" count="1" type="stmt"/>
      <line num="624" count="1" type="stmt"/>
      <line num="625" count="1" type="stmt"/>
      <line num="626" count="1" type="stmt"/>
      <line num="628" count="0" type="stmt"/>
      <line num="644" count="3" type="stmt"/>
      <line num="645" count="3" type="cond" truecount="2" falsecount="0"/>
      <line num="646" count="2" type="stmt"/>
      <line num="647" count="2" type="cond" truecount="2" falsecount="0"/>
      <line num="648" count="1" type="stmt"/>
      <line num="650" count="1" type="stmt"/>
      <line num="664" count="3" type="stmt"/>
      <line num="665" count="3" type="cond" truecount="2" falsecount="0"/>
      <line num="666" count="2" type="stmt"/>
      <line num="667" count="2" type="cond" truecount="2" falsecount="0"/>
      <line num="668" count="1" type="stmt"/>
      <line num="670" count="1" type="stmt"/>
      <line num="683" count="5" type="stmt"/>
      <line num="684" count="5" type="cond" truecount="2" falsecount="0"/>
      <line num="685" count="4" type="stmt"/>
      <line num="686" count="4" type="cond" truecount="2" falsecount="0"/>
      <line num="687" count="3" type="stmt"/>
      <line num="688" count="3" type="cond" truecount="2" falsecount="0"/>
      <line num="689" count="1" type="cond" truecount="1" falsecount="1"/>
      <line num="690" count="1" type="stmt"/>
      <line num="691" count="1" type="stmt"/>
      <line num="692" count="1" type="stmt"/>
      <line num="693" count="1" type="cond" truecount="1" falsecount="1"/>
      <line num="694" count="1" type="stmt"/>
      <line num="695" count="1" type="cond" truecount="1" falsecount="1"/>
      <line num="696" count="1" type="stmt"/>
      <line num="699" count="1" type="stmt"/>
      <line num="701" count="1" type="stmt"/>
      <line num="715" count="36" type="stmt"/>
      <line num="716" count="36" type="stmt"/>
      <line num="717" count="36" type="stmt"/>
      <line num="718" count="36" type="stmt"/>
      <line num="742" count="36" type="stmt"/>
      <line num="743" count="36" type="stmt"/>
      <line num="744" count="36" type="stmt"/>
      <line num="745" count="36" type="stmt"/>
      <line num="746" count="36" type="stmt"/>
      <line num="747" count="36" type="stmt"/>
      <line num="748" count="36" type="stmt"/>
      <line num="749" count="36" type="stmt"/>
      <line num="751" count="0" type="stmt"/>
      <line num="764" count="4" type="stmt"/>
      <line num="765" count="4" type="cond" truecount="2" falsecount="0"/>
      <line num="766" count="3" type="stmt"/>
      <line num="767" count="3" type="cond" truecount="2" falsecount="0"/>
      <line num="768" count="2" type="stmt"/>
      <line num="769" count="2" type="cond" truecount="2" falsecount="0"/>
      <line num="770" count="1" type="stmt"/>
      <line num="771" count="1" type="cond" truecount="1" falsecount="1"/>
      <line num="772" count="1" type="stmt"/>
      <line num="774" count="1" type="stmt"/>
      <line num="790" count="36" type="stmt"/>
      <line num="791" count="36" type="cond" truecount="2" falsecount="0"/>
      <line num="792" count="35" type="stmt"/>
      <line num="794" count="35" type="cond" truecount="2" falsecount="0"/>
      <line num="795" count="34" type="stmt"/>
      <line num="797" count="34" type="cond" truecount="1" falsecount="1"/>
      <line num="798" count="34" type="stmt"/>
      <line num="799" count="34" type="cond" truecount="1" falsecount="1"/>
      <line num="800" count="34" type="stmt"/>
      <line num="802" count="1" type="stmt"/>
      <line num="812" count="35" type="stmt"/>
      <line num="813" count="35" type="cond" truecount="1" falsecount="1"/>
      <line num="814" count="35" type="cond" truecount="1" falsecount="1"/>
      <line num="815" count="0" type="stmt"/>
      <line num="816" count="35" type="stmt"/>
      <line num="821" count="35" type="stmt"/>
      <line num="822" count="35" type="stmt"/>
      <line num="823" count="35" type="stmt"/>
      <line num="825" count="0" type="stmt"/>
      <line num="835" count="4" type="stmt"/>
      <line num="836" count="4" type="cond" truecount="2" falsecount="0"/>
      <line num="837" count="3" type="cond" truecount="2" falsecount="0"/>
      <line num="838" count="2" type="stmt"/>
      <line num="839" count="2" type="stmt"/>
      <line num="840" count="2" type="cond" truecount="2" falsecount="0"/>
      <line num="841" count="1" type="cond" truecount="3" falsecount="1"/>
      <line num="842" count="0" type="stmt"/>
      <line num="843" count="0" type="stmt"/>
      <line num="844" count="0" type="cond" truecount="0" falsecount="2"/>
      <line num="845" count="0" type="stmt"/>
      <line num="846" count="0" type="stmt"/>
      <line num="847" count="0" type="stmt"/>
      <line num="848" count="0" type="cond" truecount="0" falsecount="2"/>
      <line num="849" count="0" type="stmt"/>
      <line num="850" count="0" type="cond" truecount="0" falsecount="2"/>
      <line num="851" count="0" type="stmt"/>
      <line num="854" count="0" type="stmt"/>
      <line num="855" count="0" type="stmt"/>
      <line num="856" count="0" type="stmt"/>
      <line num="857" count="0" type="stmt"/>
      <line num="861" count="0" type="stmt"/>
      <line num="862" count="0" type="stmt"/>
      <line num="863" count="0" type="cond" truecount="0" falsecount="2"/>
      <line num="864" count="0" type="stmt"/>
      <line num="868" count="0" type="stmt"/>
      <line num="869" count="0" type="stmt"/>
      <line num="871" count="1" type="stmt"/>
      <line num="883" count="3" type="stmt"/>
      <line num="884" count="3" type="cond" truecount="1" falsecount="1"/>
      <line num="885" count="3" type="stmt"/>
      <line num="886" count="3" type="cond" truecount="1" falsecount="1"/>
      <line num="889" count="3" type="stmt"/>
      <line num="890" count="3" type="stmt"/>
      <line num="891" count="3" type="stmt"/>
      <line num="892" count="2" type="cond" truecount="1" falsecount="1"/>
      <line num="894" count="2" type="cond" truecount="2" falsecount="0"/>
      <line num="896" count="1" type="stmt"/>
      <line num="897" count="0" type="cond" truecount="0" falsecount="2"/>
      <line num="898" count="0" type="stmt"/>
      <line num="899" count="0" type="stmt"/>
      <line num="902" count="1" type="stmt"/>
      <line num="903" count="0" type="cond" truecount="0" falsecount="2"/>
      <line num="904" count="0" type="stmt"/>
      <line num="908" count="0" type="stmt"/>
      <line num="910" count="2" type="stmt"/>
      <line num="927" count="23" type="stmt"/>
      <line num="928" count="23" type="cond" truecount="2" falsecount="0"/>
      <line num="929" count="22" type="stmt"/>
      <line num="930" count="22" type="cond" truecount="2" falsecount="0"/>
      <line num="931" count="21" type="cond" truecount="2" falsecount="0"/>
      <line num="932" count="2" type="stmt"/>
      <line num="934" count="19" type="stmt"/>
      <line num="935" count="19" type="cond" truecount="1" falsecount="1"/>
      <line num="936" count="19" type="stmt"/>
      <line num="937" count="19" type="stmt"/>
      <line num="938" count="19" type="stmt"/>
      <line num="939" count="19" type="stmt"/>
      <line num="941" count="1" type="stmt"/>
      <line num="951" count="4" type="stmt"/>
      <line num="952" count="4" type="cond" truecount="2" falsecount="0"/>
      <line num="953" count="3" type="stmt"/>
      <line num="954" count="3" type="cond" truecount="2" falsecount="0"/>
      <line num="955" count="2" type="cond" truecount="2" falsecount="0"/>
      <line num="956" count="1" type="stmt"/>
      <line num="958" count="1" type="stmt"/>
      <line num="959" count="1" type="stmt"/>
      <line num="960" count="1" type="stmt"/>
      <line num="961" count="1" type="stmt"/>
      <line num="962" count="1" type="stmt"/>
      <line num="963" count="1" type="stmt"/>
      <line num="965" count="1" type="stmt"/>
      <line num="975" count="4" type="stmt"/>
      <line num="976" count="4" type="cond" truecount="2" falsecount="0"/>
      <line num="977" count="3" type="stmt"/>
      <line num="978" count="3" type="cond" truecount="2" falsecount="0"/>
      <line num="980" count="2" type="cond" truecount="2" falsecount="0"/>
      <line num="981" count="1" type="stmt"/>
      <line num="983" count="1" type="stmt"/>
      <line num="984" count="1" type="stmt"/>
      <line num="985" count="1" type="stmt"/>
      <line num="986" count="1" type="stmt"/>
      <line num="987" count="1" type="stmt"/>
      <line num="989" count="1" type="stmt"/>
      <line num="1003" count="4" type="stmt"/>
      <line num="1004" count="4" type="cond" truecount="2" falsecount="0"/>
      <line num="1005" count="3" type="stmt"/>
      <line num="1006" count="3" type="stmt"/>
      <line num="1007" count="3" type="stmt"/>
      <line num="1009" count="0" type="stmt"/>
      <line num="1026" count="4" type="stmt"/>
      <line num="1027" count="4" type="cond" truecount="2" falsecount="0"/>
      <line num="1028" count="3" type="stmt"/>
      <line num="1029" count="3" type="cond" truecount="2" falsecount="0"/>
      <line num="1030" count="2" type="stmt"/>
      <line num="1031" count="2" type="stmt"/>
      <line num="1033" count="1" type="stmt"/>
      <line num="1051" count="6" type="stmt"/>
      <line num="1052" count="6" type="cond" truecount="2" falsecount="0"/>
      <line num="1053" count="5" type="stmt"/>
      <line num="1054" count="5" type="cond" truecount="2" falsecount="0"/>
      <line num="1055" count="4" type="cond" truecount="2" falsecount="0"/>
      <line num="1056" count="3" type="cond" truecount="2" falsecount="0"/>
      <line num="1057" count="1" type="cond" truecount="1" falsecount="1"/>
      <line num="1059" count="2" type="stmt"/>
      <line num="1060" count="2" type="cond" truecount="2" falsecount="0"/>
      <line num="1062" count="1" type="stmt"/>
      <line num="1063" count="1" type="cond" truecount="1" falsecount="1"/>
      <line num="1064" count="1" type="stmt"/>
      <line num="1066" count="1" type="stmt"/>
      <line num="1080" count="3" type="stmt"/>
      <line num="1081" count="3" type="cond" truecount="2" falsecount="0"/>
      <line num="1082" count="2" type="stmt"/>
      <line num="1083" count="2" type="cond" truecount="2" falsecount="0"/>
      <line num="1084" count="1" type="stmt"/>
      <line num="1085" count="1" type="stmt"/>
      <line num="1087" count="1" type="stmt"/>
      <line num="1100" count="3" type="stmt"/>
      <line num="1101" count="3" type="cond" truecount="2" falsecount="0"/>
      <line num="1102" count="2" type="stmt"/>
      <line num="1103" count="2" type="cond" truecount="2" falsecount="0"/>
      <line num="1104" count="1" type="stmt"/>
      <line num="1105" count="1" type="cond" truecount="1" falsecount="1"/>
      <line num="1106" count="1" type="stmt"/>
      <line num="1108" count="1" type="stmt"/>
      <line num="1122" count="3" type="stmt"/>
      <line num="1123" count="3" type="cond" truecount="2" falsecount="0"/>
      <line num="1124" count="2" type="stmt"/>
      <line num="1125" count="2" type="cond" truecount="2" falsecount="0"/>
      <line num="1126" count="1" type="stmt"/>
      <line num="1127" count="1" type="cond" truecount="1" falsecount="1"/>
      <line num="1128" count="1" type="stmt"/>
      <line num="1130" count="1" type="stmt"/>
      <line num="1144" count="3" type="stmt"/>
      <line num="1145" count="3" type="cond" truecount="2" falsecount="0"/>
      <line num="1146" count="2" type="stmt"/>
      <line num="1147" count="2" type="cond" truecount="2" falsecount="0"/>
      <line num="1148" count="1" type="stmt"/>
      <line num="1149" count="1" type="cond" truecount="1" falsecount="1"/>
      <line num="1150" count="1" type="stmt"/>
      <line num="1152" count="1" type="stmt"/>
      <line num="1166" count="3" type="stmt"/>
      <line num="1167" count="3" type="cond" truecount="2" falsecount="0"/>
      <line num="1168" count="2" type="stmt"/>
      <line num="1169" count="2" type="cond" truecount="2" falsecount="0"/>
      <line num="1170" count="1" type="stmt"/>
      <line num="1171" count="1" type="cond" truecount="1" falsecount="1"/>
      <line num="1172" count="1" type="stmt"/>
      <line num="1174" count="1" type="stmt"/>
      <line num="1184" count="4" type="stmt"/>
      <line num="1185" count="4" type="stmt"/>
      <line num="1186" count="4" type="cond" truecount="2" falsecount="0"/>
      <line num="1188" count="2" type="stmt"/>
      <line num="1189" count="2" type="cond" truecount="2" falsecount="0"/>
      <line num="1190" count="1" type="stmt"/>
      <line num="1191" count="1" type="stmt"/>
      <line num="1193" count="0" type="stmt"/>
      <line num="1203" count="4" type="stmt"/>
      <line num="1204" count="4" type="stmt"/>
      <line num="1205" count="4" type="cond" truecount="2" falsecount="0"/>
      <line num="1207" count="2" type="stmt"/>
      <line num="1208" count="2" type="cond" truecount="2" falsecount="0"/>
      <line num="1209" count="1" type="stmt"/>
      <line num="1210" count="1" type="stmt"/>
      <line num="1212" count="0" type="stmt"/>
      <line num="1218" count="11" type="stmt"/>
    </file>
  </project>
</coverage>
