<?xml version="1.0" encoding="UTF-8"?>
<coverage generated="1589860481316" clover="3.2.0">
  <project timestamp="1589860481316" name="All files">
    <metrics statements="2531" coveredstatements="547" conditionals="1861" coveredconditionals="190" methods="223" coveredmethods="62" elements="4615" coveredelements="799" complexity="0" loc="2531" ncloc="2531" packages="5" files="13" classes="13"/>
    <package name="db-connection">
      <metrics statements="33" coveredstatements="9" conditionals="6" coveredconditionals="0" methods="5" coveredmethods="0"/>
      <file name="connection.js" path="D:\New folder\Marioplex-backend\db-connection\connection.js">
        <metrics statements="33" coveredstatements="9" conditionals="6" coveredconditionals="0" methods="5" coveredmethods="0"/>
        <line num="3" count="1" type="stmt"/>
        <line num="4" count="1" type="stmt"/>
        <line num="5" count="1" type="stmt"/>
        <line num="6" count="1" type="stmt"/>
        <line num="7" count="1" type="stmt"/>
        <line num="8" count="1" type="stmt"/>
        <line num="10" count="1" type="stmt"/>
        <line num="11" count="1" type="stmt"/>
        <line num="13" count="1" type="stmt"/>
        <line num="14" count="0" type="stmt"/>
        <line num="15" count="0" type="stmt"/>
        <line num="16" count="0" type="stmt"/>
        <line num="17" count="0" type="stmt"/>
        <line num="18" count="0" type="stmt"/>
        <line num="19" count="0" type="stmt"/>
        <line num="20" count="0" type="stmt"/>
        <line num="22" count="0" type="cond" truecount="0" falsecount="2"/>
        <line num="23" count="0" type="stmt"/>
        <line num="25" count="0" type="stmt"/>
        <line num="26" count="0" type="stmt"/>
        <line num="27" count="0" type="stmt"/>
        <line num="30" count="0" type="stmt"/>
        <line num="31" count="0" type="stmt"/>
        <line num="33" count="0" type="stmt"/>
        <line num="36" count="0" type="stmt"/>
        <line num="37" count="0" type="cond" truecount="0" falsecount="4"/>
        <line num="38" count="0" type="stmt"/>
        <line num="40" count="0" type="stmt"/>
        <line num="47" count="0" type="stmt"/>
        <line num="49" count="0" type="stmt"/>
        <line num="51" count="0" type="stmt"/>
        <line num="58" count="0" type="stmt"/>
        <line num="60" count="0" type="stmt"/>
      </file>
    </package>
    <package name="models">
      <metrics statements="16" coveredstatements="16" conditionals="0" coveredconditionals="0" methods="0" coveredmethods="0"/>
      <file name="db.js" path="D:\New folder\Marioplex-backend\models\db.js">
        <metrics statements="16" coveredstatements="16" conditionals="0" coveredconditionals="0" methods="0" coveredmethods="0"/>
        <line num="1" count="1" type="stmt"/>
        <line num="2" count="1" type="stmt"/>
        <line num="3" count="1" type="stmt"/>
        <line num="10" count="1" type="stmt"/>
        <line num="45" count="1" type="stmt"/>
        <line num="60" count="1" type="stmt"/>
        <line num="79" count="1" type="stmt"/>
        <line num="86" count="1" type="stmt"/>
        <line num="190" count="1" type="stmt"/>
        <line num="217" count="1" type="stmt"/>
        <line num="218" count="1" type="stmt"/>
        <line num="219" count="1" type="stmt"/>
        <line num="220" count="1" type="stmt"/>
        <line num="221" count="1" type="stmt"/>
        <line num="222" count="1" type="stmt"/>
        <line num="225" count="1" type="stmt"/>
      </file>
    </package>
    <package name="source">
      <metrics statements="2460" coveredstatements="500" conditionals="1851" coveredconditionals="187" methods="214" coveredmethods="58"/>
      <file name="album-api.js" path="D:\New folder\Marioplex-backend\source\album-api.js">
        <metrics statements="191" coveredstatements="58" conditionals="153" coveredconditionals="19" methods="17" coveredmethods="5"/>
        <line num="1" count="1" type="stmt"/>
        <line num="5" count="1" type="stmt"/>
        <line num="6" count="1" type="stmt"/>
        <line num="7" count="1" type="stmt"/>
        <line num="8" count="1" type="stmt"/>
        <line num="9" count="1" type="stmt"/>
        <line num="10" count="1" type="stmt"/>
        <line num="13" count="2" type="cond" truecount="1" falsecount="1"/>
        <line num="14" count="2" type="stmt"/>
        <line num="15" count="2" type="cond" truecount="1" falsecount="1"/>
        <line num="16" count="2" type="cond" truecount="1" falsecount="1"/>
        <line num="17" count="2" type="stmt"/>
        <line num="20" count="2" type="stmt"/>
        <line num="21" count="2" type="stmt"/>
        <line num="29" count="42" type="cond" truecount="1" falsecount="1"/>
        <line num="30" count="42" type="stmt"/>
        <line num="31" count="42" type="cond" truecount="1" falsecount="1"/>
        <line num="32" count="42" type="stmt"/>
        <line num="33" count="0" type="stmt"/>
        <line num="34" count="42" type="stmt"/>
        <line num="45" count="0" type="cond" truecount="0" falsecount="2"/>
        <line num="46" count="0" type="stmt"/>
        <line num="47" count="0" type="cond" truecount="0" falsecount="2"/>
        <line num="48" count="0" type="cond" truecount="0" falsecount="2"/>
        <line num="49" count="0" type="stmt"/>
        <line num="50" count="0" type="cond" truecount="0" falsecount="2"/>
        <line num="51" count="0" type="cond" truecount="0" falsecount="2"/>
        <line num="52" count="0" type="stmt"/>
        <line num="53" count="0" type="stmt"/>
        <line num="56" count="0" type="stmt"/>
        <line num="57" count="0" type="cond" truecount="0" falsecount="2"/>
        <line num="59" count="0" type="stmt"/>
        <line num="60" count="0" type="cond" truecount="0" falsecount="2"/>
        <line num="61" count="0" type="stmt"/>
        <line num="62" count="0" type="cond" truecount="0" falsecount="2"/>
        <line num="63" count="0" type="stmt"/>
        <line num="64" count="0" type="cond" truecount="0" falsecount="2"/>
        <line num="65" count="0" type="stmt"/>
        <line num="66" count="0" type="cond" truecount="0" falsecount="2"/>
        <line num="67" count="0" type="stmt"/>
        <line num="68" count="0" type="stmt"/>
        <line num="72" count="0" type="cond" truecount="0" falsecount="2"/>
        <line num="73" count="0" type="stmt"/>
        <line num="74" count="0" type="cond" truecount="0" falsecount="4"/>
        <line num="75" count="0" type="stmt"/>
        <line num="77" count="0" type="cond" truecount="0" falsecount="2"/>
        <line num="79" count="0" type="stmt"/>
        <line num="80" count="0" type="cond" truecount="0" falsecount="4"/>
        <line num="81" count="0" type="stmt"/>
        <line num="83" count="0" type="stmt"/>
        <line num="87" count="0" type="stmt"/>
        <line num="93" count="0" type="stmt"/>
        <line num="94" count="0" type="stmt"/>
        <line num="95" count="0" type="cond" truecount="0" falsecount="2"/>
        <line num="97" count="0" type="cond" truecount="0" falsecount="4"/>
        <line num="98" count="0" type="cond" truecount="0" falsecount="2"/>
        <line num="100" count="0" type="stmt"/>
        <line num="101" count="0" type="stmt"/>
        <line num="102" count="0" type="stmt"/>
        <line num="105" count="0" type="stmt"/>
        <line num="106" count="0" type="stmt"/>
        <line num="111" count="0" type="stmt"/>
        <line num="112" count="0" type="stmt"/>
        <line num="113" count="0" type="cond" truecount="0" falsecount="2"/>
        <line num="115" count="0" type="cond" truecount="0" falsecount="4"/>
        <line num="116" count="0" type="cond" truecount="0" falsecount="2"/>
        <line num="117" count="0" type="stmt"/>
        <line num="118" count="0" type="cond" truecount="0" falsecount="2"/>
        <line num="119" count="0" type="stmt"/>
        <line num="120" count="0" type="stmt"/>
        <line num="124" count="0" type="stmt"/>
        <line num="125" count="0" type="stmt"/>
        <line num="132" count="4" type="cond" truecount="1" falsecount="1"/>
        <line num="133" count="4" type="stmt"/>
        <line num="134" count="4" type="stmt"/>
        <line num="135" count="4" type="stmt"/>
        <line num="136" count="4" type="cond" truecount="1" falsecount="1"/>
        <line num="137" count="0" type="cond" truecount="0" falsecount="2"/>
        <line num="138" count="0" type="stmt"/>
        <line num="139" count="0" type="cond" truecount="0" falsecount="2"/>
        <line num="140" count="0" type="stmt"/>
        <line num="142" count="0" type="stmt"/>
        <line num="147" count="4" type="cond" truecount="1" falsecount="1"/>
        <line num="148" count="4" type="stmt"/>
        <line num="149" count="4" type="stmt"/>
        <line num="150" count="4" type="stmt"/>
        <line num="151" count="4" type="stmt"/>
        <line num="152" count="4" type="stmt"/>
        <line num="153" count="4" type="cond" truecount="1" falsecount="1"/>
        <line num="154" count="4" type="stmt"/>
        <line num="155" count="4" type="stmt"/>
        <line num="157" count="4" type="cond" truecount="2" falsecount="0"/>
        <line num="158" count="3" type="stmt"/>
        <line num="161" count="1" type="stmt"/>
        <line num="163" count="4" type="stmt"/>
        <line num="166" count="0" type="stmt"/>
        <line num="174" count="0" type="cond" truecount="0" falsecount="2"/>
        <line num="175" count="0" type="cond" truecount="0" falsecount="2"/>
        <line num="176" count="0" type="stmt"/>
        <line num="177" count="0" type="cond" truecount="0" falsecount="2"/>
        <line num="179" count="0" type="stmt"/>
        <line num="187" count="0" type="stmt"/>
        <line num="188" count="0" type="cond" truecount="0" falsecount="2"/>
        <line num="189" count="0" type="cond" truecount="0" falsecount="2"/>
        <line num="190" count="0" type="stmt"/>
        <line num="191" count="0" type="stmt"/>
        <line num="192" count="0" type="cond" truecount="0" falsecount="2"/>
        <line num="193" count="0" type="stmt"/>
        <line num="196" count="0" type="cond" truecount="0" falsecount="2"/>
        <line num="197" count="0" type="stmt"/>
        <line num="198" count="0" type="stmt"/>
        <line num="199" count="0" type="stmt"/>
        <line num="200" count="0" type="cond" truecount="0" falsecount="2"/>
        <line num="201" count="0" type="stmt"/>
        <line num="204" count="0" type="stmt"/>
        <line num="206" count="0" type="stmt"/>
        <line num="213" count="4" type="cond" truecount="1" falsecount="1"/>
        <line num="214" count="4" type="stmt"/>
        <line num="215" count="4" type="stmt"/>
        <line num="216" count="4" type="cond" truecount="1" falsecount="1"/>
        <line num="217" count="0" type="stmt"/>
        <line num="220" count="4" type="cond" truecount="1" falsecount="1"/>
        <line num="221" count="4" type="stmt"/>
        <line num="222" count="6" type="cond" truecount="1" falsecount="1"/>
        <line num="223" count="6" type="stmt"/>
        <line num="224" count="6" type="cond" truecount="1" falsecount="1"/>
        <line num="225" count="6" type="stmt"/>
        <line num="226" count="6" type="stmt"/>
        <line num="227" count="6" type="stmt"/>
        <line num="228" count="6" type="stmt"/>
        <line num="229" count="6" type="cond" truecount="1" falsecount="1"/>
        <line num="230" count="0" type="stmt"/>
        <line num="232" count="6" type="stmt"/>
        <line num="233" count="6" type="stmt"/>
        <line num="234" count="6" type="stmt"/>
        <line num="238" count="4" type="cond" truecount="2" falsecount="0"/>
        <line num="239" count="1" type="stmt"/>
        <line num="241" count="3" type="stmt"/>
        <line num="246" count="0" type="cond" truecount="0" falsecount="2"/>
        <line num="247" count="0" type="stmt"/>
        <line num="249" count="0" type="cond" truecount="0" falsecount="2"/>
        <line num="250" count="0" type="stmt"/>
        <line num="252" count="0" type="stmt"/>
        <line num="260" count="0" type="cond" truecount="0" falsecount="2"/>
        <line num="261" count="0" type="cond" truecount="0" falsecount="2"/>
        <line num="262" count="0" type="stmt"/>
        <line num="263" count="0" type="stmt"/>
        <line num="264" count="0" type="stmt"/>
        <line num="265" count="0" type="cond" truecount="0" falsecount="2"/>
        <line num="266" count="0" type="stmt"/>
        <line num="269" count="0" type="cond" truecount="0" falsecount="2"/>
        <line num="270" count="0" type="stmt"/>
        <line num="271" count="0" type="stmt"/>
        <line num="272" count="0" type="cond" truecount="0" falsecount="2"/>
        <line num="273" count="0" type="cond" truecount="0" falsecount="2"/>
        <line num="274" count="0" type="stmt"/>
        <line num="278" count="0" type="stmt"/>
        <line num="280" count="0" type="stmt"/>
        <line num="281" count="0" type="stmt"/>
        <line num="285" count="0" type="stmt"/>
        <line num="287" count="0" type="stmt"/>
        <line num="289" count="0" type="cond" truecount="0" falsecount="2"/>
        <line num="290" count="0" type="stmt"/>
        <line num="292" count="0" type="stmt"/>
        <line num="298" count="0" type="stmt"/>
        <line num="299" count="0" type="cond" truecount="0" falsecount="2"/>
        <line num="300" count="0" type="cond" truecount="0" falsecount="2"/>
        <line num="301" count="0" type="stmt"/>
        <line num="302" count="0" type="cond" truecount="0" falsecount="2"/>
        <line num="303" count="0" type="stmt"/>
        <line num="304" count="0" type="stmt"/>
        <line num="305" count="0" type="cond" truecount="0" falsecount="2"/>
        <line num="306" count="0" type="stmt"/>
        <line num="309" count="0" type="stmt"/>
        <line num="311" count="0" type="cond" truecount="0" falsecount="5"/>
        <line num="312" count="0" type="stmt"/>
        <line num="316" count="0" type="stmt"/>
        <line num="319" count="1" type="stmt"/>
        <line num="323" count="0" type="stmt"/>
        <line num="324" count="0" type="stmt"/>
        <line num="325" count="0" type="cond" truecount="0" falsecount="2"/>
        <line num="326" count="0" type="cond" truecount="0" falsecount="4"/>
        <line num="327" count="0" type="stmt"/>
        <line num="330" count="0" type="cond" truecount="0" falsecount="2"/>
        <line num="331" count="0" type="cond" truecount="0" falsecount="4"/>
        <line num="332" count="0" type="stmt"/>
        <line num="335" count="0" type="cond" truecount="0" falsecount="2"/>
        <line num="336" count="0" type="cond" truecount="0" falsecount="4"/>
        <line num="337" count="0" type="stmt"/>
        <line num="340" count="0" type="stmt"/>
        <line num="341" count="0" type="stmt"/>
      </file>
      <file name="artist-api.js" path="D:\New folder\Marioplex-backend\source\artist-api.js">
        <metrics statements="189" coveredstatements="76" conditionals="169" coveredconditionals="42" methods="27" coveredmethods="10"/>
        <line num="1" count="1" type="stmt"/>
        <line num="2" count="1" type="stmt"/>
        <line num="3" count="1" type="stmt"/>
        <line num="4" count="1" type="stmt"/>
        <line num="7" count="1" type="stmt"/>
        <line num="14" count="0" type="stmt"/>
        <line num="15" count="0" type="cond" truecount="0" falsecount="2"/>
        <line num="16" count="0" type="cond" truecount="0" falsecount="2"/>
        <line num="17" count="0" type="stmt"/>
        <line num="18" count="0" type="stmt"/>
        <line num="19" count="0" type="stmt"/>
        <line num="20" count="0" type="stmt"/>
        <line num="21" count="0" type="cond" truecount="0" falsecount="4"/>
        <line num="23" count="0" type="stmt"/>
        <line num="25" count="0" type="stmt"/>
        <line num="34" count="0" type="stmt"/>
        <line num="35" count="0" type="cond" truecount="0" falsecount="2"/>
        <line num="36" count="0" type="cond" truecount="0" falsecount="2"/>
        <line num="37" count="0" type="stmt"/>
        <line num="38" count="0" type="stmt"/>
        <line num="39" count="0" type="stmt"/>
        <line num="40" count="0" type="stmt"/>
        <line num="41" count="0" type="cond" truecount="0" falsecount="5"/>
        <line num="44" count="0" type="stmt"/>
        <line num="46" count="0" type="stmt"/>
        <line num="54" count="0" type="stmt"/>
        <line num="55" count="0" type="cond" truecount="0" falsecount="2"/>
        <line num="56" count="0" type="cond" truecount="0" falsecount="2"/>
        <line num="57" count="0" type="stmt"/>
        <line num="58" count="0" type="stmt"/>
        <line num="59" count="0" type="cond" truecount="0" falsecount="2"/>
        <line num="60" count="0" type="stmt"/>
        <line num="61" count="0" type="stmt"/>
        <line num="62" count="0" type="cond" truecount="0" falsecount="2"/>
        <line num="63" count="0" type="stmt"/>
        <line num="65" count="0" type="stmt"/>
        <line num="80" count="1" type="cond" truecount="1" falsecount="1"/>
        <line num="81" count="1" type="stmt"/>
        <line num="82" count="1" type="stmt"/>
        <line num="96" count="1" type="stmt"/>
        <line num="97" count="1" type="stmt"/>
        <line num="108" count="0" type="cond" truecount="0" falsecount="2"/>
        <line num="109" count="0" type="stmt"/>
        <line num="110" count="0" type="cond" truecount="0" falsecount="2"/>
        <line num="111" count="0" type="cond" truecount="0" falsecount="2"/>
        <line num="112" count="0" type="cond" truecount="0" falsecount="2"/>
        <line num="113" count="0" type="cond" truecount="0" falsecount="2"/>
        <line num="114" count="0" type="stmt"/>
        <line num="115" count="0" type="stmt"/>
        <line num="120" count="0" type="stmt"/>
        <line num="121" count="0" type="stmt"/>
        <line num="122" count="0" type="cond" truecount="0" falsecount="2"/>
        <line num="124" count="0" type="cond" truecount="0" falsecount="4"/>
        <line num="125" count="0" type="cond" truecount="0" falsecount="2"/>
        <line num="126" count="0" type="stmt"/>
        <line num="128" count="0" type="stmt"/>
        <line num="139" count="0" type="stmt"/>
        <line num="140" count="0" type="stmt"/>
        <line num="150" count="0" type="cond" truecount="0" falsecount="2"/>
        <line num="151" count="0" type="cond" truecount="0" falsecount="2"/>
        <line num="152" count="0" type="stmt"/>
        <line num="153" count="0" type="cond" truecount="0" falsecount="2"/>
        <line num="154" count="0" type="cond" truecount="0" falsecount="2"/>
        <line num="155" count="0" type="stmt"/>
        <line num="158" count="0" type="stmt"/>
        <line num="167" count="43" type="cond" truecount="1" falsecount="1"/>
        <line num="168" count="43" type="stmt"/>
        <line num="169" count="43" type="cond" truecount="1" falsecount="1"/>
        <line num="170" count="43" type="stmt"/>
        <line num="171" count="0" type="stmt"/>
        <line num="172" count="43" type="stmt"/>
        <line num="188" count="2" type="cond" truecount="3" falsecount="1"/>
        <line num="189" count="2" type="cond" truecount="1" falsecount="1"/>
        <line num="190" count="2" type="stmt"/>
        <line num="191" count="2" type="cond" truecount="1" falsecount="1"/>
        <line num="192" count="2" type="stmt"/>
        <line num="193" count="2" type="stmt"/>
        <line num="209" count="2" type="stmt"/>
        <line num="211" count="2" type="stmt"/>
        <line num="214" count="2" type="stmt"/>
        <line num="215" count="2" type="stmt"/>
        <line num="225" count="2" type="cond" truecount="1" falsecount="1"/>
        <line num="226" count="2" type="stmt"/>
        <line num="227" count="2" type="cond" truecount="1" falsecount="1"/>
        <line num="228" count="2" type="stmt"/>
        <line num="231" count="2" type="stmt"/>
        <line num="232" count="2" type="stmt"/>
        <line num="241" count="0" type="stmt"/>
        <line num="243" count="0" type="cond" truecount="0" falsecount="2"/>
        <line num="244" count="0" type="cond" truecount="0" falsecount="2"/>
        <line num="245" count="0" type="stmt"/>
        <line num="247" count="0" type="stmt"/>
        <line num="248" count="0" type="cond" truecount="0" falsecount="2"/>
        <line num="249" count="0" type="stmt"/>
        <line num="251" count="0" type="stmt"/>
        <line num="265" count="2" type="cond" truecount="1" falsecount="1"/>
        <line num="266" count="2" type="stmt"/>
        <line num="267" count="2" type="stmt"/>
        <line num="268" count="2" type="stmt"/>
        <line num="269" count="2" type="cond" truecount="1" falsecount="1"/>
        <line num="270" count="2" type="cond" truecount="1" falsecount="1"/>
        <line num="272" count="2" type="stmt"/>
        <line num="273" count="4" type="stmt"/>
        <line num="274" count="4" type="cond" truecount="1" falsecount="1"/>
        <line num="275" count="4" type="stmt"/>
        <line num="276" count="0" type="stmt"/>
        <line num="279" count="2" type="cond" truecount="2" falsecount="2"/>
        <line num="280" count="0" type="stmt"/>
        <line num="281" count="0" type="cond" truecount="0" falsecount="4"/>
        <line num="282" count="0" type="stmt"/>
        <line num="285" count="2" type="cond" truecount="4" falsecount="0"/>
        <line num="286" count="1" type="stmt"/>
        <line num="287" count="2" type="cond" truecount="1" falsecount="1"/>
        <line num="288" count="0" type="stmt"/>
        <line num="291" count="1" type="cond" truecount="2" falsecount="2"/>
        <line num="292" count="0" type="stmt"/>
        <line num="293" count="0" type="cond" truecount="0" falsecount="2"/>
        <line num="294" count="0" type="stmt"/>
        <line num="298" count="1" type="stmt"/>
        <line num="299" count="2" type="stmt"/>
        <line num="303" count="2" type="stmt"/>
        <line num="304" count="2" type="stmt"/>
        <line num="305" count="2" type="cond" truecount="2" falsecount="0"/>
        <line num="306" count="1" type="cond" truecount="3" falsecount="1"/>
        <line num="307" count="0" type="stmt"/>
        <line num="310" count="2" type="cond" truecount="2" falsecount="0"/>
        <line num="311" count="1" type="cond" truecount="2" falsecount="2"/>
        <line num="312" count="0" type="stmt"/>
        <line num="315" count="1" type="cond" truecount="1" falsecount="1"/>
        <line num="316" count="1" type="cond" truecount="3" falsecount="1"/>
        <line num="317" count="0" type="stmt"/>
        <line num="320" count="2" type="stmt"/>
        <line num="321" count="2" type="stmt"/>
        <line num="330" count="0" type="cond" truecount="0" falsecount="2"/>
        <line num="332" count="0" type="stmt"/>
        <line num="333" count="0" type="stmt"/>
        <line num="335" count="0" type="stmt"/>
        <line num="336" count="0" type="cond" truecount="0" falsecount="2"/>
        <line num="337" count="0" type="cond" truecount="0" falsecount="2"/>
        <line num="338" count="0" type="stmt"/>
        <line num="340" count="0" type="stmt"/>
        <line num="341" count="0" type="cond" truecount="0" falsecount="2"/>
        <line num="342" count="0" type="stmt"/>
        <line num="343" count="0" type="stmt"/>
        <line num="344" count="0" type="cond" truecount="0" falsecount="2"/>
        <line num="345" count="0" type="cond" truecount="0" falsecount="2"/>
        <line num="346" count="0" type="stmt"/>
        <line num="347" count="0" type="stmt"/>
        <line num="353" count="0" type="cond" truecount="0" falsecount="2"/>
        <line num="354" count="0" type="stmt"/>
        <line num="363" count="1" type="cond" truecount="1" falsecount="1"/>
        <line num="364" count="1" type="stmt"/>
        <line num="365" count="1" type="cond" truecount="1" falsecount="1"/>
        <line num="366" count="1" type="stmt"/>
        <line num="367" count="0" type="stmt"/>
        <line num="368" count="1" type="stmt"/>
        <line num="380" count="0" type="cond" truecount="0" falsecount="2"/>
        <line num="381" count="0" type="stmt"/>
        <line num="382" count="0" type="stmt"/>
        <line num="383" count="0" type="stmt"/>
        <line num="384" count="0" type="cond" truecount="0" falsecount="2"/>
        <line num="385" count="0" type="stmt"/>
        <line num="386" count="0" type="stmt"/>
        <line num="387" count="0" type="cond" truecount="0" falsecount="2"/>
        <line num="391" count="0" type="stmt"/>
        <line num="392" count="0" type="cond" truecount="0" falsecount="4"/>
        <line num="393" count="0" type="stmt"/>
        <line num="397" count="0" type="cond" truecount="0" falsecount="2"/>
        <line num="398" count="0" type="stmt"/>
        <line num="399" count="0" type="stmt"/>
        <line num="408" count="1" type="cond" truecount="1" falsecount="1"/>
        <line num="409" count="1" type="stmt"/>
        <line num="410" count="1" type="stmt"/>
        <line num="411" count="1" type="stmt"/>
        <line num="412" count="1" type="cond" truecount="1" falsecount="1"/>
        <line num="413" count="1" type="cond" truecount="1" falsecount="1"/>
        <line num="414" count="1" type="stmt"/>
        <line num="415" count="2" type="stmt"/>
        <line num="416" count="2" type="cond" truecount="1" falsecount="1"/>
        <line num="418" count="1" type="stmt"/>
        <line num="419" count="2" type="stmt"/>
        <line num="421" count="1" type="stmt"/>
        <line num="424" count="0" type="cond" truecount="0" falsecount="2"/>
        <line num="425" count="0" type="cond" truecount="0" falsecount="4"/>
        <line num="426" count="0" type="cond" truecount="0" falsecount="2"/>
        <line num="427" count="0" type="stmt"/>
        <line num="428" count="0" type="cond" truecount="0" falsecount="2"/>
        <line num="430" count="0" type="stmt"/>
        <line num="434" count="1" type="stmt"/>
      </file>
      <file name="image-api.js" path="D:\New folder\Marioplex-backend\source\image-api.js">
        <metrics statements="402" coveredstatements="5" conditionals="297" coveredconditionals="0" methods="25" coveredmethods="0"/>
        <line num="1" count="1" type="stmt"/>
        <line num="3" count="1" type="stmt"/>
        <line num="4" count="1" type="stmt"/>
        <line num="5" count="1" type="stmt"/>
        <line num="14" count="0" type="stmt"/>
        <line num="15" count="0" type="stmt"/>
        <line num="16" count="0" type="cond" truecount="0" falsecount="2"/>
        <line num="19" count="0" type="stmt"/>
        <line num="20" count="0" type="stmt"/>
        <line num="21" count="0" type="cond" truecount="0" falsecount="2"/>
        <line num="22" count="0" type="stmt"/>
        <line num="23" count="0" type="cond" truecount="0" falsecount="2"/>
        <line num="24" count="0" type="stmt"/>
        <line num="25" count="0" type="stmt"/>
        <line num="26" count="0" type="stmt"/>
        <line num="27" count="0" type="stmt"/>
        <line num="30" count="0" type="cond" truecount="0" falsecount="2"/>
        <line num="32" count="0" type="cond" truecount="0" falsecount="2"/>
        <line num="33" count="0" type="cond" truecount="0" falsecount="2"/>
        <line num="34" count="0" type="stmt"/>
        <line num="35" count="0" type="cond" truecount="0" falsecount="2"/>
        <line num="36" count="0" type="stmt"/>
        <line num="40" count="0" type="stmt"/>
        <line num="42" count="0" type="stmt"/>
        <line num="52" count="0" type="stmt"/>
        <line num="53" count="0" type="stmt"/>
        <line num="56" count="0" type="cond" truecount="0" falsecount="2"/>
        <line num="58" count="0" type="stmt"/>
        <line num="60" count="0" type="cond" truecount="0" falsecount="2"/>
        <line num="61" count="0" type="stmt"/>
        <line num="62" count="0" type="stmt"/>
        <line num="64" count="0" type="stmt"/>
        <line num="73" count="0" type="stmt"/>
        <line num="74" count="0" type="cond" truecount="0" falsecount="2"/>
        <line num="75" count="0" type="stmt"/>
        <line num="76" count="0" type="cond" truecount="0" falsecount="2"/>
        <line num="77" count="0" type="stmt"/>
        <line num="78" count="0" type="stmt"/>
        <line num="79" count="0" type="stmt"/>
        <line num="81" count="0" type="stmt"/>
        <line num="91" count="0" type="stmt"/>
        <line num="92" count="0" type="cond" truecount="0" falsecount="4"/>
        <line num="93" count="0" type="cond" truecount="0" falsecount="2"/>
        <line num="94" count="0" type="stmt"/>
        <line num="95" count="0" type="cond" truecount="0" falsecount="2"/>
        <line num="97" count="0" type="stmt"/>
        <line num="99" count="0" type="stmt"/>
        <line num="110" count="0" type="stmt"/>
        <line num="111" count="0" type="stmt"/>
        <line num="112" count="0" type="cond" truecount="0" falsecount="2"/>
        <line num="114" count="0" type="stmt"/>
        <line num="115" count="0" type="cond" truecount="0" falsecount="2"/>
        <line num="116" count="0" type="stmt"/>
        <line num="117" count="0" type="stmt"/>
        <line num="119" count="0" type="stmt"/>
        <line num="129" count="0" type="stmt"/>
        <line num="130" count="0" type="cond" truecount="0" falsecount="2"/>
        <line num="131" count="0" type="cond" truecount="0" falsecount="2"/>
        <line num="132" count="0" type="stmt"/>
        <line num="133" count="0" type="cond" truecount="0" falsecount="2"/>
        <line num="134" count="0" type="cond" truecount="0" falsecount="2"/>
        <line num="135" count="0" type="stmt"/>
        <line num="138" count="0" type="stmt"/>
        <line num="140" count="0" type="stmt"/>
        <line num="153" count="0" type="stmt"/>
        <line num="154" count="0" type="cond" truecount="0" falsecount="2"/>
        <line num="155" count="0" type="cond" truecount="0" falsecount="4"/>
        <line num="156" count="0" type="stmt"/>
        <line num="157" count="0" type="cond" truecount="0" falsecount="2"/>
        <line num="159" count="0" type="cond" truecount="0" falsecount="7"/>
        <line num="162" count="0" type="cond" truecount="0" falsecount="2"/>
        <line num="164" count="0" type="cond" truecount="0" falsecount="2"/>
        <line num="165" count="0" type="stmt"/>
        <line num="167" count="0" type="stmt"/>
        <line num="169" count="0" type="stmt"/>
        <line num="170" count="0" type="stmt"/>
        <line num="174" count="0" type="stmt"/>
        <line num="177" count="0" type="cond" truecount="0" falsecount="2"/>
        <line num="178" count="0" type="stmt"/>
        <line num="180" count="0" type="cond" truecount="0" falsecount="2"/>
        <line num="181" count="0" type="cond" truecount="0" falsecount="2"/>
        <line num="182" count="0" type="stmt"/>
        <line num="183" count="0" type="stmt"/>
        <line num="184" count="0" type="stmt"/>
        <line num="185" count="0" type="stmt"/>
        <line num="190" count="0" type="stmt"/>
        <line num="192" count="0" type="cond" truecount="0" falsecount="2"/>
        <line num="194" count="0" type="stmt"/>
        <line num="195" count="0" type="stmt"/>
        <line num="196" count="0" type="cond" truecount="0" falsecount="2"/>
        <line num="197" count="0" type="cond" truecount="0" falsecount="2"/>
        <line num="198" count="0" type="stmt"/>
        <line num="199" count="0" type="stmt"/>
        <line num="200" count="0" type="stmt"/>
        <line num="201" count="0" type="stmt"/>
        <line num="206" count="0" type="stmt"/>
        <line num="207" count="0" type="cond" truecount="0" falsecount="2"/>
        <line num="209" count="0" type="stmt"/>
        <line num="210" count="0" type="cond" truecount="0" falsecount="2"/>
        <line num="211" count="0" type="cond" truecount="0" falsecount="2"/>
        <line num="212" count="0" type="stmt"/>
        <line num="213" count="0" type="stmt"/>
        <line num="214" count="0" type="stmt"/>
        <line num="215" count="0" type="stmt"/>
        <line num="219" count="0" type="stmt"/>
        <line num="220" count="0" type="cond" truecount="0" falsecount="2"/>
        <line num="221" count="0" type="cond" truecount="0" falsecount="2"/>
        <line num="222" count="0" type="cond" truecount="0" falsecount="2"/>
        <line num="223" count="0" type="stmt"/>
        <line num="224" count="0" type="stmt"/>
        <line num="225" count="0" type="stmt"/>
        <line num="226" count="0" type="stmt"/>
        <line num="229" count="0" type="stmt"/>
        <line num="230" count="0" type="stmt"/>
        <line num="232" count="0" type="stmt"/>
        <line num="236" count="0" type="stmt"/>
        <line num="250" count="0" type="stmt"/>
        <line num="251" count="0" type="cond" truecount="0" falsecount="2"/>
        <line num="252" count="0" type="cond" truecount="0" falsecount="4"/>
        <line num="253" count="0" type="stmt"/>
        <line num="254" count="0" type="cond" truecount="0" falsecount="2"/>
        <line num="257" count="0" type="stmt"/>
        <line num="258" count="0" type="cond" truecount="0" falsecount="7"/>
        <line num="261" count="0" type="cond" truecount="0" falsecount="2"/>
        <line num="263" count="0" type="stmt"/>
        <line num="264" count="0" type="stmt"/>
        <line num="266" count="0" type="stmt"/>
        <line num="268" count="0" type="stmt"/>
        <line num="269" count="0" type="stmt"/>
        <line num="273" count="0" type="stmt"/>
        <line num="275" count="0" type="cond" truecount="0" falsecount="2"/>
        <line num="276" count="0" type="stmt"/>
        <line num="278" count="0" type="cond" truecount="0" falsecount="2"/>
        <line num="279" count="0" type="stmt"/>
        <line num="280" count="0" type="stmt"/>
        <line num="281" count="0" type="stmt"/>
        <line num="282" count="0" type="stmt"/>
        <line num="283" count="0" type="stmt"/>
        <line num="288" count="0" type="stmt"/>
        <line num="289" count="0" type="cond" truecount="0" falsecount="2"/>
        <line num="291" count="0" type="stmt"/>
        <line num="292" count="0" type="cond" truecount="0" falsecount="2"/>
        <line num="293" count="0" type="stmt"/>
        <line num="294" count="0" type="stmt"/>
        <line num="295" count="0" type="stmt"/>
        <line num="296" count="0" type="stmt"/>
        <line num="297" count="0" type="stmt"/>
        <line num="302" count="0" type="stmt"/>
        <line num="303" count="0" type="cond" truecount="0" falsecount="2"/>
        <line num="305" count="0" type="stmt"/>
        <line num="306" count="0" type="cond" truecount="0" falsecount="2"/>
        <line num="307" count="0" type="stmt"/>
        <line num="308" count="0" type="stmt"/>
        <line num="309" count="0" type="stmt"/>
        <line num="310" count="0" type="stmt"/>
        <line num="311" count="0" type="stmt"/>
        <line num="315" count="0" type="stmt"/>
        <line num="316" count="0" type="cond" truecount="0" falsecount="2"/>
        <line num="317" count="0" type="cond" truecount="0" falsecount="2"/>
        <line num="318" count="0" type="stmt"/>
        <line num="319" count="0" type="stmt"/>
        <line num="320" count="0" type="stmt"/>
        <line num="321" count="0" type="stmt"/>
        <line num="322" count="0" type="stmt"/>
        <line num="325" count="0" type="stmt"/>
        <line num="326" count="0" type="stmt"/>
        <line num="328" count="0" type="stmt"/>
        <line num="332" count="0" type="stmt"/>
        <line num="337" count="0" type="stmt"/>
        <line num="338" count="0" type="cond" truecount="0" falsecount="2"/>
        <line num="339" count="0" type="cond" truecount="0" falsecount="2"/>
        <line num="343" count="0" type="cond" truecount="0" falsecount="7"/>
        <line num="346" count="0" type="stmt"/>
        <line num="348" count="0" type="cond" truecount="0" falsecount="2"/>
        <line num="349" count="0" type="cond" truecount="0" falsecount="2"/>
        <line num="352" count="0" type="stmt"/>
        <line num="353" count="0" type="stmt"/>
        <line num="357" count="0" type="stmt"/>
        <line num="359" count="0" type="cond" truecount="0" falsecount="2"/>
        <line num="360" count="0" type="cond" truecount="0" falsecount="2"/>
        <line num="361" count="0" type="stmt"/>
        <line num="362" count="0" type="stmt"/>
        <line num="369" count="0" type="stmt"/>
        <line num="370" count="0" type="cond" truecount="0" falsecount="2"/>
        <line num="371" count="0" type="cond" truecount="0" falsecount="2"/>
        <line num="372" count="0" type="stmt"/>
        <line num="373" count="0" type="stmt"/>
        <line num="379" count="0" type="stmt"/>
        <line num="380" count="0" type="cond" truecount="0" falsecount="2"/>
        <line num="381" count="0" type="cond" truecount="0" falsecount="2"/>
        <line num="382" count="0" type="stmt"/>
        <line num="383" count="0" type="stmt"/>
        <line num="387" count="0" type="stmt"/>
        <line num="388" count="0" type="cond" truecount="0" falsecount="2"/>
        <line num="389" count="0" type="cond" truecount="0" falsecount="2"/>
        <line num="390" count="0" type="stmt"/>
        <line num="391" count="0" type="stmt"/>
        <line num="394" count="0" type="stmt"/>
        <line num="395" count="0" type="stmt"/>
        <line num="397" count="0" type="stmt"/>
        <line num="401" count="0" type="stmt"/>
        <line num="413" count="0" type="stmt"/>
        <line num="416" count="0" type="cond" truecount="0" falsecount="2"/>
        <line num="417" count="0" type="cond" truecount="0" falsecount="4"/>
        <line num="418" count="0" type="stmt"/>
        <line num="419" count="0" type="cond" truecount="0" falsecount="2"/>
        <line num="421" count="0" type="cond" truecount="0" falsecount="7"/>
        <line num="424" count="0" type="cond" truecount="0" falsecount="2"/>
        <line num="426" count="0" type="stmt"/>
        <line num="427" count="0" type="cond" truecount="0" falsecount="2"/>
        <line num="429" count="0" type="stmt"/>
        <line num="431" count="0" type="stmt"/>
        <line num="433" count="0" type="stmt"/>
        <line num="435" count="0" type="cond" truecount="0" falsecount="2"/>
        <line num="437" count="0" type="cond" truecount="0" falsecount="2"/>
        <line num="438" count="0" type="stmt"/>
        <line num="439" count="0" type="cond" truecount="0" falsecount="2"/>
        <line num="441" count="0" type="stmt"/>
        <line num="443" count="0" type="stmt"/>
        <line num="444" count="0" type="stmt"/>
        <line num="451" count="0" type="stmt"/>
        <line num="452" count="0" type="stmt"/>
        <line num="456" count="0" type="stmt"/>
        <line num="458" count="0" type="cond" truecount="0" falsecount="2"/>
        <line num="459" count="0" type="stmt"/>
        <line num="461" count="0" type="cond" truecount="0" falsecount="2"/>
        <line num="463" count="0" type="stmt"/>
        <line num="464" count="0" type="cond" truecount="0" falsecount="2"/>
        <line num="466" count="0" type="stmt"/>
        <line num="468" count="0" type="stmt"/>
        <line num="470" count="0" type="stmt"/>
        <line num="471" count="0" type="cond" truecount="0" falsecount="2"/>
        <line num="472" count="0" type="cond" truecount="0" falsecount="2"/>
        <line num="473" count="0" type="stmt"/>
        <line num="474" count="0" type="cond" truecount="0" falsecount="2"/>
        <line num="476" count="0" type="stmt"/>
        <line num="478" count="0" type="stmt"/>
        <line num="479" count="0" type="stmt"/>
        <line num="483" count="0" type="stmt"/>
        <line num="484" count="0" type="stmt"/>
        <line num="489" count="0" type="stmt"/>
        <line num="490" count="0" type="cond" truecount="0" falsecount="2"/>
        <line num="492" count="0" type="stmt"/>
        <line num="493" count="0" type="cond" truecount="0" falsecount="2"/>
        <line num="495" count="0" type="stmt"/>
        <line num="496" count="0" type="cond" truecount="0" falsecount="2"/>
        <line num="498" count="0" type="stmt"/>
        <line num="500" count="0" type="stmt"/>
        <line num="502" count="0" type="stmt"/>
        <line num="503" count="0" type="cond" truecount="0" falsecount="2"/>
        <line num="504" count="0" type="cond" truecount="0" falsecount="2"/>
        <line num="505" count="0" type="stmt"/>
        <line num="506" count="0" type="cond" truecount="0" falsecount="2"/>
        <line num="508" count="0" type="stmt"/>
        <line num="510" count="0" type="stmt"/>
        <line num="511" count="0" type="stmt"/>
        <line num="515" count="0" type="stmt"/>
        <line num="516" count="0" type="stmt"/>
        <line num="521" count="0" type="stmt"/>
        <line num="522" count="0" type="cond" truecount="0" falsecount="2"/>
        <line num="524" count="0" type="stmt"/>
        <line num="525" count="0" type="cond" truecount="0" falsecount="2"/>
        <line num="527" count="0" type="stmt"/>
        <line num="528" count="0" type="cond" truecount="0" falsecount="2"/>
        <line num="530" count="0" type="stmt"/>
        <line num="532" count="0" type="stmt"/>
        <line num="534" count="0" type="stmt"/>
        <line num="535" count="0" type="cond" truecount="0" falsecount="2"/>
        <line num="536" count="0" type="cond" truecount="0" falsecount="2"/>
        <line num="537" count="0" type="stmt"/>
        <line num="538" count="0" type="cond" truecount="0" falsecount="2"/>
        <line num="540" count="0" type="stmt"/>
        <line num="542" count="0" type="stmt"/>
        <line num="543" count="0" type="stmt"/>
        <line num="547" count="0" type="stmt"/>
        <line num="548" count="0" type="stmt"/>
        <line num="552" count="0" type="stmt"/>
        <line num="553" count="0" type="cond" truecount="0" falsecount="2"/>
        <line num="554" count="0" type="cond" truecount="0" falsecount="2"/>
        <line num="556" count="0" type="stmt"/>
        <line num="557" count="0" type="cond" truecount="0" falsecount="2"/>
        <line num="559" count="0" type="stmt"/>
        <line num="561" count="0" type="stmt"/>
        <line num="563" count="0" type="stmt"/>
        <line num="564" count="0" type="cond" truecount="0" falsecount="2"/>
        <line num="565" count="0" type="cond" truecount="0" falsecount="2"/>
        <line num="566" count="0" type="stmt"/>
        <line num="567" count="0" type="cond" truecount="0" falsecount="2"/>
        <line num="569" count="0" type="stmt"/>
        <line num="571" count="0" type="stmt"/>
        <line num="572" count="0" type="stmt"/>
        <line num="576" count="0" type="stmt"/>
        <line num="577" count="0" type="stmt"/>
        <line num="580" count="0" type="stmt"/>
        <line num="581" count="0" type="stmt"/>
        <line num="583" count="0" type="stmt"/>
        <line num="586" count="0" type="stmt"/>
        <line num="598" count="0" type="stmt"/>
        <line num="599" count="0" type="cond" truecount="0" falsecount="2"/>
        <line num="601" count="0" type="stmt"/>
        <line num="603" count="0" type="cond" truecount="0" falsecount="2"/>
        <line num="605" count="0" type="stmt"/>
        <line num="607" count="0" type="stmt"/>
        <line num="610" count="0" type="stmt"/>
        <line num="612" count="0" type="stmt"/>
        <line num="623" count="0" type="stmt"/>
        <line num="626" count="0" type="cond" truecount="0" falsecount="2"/>
        <line num="627" count="0" type="cond" truecount="0" falsecount="2"/>
        <line num="628" count="0" type="stmt"/>
        <line num="629" count="0" type="cond" truecount="0" falsecount="2"/>
        <line num="631" count="0" type="cond" truecount="0" falsecount="7"/>
        <line num="634" count="0" type="cond" truecount="0" falsecount="2"/>
        <line num="635" count="0" type="cond" truecount="0" falsecount="2"/>
        <line num="637" count="0" type="stmt"/>
        <line num="638" count="0" type="stmt"/>
        <line num="639" count="0" type="cond" truecount="0" falsecount="2"/>
        <line num="640" count="0" type="cond" truecount="0" falsecount="2"/>
        <line num="641" count="0" type="stmt"/>
        <line num="642" count="0" type="cond" truecount="0" falsecount="2"/>
        <line num="644" count="0" type="stmt"/>
        <line num="646" count="0" type="stmt"/>
        <line num="647" count="0" type="stmt"/>
        <line num="654" count="0" type="stmt"/>
        <line num="656" count="0" type="stmt"/>
        <line num="657" count="0" type="stmt"/>
        <line num="658" count="0" type="stmt"/>
        <line num="662" count="0" type="stmt"/>
        <line num="664" count="0" type="cond" truecount="0" falsecount="2"/>
        <line num="665" count="0" type="stmt"/>
        <line num="667" count="0" type="cond" truecount="0" falsecount="2"/>
        <line num="668" count="0" type="cond" truecount="0" falsecount="2"/>
        <line num="670" count="0" type="stmt"/>
        <line num="671" count="0" type="stmt"/>
        <line num="672" count="0" type="cond" truecount="0" falsecount="2"/>
        <line num="673" count="0" type="cond" truecount="0" falsecount="2"/>
        <line num="674" count="0" type="stmt"/>
        <line num="675" count="0" type="cond" truecount="0" falsecount="2"/>
        <line num="677" count="0" type="stmt"/>
        <line num="679" count="0" type="stmt"/>
        <line num="680" count="0" type="stmt"/>
        <line num="686" count="0" type="stmt"/>
        <line num="688" count="0" type="stmt"/>
        <line num="689" count="0" type="stmt"/>
        <line num="690" count="0" type="stmt"/>
        <line num="695" count="0" type="stmt"/>
        <line num="696" count="0" type="cond" truecount="0" falsecount="2"/>
        <line num="698" count="0" type="stmt"/>
        <line num="699" count="0" type="cond" truecount="0" falsecount="2"/>
        <line num="700" count="0" type="cond" truecount="0" falsecount="2"/>
        <line num="702" count="0" type="stmt"/>
        <line num="703" count="0" type="stmt"/>
        <line num="704" count="0" type="cond" truecount="0" falsecount="2"/>
        <line num="705" count="0" type="cond" truecount="0" falsecount="2"/>
        <line num="706" count="0" type="stmt"/>
        <line num="707" count="0" type="cond" truecount="0" falsecount="2"/>
        <line num="709" count="0" type="stmt"/>
        <line num="711" count="0" type="stmt"/>
        <line num="712" count="0" type="stmt"/>
        <line num="718" count="0" type="stmt"/>
        <line num="720" count="0" type="stmt"/>
        <line num="721" count="0" type="stmt"/>
        <line num="722" count="0" type="stmt"/>
        <line num="727" count="0" type="stmt"/>
        <line num="728" count="0" type="cond" truecount="0" falsecount="2"/>
        <line num="730" count="0" type="stmt"/>
        <line num="731" count="0" type="cond" truecount="0" falsecount="2"/>
        <line num="732" count="0" type="cond" truecount="0" falsecount="2"/>
        <line num="734" count="0" type="stmt"/>
        <line num="735" count="0" type="stmt"/>
        <line num="736" count="0" type="cond" truecount="0" falsecount="2"/>
        <line num="737" count="0" type="cond" truecount="0" falsecount="2"/>
        <line num="738" count="0" type="stmt"/>
        <line num="739" count="0" type="cond" truecount="0" falsecount="2"/>
        <line num="741" count="0" type="stmt"/>
        <line num="743" count="0" type="stmt"/>
        <line num="744" count="0" type="stmt"/>
        <line num="750" count="0" type="stmt"/>
        <line num="752" count="0" type="stmt"/>
        <line num="753" count="0" type="stmt"/>
        <line num="754" count="0" type="stmt"/>
        <line num="758" count="0" type="stmt"/>
        <line num="759" count="0" type="cond" truecount="0" falsecount="2"/>
        <line num="760" count="0" type="cond" truecount="0" falsecount="2"/>
        <line num="761" count="0" type="cond" truecount="0" falsecount="2"/>
        <line num="763" count="0" type="stmt"/>
        <line num="764" count="0" type="stmt"/>
        <line num="765" count="0" type="cond" truecount="0" falsecount="2"/>
        <line num="766" count="0" type="cond" truecount="0" falsecount="2"/>
        <line num="767" count="0" type="stmt"/>
        <line num="768" count="0" type="cond" truecount="0" falsecount="2"/>
        <line num="770" count="0" type="stmt"/>
        <line num="772" count="0" type="stmt"/>
        <line num="773" count="0" type="stmt"/>
        <line num="779" count="0" type="stmt"/>
        <line num="781" count="0" type="stmt"/>
        <line num="782" count="0" type="stmt"/>
        <line num="783" count="0" type="stmt"/>
        <line num="786" count="0" type="stmt"/>
        <line num="787" count="0" type="stmt"/>
        <line num="789" count="0" type="stmt"/>
        <line num="792" count="0" type="stmt"/>
        <line num="799" count="1" type="stmt"/>
      </file>
      <file name="player-api.js" path="D:\New folder\Marioplex-backend\source\player-api.js">
        <metrics statements="322" coveredstatements="7" conditionals="223" coveredconditionals="0" methods="19" coveredmethods="0"/>
        <line num="1" count="1" type="stmt"/>
        <line num="2" count="1" type="stmt"/>
        <line num="3" count="1" type="stmt"/>
        <line num="4" count="1" type="stmt"/>
        <line num="5" count="1" type="stmt"/>
        <line num="7" count="1" type="stmt"/>
        <line num="21" count="0" type="cond" truecount="0" falsecount="2"/>
        <line num="22" count="0" type="stmt"/>
        <line num="23" count="0" type="stmt"/>
        <line num="24" count="0" type="stmt"/>
        <line num="25" count="0" type="cond" truecount="0" falsecount="2"/>
        <line num="28" count="0" type="cond" truecount="0" falsecount="2"/>
        <line num="29" count="0" type="cond" truecount="0" falsecount="4"/>
        <line num="30" count="0" type="stmt"/>
        <line num="31" count="0" type="stmt"/>
        <line num="33" count="0" type="stmt"/>
        <line num="34" count="0" type="stmt"/>
        <line num="35" count="0" type="stmt"/>
        <line num="37" count="0" type="stmt"/>
        <line num="39" count="0" type="stmt"/>
        <line num="41" count="0" type="stmt"/>
        <line num="50" count="0" type="cond" truecount="0" falsecount="2"/>
        <line num="51" count="0" type="stmt"/>
        <line num="52" count="0" type="stmt"/>
        <line num="53" count="0" type="stmt"/>
        <line num="54" count="0" type="stmt"/>
        <line num="56" count="0" type="stmt"/>
        <line num="57" count="0" type="cond" truecount="0" falsecount="4"/>
        <line num="58" count="0" type="cond" truecount="0" falsecount="2"/>
        <line num="59" count="0" type="stmt"/>
        <line num="60" count="0" type="stmt"/>
        <line num="62" count="0" type="cond" truecount="0" falsecount="2"/>
        <line num="63" count="0" type="stmt"/>
        <line num="64" count="0" type="cond" truecount="0" falsecount="2"/>
        <line num="65" count="0" type="stmt"/>
        <line num="66" count="0" type="cond" truecount="0" falsecount="2"/>
        <line num="67" count="0" type="stmt"/>
        <line num="68" count="0" type="cond" truecount="0" falsecount="2"/>
        <line num="69" count="0" type="stmt"/>
        <line num="70" count="0" type="stmt"/>
        <line num="71" count="0" type="stmt"/>
        <line num="73" count="0" type="cond" truecount="0" falsecount="2"/>
        <line num="74" count="0" type="stmt"/>
        <line num="75" count="0" type="cond" truecount="0" falsecount="2"/>
        <line num="76" count="0" type="stmt"/>
        <line num="77" count="0" type="cond" truecount="0" falsecount="2"/>
        <line num="78" count="0" type="stmt"/>
        <line num="79" count="0" type="cond" truecount="0" falsecount="2"/>
        <line num="80" count="0" type="stmt"/>
        <line num="81" count="0" type="stmt"/>
        <line num="84" count="0" type="cond" truecount="0" falsecount="2"/>
        <line num="85" count="0" type="stmt"/>
        <line num="86" count="0" type="cond" truecount="0" falsecount="2"/>
        <line num="87" count="0" type="stmt"/>
        <line num="88" count="0" type="cond" truecount="0" falsecount="2"/>
        <line num="89" count="0" type="stmt"/>
        <line num="90" count="0" type="cond" truecount="0" falsecount="2"/>
        <line num="91" count="0" type="stmt"/>
        <line num="92" count="0" type="stmt"/>
        <line num="93" count="0" type="stmt"/>
        <line num="99" count="0" type="cond" truecount="0" falsecount="5"/>
        <line num="100" count="0" type="stmt"/>
        <line num="101" count="0" type="stmt"/>
        <line num="107" count="0" type="stmt"/>
        <line num="116" count="0" type="stmt"/>
        <line num="117" count="0" type="stmt"/>
        <line num="118" count="0" type="stmt"/>
        <line num="130" count="0" type="cond" truecount="0" falsecount="2"/>
        <line num="131" count="0" type="cond" truecount="0" falsecount="2"/>
        <line num="132" count="0" type="stmt"/>
        <line num="137" count="0" type="stmt"/>
        <line num="138" count="0" type="stmt"/>
        <line num="140" count="0" type="stmt"/>
        <line num="141" count="0" type="stmt"/>
        <line num="146" count="0" type="stmt"/>
        <line num="147" count="0" type="stmt"/>
        <line num="158" count="0" type="cond" truecount="0" falsecount="4"/>
        <line num="159" count="0" type="stmt"/>
        <line num="160" count="0" type="cond" truecount="0" falsecount="2"/>
        <line num="161" count="0" type="stmt"/>
        <line num="162" count="0" type="stmt"/>
        <line num="178" count="0" type="cond" truecount="0" falsecount="2"/>
        <line num="180" count="0" type="cond" truecount="0" falsecount="2"/>
        <line num="181" count="0" type="cond" truecount="0" falsecount="4"/>
        <line num="182" count="0" type="stmt"/>
        <line num="183" count="0" type="cond" truecount="0" falsecount="2"/>
        <line num="185" count="0" type="cond" truecount="0" falsecount="4"/>
        <line num="187" count="0" type="cond" truecount="0" falsecount="2"/>
        <line num="188" count="0" type="stmt"/>
        <line num="190" count="0" type="stmt"/>
        <line num="191" count="0" type="cond" truecount="0" falsecount="2"/>
        <line num="192" count="0" type="stmt"/>
        <line num="193" count="0" type="cond" truecount="0" falsecount="2"/>
        <line num="194" count="0" type="stmt"/>
        <line num="197" count="0" type="stmt"/>
        <line num="198" count="0" type="stmt"/>
        <line num="199" count="0" type="stmt"/>
        <line num="200" count="0" type="stmt"/>
        <line num="201" count="0" type="stmt"/>
        <line num="202" count="0" type="stmt"/>
        <line num="203" count="0" type="stmt"/>
        <line num="204" count="0" type="stmt"/>
        <line num="205" count="0" type="stmt"/>
        <line num="212" count="0" type="stmt"/>
        <line num="214" count="0" type="stmt"/>
        <line num="215" count="0" type="stmt"/>
        <line num="216" count="0" type="stmt"/>
        <line num="217" count="0" type="stmt"/>
        <line num="219" count="0" type="stmt"/>
        <line num="220" count="0" type="cond" truecount="0" falsecount="2"/>
        <line num="221" count="0" type="cond" truecount="0" falsecount="2"/>
        <line num="223" count="0" type="cond" truecount="0" falsecount="2"/>
        <line num="224" count="0" type="stmt"/>
        <line num="225" count="0" type="stmt"/>
        <line num="226" count="0" type="stmt"/>
        <line num="227" count="0" type="stmt"/>
        <line num="228" count="0" type="stmt"/>
        <line num="229" count="0" type="stmt"/>
        <line num="230" count="0" type="stmt"/>
        <line num="231" count="0" type="stmt"/>
        <line num="232" count="0" type="stmt"/>
        <line num="233" count="0" type="stmt"/>
        <line num="240" count="0" type="stmt"/>
        <line num="242" count="0" type="stmt"/>
        <line num="243" count="0" type="stmt"/>
        <line num="246" count="0" type="stmt"/>
        <line num="247" count="0" type="stmt"/>
        <line num="248" count="0" type="stmt"/>
        <line num="250" count="0" type="cond" truecount="0" falsecount="2"/>
        <line num="251" count="0" type="stmt"/>
        <line num="260" count="0" type="cond" truecount="0" falsecount="2"/>
        <line num="261" count="0" type="stmt"/>
        <line num="262" count="0" type="stmt"/>
        <line num="263" count="0" type="stmt"/>
        <line num="264" count="0" type="stmt"/>
        <line num="265" count="0" type="stmt"/>
        <line num="266" count="0" type="stmt"/>
        <line num="267" count="0" type="stmt"/>
        <line num="281" count="0" type="cond" truecount="0" falsecount="2"/>
        <line num="282" count="0" type="stmt"/>
        <line num="283" count="0" type="stmt"/>
        <line num="289" count="0" type="stmt"/>
        <line num="290" count="0" type="stmt"/>
        <line num="291" count="0" type="stmt"/>
        <line num="292" count="0" type="stmt"/>
        <line num="293" count="0" type="stmt"/>
        <line num="294" count="0" type="stmt"/>
        <line num="295" count="0" type="stmt"/>
        <line num="298" count="0" type="cond" truecount="0" falsecount="2"/>
        <line num="299" count="0" type="stmt"/>
        <line num="305" count="0" type="stmt"/>
        <line num="306" count="0" type="stmt"/>
        <line num="307" count="0" type="stmt"/>
        <line num="308" count="0" type="stmt"/>
        <line num="309" count="0" type="stmt"/>
        <line num="310" count="0" type="stmt"/>
        <line num="311" count="0" type="stmt"/>
        <line num="313" count="0" type="cond" truecount="0" falsecount="2"/>
        <line num="314" count="0" type="stmt"/>
        <line num="320" count="0" type="stmt"/>
        <line num="321" count="0" type="stmt"/>
        <line num="322" count="0" type="stmt"/>
        <line num="323" count="0" type="stmt"/>
        <line num="324" count="0" type="stmt"/>
        <line num="325" count="0" type="stmt"/>
        <line num="326" count="0" type="stmt"/>
        <line num="330" count="0" type="stmt"/>
        <line num="331" count="0" type="stmt"/>
        <line num="337" count="0" type="stmt"/>
        <line num="338" count="0" type="stmt"/>
        <line num="339" count="0" type="stmt"/>
        <line num="340" count="0" type="stmt"/>
        <line num="352" count="0" type="cond" truecount="0" falsecount="2"/>
        <line num="353" count="0" type="cond" truecount="0" falsecount="2"/>
        <line num="354" count="0" type="cond" truecount="0" falsecount="2"/>
        <line num="355" count="0" type="stmt"/>
        <line num="356" count="0" type="cond" truecount="0" falsecount="4"/>
        <line num="357" count="0" type="stmt"/>
        <line num="358" count="0" type="stmt"/>
        <line num="359" count="0" type="stmt"/>
        <line num="360" count="0" type="stmt"/>
        <line num="362" count="0" type="stmt"/>
        <line num="363" count="0" type="cond" truecount="0" falsecount="2"/>
        <line num="364" count="0" type="stmt"/>
        <line num="365" count="0" type="stmt"/>
        <line num="374" count="0" type="cond" truecount="0" falsecount="2"/>
        <line num="375" count="0" type="cond" truecount="0" falsecount="2"/>
        <line num="376" count="0" type="cond" truecount="0" falsecount="2"/>
        <line num="377" count="0" type="stmt"/>
        <line num="378" count="0" type="stmt"/>
        <line num="379" count="0" type="stmt"/>
        <line num="388" count="0" type="stmt"/>
        <line num="389" count="0" type="stmt"/>
        <line num="390" count="0" type="cond" truecount="0" falsecount="2"/>
        <line num="391" count="0" type="cond" truecount="0" falsecount="2"/>
        <line num="392" count="0" type="stmt"/>
        <line num="394" count="0" type="stmt"/>
        <line num="395" count="0" type="stmt"/>
        <line num="396" count="0" type="cond" truecount="0" falsecount="2"/>
        <line num="397" count="0" type="stmt"/>
        <line num="398" count="0" type="stmt"/>
        <line num="401" count="0" type="cond" truecount="0" falsecount="2"/>
        <line num="404" count="0" type="stmt"/>
        <line num="405" count="0" type="stmt"/>
        <line num="406" count="0" type="cond" truecount="0" falsecount="2"/>
        <line num="407" count="0" type="stmt"/>
        <line num="408" count="0" type="cond" truecount="0" falsecount="2"/>
        <line num="409" count="0" type="stmt"/>
        <line num="411" count="0" type="stmt"/>
        <line num="415" count="0" type="cond" truecount="0" falsecount="4"/>
        <line num="416" count="0" type="stmt"/>
        <line num="417" count="0" type="stmt"/>
        <line num="418" count="0" type="cond" truecount="0" falsecount="2"/>
        <line num="419" count="0" type="stmt"/>
        <line num="420" count="0" type="cond" truecount="0" falsecount="2"/>
        <line num="421" count="0" type="stmt"/>
        <line num="423" count="0" type="stmt"/>
        <line num="426" count="0" type="stmt"/>
        <line num="436" count="0" type="stmt"/>
        <line num="437" count="0" type="cond" truecount="0" falsecount="2"/>
        <line num="438" count="0" type="stmt"/>
        <line num="439" count="0" type="stmt"/>
        <line num="440" count="0" type="stmt"/>
        <line num="449" count="0" type="stmt"/>
        <line num="450" count="0" type="cond" truecount="0" falsecount="2"/>
        <line num="451" count="0" type="stmt"/>
        <line num="452" count="0" type="stmt"/>
        <line num="453" count="0" type="stmt"/>
        <line num="463" count="0" type="stmt"/>
        <line num="464" count="0" type="stmt"/>
        <line num="473" count="0" type="cond" truecount="0" falsecount="2"/>
        <line num="474" count="0" type="cond" truecount="0" falsecount="2"/>
        <line num="475" count="0" type="cond" truecount="0" falsecount="2"/>
        <line num="476" count="0" type="cond" truecount="0" falsecount="2"/>
        <line num="477" count="0" type="cond" truecount="0" falsecount="2"/>
        <line num="478" count="0" type="stmt"/>
        <line num="479" count="0" type="stmt"/>
        <line num="480" count="0" type="stmt"/>
        <line num="481" count="0" type="stmt"/>
        <line num="482" count="0" type="stmt"/>
        <line num="483" count="0" type="stmt"/>
        <line num="484" count="0" type="stmt"/>
        <line num="486" count="0" type="stmt"/>
        <line num="495" count="0" type="cond" truecount="0" falsecount="2"/>
        <line num="496" count="0" type="cond" truecount="0" falsecount="2"/>
        <line num="497" count="0" type="cond" truecount="0" falsecount="2"/>
        <line num="498" count="0" type="cond" truecount="0" falsecount="2"/>
        <line num="499" count="0" type="cond" truecount="0" falsecount="2"/>
        <line num="500" count="0" type="stmt"/>
        <line num="501" count="0" type="cond" truecount="0" falsecount="4"/>
        <line num="502" count="0" type="stmt"/>
        <line num="503" count="0" type="stmt"/>
        <line num="504" count="0" type="stmt"/>
        <line num="505" count="0" type="stmt"/>
        <line num="506" count="0" type="stmt"/>
        <line num="508" count="0" type="stmt"/>
        <line num="510" count="0" type="cond" truecount="0" falsecount="2"/>
        <line num="511" count="0" type="stmt"/>
        <line num="512" count="0" type="cond" truecount="0" falsecount="4"/>
        <line num="513" count="0" type="cond" truecount="0" falsecount="2"/>
        <line num="514" count="0" type="stmt"/>
        <line num="515" count="0" type="stmt"/>
        <line num="517" count="0" type="stmt"/>
        <line num="518" count="0" type="stmt"/>
        <line num="519" count="0" type="stmt"/>
        <line num="520" count="0" type="stmt"/>
        <line num="521" count="0" type="stmt"/>
        <line num="522" count="0" type="stmt"/>
        <line num="524" count="0" type="stmt"/>
        <line num="525" count="0" type="stmt"/>
        <line num="527" count="0" type="stmt"/>
        <line num="528" count="0" type="cond" truecount="0" falsecount="2"/>
        <line num="529" count="0" type="cond" truecount="0" falsecount="2"/>
        <line num="530" count="0" type="stmt"/>
        <line num="531" count="0" type="stmt"/>
        <line num="533" count="0" type="stmt"/>
        <line num="534" count="0" type="stmt"/>
        <line num="535" count="0" type="stmt"/>
        <line num="536" count="0" type="stmt"/>
        <line num="537" count="0" type="stmt"/>
        <line num="538" count="0" type="stmt"/>
        <line num="540" count="0" type="stmt"/>
        <line num="541" count="0" type="stmt"/>
        <line num="552" count="0" type="cond" truecount="0" falsecount="2"/>
        <line num="553" count="0" type="cond" truecount="0" falsecount="2"/>
        <line num="554" count="0" type="stmt"/>
        <line num="555" count="0" type="stmt"/>
        <line num="556" count="0" type="stmt"/>
        <line num="558" count="0" type="stmt"/>
        <line num="559" count="0" type="stmt"/>
        <line num="560" count="0" type="stmt"/>
        <line num="561" count="0" type="stmt"/>
        <line num="564" count="0" type="stmt"/>
        <line num="574" count="0" type="cond" truecount="0" falsecount="2"/>
        <line num="575" count="0" type="cond" truecount="0" falsecount="2"/>
        <line num="576" count="0" type="cond" truecount="0" falsecount="2"/>
        <line num="577" count="0" type="stmt"/>
        <line num="581" count="0" type="cond" truecount="0" falsecount="2"/>
        <line num="582" count="0" type="stmt"/>
        <line num="583" count="0" type="stmt"/>
        <line num="584" count="0" type="cond" truecount="0" falsecount="2"/>
        <line num="585" count="0" type="cond" truecount="0" falsecount="2"/>
        <line num="586" count="0" type="cond" truecount="0" falsecount="2"/>
        <line num="587" count="0" type="cond" truecount="0" falsecount="2"/>
        <line num="588" count="0" type="stmt"/>
        <line num="589" count="0" type="stmt"/>
        <line num="590" count="0" type="stmt"/>
        <line num="592" count="0" type="cond" truecount="0" falsecount="2"/>
        <line num="593" count="0" type="cond" truecount="0" falsecount="2"/>
        <line num="594" count="0" type="cond" truecount="0" falsecount="2"/>
        <line num="596" count="0" type="stmt"/>
        <line num="597" count="0" type="stmt"/>
        <line num="600" count="0" type="stmt"/>
        <line num="610" count="0" type="cond" truecount="0" falsecount="2"/>
        <line num="611" count="0" type="cond" truecount="0" falsecount="4"/>
        <line num="612" count="0" type="stmt"/>
        <line num="613" count="0" type="cond" truecount="0" falsecount="4"/>
        <line num="614" count="0" type="stmt"/>
        <line num="616" count="0" type="stmt"/>
        <line num="617" count="0" type="stmt"/>
        <line num="618" count="0" type="stmt"/>
        <line num="623" count="1" type="stmt"/>
      </file>
      <file name="playlist-api.js" path="D:\New folder\Marioplex-backend\source\playlist-api.js">
        <metrics statements="349" coveredstatements="61" conditionals="317" coveredconditionals="27" methods="28" coveredmethods="8"/>
        <line num="1" count="1" type="stmt"/>
        <line num="4" count="1" type="stmt"/>
        <line num="5" count="1" type="stmt"/>
        <line num="6" count="1" type="stmt"/>
        <line num="7" count="1" type="stmt"/>
        <line num="8" count="1" type="stmt"/>
        <line num="10" count="1" type="stmt"/>
        <line num="20" count="32" type="cond" truecount="1" falsecount="1"/>
        <line num="21" count="32" type="stmt"/>
        <line num="22" count="32" type="cond" truecount="1" falsecount="1"/>
        <line num="23" count="32" type="stmt"/>
        <line num="24" count="0" type="stmt"/>
        <line num="25" count="32" type="stmt"/>
        <line num="35" count="0" type="stmt"/>
        <line num="36" count="0" type="stmt"/>
        <line num="37" count="0" type="cond" truecount="0" falsecount="2"/>
        <line num="39" count="0" type="cond" truecount="0" falsecount="4"/>
        <line num="40" count="0" type="cond" truecount="0" falsecount="2"/>
        <line num="41" count="0" type="stmt"/>
        <line num="44" count="0" type="stmt"/>
        <line num="45" count="0" type="stmt"/>
        <line num="63" count="0" type="stmt"/>
        <line num="64" count="0" type="stmt"/>
        <line num="77" count="0" type="cond" truecount="0" falsecount="2"/>
        <line num="78" count="0" type="cond" truecount="0" falsecount="2"/>
        <line num="79" count="0" type="stmt"/>
        <line num="80" count="0" type="cond" truecount="0" falsecount="2"/>
        <line num="81" count="0" type="stmt"/>
        <line num="82" count="0" type="stmt"/>
        <line num="83" count="0" type="cond" truecount="0" falsecount="2"/>
        <line num="84" count="0" type="cond" truecount="0" falsecount="5"/>
        <line num="85" count="0" type="stmt"/>
        <line num="86" count="0" type="stmt"/>
        <line num="88" count="0" type="stmt"/>
        <line num="89" count="0" type="stmt"/>
        <line num="90" count="0" type="cond" truecount="0" falsecount="2"/>
        <line num="91" count="0" type="stmt"/>
        <line num="92" count="0" type="stmt"/>
        <line num="95" count="0" type="cond" truecount="0" falsecount="2"/>
        <line num="96" count="0" type="cond" truecount="0" falsecount="2"/>
        <line num="97" count="0" type="cond" truecount="0" falsecount="2"/>
        <line num="98" count="0" type="stmt"/>
        <line num="100" count="0" type="stmt"/>
        <line num="101" count="0" type="stmt"/>
        <line num="102" count="0" type="stmt"/>
        <line num="103" count="0" type="stmt"/>
        <line num="104" count="0" type="stmt"/>
        <line num="105" count="0" type="cond" truecount="0" falsecount="4"/>
        <line num="106" count="0" type="cond" truecount="0" falsecount="2"/>
        <line num="107" count="0" type="stmt"/>
        <line num="110" count="0" type="cond" truecount="0" falsecount="2"/>
        <line num="112" count="0" type="stmt"/>
        <line num="113" count="0" type="cond" truecount="0" falsecount="4"/>
        <line num="115" count="0" type="cond" truecount="0" falsecount="4"/>
        <line num="116" count="0" type="stmt"/>
        <line num="118" count="0" type="stmt"/>
        <line num="120" count="0" type="stmt"/>
        <line num="121" count="0" type="stmt"/>
        <line num="122" count="0" type="stmt"/>
        <line num="124" count="0" type="stmt"/>
        <line num="136" count="0" type="cond" truecount="0" falsecount="2"/>
        <line num="137" count="0" type="cond" truecount="0" falsecount="2"/>
        <line num="138" count="0" type="stmt"/>
        <line num="140" count="0" type="cond" truecount="0" falsecount="2"/>
        <line num="141" count="0" type="stmt"/>
        <line num="143" count="0" type="stmt"/>
        <line num="155" count="1" type="cond" truecount="1" falsecount="1"/>
        <line num="156" count="1" type="cond" truecount="1" falsecount="1"/>
        <line num="157" count="1" type="stmt"/>
        <line num="169" count="1" type="stmt"/>
        <line num="170" count="1" type="stmt"/>
        <line num="179" count="0" type="cond" truecount="0" falsecount="2"/>
        <line num="180" count="0" type="cond" truecount="0" falsecount="2"/>
        <line num="181" count="0" type="stmt"/>
        <line num="182" count="0" type="cond" truecount="0" falsecount="2"/>
        <line num="183" count="0" type="stmt"/>
        <line num="185" count="0" type="stmt"/>
        <line num="196" count="0" type="cond" truecount="0" falsecount="2"/>
        <line num="197" count="0" type="stmt"/>
        <line num="198" count="0" type="cond" truecount="0" falsecount="2"/>
        <line num="199" count="0" type="stmt"/>
        <line num="200" count="0" type="cond" truecount="0" falsecount="2"/>
        <line num="201" count="0" type="cond" truecount="0" falsecount="2"/>
        <line num="202" count="0" type="stmt"/>
        <line num="203" count="0" type="cond" truecount="0" falsecount="2"/>
        <line num="204" count="0" type="stmt"/>
        <line num="205" count="0" type="stmt"/>
        <line num="208" count="0" type="stmt"/>
        <line num="219" count="1" type="cond" truecount="1" falsecount="1"/>
        <line num="220" count="1" type="cond" truecount="1" falsecount="1"/>
        <line num="221" count="1" type="stmt"/>
        <line num="223" count="1" type="cond" truecount="1" falsecount="1"/>
        <line num="224" count="1" type="stmt"/>
        <line num="226" count="1" type="stmt"/>
        <line num="228" count="0" type="stmt"/>
        <line num="240" count="1" type="cond" truecount="1" falsecount="1"/>
        <line num="241" count="1" type="cond" truecount="1" falsecount="1"/>
        <line num="242" count="1" type="stmt"/>
        <line num="243" count="1" type="cond" truecount="1" falsecount="1"/>
        <line num="244" count="1" type="stmt"/>
        <line num="245" count="1" type="cond" truecount="1" falsecount="1"/>
        <line num="246" count="0" type="stmt"/>
        <line num="248" count="1" type="cond" truecount="2" falsecount="2"/>
        <line num="249" count="1" type="stmt"/>
        <line num="251" count="0" type="stmt"/>
        <line num="252" count="1" type="cond" truecount="1" falsecount="1"/>
        <line num="253" count="0" type="stmt"/>
        <line num="254" count="1" type="stmt"/>
        <line num="258" count="1" type="stmt"/>
        <line num="259" count="1" type="stmt"/>
        <line num="270" count="0" type="cond" truecount="0" falsecount="2"/>
        <line num="271" count="0" type="cond" truecount="0" falsecount="2"/>
        <line num="272" count="0" type="stmt"/>
        <line num="273" count="0" type="cond" truecount="0" falsecount="2"/>
        <line num="274" count="0" type="stmt"/>
        <line num="275" count="0" type="cond" truecount="0" falsecount="2"/>
        <line num="276" count="0" type="cond" truecount="0" falsecount="2"/>
        <line num="277" count="0" type="stmt"/>
        <line num="278" count="0" type="cond" truecount="0" falsecount="2"/>
        <line num="279" count="0" type="stmt"/>
        <line num="280" count="0" type="stmt"/>
        <line num="281" count="0" type="stmt"/>
        <line num="285" count="0" type="stmt"/>
        <line num="297" count="1" type="cond" truecount="1" falsecount="1"/>
        <line num="298" count="1" type="cond" truecount="1" falsecount="1"/>
        <line num="299" count="1" type="cond" truecount="1" falsecount="1"/>
        <line num="300" count="1" type="cond" truecount="3" falsecount="1"/>
        <line num="301" count="1" type="stmt"/>
        <line num="302" count="1" type="cond" truecount="1" falsecount="1"/>
        <line num="303" count="1" type="cond" truecount="1" falsecount="1"/>
        <line num="304" count="1" type="stmt"/>
        <line num="305" count="1" type="stmt"/>
        <line num="306" count="1" type="cond" truecount="1" falsecount="1"/>
        <line num="307" count="0" type="cond" truecount="0" falsecount="2"/>
        <line num="308" count="0" type="stmt"/>
        <line num="309" count="0" type="stmt"/>
        <line num="312" count="1" type="stmt"/>
        <line num="314" count="2" type="cond" truecount="1" falsecount="1"/>
        <line num="315" count="2" type="stmt"/>
        <line num="316" count="2" type="cond" truecount="1" falsecount="1"/>
        <line num="317" count="2" type="stmt"/>
        <line num="319" count="1" type="stmt"/>
        <line num="320" count="1" type="stmt"/>
        <line num="324" count="1" type="stmt"/>
        <line num="325" count="1" type="stmt"/>
        <line num="333" count="1" type="cond" truecount="1" falsecount="1"/>
        <line num="334" count="1" type="stmt"/>
        <line num="335" count="1" type="stmt"/>
        <line num="336" count="2" type="cond" truecount="1" falsecount="1"/>
        <line num="337" count="2" type="stmt"/>
        <line num="340" count="1" type="stmt"/>
        <line num="351" count="0" type="cond" truecount="0" falsecount="2"/>
        <line num="352" count="0" type="stmt"/>
        <line num="353" count="0" type="cond" truecount="0" falsecount="2"/>
        <line num="354" count="0" type="stmt"/>
        <line num="355" count="0" type="stmt"/>
        <line num="356" count="0" type="stmt"/>
        <line num="369" count="0" type="cond" truecount="0" falsecount="2"/>
        <line num="370" count="0" type="stmt"/>
        <line num="371" count="0" type="cond" truecount="0" falsecount="2"/>
        <line num="372" count="0" type="stmt"/>
        <line num="373" count="0" type="stmt"/>
        <line num="374" count="0" type="cond" truecount="0" falsecount="2"/>
        <line num="375" count="0" type="stmt"/>
        <line num="376" count="0" type="cond" truecount="0" falsecount="2"/>
        <line num="377" count="0" type="stmt"/>
        <line num="379" count="0" type="cond" truecount="0" falsecount="2"/>
        <line num="380" count="0" type="stmt"/>
        <line num="384" count="0" type="stmt"/>
        <line num="385" count="0" type="stmt"/>
        <line num="386" count="0" type="cond" truecount="0" falsecount="2"/>
        <line num="387" count="0" type="stmt"/>
        <line num="388" count="0" type="cond" truecount="0" falsecount="2"/>
        <line num="390" count="0" type="cond" truecount="0" falsecount="2"/>
        <line num="392" count="0" type="stmt"/>
        <line num="393" count="0" type="cond" truecount="0" falsecount="4"/>
        <line num="394" count="0" type="stmt"/>
        <line num="395" count="0" type="stmt"/>
        <line num="396" count="0" type="stmt"/>
        <line num="399" count="0" type="stmt"/>
        <line num="403" count="0" type="stmt"/>
        <line num="404" count="0" type="stmt"/>
        <line num="405" count="0" type="cond" truecount="0" falsecount="2"/>
        <line num="406" count="0" type="cond" truecount="0" falsecount="4"/>
        <line num="407" count="0" type="stmt"/>
        <line num="410" count="0" type="cond" truecount="0" falsecount="2"/>
        <line num="411" count="0" type="cond" truecount="0" falsecount="4"/>
        <line num="412" count="0" type="stmt"/>
        <line num="415" count="0" type="cond" truecount="0" falsecount="2"/>
        <line num="416" count="0" type="cond" truecount="0" falsecount="4"/>
        <line num="417" count="0" type="stmt"/>
        <line num="420" count="0" type="stmt"/>
        <line num="432" count="0" type="cond" truecount="0" falsecount="2"/>
        <line num="433" count="0" type="stmt"/>
        <line num="434" count="0" type="cond" truecount="0" falsecount="2"/>
        <line num="435" count="0" type="cond" truecount="0" falsecount="2"/>
        <line num="436" count="0" type="cond" truecount="0" falsecount="2"/>
        <line num="437" count="0" type="stmt"/>
[...]
        <line num="389" count="0" type="cond" truecount="0" falsecount="2"/>
        <line num="390" count="0" type="stmt"/>
        <line num="391" count="0" type="stmt"/>
        <line num="392" count="0" type="stmt"/>
        <line num="393" count="0" type="stmt"/>
        <line num="394" count="0" type="stmt"/>
        <line num="395" count="0" type="stmt"/>
        <line num="398" count="0" type="stmt"/>
        <line num="400" count="0" type="stmt"/>
        <line num="410" count="0" type="stmt"/>
        <line num="411" count="0" type="cond" truecount="0" falsecount="2"/>
        <line num="412" count="0" type="stmt"/>
        <line num="413" count="0" type="stmt"/>
        <line num="414" count="0" type="cond" truecount="0" falsecount="4"/>
        <line num="415" count="0" type="cond" truecount="0" falsecount="2"/>
        <line num="416" count="0" type="cond" truecount="0" falsecount="2"/>
        <line num="417" count="0" type="cond" truecount="0" falsecount="2"/>
        <line num="418" count="0" type="stmt"/>
        <line num="419" count="0" type="stmt"/>
        <line num="420" count="0" type="stmt"/>
        <line num="421" count="0" type="stmt"/>
        <line num="422" count="0" type="stmt"/>
        <line num="425" count="0" type="stmt"/>
        <line num="427" count="0" type="stmt"/>
        <line num="437" count="0" type="stmt"/>
        <line num="438" count="0" type="cond" truecount="0" falsecount="2"/>
        <line num="439" count="0" type="stmt"/>
        <line num="440" count="0" type="stmt"/>
        <line num="441" count="0" type="cond" truecount="0" falsecount="4"/>
        <line num="442" count="0" type="cond" truecount="0" falsecount="2"/>
        <line num="443" count="0" type="cond" truecount="0" falsecount="2"/>
        <line num="444" count="0" type="cond" truecount="0" falsecount="2"/>
        <line num="445" count="0" type="cond" truecount="0" falsecount="2"/>
        <line num="446" count="0" type="stmt"/>
        <line num="447" count="0" type="cond" truecount="0" falsecount="2"/>
        <line num="448" count="0" type="stmt"/>
        <line num="449" count="0" type="stmt"/>
        <line num="452" count="0" type="stmt"/>
        <line num="453" count="0" type="cond" truecount="0" falsecount="2"/>
        <line num="454" count="0" type="stmt"/>
        <line num="455" count="0" type="stmt"/>
        <line num="456" count="0" type="stmt"/>
        <line num="459" count="0" type="stmt"/>
        <line num="461" count="0" type="stmt"/>
        <line num="471" count="0" type="stmt"/>
        <line num="472" count="0" type="cond" truecount="0" falsecount="2"/>
        <line num="473" count="0" type="stmt"/>
        <line num="474" count="0" type="stmt"/>
        <line num="475" count="0" type="cond" truecount="0" falsecount="4"/>
        <line num="476" count="0" type="cond" truecount="0" falsecount="2"/>
        <line num="477" count="0" type="cond" truecount="0" falsecount="2"/>
        <line num="478" count="0" type="stmt"/>
        <line num="479" count="0" type="cond" truecount="0" falsecount="2"/>
        <line num="480" count="0" type="stmt"/>
        <line num="483" count="0" type="stmt"/>
        <line num="485" count="0" type="stmt"/>
        <line num="498" count="0" type="stmt"/>
        <line num="499" count="0" type="stmt"/>
        <line num="500" count="0" type="cond" truecount="0" falsecount="2"/>
        <line num="501" count="0" type="stmt"/>
        <line num="503" count="0" type="stmt"/>
        <line num="507" count="0" type="stmt"/>
        <line num="508" count="0" type="cond" truecount="0" falsecount="2"/>
        <line num="509" count="0" type="cond" truecount="0" falsecount="2"/>
        <line num="510" count="0" type="stmt"/>
        <line num="511" count="0" type="stmt"/>
        <line num="513" count="0" type="stmt"/>
        <line num="517" count="0" type="stmt"/>
        <line num="518" count="0" type="cond" truecount="0" falsecount="2"/>
        <line num="519" count="0" type="cond" truecount="0" falsecount="2"/>
        <line num="520" count="0" type="stmt"/>
        <line num="521" count="0" type="stmt"/>
        <line num="523" count="0" type="stmt"/>
        <line num="534" count="0" type="stmt"/>
        <line num="535" count="0" type="stmt"/>
        <line num="536" count="0" type="stmt"/>
        <line num="537" count="0" type="stmt"/>
        <line num="538" count="0" type="stmt"/>
        <line num="539" count="0" type="stmt"/>
        <line num="540" count="0" type="stmt"/>
        <line num="542" count="0" type="stmt"/>
        <line num="558" count="0" type="stmt"/>
        <line num="559" count="0" type="cond" truecount="0" falsecount="2"/>
        <line num="560" count="0" type="stmt"/>
        <line num="561" count="0" type="cond" truecount="0" falsecount="2"/>
        <line num="562" count="0" type="stmt"/>
        <line num="564" count="0" type="stmt"/>
        <line num="578" count="0" type="stmt"/>
        <line num="579" count="0" type="cond" truecount="0" falsecount="2"/>
        <line num="580" count="0" type="stmt"/>
        <line num="581" count="0" type="cond" truecount="0" falsecount="2"/>
        <line num="582" count="0" type="stmt"/>
        <line num="584" count="0" type="stmt"/>
        <line num="597" count="0" type="stmt"/>
        <line num="598" count="0" type="cond" truecount="0" falsecount="2"/>
        <line num="599" count="0" type="stmt"/>
        <line num="600" count="0" type="cond" truecount="0" falsecount="2"/>
        <line num="601" count="0" type="stmt"/>
        <line num="602" count="0" type="cond" truecount="0" falsecount="2"/>
        <line num="603" count="0" type="cond" truecount="0" falsecount="2"/>
        <line num="604" count="0" type="stmt"/>
        <line num="605" count="0" type="stmt"/>
        <line num="606" count="0" type="stmt"/>
        <line num="607" count="0" type="cond" truecount="0" falsecount="2"/>
        <line num="608" count="0" type="stmt"/>
        <line num="609" count="0" type="cond" truecount="0" falsecount="2"/>
        <line num="610" count="0" type="stmt"/>
        <line num="613" count="0" type="stmt"/>
        <line num="615" count="0" type="stmt"/>
        <line num="629" count="2" type="stmt"/>
        <line num="630" count="2" type="stmt"/>
        <line num="631" count="2" type="stmt"/>
        <line num="632" count="2" type="stmt"/>
        <line num="654" count="2" type="stmt"/>
        <line num="655" count="2" type="stmt"/>
        <line num="656" count="2" type="stmt"/>
        <line num="657" count="2" type="stmt"/>
        <line num="658" count="2" type="stmt"/>
        <line num="659" count="2" type="stmt"/>
        <line num="660" count="2" type="stmt"/>
        <line num="661" count="2" type="stmt"/>
        <line num="663" count="0" type="stmt"/>
        <line num="676" count="0" type="stmt"/>
        <line num="677" count="0" type="cond" truecount="0" falsecount="2"/>
        <line num="678" count="0" type="stmt"/>
        <line num="679" count="0" type="cond" truecount="0" falsecount="2"/>
        <line num="680" count="0" type="stmt"/>
        <line num="681" count="0" type="cond" truecount="0" falsecount="2"/>
        <line num="682" count="0" type="stmt"/>
        <line num="683" count="0" type="cond" truecount="0" falsecount="2"/>
        <line num="684" count="0" type="stmt"/>
        <line num="686" count="0" type="stmt"/>
        <line num="702" count="1" type="stmt"/>
        <line num="703" count="1" type="cond" truecount="1" falsecount="1"/>
        <line num="704" count="1" type="stmt"/>
        <line num="706" count="1" type="cond" truecount="1" falsecount="1"/>
        <line num="707" count="1" type="stmt"/>
        <line num="709" count="1" type="cond" truecount="1" falsecount="1"/>
        <line num="710" count="1" type="stmt"/>
        <line num="711" count="1" type="cond" truecount="1" falsecount="1"/>
        <line num="712" count="1" type="stmt"/>
        <line num="714" count="0" type="stmt"/>
        <line num="724" count="1" type="stmt"/>
        <line num="725" count="1" type="cond" truecount="1" falsecount="1"/>
        <line num="726" count="1" type="cond" truecount="1" falsecount="1"/>
        <line num="727" count="0" type="stmt"/>
        <line num="728" count="1" type="stmt"/>
        <line num="733" count="1" type="stmt"/>
        <line num="734" count="1" type="stmt"/>
        <line num="735" count="1" type="stmt"/>
        <line num="737" count="0" type="stmt"/>
        <line num="747" count="0" type="stmt"/>
        <line num="748" count="0" type="cond" truecount="0" falsecount="2"/>
        <line num="749" count="0" type="cond" truecount="0" falsecount="2"/>
        <line num="750" count="0" type="stmt"/>
        <line num="751" count="0" type="stmt"/>
        <line num="752" count="0" type="cond" truecount="0" falsecount="2"/>
        <line num="753" count="0" type="cond" truecount="0" falsecount="4"/>
        <line num="754" count="0" type="stmt"/>
        <line num="755" count="0" type="cond" truecount="0" falsecount="2"/>
        <line num="756" count="0" type="stmt"/>
        <line num="757" count="0" type="stmt"/>
        <line num="758" count="0" type="stmt"/>
        <line num="759" count="0" type="cond" truecount="0" falsecount="2"/>
        <line num="760" count="0" type="stmt"/>
        <line num="761" count="0" type="cond" truecount="0" falsecount="2"/>
        <line num="762" count="0" type="stmt"/>
        <line num="765" count="0" type="stmt"/>
        <line num="766" count="0" type="stmt"/>
        <line num="767" count="0" type="stmt"/>
        <line num="768" count="0" type="stmt"/>
        <line num="772" count="0" type="stmt"/>
        <line num="773" count="0" type="stmt"/>
        <line num="774" count="0" type="cond" truecount="0" falsecount="2"/>
        <line num="775" count="0" type="stmt"/>
        <line num="779" count="0" type="stmt"/>
        <line num="780" count="0" type="stmt"/>
        <line num="782" count="0" type="stmt"/>
        <line num="794" count="0" type="stmt"/>
        <line num="795" count="0" type="cond" truecount="0" falsecount="2"/>
        <line num="796" count="0" type="stmt"/>
        <line num="797" count="0" type="cond" truecount="0" falsecount="2"/>
        <line num="800" count="0" type="stmt"/>
        <line num="801" count="0" type="stmt"/>
        <line num="802" count="0" type="stmt"/>
        <line num="803" count="0" type="cond" truecount="0" falsecount="2"/>
        <line num="804" count="0" type="stmt"/>
        <line num="805" count="0" type="cond" truecount="0" falsecount="2"/>
        <line num="807" count="0" type="stmt"/>
        <line num="808" count="0" type="cond" truecount="0" falsecount="2"/>
        <line num="809" count="0" type="stmt"/>
        <line num="810" count="0" type="stmt"/>
        <line num="813" count="0" type="stmt"/>
        <line num="814" count="0" type="cond" truecount="0" falsecount="2"/>
        <line num="815" count="0" type="stmt"/>
        <line num="819" count="0" type="stmt"/>
        <line num="821" count="0" type="stmt"/>
        <line num="838" count="1" type="stmt"/>
        <line num="839" count="1" type="cond" truecount="1" falsecount="1"/>
        <line num="840" count="1" type="stmt"/>
        <line num="841" count="1" type="cond" truecount="1" falsecount="1"/>
        <line num="842" count="1" type="cond" truecount="1" falsecount="1"/>
        <line num="843" count="0" type="stmt"/>
        <line num="845" count="1" type="stmt"/>
        <line num="846" count="1" type="cond" truecount="1" falsecount="1"/>
        <line num="847" count="1" type="stmt"/>
        <line num="848" count="1" type="stmt"/>
        <line num="849" count="1" type="stmt"/>
        <line num="850" count="1" type="stmt"/>
        <line num="852" count="0" type="stmt"/>
        <line num="862" count="0" type="stmt"/>
        <line num="863" count="0" type="cond" truecount="0" falsecount="2"/>
        <line num="864" count="0" type="stmt"/>
        <line num="865" count="0" type="cond" truecount="0" falsecount="2"/>
        <line num="866" count="0" type="cond" truecount="0" falsecount="2"/>
        <line num="867" count="0" type="stmt"/>
        <line num="869" count="0" type="stmt"/>
        <line num="870" count="0" type="stmt"/>
        <line num="871" count="0" type="stmt"/>
        <line num="872" count="0" type="stmt"/>
        <line num="873" count="0" type="stmt"/>
        <line num="874" count="0" type="stmt"/>
        <line num="876" count="0" type="stmt"/>
        <line num="886" count="0" type="stmt"/>
        <line num="887" count="0" type="cond" truecount="0" falsecount="2"/>
        <line num="888" count="0" type="stmt"/>
        <line num="889" count="0" type="cond" truecount="0" falsecount="2"/>
        <line num="891" count="0" type="cond" truecount="0" falsecount="2"/>
        <line num="892" count="0" type="stmt"/>
        <line num="894" count="0" type="stmt"/>
        <line num="895" count="0" type="stmt"/>
        <line num="896" count="0" type="stmt"/>
        <line num="897" count="0" type="stmt"/>
        <line num="898" count="0" type="stmt"/>
        <line num="900" count="0" type="stmt"/>
        <line num="914" count="0" type="stmt"/>
        <line num="915" count="0" type="cond" truecount="0" falsecount="2"/>
        <line num="916" count="0" type="stmt"/>
        <line num="917" count="0" type="stmt"/>
        <line num="918" count="0" type="stmt"/>
        <line num="920" count="0" type="stmt"/>
        <line num="937" count="0" type="stmt"/>
        <line num="938" count="0" type="cond" truecount="0" falsecount="2"/>
        <line num="939" count="0" type="stmt"/>
        <line num="940" count="0" type="cond" truecount="0" falsecount="2"/>
        <line num="941" count="0" type="stmt"/>
        <line num="942" count="0" type="stmt"/>
        <line num="944" count="0" type="stmt"/>
        <line num="960" count="0" type="stmt"/>
        <line num="961" count="0" type="cond" truecount="0" falsecount="2"/>
        <line num="962" count="0" type="stmt"/>
        <line num="963" count="0" type="cond" truecount="0" falsecount="2"/>
        <line num="964" count="0" type="cond" truecount="0" falsecount="2"/>
        <line num="965" count="0" type="cond" truecount="0" falsecount="2"/>
        <line num="966" count="0" type="cond" truecount="0" falsecount="2"/>
        <line num="968" count="0" type="stmt"/>
        <line num="969" count="0" type="cond" truecount="0" falsecount="2"/>
        <line num="971" count="0" type="stmt"/>
        <line num="972" count="0" type="cond" truecount="0" falsecount="2"/>
        <line num="973" count="0" type="stmt"/>
        <line num="975" count="0" type="stmt"/>
        <line num="989" count="0" type="stmt"/>
        <line num="990" count="0" type="cond" truecount="0" falsecount="2"/>
        <line num="991" count="0" type="stmt"/>
        <line num="992" count="0" type="cond" truecount="0" falsecount="2"/>
        <line num="993" count="0" type="stmt"/>
        <line num="994" count="0" type="stmt"/>
        <line num="996" count="0" type="stmt"/>
        <line num="1009" count="0" type="stmt"/>
        <line num="1010" count="0" type="cond" truecount="0" falsecount="2"/>
        <line num="1011" count="0" type="stmt"/>
        <line num="1012" count="0" type="cond" truecount="0" falsecount="2"/>
        <line num="1013" count="0" type="stmt"/>
        <line num="1014" count="0" type="cond" truecount="0" falsecount="2"/>
        <line num="1015" count="0" type="stmt"/>
        <line num="1017" count="0" type="stmt"/>
        <line num="1031" count="0" type="stmt"/>
        <line num="1032" count="0" type="cond" truecount="0" falsecount="2"/>
        <line num="1033" count="0" type="stmt"/>
        <line num="1034" count="0" type="cond" truecount="0" falsecount="2"/>
        <line num="1035" count="0" type="stmt"/>
        <line num="1036" count="0" type="cond" truecount="0" falsecount="2"/>
        <line num="1037" count="0" type="stmt"/>
        <line num="1039" count="0" type="stmt"/>
        <line num="1053" count="0" type="stmt"/>
        <line num="1054" count="0" type="cond" truecount="0" falsecount="2"/>
        <line num="1055" count="0" type="stmt"/>
        <line num="1056" count="0" type="cond" truecount="0" falsecount="2"/>
        <line num="1057" count="0" type="stmt"/>
        <line num="1058" count="0" type="cond" truecount="0" falsecount="2"/>
        <line num="1060" count="0" type="stmt"/>
        <line num="1074" count="0" type="stmt"/>
        <line num="1075" count="0" type="cond" truecount="0" falsecount="2"/>
        <line num="1076" count="0" type="stmt"/>
        <line num="1077" count="0" type="cond" truecount="0" falsecount="2"/>
        <line num="1078" count="0" type="stmt"/>
        <line num="1079" count="0" type="cond" truecount="0" falsecount="2"/>
        <line num="1080" count="0" type="stmt"/>
        <line num="1082" count="0" type="stmt"/>
        <line num="1092" count="0" type="stmt"/>
        <line num="1093" count="0" type="stmt"/>
        <line num="1094" count="0" type="cond" truecount="0" falsecount="2"/>
        <line num="1096" count="0" type="stmt"/>
        <line num="1097" count="0" type="cond" truecount="0" falsecount="2"/>
        <line num="1098" count="0" type="stmt"/>
        <line num="1099" count="0" type="stmt"/>
        <line num="1101" count="0" type="stmt"/>
        <line num="1111" count="0" type="stmt"/>
        <line num="1112" count="0" type="stmt"/>
        <line num="1113" count="0" type="cond" truecount="0" falsecount="2"/>
        <line num="1115" count="0" type="stmt"/>
        <line num="1116" count="0" type="cond" truecount="0" falsecount="2"/>
        <line num="1117" count="0" type="stmt"/>
        <line num="1118" count="0" type="stmt"/>
        <line num="1120" count="0" type="stmt"/>
        <line num="1126" count="1" type="stmt"/>
      </file>
    </package>
    <package name="tests">
      <metrics statements="16" coveredstatements="16" conditionals="0" coveredconditionals="0" methods="3" coveredmethods="3"/>
      <file name="db-handler.js" path="D:\New folder\Marioplex-backend\tests\db-handler.js">
        <metrics statements="16" coveredstatements="16" conditionals="0" coveredconditionals="0" methods="3" coveredmethods="3"/>
        <line num="1" count="1" type="stmt"/>
        <line num="2" count="1" type="stmt"/>
        <line num="4" count="1" type="stmt"/>
        <line num="9" count="1" type="stmt"/>
        <line num="10" count="1" type="stmt"/>
        <line num="12" count="1" type="stmt"/>
        <line num="19" count="1" type="stmt"/>
        <line num="25" count="1" type="stmt"/>
        <line num="26" count="1" type="stmt"/>
        <line num="27" count="1" type="stmt"/>
        <line num="28" count="1" type="stmt"/>
        <line num="34" count="1" type="stmt"/>
        <line num="35" count="1" type="stmt"/>
        <line num="37" count="1" type="stmt"/>
        <line num="38" count="6" type="stmt"/>
        <line num="39" count="6" type="stmt"/>
      </file>
    </package>
    <package name="validation">
      <metrics statements="6" coveredstatements="6" conditionals="4" coveredconditionals="3" methods="1" coveredmethods="1"/>
      <file name="mongoose-objectid.js" path="D:\New folder\Marioplex-backend\validation\mongoose-objectid.js">
        <metrics statements="6" coveredstatements="6" conditionals="4" coveredconditionals="3" methods="1" coveredmethods="1"/>
        <line num="1" count="1" type="stmt"/>
        <line num="3" count="340" type="stmt"/>
        <line num="4" count="347" type="cond" truecount="2" falsecount="0"/>
        <line num="5" count="343" type="cond" truecount="1" falsecount="1"/>
        <line num="7" count="340" type="stmt"/>
        <line num="10" count="1" type="stmt"/>
      </file>
    </package>
  </project>
</coverage>
