{"F:\\softwareEng\\Marioplex-Backend\\db-connection\\connection.js": {"path":"F:\\softwareEng\\Marioplex-Backend\\db-connection\\connection.js","statementMap":{"0":{"start":{"line":3,"column":17},"end":{"line":3,"column":36}},"1":{"start":{"line":4,"column":0},"end":{"line":4,"column":34}},"2":{"start":{"line":5,"column":16},"end":{"line":5,"column":39}},"3":{"start":{"line":6,"column":15},"end":{"line":6,"column":32}},"4":{"start":{"line":7,"column":13},"end":{"line":7,"column":37}},"5":{"start":{"line":8,"column":11},"end":{"line":8,"column":24}},"6":{"start":{"line":10,"column":0},"end":{"line":10,"column":29}},"7":{"start":{"line":11,"column":0},"end":{"line":11,"column":29}},"8":{"start":{"line":13,"column":0},"end":{"line":61,"column":2}},"9":{"start":{"line":14,"column":25},"end":{"line":14,"column":128}},"10":{"start":{"line":15,"column":18},"end":{"line":15,"column":112}},"11":{"start":{"line":16,"column":22},"end":{"line":16,"column":54}},"12":{"start":{"line":17,"column":26},"end":{"line":17,"column":59}},"13":{"start":{"line":18,"column":18},"end":{"line":18,"column":115}},"14":{"start":{"line":19,"column":17},"end":{"line":19,"column":79}},"15":{"start":{"line":20,"column":30},"end":{"line":20,"column":93}},"16":{"start":{"line":22,"column":4},"end":{"line":59,"column":67}},"17":{"start":{"line":23,"column":8},"end":{"line":23,"column":138}},"18":{"start":{"line":25,"column":8},"end":{"line":58,"column":11}},"19":{"start":{"line":26,"column":12},"end":{"line":26,"column":73}},"20":{"start":{"line":27,"column":12},"end":{"line":27,"column":73}},"21":{"start":{"line":30,"column":12},"end":{"line":30,"column":43}},"22":{"start":{"line":31,"column":12},"end":{"line":31,"column":43}},"23":{"start":{"line":33,"column":12},"end":{"line":33,"column":49}},"24":{"start":{"line":36,"column":12},"end":{"line":54,"column":15}},"25":{"start":{"line":37,"column":16},"end":{"line":53,"column":17}},"26":{"start":{"line":39,"column":38},"end":{"line":45,"column":22}},"27":{"start":{"line":46,"column":20},"end":{"line":46,"column":83}},"28":{"start":{"line":48,"column":20},"end":{"line":52,"column":25}},"29":{"start":{"line":50,"column":24},"end":{"line":50,"column":42}},"30":{"start":{"line":57,"column":12},"end":{"line":57,"column":58}},"31":{"start":{"line":59,"column":11},"end":{"line":59,"column":67}}},"fnMap":{"0":{"name":"(anonymous_0)","decl":{"start":{"line":13,"column":17},"end":{"line":13,"column":18}},"loc":{"start":{"line":13,"column":31},"end":{"line":61,"column":1}},"line":13},"1":{"name":"(anonymous_1)","decl":{"start":{"line":25,"column":41},"end":{"line":25,"column":42}},"loc":{"start":{"line":25,"column":47},"end":{"line":56,"column":9}},"line":25},"2":{"name":"(anonymous_2)","decl":{"start":{"line":36,"column":73},"end":{"line":36,"column":74}},"loc":{"start":{"line":36,"column":93},"end":{"line":54,"column":13}},"line":36},"3":{"name":"(anonymous_3)","decl":{"start":{"line":48,"column":44},"end":{"line":48,"column":45}},"loc":{"start":{"line":48,"column":60},"end":{"line":52,"column":23}},"line":48},"4":{"name":"(anonymous_4)","decl":{"start":{"line":56,"column":23},"end":{"line":56,"column":24}},"loc":{"start":{"line":56,"column":39},"end":{"line":58,"column":9}},"line":56}},"branchMap":{"0":{"loc":{"start":{"line":22,"column":4},"end":{"line":59,"column":67}},"type":"if","locations":[{"start":{"line":22,"column":4},"end":{"line":59,"column":67}},{"start":{"line":22,"column":4},"end":{"line":59,"column":67}}],"line":22},"1":{"loc":{"start":{"line":37,"column":16},"end":{"line":53,"column":17}},"type":"if","locations":[{"start":{"line":37,"column":16},"end":{"line":53,"column":17}},{"start":{"line":37,"column":16},"end":{"line":53,"column":17}}],"line":37},"2":{"loc":{"start":{"line":37,"column":19},"end":{"line":37,"column":31}},"type":"binary-expr","locations":[{"start":{"line":37,"column":19},"end":{"line":37,"column":22}},{"start":{"line":37,"column":26},"end":{"line":37,"column":31}}],"line":37}},"s":{"0":1,"1":1,"2":1,"3":1,"4":1,"5":1,"6":1,"7":1,"8":1,"9":0,"10":0,"11":0,"12":0,"13":0,"14":0,"15":0,"16":0,"17":0,"18":0,"19":0,"20":0,"21":0,"22":0,"23":0,"24":0,"25":0,"26":0,"27":0,"28":0,"29":0,"30":0,"31":0},"f":{"0":0,"1":0,"2":0,"3":0,"4":0},"b":{"0":[0,0],"1":[0,0],"2":[0,0]},"_coverageSchema":"1a1c01bbd47fc00a2c39e90264f33305004495a9","hash":"43b5298081afeb893e4abbfa302f3ae5ad1b3187"}
,"F:\\softwareEng\\Marioplex-Backend\\forget-password\\sendmail.js": {"path":"F:\\softwareEng\\Marioplex-Backend\\forget-password\\sendmail.js","statementMap":{"0":{"start":{"line":1,"column":17},"end":{"line":1,"column":38}},"1":{"start":{"line":2,"column":0},"end":{"line":50,"column":2}},"2":{"start":{"line":3,"column":22},"end":{"line":14,"column":6}},"3":{"start":{"line":16,"column":4},"end":{"line":39,"column":5}},"4":{"start":{"line":17,"column":8},"end":{"line":23,"column":10}},"5":{"start":{"line":24,"column":11},"end":{"line":39,"column":5}},"6":{"start":{"line":25,"column":8},"end":{"line":31,"column":10}},"7":{"start":{"line":33,"column":8},"end":{"line":38,"column":10}},"8":{"start":{"line":41,"column":4},"end":{"line":49,"column":7}},"9":{"start":{"line":42,"column":8},"end":{"line":46,"column":13}},"10":{"start":{"line":43,"column":12},"end":{"line":46,"column":13}},"11":{"start":{"line":45,"column":16},"end":{"line":45,"column":86}}},"fnMap":{"0":{"name":"(anonymous_0)","decl":{"start":{"line":2,"column":17},"end":{"line":2,"column":18}},"loc":{"start":{"line":2,"column":54},"end":{"line":50,"column":1}},"line":2},"1":{"name":"(anonymous_1)","decl":{"start":{"line":41,"column":38},"end":{"line":41,"column":39}},"loc":{"start":{"line":41,"column":60},"end":{"line":49,"column":5}},"line":41}},"branchMap":{"0":{"loc":{"start":{"line":16,"column":4},"end":{"line":39,"column":5}},"type":"if","locations":[{"start":{"line":16,"column":4},"end":{"line":39,"column":5}},{"start":{"line":16,"column":4},"end":{"line":39,"column":5}}],"line":16},"1":{"loc":{"start":{"line":24,"column":11},"end":{"line":39,"column":5}},"type":"if","locations":[{"start":{"line":24,"column":11},"end":{"line":39,"column":5}},{"start":{"line":24,"column":11},"end":{"line":39,"column":5}}],"line":24},"2":{"loc":{"start":{"line":42,"column":8},"end":{"line":46,"column":13}},"type":"if","locations":[{"start":{"line":42,"column":8},"end":{"line":46,"column":13}},{"start":{"line":42,"column":8},"end":{"line":46,"column":13}}],"line":42},"3":{"loc":{"start":{"line":43,"column":12},"end":{"line":46,"column":13}},"type":"if","locations":[{"start":{"line":43,"column":12},"end":{"line":46,"column":13}},{"start":{"line":43,"column":12},"end":{"line":46,"column":13}}],"line":43}},"s":{"0":1,"1":1,"2":3,"3":3,"4":0,"5":3,"6":0,"7":3,"8":3,"9":3,"10":3,"11":1},"f":{"0":3,"1":3},"b":{"0":[0,3],"1":[0,3],"2":[3,0],"3":[1,2]},"_coverageSchema":"1a1c01bbd47fc00a2c39e90264f33305004495a9","hash":"b912ff8fd9d756e519c88d702d18ce8313949ed8"}
,"F:\\softwareEng\\Marioplex-Backend\\models\\db.js": {"path":"F:\\softwareEng\\Marioplex-Backend\\models\\db.js","statementMap":{"0":{"start":{"line":1,"column":17},"end":{"line":1,"column":36}},"1":{"start":{"line":2,"column":15},"end":{"line":2,"column":30}},"2":{"start":{"line":3,"column":14},"end":{"line":7,"column":2}},"3":{"start":{"line":10,"column":14},"end":{"line":43,"column":2}},"4":{"start":{"line":45,"column":17},"end":{"line":58,"column":2}},"5":{"start":{"line":60,"column":14},"end":{"line":77,"column":2}},"6":{"start":{"line":79,"column":17},"end":{"line":83,"column":2}},"7":{"start":{"line":86,"column":13},"end":{"line":187,"column":2}},"8":{"start":{"line":189,"column":15},"end":{"line":213,"column":2}},"9":{"start":{"line":215,"column":13},"end":{"line":215,"column":41}},"10":{"start":{"line":216,"column":15},"end":{"line":216,"column":47}},"11":{"start":{"line":217,"column":14},"end":{"line":217,"column":44}},"12":{"start":{"line":218,"column":14},"end":{"line":218,"column":44}},"13":{"start":{"line":219,"column":17},"end":{"line":219,"column":53}},"14":{"start":{"line":220,"column":17},"end":{"line":220,"column":53}},"15":{"start":{"line":223,"column":0},"end":{"line":223,"column":67}}},"fnMap":{},"branchMap":{},"s":{"0":1,"1":1,"2":1,"3":1,"4":1,"5":1,"6":1,"7":1,"8":1,"9":1,"10":1,"11":1,"12":1,"13":1,"14":1,"15":1},"f":{},"b":{},"_coverageSchema":"1a1c01bbd47fc00a2c39e90264f33305004495a9","hash":"0f0fd711a04028813e9d5e64195fb31361f3f2a3"}
,"F:\\softwareEng\\Marioplex-Backend\\source\\album-api.js": {"path":"F:\\softwareEng\\Marioplex-Backend\\source\\album-api.js","statementMap":{"0":{"start":{"line":1,"column":155},"end":{"line":1,"column":178}},"1":{"start":{"line":5,"column":19},"end":{"line":5,"column":57}},"2":{"start":{"line":6,"column":13},"end":{"line":6,"column":34}},"3":{"start":{"line":7,"column":14},"end":{"line":7,"column":36}},"4":{"start":{"line":8,"column":15},"end":{"line":8,"column":38}},"5":{"start":{"line":9,"column":29},"end":{"line":9,"column":71}},"6":{"start":{"line":10,"column":14},"end":{"line":310,"column":1}},"7":{"start":{"line":13,"column":8},"end":{"line":13,"column":55}},"8":{"start":{"line":13,"column":46},"end":{"line":13,"column":55}},"9":{"start":{"line":14,"column":22},"end":{"line":14,"column":59}},"10":{"start":{"line":15,"column":8},"end":{"line":22,"column":9}},"11":{"start":{"line":16,"column":12},"end":{"line":16,"column":55}},"12":{"start":{"line":16,"column":34},"end":{"line":16,"column":55}},"13":{"start":{"line":17,"column":12},"end":{"line":19,"column":15}},"14":{"start":{"line":20,"column":12},"end":{"line":20,"column":31}},"15":{"start":{"line":21,"column":12},"end":{"line":21,"column":21}},"16":{"start":{"line":29,"column":8},"end":{"line":29,"column":55}},"17":{"start":{"line":29,"column":46},"end":{"line":29,"column":55}},"18":{"start":{"line":30,"column":20},"end":{"line":33,"column":28}},"19":{"start":{"line":31,"column":12},"end":{"line":31,"column":30}},"20":{"start":{"line":31,"column":21},"end":{"line":31,"column":30}},"21":{"start":{"line":32,"column":12},"end":{"line":32,"column":25}},"22":{"start":{"line":33,"column":26},"end":{"line":33,"column":27}},"23":{"start":{"line":34,"column":8},"end":{"line":34,"column":21}},"24":{"start":{"line":45,"column":8},"end":{"line":45,"column":55}},"25":{"start":{"line":45,"column":46},"end":{"line":45,"column":55}},"26":{"start":{"line":46,"column":24},"end":{"line":46,"column":59}},"27":{"start":{"line":47,"column":8},"end":{"line":47,"column":30}},"28":{"start":{"line":47,"column":21},"end":{"line":47,"column":30}},"29":{"start":{"line":48,"column":8},"end":{"line":48,"column":72}},"30":{"start":{"line":48,"column":63},"end":{"line":48,"column":72}},"31":{"start":{"line":49,"column":22},"end":{"line":49,"column":54}},"32":{"start":{"line":50,"column":8},"end":{"line":50,"column":29}},"33":{"start":{"line":50,"column":20},"end":{"line":50,"column":29}},"34":{"start":{"line":51,"column":8},"end":{"line":55,"column":9}},"35":{"start":{"line":52,"column":12},"end":{"line":54,"column":13}},"36":{"start":{"line":52,"column":25},"end":{"line":52,"column":26}},"37":{"start":{"line":53,"column":16},"end":{"line":53,"column":76}},"38":{"start":{"line":56,"column":8},"end":{"line":58,"column":9}},"39":{"start":{"line":56,"column":21},"end":{"line":56,"column":22}},"40":{"start":{"line":57,"column":12},"end":{"line":57,"column":115}},"41":{"start":{"line":57,"column":75},"end":{"line":57,"column":106}},"42":{"start":{"line":57,"column":107},"end":{"line":57,"column":113}},"43":{"start":{"line":59,"column":8},"end":{"line":59,"column":29}},"44":{"start":{"line":60,"column":8},"end":{"line":60,"column":70}},"45":{"start":{"line":60,"column":61},"end":{"line":60,"column":70}},"46":{"start":{"line":61,"column":8},"end":{"line":85,"column":11}},"47":{"start":{"line":62,"column":12},"end":{"line":62,"column":30}},"48":{"start":{"line":62,"column":21},"end":{"line":62,"column":30}},"49":{"start":{"line":63,"column":12},"end":{"line":84,"column":13}},"50":{"start":{"line":64,"column":16},"end":{"line":71,"column":17}},"51":{"start":{"line":65,"column":20},"end":{"line":70,"column":21}},"52":{"start":{"line":65,"column":33},"end":{"line":65,"column":34}},"53":{"start":{"line":66,"column":24},"end":{"line":69,"column":25}},"54":{"start":{"line":67,"column":28},"end":{"line":67,"column":56}},"55":{"start":{"line":68,"column":28},"end":{"line":68,"column":34}},"56":{"start":{"line":72,"column":16},"end":{"line":76,"column":17}},"57":{"start":{"line":73,"column":20},"end":{"line":75,"column":61}},"58":{"start":{"line":73,"column":33},"end":{"line":73,"column":34}},"59":{"start":{"line":74,"column":24},"end":{"line":75,"column":61}},"60":{"start":{"line":75,"column":28},"end":{"line":75,"column":61}},"61":{"start":{"line":77,"column":16},"end":{"line":82,"column":17}},"62":{"start":{"line":79,"column":20},"end":{"line":81,"column":58}},"63":{"start":{"line":79,"column":33},"end":{"line":79,"column":34}},"64":{"start":{"line":80,"column":24},"end":{"line":81,"column":58}},"65":{"start":{"line":81,"column":28},"end":{"line":81,"column":58}},"66":{"start":{"line":83,"column":16},"end":{"line":83,"column":34}},"67":{"start":{"line":87,"column":8},"end":{"line":87,"column":17}},"68":{"start":{"line":93,"column":23},"end":{"line":93,"column":25}},"69":{"start":{"line":94,"column":23},"end":{"line":94,"column":72}},"70":{"start":{"line":95,"column":8},"end":{"line":104,"column":9}},"71":{"start":{"line":97,"column":12},"end":{"line":98,"column":84}},"72":{"start":{"line":97,"column":92},"end":{"line":97,"column":114}},"73":{"start":{"line":98,"column":17},"end":{"line":98,"column":84}},"74":{"start":{"line":100,"column":12},"end":{"line":103,"column":13}},"75":{"start":{"line":100,"column":25},"end":{"line":100,"column":26}},"76":{"start":{"line":101,"column":32},"end":{"line":101,"column":74}},"77":{"start":{"line":102,"column":16},"end":{"line":102,"column":268}},"78":{"start":{"line":105,"column":29},"end":{"line":105,"column":49}},"79":{"start":{"line":106,"column":8},"end":{"line":106,"column":28}},"80":{"start":{"line":111,"column":23},"end":{"line":111,"column":25}},"81":{"start":{"line":112,"column":23},"end":{"line":112,"column":71}},"82":{"start":{"line":113,"column":8},"end":{"line":123,"column":9}},"83":{"start":{"line":115,"column":12},"end":{"line":116,"column":84}},"84":{"start":{"line":115,"column":92},"end":{"line":115,"column":114}},"85":{"start":{"line":116,"column":17},"end":{"line":116,"column":84}},"86":{"start":{"line":117,"column":12},"end":{"line":122,"column":13}},"87":{"start":{"line":117,"column":25},"end":{"line":117,"column":26}},"88":{"start":{"line":118,"column":16},"end":{"line":121,"column":17}},"89":{"start":{"line":119,"column":36},"end":{"line":119,"column":78}},"90":{"start":{"line":120,"column":20},"end":{"line":120,"column":272}},"91":{"start":{"line":124,"column":29},"end":{"line":124,"column":49}},"92":{"start":{"line":125,"column":8},"end":{"line":125,"column":28}},"93":{"start":{"line":132,"column":8},"end":{"line":132,"column":63}},"94":{"start":{"line":132,"column":54},"end":{"line":132,"column":63}},"95":{"start":{"line":133,"column":20},"end":{"line":133,"column":52}},"96":{"start":{"line":134,"column":24},"end":{"line":134,"column":26}},"97":{"start":{"line":135,"column":19},"end":{"line":135,"column":54}},"98":{"start":{"line":136,"column":8},"end":{"line":144,"column":9}},"99":{"start":{"line":137,"column":26},"end":{"line":137,"column":72}},"100":{"start":{"line":138,"column":12},"end":{"line":142,"column":13}},"101":{"start":{"line":139,"column":16},"end":{"line":139,"column":44}},"102":{"start":{"line":141,"column":16},"end":{"line":141,"column":45}},"103":{"start":{"line":145,"column":8},"end":{"line":163,"column":9}},"104":{"start":{"line":146,"column":25},"end":{"line":146,"column":63}},"105":{"start":{"line":147,"column":24},"end":{"line":147,"column":64}},"106":{"start":{"line":148,"column":12},"end":{"line":148,"column":41}},"107":{"start":{"line":149,"column":12},"end":{"line":149,"column":43}},"108":{"start":{"line":150,"column":12},"end":{"line":150,"column":47}},"109":{"start":{"line":151,"column":12},"end":{"line":154,"column":13}},"110":{"start":{"line":152,"column":16},"end":{"line":152,"column":51}},"111":{"start":{"line":153,"column":16},"end":{"line":153,"column":54}},"112":{"start":{"line":155,"column":12},"end":{"line":159,"column":13}},"113":{"start":{"line":156,"column":16},"end":{"line":156,"column":43}},"114":{"start":{"line":158,"column":16},"end":{"line":158,"column":39}},"115":{"start":{"line":160,"column":12},"end":{"line":160,"column":29}},"116":{"start":{"line":162,"column":12},"end":{"line":162,"column":21}},"117":{"start":{"line":170,"column":8},"end":{"line":170,"column":56}},"118":{"start":{"line":170,"column":46},"end":{"line":170,"column":56}},"119":{"start":{"line":171,"column":8},"end":{"line":171,"column":51}},"120":{"start":{"line":171,"column":30},"end":{"line":171,"column":51}},"121":{"start":{"line":172,"column":8},"end":{"line":174,"column":9}},"122":{"start":{"line":172,"column":21},"end":{"line":172,"column":22}},"123":{"start":{"line":173,"column":12},"end":{"line":173,"column":64}},"124":{"start":{"line":173,"column":55},"end":{"line":173,"column":64}},"125":{"start":{"line":175,"column":8},"end":{"line":175,"column":17}},"126":{"start":{"line":183,"column":20},"end":{"line":183,"column":22}},"127":{"start":{"line":184,"column":8},"end":{"line":184,"column":44}},"128":{"start":{"line":184,"column":35},"end":{"line":184,"column":44}},"129":{"start":{"line":185,"column":8},"end":{"line":185,"column":54}},"130":{"start":{"line":185,"column":45},"end":{"line":185,"column":54}},"131":{"start":{"line":186,"column":8},"end":{"line":191,"column":9}},"132":{"start":{"line":186,"column":21},"end":{"line":186,"column":22}},"133":{"start":{"line":187,"column":24},"end":{"line":187,"column":60}},"134":{"start":{"line":188,"column":12},"end":{"line":190,"column":13}},"135":{"start":{"line":189,"column":16},"end":{"line":189,"column":33}},"136":{"start":{"line":192,"column":8},"end":{"line":202,"column":24}},"137":{"start":{"line":193,"column":12},"end":{"line":193,"column":32}},"138":{"start":{"line":194,"column":12},"end":{"line":199,"column":13}},"139":{"start":{"line":194,"column":25},"end":{"line":194,"column":26}},"140":{"start":{"line":195,"column":29},"end":{"line":195,"column":70}},"141":{"start":{"line":196,"column":16},"end":{"line":198,"column":17}},"142":{"start":{"line":197,"column":20},"end":{"line":197,"column":78}},"143":{"start":{"line":200,"column":12},"end":{"line":200,"column":62}},"144":{"start":{"line":202,"column":15},"end":{"line":202,"column":24}},"145":{"start":{"line":209,"column":8},"end":{"line":209,"column":55}},"146":{"start":{"line":209,"column":46},"end":{"line":209,"column":55}},"147":{"start":{"line":210,"column":23},"end":{"line":210,"column":25}},"148":{"start":{"line":211,"column":22},"end":{"line":211,"column":54}},"149":{"start":{"line":212,"column":8},"end":{"line":229,"column":9}},"150":{"start":{"line":213,"column":12},"end":{"line":213,"column":21}},"151":{"start":{"line":215,"column":12},"end":{"line":215,"column":55}},"152":{"start":{"line":215,"column":34},"end":{"line":215,"column":55}},"153":{"start":{"line":216,"column":12},"end":{"line":228,"column":13}},"154":{"start":{"line":217,"column":16},"end":{"line":217,"column":58}},"155":{"start":{"line":217,"column":49},"end":{"line":217,"column":58}},"156":{"start":{"line":218,"column":28},"end":{"line":218,"column":82}},"157":{"start":{"line":219,"column":16},"end":{"line":227,"column":17}},"158":{"start":{"line":220,"column":33},"end":{"line":220,"column":35}},"159":{"start":{"line":221,"column":20},"end":{"line":221,"column":46}},"160":{"start":{"line":222,"column":20},"end":{"line":222,"column":48}},"161":{"start":{"line":223,"column":20},"end":{"line":223,"column":52}},"162":{"start":{"line":224,"column":20},"end":{"line":224,"column":90}},"163":{"start":{"line":225,"column":20},"end":{"line":225,"column":56}},"164":{"start":{"line":226,"column":20},"end":{"line":226,"column":40}},"165":{"start":{"line":230,"column":8},"end":{"line":232,"column":9}},"166":{"start":{"line":231,"column":12},"end":{"line":231,"column":21}},"167":{"start":{"line":233,"column":8},"end":{"line":233,"column":22}},"168":{"start":{"line":238,"column":8},"end":{"line":238,"column":55}},"169":{"start":{"line":238,"column":46},"end":{"line":238,"column":55}},"170":{"start":{"line":239,"column":32},"end":{"line":239,"column":46}},"171":{"start":{"line":241,"column":8},"end":{"line":243,"column":9}},"172":{"start":{"line":242,"column":12},"end":{"line":242,"column":91}},"173":{"start":{"line":242,"column":49},"end":{"line":242,"column":89}},"174":{"start":{"line":244,"column":8},"end":{"line":244,"column":17}},"175":{"start":{"line":252,"column":8},"end":{"line":252,"column":43}},"176":{"start":{"line":252,"column":34},"end":{"line":252,"column":43}},"177":{"start":{"line":253,"column":8},"end":{"line":253,"column":53}},"178":{"start":{"line":253,"column":44},"end":{"line":253,"column":53}},"179":{"start":{"line":254,"column":21},"end":{"line":254,"column":23}},"180":{"start":{"line":255,"column":8},"end":{"line":260,"column":9}},"181":{"start":{"line":255,"column":21},"end":{"line":255,"column":22}},"182":{"start":{"line":256,"column":24},"end":{"line":256,"column":59}},"183":{"start":{"line":257,"column":12},"end":{"line":259,"column":13}},"184":{"start":{"line":258,"column":16},"end":{"line":258,"column":40}},"185":{"start":{"line":261,"column":8},"end":{"line":261,"column":45}},"186":{"start":{"line":261,"column":34},"end":{"line":261,"column":43}},"187":{"start":{"line":262,"column":20},"end":{"line":262,"column":21}},"188":{"start":{"line":263,"column":8},"end":{"line":280,"column":9}},"189":{"start":{"line":263,"column":21},"end":{"line":263,"column":22}},"190":{"start":{"line":264,"column":12},"end":{"line":279,"column":31}},"191":{"start":{"line":265,"column":16},"end":{"line":278,"column":17}},"192":{"start":{"line":266,"column":20},"end":{"line":269,"column":23}},"193":{"start":{"line":270,"column":20},"end":{"line":270,"column":38}},"194":{"start":{"line":272,"column":20},"end":{"line":272,"column":40}},"195":{"start":{"line":273,"column":20},"end":{"line":276,"column":23}},"196":{"start":{"line":277,"column":20},"end":{"line":277,"column":38}},"197":{"start":{"line":279,"column":21},"end":{"line":279,"column":29}},"198":{"start":{"line":281,"column":8},"end":{"line":283,"column":9}},"199":{"start":{"line":282,"column":12},"end":{"line":282,"column":21}},"200":{"start":{"line":284,"column":8},"end":{"line":284,"column":17}},"201":{"start":{"line":290,"column":20},"end":{"line":290,"column":25}},"202":{"start":{"line":291,"column":8},"end":{"line":291,"column":43}},"203":{"start":{"line":291,"column":34},"end":{"line":291,"column":43}},"204":{"start":{"line":292,"column":8},"end":{"line":292,"column":53}},"205":{"start":{"line":292,"column":44},"end":{"line":292,"column":53}},"206":{"start":{"line":293,"column":8},"end":{"line":307,"column":9}},"207":{"start":{"line":293,"column":21},"end":{"line":293,"column":22}},"208":{"start":{"line":294,"column":12},"end":{"line":306,"column":13}},"209":{"start":{"line":295,"column":16},"end":{"line":295,"column":29}},"210":{"start":{"line":296,"column":16},"end":{"line":300,"column":17}},"211":{"start":{"line":296,"column":29},"end":{"line":296,"column":30}},"212":{"start":{"line":297,"column":20},"end":{"line":299,"column":21}},"213":{"start":{"line":298,"column":24},"end":{"line":298,"column":52}},"214":{"start":{"line":301,"column":16},"end":{"line":301,"column":42}},"215":{"start":{"line":303,"column":16},"end":{"line":305,"column":17}},"216":{"start":{"line":304,"column":20},"end":{"line":304,"column":29}},"217":{"start":{"line":308,"column":8},"end":{"line":308,"column":17}},"218":{"start":{"line":311,"column":0},"end":{"line":311,"column":23}},"219":{"start":{"line":315,"column":16},"end":{"line":315,"column":17}},"220":{"start":{"line":316,"column":14},"end":{"line":316,"column":35}},"221":{"start":{"line":317,"column":4},"end":{"line":321,"column":5}},"222":{"start":{"line":318,"column":8},"end":{"line":320,"column":9}},"223":{"start":{"line":319,"column":12},"end":{"line":319,"column":27}},"224":{"start":{"line":322,"column":4},"end":{"line":331,"column":5}},"225":{"start":{"line":323,"column":8},"end":{"line":325,"column":9}},"226":{"start":{"line":324,"column":12},"end":{"line":324,"column":32}},"227":{"start":{"line":327,"column":8},"end":{"line":327,"column":75}},"228":{"start":{"line":328,"column":8},"end":{"line":330,"column":9}},"229":{"start":{"line":329,"column":12},"end":{"line":329,"column":32}},"230":{"start":{"line":332,"column":4},"end":{"line":332,"column":37}},"231":{"start":{"line":333,"column":4},"end":{"line":333,"column":26}}},"fnMap":{"0":{"name":"(anonymous_0)","decl":{"start":{"line":12,"column":14},"end":{"line":12,"column":15}},"loc":{"start":{"line":12,"column":45},"end":{"line":23,"column":5}},"line":12},"1":{"name":"(anonymous_1)","decl":{"start":{"line":25,"column":18},"end":{"line":25,"column":19}},"loc":{"start":{"line":25,"column":42},"end":{"line":37,"column":5}},"line":25},"2":{"name":"(anonymous_2)","decl":{"start":{"line":30,"column":58},"end":{"line":30,"column":59}},"loc":{"start":{"line":30,"column":74},"end":{"line":33,"column":9}},"line":30},"3":{"name":"(anonymous_3)","decl":{"start":{"line":33,"column":17},"end":{"line":33,"column":18}},"loc":{"start":{"line":33,"column":26},"end":{"line":33,"column":27}},"line":33},"4":{"name":"(anonymous_4)","decl":{"start":{"line":44,"column":17},"end":{"line":44,"column":18}},"loc":{"start":{"line":44,"column":49},"end":{"line":88,"column":5}},"line":44},"5":{"name":"(anonymous_5)","decl":{"start":{"line":61,"column":36},"end":{"line":61,"column":37}},"loc":{"start":{"line":61,"column":57},"end":{"line":85,"column":9}},"line":61},"6":{"name":"(anonymous_6)","decl":{"start":{"line":91,"column":20},"end":{"line":91,"column":21}},"loc":{"start":{"line":91,"column":37},"end":{"line":107,"column":5}},"line":91},"7":{"name":"(anonymous_7)","decl":{"start":{"line":109,"column":22},"end":{"line":109,"column":23}},"loc":{"start":{"line":109,"column":39},"end":{"line":126,"column":5}},"line":109},"8":{"name":"(anonymous_8)","decl":{"start":{"line":128,"column":20},"end":{"line":128,"column":21}},"loc":{"start":{"line":128,"column":52},"end":{"line":167,"column":5}},"line":128},"9":{"name":"(anonymous_9)","decl":{"start":{"line":169,"column":29},"end":{"line":169,"column":30}},"loc":{"start":{"line":169,"column":60},"end":{"line":176,"column":5}},"line":169},"10":{"name":"(anonymous_10)","decl":{"start":{"line":178,"column":15},"end":{"line":178,"column":16}},"loc":{"start":{"line":178,"column":55},"end":{"line":203,"column":5}},"line":178},"11":{"name":"(anonymous_11)","decl":{"start":{"line":205,"column":20},"end":{"line":205,"column":21}},"loc":{"start":{"line":205,"column":50},"end":{"line":234,"column":5}},"line":205},"12":{"name":"(anonymous_12)","decl":{"start":{"line":237,"column":26},"end":{"line":237,"column":27}},"loc":{"start":{"line":237,"column":50},"end":{"line":245,"column":5}},"line":237},"13":{"name":"(anonymous_13)","decl":{"start":{"line":242,"column":40},"end":{"line":242,"column":41}},"loc":{"start":{"line":242,"column":49},"end":{"line":242,"column":89}},"line":242},"14":{"name":"(anonymous_14)","decl":{"start":{"line":248,"column":15},"end":{"line":248,"column":16}},"loc":{"start":{"line":248,"column":45},"end":{"line":285,"column":5}},"line":248},"15":{"name":"(anonymous_15)","decl":{"start":{"line":286,"column":17},"end":{"line":286,"column":18}},"loc":{"start":{"line":286,"column":47},"end":{"line":309,"column":5}},"line":286},"16":{"name":"limitOffset","decl":{"start":{"line":313,"column":9},"end":{"line":313,"column":20}},"loc":{"start":{"line":313,"column":52},"end":{"line":334,"column":1}},"line":313}},"branchMap":{"0":{"loc":{"start":{"line":13,"column":8},"end":{"line":13,"column":55}},"type":"if","locations":[{"start":{"line":13,"column":8},"end":{"line":13,"column":55}},{"start":{"line":13,"column":8},"end":{"line":13,"column":55}}],"line":13},"1":{"loc":{"start":{"line":15,"column":8},"end":{"line":22,"column":9}},"type":"if","locations":[{"start":{"line":15,"column":8},"end":{"line":22,"column":9}},{"start":{"line":15,"column":8},"end":{"line":22,"column":9}}],"line":15},"2":{"loc":{"start":{"line":16,"column":12},"end":{"line":16,"column":55}},"type":"if","locations":[{"start":{"line":16,"column":12},"end":{"line":16,"column":55}},{"start":{"line":16,"column":12},"end":{"line":16,"column":55}}],"line":16},"3":{"loc":{"start":{"line":29,"column":8},"end":{"line":29,"column":55}},"type":"if","locations":[{"start":{"line":29,"column":8},"end":{"line":29,"column":55}},{"start":{"line":29,"column":8},"end":{"line":29,"column":55}}],"line":29},"4":{"loc":{"start":{"line":31,"column":12},"end":{"line":31,"column":30}},"type":"if","locations":[{"start":{"line":31,"column":12},"end":{"line":31,"column":30}},{"start":{"line":31,"column":12},"end":{"line":31,"column":30}}],"line":31},"5":{"loc":{"start":{"line":45,"column":8},"end":{"line":45,"column":55}},"type":"if","locations":[{"start":{"line":45,"column":8},"end":{"line":45,"column":55}},{"start":{"line":45,"column":8},"end":{"line":45,"column":55}}],"line":45},"6":{"loc":{"start":{"line":47,"column":8},"end":{"line":47,"column":30}},"type":"if","locations":[{"start":{"line":47,"column":8},"end":{"line":47,"column":30}},{"start":{"line":47,"column":8},"end":{"line":47,"column":30}}],"line":47},"7":{"loc":{"start":{"line":48,"column":8},"end":{"line":48,"column":72}},"type":"if","locations":[{"start":{"line":48,"column":8},"end":{"line":48,"column":72}},{"start":{"line":48,"column":8},"end":{"line":48,"column":72}}],"line":48},"8":{"loc":{"start":{"line":50,"column":8},"end":{"line":50,"column":29}},"type":"if","locations":[{"start":{"line":50,"column":8},"end":{"line":50,"column":29}},{"start":{"line":50,"column":8},"end":{"line":50,"column":29}}],"line":50},"9":{"loc":{"start":{"line":51,"column":8},"end":{"line":55,"column":9}},"type":"if","locations":[{"start":{"line":51,"column":8},"end":{"line":55,"column":9}},{"start":{"line":51,"column":8},"end":{"line":55,"column":9}}],"line":51},"10":{"loc":{"start":{"line":57,"column":12},"end":{"line":57,"column":115}},"type":"if","locations":[{"start":{"line":57,"column":12},"end":{"line":57,"column":115}},{"start":{"line":57,"column":12},"end":{"line":57,"column":115}}],"line":57},"11":{"loc":{"start":{"line":60,"column":8},"end":{"line":60,"column":70}},"type":"if","locations":[{"start":{"line":60,"column":8},"end":{"line":60,"column":70}},{"start":{"line":60,"column":8},"end":{"line":60,"column":70}}],"line":60},"12":{"loc":{"start":{"line":62,"column":12},"end":{"line":62,"column":30}},"type":"if","locations":[{"start":{"line":62,"column":12},"end":{"line":62,"column":30}},{"start":{"line":62,"column":12},"end":{"line":62,"column":30}}],"line":62},"13":{"loc":{"start":{"line":64,"column":16},"end":{"line":71,"column":17}},"type":"if","locations":[{"start":{"line":64,"column":16},"end":{"line":71,"column":17}},{"start":{"line":64,"column":16},"end":{"line":71,"column":17}}],"line":64},"14":{"loc":{"start":{"line":66,"column":24},"end":{"line":69,"column":25}},"type":"if","locations":[{"start":{"line":66,"column":24},"end":{"line":69,"column":25}},{"start":{"line":66,"column":24},"end":{"line":69,"column":25}}],"line":66},"15":{"loc":{"start":{"line":72,"column":16},"end":{"line":76,"column":17}},"type":"if","locations":[{"start":{"line":72,"column":16},"end":{"line":76,"column":17}},{"start":{"line":72,"column":16},"end":{"line":76,"column":17}}],"line":72},"16":{"loc":{"start":{"line":74,"column":24},"end":{"line":75,"column":61}},"type":"if","locations":[{"start":{"line":74,"column":24},"end":{"line":75,"column":61}},{"start":{"line":74,"column":24},"end":{"line":75,"column":61}}],"line":74},"17":{"loc":{"start":{"line":74,"column":28},"end":{"line":74,"column":128}},"type":"binary-expr","locations":[{"start":{"line":74,"column":28},"end":{"line":74,"column":80}},{"start":{"line":74,"column":84},"end":{"line":74,"column":128}}],"line":74},"18":{"loc":{"start":{"line":77,"column":16},"end":{"line":82,"column":17}},"type":"if","locations":[{"start":{"line":77,"column":16},"end":{"line":82,"column":17}},{"start":{"line":77,"column":16},"end":{"line":82,"column":17}}],"line":77},"19":{"loc":{"start":{"line":80,"column":24},"end":{"line":81,"column":58}},"type":"if","locations":[{"start":{"line":80,"column":24},"end":{"line":81,"column":58}},{"start":{"line":80,"column":24},"end":{"line":81,"column":58}}],"line":80},"20":{"loc":{"start":{"line":80,"column":28},"end":{"line":80,"column":128}},"type":"binary-expr","locations":[{"start":{"line":80,"column":28},"end":{"line":80,"column":83}},{"start":{"line":80,"column":87},"end":{"line":80,"column":128}}],"line":80},"21":{"loc":{"start":{"line":95,"column":8},"end":{"line":104,"column":9}},"type":"if","locations":[{"start":{"line":95,"column":8},"end":{"line":104,"column":9}},{"start":{"line":95,"column":8},"end":{"line":104,"column":9}}],"line":95},"22":{"loc":{"start":{"line":97,"column":12},"end":{"line":98,"column":84}},"type":"if","locations":[{"start":{"line":97,"column":12},"end":{"line":98,"column":84}},{"start":{"line":97,"column":12},"end":{"line":98,"column":84}}],"line":97},"23":{"loc":{"start":{"line":97,"column":16},"end":{"line":97,"column":90}},"type":"cond-expr","locations":[{"start":{"line":97,"column":60},"end":{"line":97,"column":85}},{"start":{"line":97,"column":88},"end":{"line":97,"column":90}}],"line":97},"24":{"loc":{"start":{"line":98,"column":25},"end":{"line":98,"column":83}},"type":"cond-expr","locations":[{"start":{"line":98,"column":53},"end":{"line":98,"column":78}},{"start":{"line":98,"column":81},"end":{"line":98,"column":83}}],"line":98},"25":{"loc":{"start":{"line":113,"column":8},"end":{"line":123,"column":9}},"type":"if","locations":[{"start":{"line":113,"column":8},"end":{"line":123,"column":9}},{"start":{"line":113,"column":8},"end":{"line":123,"column":9}}],"line":113},"26":{"loc":{"start":{"line":115,"column":12},"end":{"line":116,"column":84}},"type":"if","locations":[{"start":{"line":115,"column":12},"end":{"line":116,"column":84}},{"start":{"line":115,"column":12},"end":{"line":116,"column":84}}],"line":115},"27":{"loc":{"start":{"line":115,"column":16},"end":{"line":115,"column":90}},"type":"cond-expr","locations":[{"start":{"line":115,"column":60},"end":{"line":115,"column":85}},{"start":{"line":115,"column":88},"end":{"line":115,"column":90}}],"line":115},"28":{"loc":{"start":{"line":116,"column":25},"end":{"line":116,"column":83}},"type":"cond-expr","locations":[{"start":{"line":116,"column":53},"end":{"line":116,"column":78}},{"start":{"line":116,"column":81},"end":{"line":116,"column":83}}],"line":116},"29":{"loc":{"start":{"line":118,"column":16},"end":{"line":121,"column":17}},"type":"if","locations":[{"start":{"line":118,"column":16},"end":{"line":121,"column":17}},{"start":{"line":118,"column":16},"end":{"line":121,"column":17}}],"line":118},"30":{"loc":{"start":{"line":132,"column":8},"end":{"line":132,"column":63}},"type":"if","locations":[{"start":{"line":132,"column":8},"end":{"line":132,"column":63}},{"start":{"line":132,"column":8},"end":{"line":132,"column":63}}],"line":132},"31":{"loc":{"start":{"line":136,"column":8},"end":{"line":144,"column":9}},"type":"if","locations":[{"start":{"line":136,"column":8},"end":{"line":144,"column":9}},{"start":{"line":136,"column":8},"end":{"line":144,"column":9}}],"line":136},"32":{"loc":{"start":{"line":138,"column":12},"end":{"line":142,"column":13}},"type":"if","locations":[{"start":{"line":138,"column":12},"end":{"line":142,"column":13}},{"start":{"line":138,"column":12},"end":{"line":142,"column":13}}],"line":138},"33":{"loc":{"start":{"line":145,"column":8},"end":{"line":163,"column":9}},"type":"if","locations":[{"start":{"line":145,"column":8},"end":{"line":163,"column":9}},{"start":{"line":145,"column":8},"end":{"line":163,"column":9}}],"line":145},"34":{"loc":{"start":{"line":151,"column":12},"end":{"line":154,"column":13}},"type":"if","locations":[{"start":{"line":151,"column":12},"end":{"line":154,"column":13}},{"start":{"line":151,"column":12},"end":{"line":154,"column":13}}],"line":151},"35":{"loc":{"start":{"line":155,"column":12},"end":{"line":159,"column":13}},"type":"if","locations":[{"start":{"line":155,"column":12},"end":{"line":159,"column":13}},{"start":{"line":155,"column":12},"end":{"line":159,"column":13}}],"line":155},"36":{"loc":{"start":{"line":170,"column":8},"end":{"line":170,"column":56}},"type":"if","locations":[{"start":{"line":170,"column":8},"end":{"line":170,"column":56}},{"start":{"line":170,"column":8},"end":{"line":170,"column":56}}],"line":170},"37":{"loc":{"start":{"line":171,"column":8},"end":{"line":171,"column":51}},"type":"if","locations":[{"start":{"line":171,"column":8},"end":{"line":171,"column":51}},{"start":{"line":171,"column":8},"end":{"line":171,"column":51}}],"line":171},"38":{"loc":{"start":{"line":173,"column":12},"end":{"line":173,"column":64}},"type":"if","locations":[{"start":{"line":173,"column":12},"end":{"line":173,"column":64}},{"start":{"line":173,"column":12},"end":{"line":173,"column":64}}],"line":173},"39":{"loc":{"start":{"line":184,"column":8},"end":{"line":184,"column":44}},"type":"if","locations":[{"start":{"line":184,"column":8},"end":{"line":184,"column":44}},{"start":{"line":184,"column":8},"end":{"line":184,"column":44}}],"line":184},"40":{"loc":{"start":{"line":185,"column":8},"end":{"line":185,"column":54}},"type":"if","locations":[{"start":{"line":185,"column":8},"end":{"line":185,"column":54}},{"start":{"line":185,"column":8},"end":{"line":185,"column":54}}],"line":185},"41":{"loc":{"start":{"line":188,"column":12},"end":{"line":190,"column":13}},"type":"if","locations":[{"start":{"line":188,"column":12},"end":{"line":190,"column":13}},{"start":{"line":188,"column":12},"end":{"line":190,"column":13}}],"line":188},"42":{"loc":{"start":{"line":192,"column":8},"end":{"line":202,"column":24}},"type":"if","locations":[{"start":{"line":192,"column":8},"end":{"line":202,"column":24}},{"start":{"line":192,"column":8},"end":{"line":202,"column":24}}],"line":192},"43":{"loc":{"start":{"line":196,"column":16},"end":{"line":198,"column":17}},"type":"if","locations":[{"start":{"line":196,"column":16},"end":{"line":198,"column":17}},{"start":{"line":196,"column":16},"end":{"line":198,"column":17}}],"line":196},"44":{"loc":{"start":{"line":209,"column":8},"end":{"line":209,"column":55}},"type":"if","locations":[{"start":{"line":209,"column":8},"end":{"line":209,"column":55}},{"start":{"line":209,"column":8},"end":{"line":209,"column":55}}],"line":209},"45":{"loc":{"start":{"line":212,"column":8},"end":{"line":229,"column":9}},"type":"if","locations":[{"start":{"line":212,"column":8},"end":{"line":229,"column":9}},{"start":{"line":212,"column":8},"end":{"line":229,"column":9}}],"line":212},"46":{"loc":{"start":{"line":215,"column":12},"end":{"line":215,"column":55}},"type":"if","locations":[{"start":{"line":215,"column":12},"end":{"line":215,"column":55}},{"start":{"line":215,"column":12},"end":{"line":215,"column":55}}],"line":215},"47":{"loc":{"start":{"line":217,"column":16},"end":{"line":217,"column":58}},"type":"if","locations":[{"start":{"line":217,"column":16},"end":{"line":217,"column":58}},{"start":{"line":217,"column":16},"end":{"line":217,"column":58}}],"line":217},"48":{"loc":{"start":{"line":219,"column":16},"end":{"line":227,"column":17}},"type":"if","locations":[{"start":{"line":219,"column":16},"end":{"line":227,"column":17}},{"start":{"line":219,"column":16},"end":{"line":227,"column":17}}],"line":219},"49":{"loc":{"start":{"line":230,"column":8},"end":{"line":232,"column":9}},"type":"if","locations":[{"start":{"line":230,"column":8},"end":{"line":232,"column":9}},{"start":{"line":230,"column":8},"end":{"line":232,"column":9}}],"line":230},"50":{"loc":{"start":{"line":238,"column":8},"end":{"line":238,"column":55}},"type":"if","locations":[{"start":{"line":238,"column":8},"end":{"line":238,"column":55}},{"start":{"line":238,"column":8},"end":{"line":238,"column":55}}],"line":238},"51":{"loc":{"start":{"line":241,"column":8},"end":{"line":243,"column":9}},"type":"if","locations":[{"start":{"line":241,"column":8},"end":{"line":243,"column":9}},{"start":{"line":241,"column":8},"end":{"line":243,"column":9}}],"line":241},"52":{"loc":{"start":{"line":252,"column":8},"end":{"line":252,"column":43}},"type":"if","locations":[{"start":{"line":252,"column":8},"end":{"line":252,"column":43}},{"start":{"line":252,"column":8},"end":{"line":252,"column":43}}],"line":252},"53":{"loc":{"start":{"line":253,"column":8},"end":{"line":253,"column":53}},"type":"if","locations":[{"start":{"line":253,"column":8},"end":{"line":253,"column":53}},{"start":{"line":253,"column":8},"end":{"line":253,"column":53}}],"line":253},"54":{"loc":{"start":{"line":257,"column":12},"end":{"line":259,"column":13}},"type":"if","locations":[{"start":{"line":257,"column":12},"end":{"line":259,"column":13}},{"start":{"line":257,"column":12},"end":{"line":259,"column":13}}],"line":257},"55":{"loc":{"start":{"line":261,"column":8},"end":{"line":261,"column":45}},"type":"if","locations":[{"start":{"line":261,"column":8},"end":{"line":261,"column":45}},{"start":{"line":261,"column":8},"end":{"line":261,"column":45}}],"line":261},"56":{"loc":{"start":{"line":264,"column":12},"end":{"line":279,"column":31}},"type":"if","locations":[{"start":{"line":264,"column":12},"end":{"line":279,"column":31}},{"start":{"line":264,"column":12},"end":{"line":279,"column":31}}],"line":264},"57":{"loc":{"start":{"line":265,"column":16},"end":{"line":278,"column":17}},"type":"if","locations":[{"start":{"line":265,"column":16},"end":{"line":278,"column":17}},{"start":{"line":265,"column":16},"end":{"line":278,"column":17}}],"line":265},"58":{"loc":{"start":{"line":281,"column":8},"end":{"line":283,"column":9}},"type":"if","locations":[{"start":{"line":281,"column":8},"end":{"line":283,"column":9}},{"start":{"line":281,"column":8},"end":{"line":283,"column":9}}],"line":281},"59":{"loc":{"start":{"line":291,"column":8},"end":{"line":291,"column":43}},"type":"if","locations":[{"start":{"line":291,"column":8},"end":{"line":291,"column":43}},{"start":{"line":291,"column":8},"end":{"line":291,"column":43}}],"line":291},"60":{"loc":{"start":{"line":292,"column":8},"end":{"line":292,"column":53}},"type":"if","locations":[{"start":{"line":292,"column":8},"end":{"line":292,"column":53}},{"start":{"line":292,"column":8},"end":{"line":292,"column":53}}],"line":292},"61":{"loc":{"start":{"line":294,"column":12},"end":{"line":306,"column":13}},"type":"if","locations":[{"start":{"line":294,"column":12},"end":{"line":306,"column":13}},{"start":{"line":294,"column":12},"end":{"line":306,"column":13}}],"line":294},"62":{"loc":{"start":{"line":297,"column":20},"end":{"line":299,"column":21}},"type":"if","locations":[{"start":{"line":297,"column":20},"end":{"line":299,"column":21}},{"start":{"line":297,"column":20},"end":{"line":299,"column":21}}],"line":297},"63":{"loc":{"start":{"line":303,"column":16},"end":{"line":305,"column":17}},"type":"if","locations":[{"start":{"line":303,"column":16},"end":{"line":305,"column":17}},{"start":{"line":303,"column":16},"end":{"line":305,"column":17}}],"line":303},"64":{"loc":{"start":{"line":303,"column":20},"end":{"line":303,"column":84}},"type":"binary-expr","locations":[{"start":{"line":303,"column":21},"end":{"line":303,"column":27}},{"start":{"line":303,"column":32},"end":{"line":303,"column":57}},{"start":{"line":303,"column":64},"end":{"line":303,"column":83}}],"line":303},"65":{"loc":{"start":{"line":317,"column":4},"end":{"line":321,"column":5}},"type":"if","locations":[{"start":{"line":317,"column":4},"end":{"line":321,"column":5}},{"start":{"line":317,"column":4},"end":{"line":321,"column":5}}],"line":317},"66":{"loc":{"start":{"line":318,"column":8},"end":{"line":320,"column":9}},"type":"if","locations":[{"start":{"line":318,"column":8},"end":{"line":320,"column":9}},{"start":{"line":318,"column":8},"end":{"line":320,"column":9}}],"line":318},"67":{"loc":{"start":{"line":318,"column":12},"end":{"line":318,"column":58}},"type":"binary-expr","locations":[{"start":{"line":318,"column":12},"end":{"line":318,"column":23}},{"start":{"line":318,"column":27},"end":{"line":318,"column":58}}],"line":318},"68":{"loc":{"start":{"line":322,"column":4},"end":{"line":331,"column":5}},"type":"if","locations":[{"start":{"line":322,"column":4},"end":{"line":331,"column":5}},{"start":{"line":322,"column":4},"end":{"line":331,"column":5}}],"line":322},"69":{"loc":{"start":{"line":323,"column":8},"end":{"line":325,"column":9}},"type":"if","locations":[{"start":{"line":323,"column":8},"end":{"line":325,"column":9}},{"start":{"line":323,"column":8},"end":{"line":325,"column":9}}],"line":323},"70":{"loc":{"start":{"line":323,"column":12},"end":{"line":323,"column":75}},"type":"binary-expr","locations":[{"start":{"line":323,"column":12},"end":{"line":323,"column":31}},{"start":{"line":323,"column":35},"end":{"line":323,"column":75}}],"line":323},"71":{"loc":{"start":{"line":327,"column":16},"end":{"line":327,"column":74}},"type":"cond-expr","locations":[{"start":{"line":327,"column":44},"end":{"line":327,"column":69}},{"start":{"line":327,"column":72},"end":{"line":327,"column":74}}],"line":327},"72":{"loc":{"start":{"line":328,"column":8},"end":{"line":330,"column":9}},"type":"if","locations":[{"start":{"line":328,"column":8},"end":{"line":330,"column":9}},{"start":{"line":328,"column":8},"end":{"line":330,"column":9}}],"line":328},"73":{"loc":{"start":{"line":328,"column":12},"end":{"line":328,"column":75}},"type":"binary-expr","locations":[{"start":{"line":328,"column":12},"end":{"line":328,"column":31}},{"start":{"line":328,"column":35},"end":{"line":328,"column":75}}],"line":328}},"s":{"0":1,"1":1,"2":1,"3":1,"4":1,"5":1,"6":1,"7":1,"8":0,"9":1,"10":1,"11":1,"12":0,"13":1,"14":1,"15":1,"16":67,"17":0,"18":67,"19":67,"20":0,"21":67,"22":0,"23":67,"24":0,"25":0,"26":0,"27":0,"28":0,"29":0,"30":0,"31":0,"32":0,"33":0,"34":0,"35":0,"36":0,"37":0,"38":0,"39":0,"40":0,"41":0,"42":0,"43":0,"44":0,"45":0,"46":0,"47":0,"48":0,"49":0,"50":0,"51":0,"52":0,"53":0,"54":0,"55":0,"56":0,"57":0,"58":0,"59":0,"60":0,"61":0,"62":0,"63":0,"64":0,"65":0,"66":0,"67":0,"68":0,"69":0,"70":0,"71":0,"72":0,"73":0,"74":0,"75":0,"76":0,"77":0,"78":0,"79":0,"80":0,"81":0,"82":0,"83":0,"84":0,"85":0,"86":0,"87":0,"88":0,"89":0,"90":0,"91":0,"92":0,"93":0,"94":0,"95":0,"96":0,"97":0,"98":0,"99":0,"100":0,"101":0,"102":0,"103":0,"104":0,"105":0,"106":0,"107":0,"108":0,"109":0,"110":0,"111":0,"112":0,"113":0,"114":0,"115":0,"116":0,"117":0,"118":0,"119":0,"120":0,"121":0,"122":0,"123":0,"124":0,"125":0,"126":0,"127":0,"128":0,"129":0,"130":0,"131":0,"132":0,"133":0,"134":0,"135":0,"136":0,"137":0,"138":0,"139":0,"140":0,"141":0,"142":0,"143":0,"144":0,"145":0,"146":0,"147":0,"148":0,"149":0,"150":0,"151":0,"152":0,"153":0,"154":0,"155":0,"156":0,"157":0,"158":0,"159":0,"160":0,"161":0,"162":0,"163":0,"164":0,"165":0,"166":0,"167":0,"168":0,"169":0,"170":0,"171":0,"172":0,"173":0,"174":0,"175":0,"176":0,"177":0,"178":0,"179":0,"180":0,"181":0,"182":0,"183":0,"184":0,"185":0,"186":0,"187":0,"188":0,"189":0,"190":0,"191":0,"192":0,"193":0,"194":0,"195":0,"196":0,"197":0,"198":0,"199":0,"200":0,"201":0,"202":0,"203":0,"204":0,"205":0,"206":0,"207":0,"208":0,"209":0,"210":0,"211":0,"212":0,"213":0,"214":0,"215":0,"216":0,"217":0,"218":1,"219":0,"220":0,"221":0,"222":0,"223":0,"224":0,"225":0,"226":0,"227":0,"228":0,"229":0,"230":0,"231":0},"f":{"0":1,"1":67,"2":67,"3":0,"4":0,"5":0,"6":0,"7":0,"8":0,"9":0,"10":0,"11":0,"12":0,"13":0,"14":0,"15":0,"16":0},"b":{"0":[0,1],"1":[1,0],"2":[0,1],"3":[0,67],"4":[0,67],"5":[0,0],"6":[0,0],"7":[0,0],"8":[0,0],"9":[0,0],"10":[0,0],"11":[0,0],"12":[0,0],"13":[0,0],"14":[0,0],"15":[0,0],"16":[0,0],"17":[0,0],"18":[0,0],"19":[0,0],"20":[0,0],"21":[0,0],"22":[0,0],"23":[0,0],"24":[0,0],"25":[0,0],"26":[0,0],"27":[0,0],"28":[0,0],"29":[0,0],"30":[0,0],"31":[0,0],"32":[0,0],"33":[0,0],"34":[0,0],"35":[0,0],"36":[0,0],"37":[0,0],"38":[0,0],"39":[0,0],"40":[0,0],"41":[0,0],"42":[0,0],"43":[0,0],"44":[0,0],"45":[0,0],"46":[0,0],"47":[0,0],"48":[0,0],"49":[0,0],"50":[0,0],"51":[0,0],"52":[0,0],"53":[0,0],"54":[0,0],"55":[0,0],"56":[0,0],"57":[0,0],"58":[0,0],"59":[0,0],"60":[0,0],"61":[0,0],"62":[0,0],"63":[0,0],"64":[0,0,0],"65":[0,0],"66":[0,0],"67":[0,0],"68":[0,0],"69":[0,0],"70":[0,0],"71":[0,0],"72":[0,0],"73":[0,0]},"_coverageSchema":"1a1c01bbd47fc00a2c39e90264f33305004495a9","hash":"aebb0f354dfb02c3fe25312fcaa5c564bc57c393"}
,"F:\\softwareEng\\Marioplex-Backend\\source\\artist-api.js": {"path":"F:\\softwareEng\\Marioplex-Backend\\source\\artist-api.js","statementMap":{"0":{"start":{"line":1,"column":155},"end":{"line":1,"column":178}},"1":{"start":{"line":2,"column":16},"end":{"line":2,"column":39}},"2":{"start":{"line":3,"column":29},"end":{"line":3,"column":71}},"3":{"start":{"line":4,"column":14},"end":{"line":4,"column":36}},"4":{"start":{"line":7,"column":15},"end":{"line":371,"column":1}},"5":{"start":{"line":20,"column":8},"end":{"line":21,"column":29}},"6":{"start":{"line":20,"column":19},"end":{"line":20,"column":47}},"7":{"start":{"line":21,"column":13},"end":{"line":21,"column":29}},"8":{"start":{"line":22,"column":21},"end":{"line":34,"column":10}},"9":{"start":{"line":35,"column":8},"end":{"line":35,"column":28}},"10":{"start":{"line":36,"column":8},"end":{"line":36,"column":22}},"11":{"start":{"line":47,"column":8},"end":{"line":47,"column":54}},"12":{"start":{"line":47,"column":45},"end":{"line":47,"column":54}},"13":{"start":{"line":48,"column":8},"end":{"line":48,"column":51}},"14":{"start":{"line":49,"column":8},"end":{"line":49,"column":30}},"15":{"start":{"line":49,"column":21},"end":{"line":49,"column":30}},"16":{"start":{"line":50,"column":8},"end":{"line":50,"column":37}},"17":{"start":{"line":50,"column":18},"end":{"line":50,"column":37}},"18":{"start":{"line":51,"column":8},"end":{"line":51,"column":40}},"19":{"start":{"line":51,"column":19},"end":{"line":51,"column":40}},"20":{"start":{"line":52,"column":8},"end":{"line":52,"column":37}},"21":{"start":{"line":52,"column":18},"end":{"line":52,"column":37}},"22":{"start":{"line":53,"column":8},"end":{"line":53,"column":28}},"23":{"start":{"line":54,"column":8},"end":{"line":54,"column":22}},"24":{"start":{"line":59,"column":24},"end":{"line":59,"column":26}},"25":{"start":{"line":60,"column":24},"end":{"line":60,"column":73}},"26":{"start":{"line":61,"column":8},"end":{"line":77,"column":9}},"27":{"start":{"line":63,"column":12},"end":{"line":64,"column":84}},"28":{"start":{"line":63,"column":93},"end":{"line":63,"column":116}},"29":{"start":{"line":64,"column":17},"end":{"line":64,"column":84}},"30":{"start":{"line":65,"column":12},"end":{"line":76,"column":13}},"31":{"start":{"line":65,"column":25},"end":{"line":65,"column":26}},"32":{"start":{"line":67,"column":16},"end":{"line":75,"column":19}},"33":{"start":{"line":78,"column":30},"end":{"line":78,"column":52}},"34":{"start":{"line":79,"column":8},"end":{"line":79,"column":29}},"35":{"start":{"line":89,"column":8},"end":{"line":89,"column":65}},"36":{"start":{"line":89,"column":56},"end":{"line":89,"column":65}},"37":{"start":{"line":90,"column":8},"end":{"line":96,"column":9}},"38":{"start":{"line":91,"column":27},"end":{"line":91,"column":57}},"39":{"start":{"line":92,"column":12},"end":{"line":92,"column":34}},"40":{"start":{"line":92,"column":25},"end":{"line":92,"column":34}},"41":{"start":{"line":93,"column":12},"end":{"line":95,"column":13}},"42":{"start":{"line":94,"column":16},"end":{"line":94,"column":94}},"43":{"start":{"line":94,"column":60},"end":{"line":94,"column":92}},"44":{"start":{"line":97,"column":8},"end":{"line":97,"column":17}},"45":{"start":{"line":106,"column":8},"end":{"line":106,"column":56}},"46":{"start":{"line":106,"column":47},"end":{"line":106,"column":56}},"47":{"start":{"line":107,"column":23},"end":{"line":110,"column":28}},"48":{"start":{"line":108,"column":12},"end":{"line":108,"column":30}},"49":{"start":{"line":108,"column":21},"end":{"line":108,"column":30}},"50":{"start":{"line":109,"column":12},"end":{"line":109,"column":26}},"51":{"start":{"line":110,"column":26},"end":{"line":110,"column":27}},"52":{"start":{"line":111,"column":8},"end":{"line":111,"column":22}},"53":{"start":{"line":127,"column":8},"end":{"line":127,"column":76}},"54":{"start":{"line":127,"column":67},"end":{"line":127,"column":76}},"55":{"start":{"line":128,"column":8},"end":{"line":128,"column":56}},"56":{"start":{"line":128,"column":47},"end":{"line":128,"column":56}},"57":{"start":{"line":129,"column":23},"end":{"line":129,"column":53}},"58":{"start":{"line":130,"column":8},"end":{"line":130,"column":30}},"59":{"start":{"line":130,"column":21},"end":{"line":130,"column":30}},"60":{"start":{"line":131,"column":28},"end":{"line":131,"column":41}},"61":{"start":{"line":132,"column":20},"end":{"line":147,"column":10}},"62":{"start":{"line":148,"column":8},"end":{"line":148,"column":27}},"63":{"start":{"line":150,"column":8},"end":{"line":152,"column":11}},"64":{"start":{"line":153,"column":8},"end":{"line":153,"column":28}},"65":{"start":{"line":154,"column":8},"end":{"line":154,"column":21}},"66":{"start":{"line":164,"column":8},"end":{"line":164,"column":56}},"67":{"start":{"line":164,"column":47},"end":{"line":164,"column":56}},"68":{"start":{"line":165,"column":23},"end":{"line":165,"column":62}},"69":{"start":{"line":166,"column":8},"end":{"line":166,"column":53}},"70":{"start":{"line":166,"column":31},"end":{"line":166,"column":53}},"71":{"start":{"line":167,"column":8},"end":{"line":169,"column":11}},"72":{"start":{"line":170,"column":8},"end":{"line":170,"column":28}},"73":{"start":{"line":171,"column":8},"end":{"line":171,"column":17}},"74":{"start":{"line":180,"column":22},"end":{"line":180,"column":24}},"75":{"start":{"line":182,"column":8},"end":{"line":182,"column":41}},"76":{"start":{"line":182,"column":25},"end":{"line":182,"column":41}},"77":{"start":{"line":183,"column":8},"end":{"line":183,"column":56}},"78":{"start":{"line":183,"column":47},"end":{"line":183,"column":56}},"79":{"start":{"line":184,"column":8},"end":{"line":189,"column":9}},"80":{"start":{"line":186,"column":25},"end":{"line":186,"column":55}},"81":{"start":{"line":187,"column":12},"end":{"line":187,"column":33}},"82":{"start":{"line":187,"column":25},"end":{"line":187,"column":33}},"83":{"start":{"line":188,"column":12},"end":{"line":188,"column":33}},"84":{"start":{"line":190,"column":8},"end":{"line":190,"column":23}},"85":{"start":{"line":204,"column":8},"end":{"line":204,"column":56}},"86":{"start":{"line":204,"column":47},"end":{"line":204,"column":56}},"87":{"start":{"line":205,"column":29},"end":{"line":205,"column":31}},"88":{"start":{"line":206,"column":21},"end":{"line":206,"column":23}},"89":{"start":{"line":207,"column":21},"end":{"line":207,"column":51}},"90":{"start":{"line":208,"column":8},"end":{"line":208,"column":30}},"91":{"start":{"line":208,"column":21},"end":{"line":208,"column":30}},"92":{"start":{"line":209,"column":8},"end":{"line":209,"column":53}},"93":{"start":{"line":209,"column":31},"end":{"line":209,"column":53}},"94":{"start":{"line":211,"column":8},"end":{"line":216,"column":9}},"95":{"start":{"line":211,"column":21},"end":{"line":211,"column":22}},"96":{"start":{"line":212,"column":12},"end":{"line":215,"column":33}},"97":{"start":{"line":213,"column":16},"end":{"line":213,"column":34}},"98":{"start":{"line":213,"column":25},"end":{"line":213,"column":34}},"99":{"start":{"line":214,"column":16},"end":{"line":214,"column":29}},"100":{"start":{"line":215,"column":30},"end":{"line":215,"column":31}},"101":{"start":{"line":218,"column":8},"end":{"line":240,"column":9}},"102":{"start":{"line":219,"column":12},"end":{"line":223,"column":13}},"103":{"start":{"line":220,"column":16},"end":{"line":222,"column":17}},"104":{"start":{"line":221,"column":20},"end":{"line":221,"column":55}},"105":{"start":{"line":224,"column":15},"end":{"line":240,"column":9}},"106":{"start":{"line":225,"column":12},"end":{"line":229,"column":13}},"107":{"start":{"line":226,"column":16},"end":{"line":228,"column":17}},"108":{"start":{"line":227,"column":20},"end":{"line":227,"column":55}},"109":{"start":{"line":230,"column":15},"end":{"line":240,"column":9}},"110":{"start":{"line":231,"column":12},"end":{"line":235,"column":13}},"111":{"start":{"line":232,"column":16},"end":{"line":234,"column":17}},"112":{"start":{"line":233,"column":20},"end":{"line":233,"column":55}},"113":{"start":{"line":237,"column":12},"end":{"line":239,"column":13}},"114":{"start":{"line":238,"column":16},"end":{"line":238,"column":51}},"115":{"start":{"line":242,"column":20},"end":{"line":242,"column":21}},"116":{"start":{"line":243,"column":18},"end":{"line":243,"column":39}},"117":{"start":{"line":244,"column":8},"end":{"line":248,"column":9}},"118":{"start":{"line":245,"column":12},"end":{"line":247,"column":13}},"119":{"start":{"line":246,"column":16},"end":{"line":246,"column":31}},"120":{"start":{"line":249,"column":8},"end":{"line":258,"column":9}},"121":{"start":{"line":250,"column":12},"end":{"line":252,"column":13}},"122":{"start":{"line":251,"column":16},"end":{"line":251,"column":36}},"123":{"start":{"line":254,"column":12},"end":{"line":254,"column":79}},"124":{"start":{"line":255,"column":12},"end":{"line":257,"column":13}},"125":{"start":{"line":256,"column":16},"end":{"line":256,"column":36}},"126":{"start":{"line":259,"column":8},"end":{"line":259,"column":41}},"127":{"start":{"line":260,"column":8},"end":{"line":260,"column":30}},"128":{"start":{"line":269,"column":8},"end":{"line":269,"column":56}},"129":{"start":{"line":269,"column":47},"end":{"line":269,"column":56}},"130":{"start":{"line":271,"column":8},"end":{"line":273,"column":11}},"131":{"start":{"line":272,"column":12},"end":{"line":272,"column":33}},"132":{"start":{"line":274,"column":21},"end":{"line":274,"column":51}},"133":{"start":{"line":275,"column":8},"end":{"line":275,"column":31}},"134":{"start":{"line":275,"column":22},"end":{"line":275,"column":31}},"135":{"start":{"line":276,"column":8},"end":{"line":276,"column":30}},"136":{"start":{"line":276,"column":21},"end":{"line":276,"column":30}},"137":{"start":{"line":277,"column":29},"end":{"line":277,"column":31}},"138":{"start":{"line":279,"column":8},"end":{"line":289,"column":9}},"139":{"start":{"line":280,"column":12},"end":{"line":288,"column":13}},"140":{"start":{"line":280,"column":25},"end":{"line":280,"column":26}},"141":{"start":{"line":281,"column":16},"end":{"line":287,"column":17}},"142":{"start":{"line":281,"column":29},"end":{"line":281,"column":30}},"143":{"start":{"line":282,"column":20},"end":{"line":286,"column":21}},"144":{"start":{"line":283,"column":24},"end":{"line":284,"column":69}},"145":{"start":{"line":283,"column":60},"end":{"line":283,"column":98}},"146":{"start":{"line":284,"column":28},"end":{"line":284,"column":69}},"147":{"start":{"line":285,"column":24},"end":{"line":285,"column":33}},"148":{"start":{"line":291,"column":8},"end":{"line":291,"column":68}},"149":{"start":{"line":291,"column":40},"end":{"line":291,"column":68}},"150":{"start":{"line":292,"column":8},"end":{"line":292,"column":30}},"151":{"start":{"line":301,"column":8},"end":{"line":301,"column":54}},"152":{"start":{"line":301,"column":45},"end":{"line":301,"column":54}},"153":{"start":{"line":302,"column":23},"end":{"line":305,"column":28}},"154":{"start":{"line":303,"column":12},"end":{"line":303,"column":30}},"155":{"start":{"line":303,"column":21},"end":{"line":303,"column":30}},"156":{"start":{"line":304,"column":12},"end":{"line":304,"column":26}},"157":{"start":{"line":305,"column":26},"end":{"line":305,"column":27}},"158":{"start":{"line":306,"column":8},"end":{"line":306,"column":22}},"159":{"start":{"line":318,"column":8},"end":{"line":318,"column":56}},"160":{"start":{"line":318,"column":47},"end":{"line":318,"column":56}},"161":{"start":{"line":319,"column":24},"end":{"line":319,"column":26}},"162":{"start":{"line":320,"column":21},"end":{"line":320,"column":23}},"163":{"start":{"line":321,"column":21},"end":{"line":321,"column":51}},"164":{"start":{"line":322,"column":8},"end":{"line":322,"column":30}},"165":{"start":{"line":322,"column":21},"end":{"line":322,"column":30}},"166":{"start":{"line":323,"column":8},"end":{"line":326,"column":9}},"167":{"start":{"line":323,"column":21},"end":{"line":323,"column":22}},"168":{"start":{"line":324,"column":24},"end":{"line":324,"column":79}},"169":{"start":{"line":325,"column":12},"end":{"line":325,"column":71}},"170":{"start":{"line":325,"column":25},"end":{"line":325,"column":69}},"171":{"start":{"line":329,"column":8},"end":{"line":333,"column":9}},"172":{"start":{"line":330,"column":12},"end":{"line":332,"column":13}},"173":{"start":{"line":331,"column":16},"end":{"line":331,"column":46}},"174":{"start":{"line":335,"column":8},"end":{"line":335,"column":73}},"175":{"start":{"line":335,"column":33},"end":{"line":335,"column":71}},"176":{"start":{"line":336,"column":8},"end":{"line":336,"column":31}},"177":{"start":{"line":337,"column":8},"end":{"line":337,"column":25}},"178":{"start":{"line":346,"column":8},"end":{"line":346,"column":56}},"179":{"start":{"line":346,"column":47},"end":{"line":346,"column":56}},"180":{"start":{"line":347,"column":29},"end":{"line":347,"column":31}},"181":{"start":{"line":348,"column":21},"end":{"line":348,"column":23}},"182":{"start":{"line":349,"column":21},"end":{"line":349,"column":51}},"183":{"start":{"line":350,"column":8},"end":{"line":350,"column":30}},"184":{"start":{"line":350,"column":21},"end":{"line":350,"column":30}},"185":{"start":{"line":351,"column":8},"end":{"line":351,"column":53}},"186":{"start":{"line":351,"column":31},"end":{"line":351,"column":53}},"187":{"start":{"line":352,"column":8},"end":{"line":355,"column":9}},"188":{"start":{"line":352,"column":21},"end":{"line":352,"column":22}},"189":{"start":{"line":353,"column":24},"end":{"line":353,"column":79}},"190":{"start":{"line":354,"column":12},"end":{"line":354,"column":71}},"191":{"start":{"line":354,"column":25},"end":{"line":354,"column":69}},"192":{"start":{"line":356,"column":8},"end":{"line":358,"column":9}},"193":{"start":{"line":357,"column":12},"end":{"line":357,"column":47}},"194":{"start":{"line":361,"column":8},"end":{"line":361,"column":30}},"195":{"start":{"line":364,"column":8},"end":{"line":364,"column":42}},"196":{"start":{"line":364,"column":33},"end":{"line":364,"column":42}},"197":{"start":{"line":365,"column":8},"end":{"line":365,"column":40}},"198":{"start":{"line":365,"column":31},"end":{"line":365,"column":40}},"199":{"start":{"line":366,"column":8},"end":{"line":368,"column":9}},"200":{"start":{"line":367,"column":12},"end":{"line":367,"column":67}},"201":{"start":{"line":367,"column":58},"end":{"line":367,"column":67}},"202":{"start":{"line":369,"column":8},"end":{"line":369,"column":17}},"203":{"start":{"line":373,"column":0},"end":{"line":373,"column":24}}},"fnMap":{"0":{"name":"(anonymous_0)","decl":{"start":{"line":17,"column":18},"end":{"line":17,"column":19}},"loc":{"start":{"line":17,"column":58},"end":{"line":37,"column":5}},"line":17},"1":{"name":"(anonymous_1)","decl":{"start":{"line":46,"column":18},"end":{"line":46,"column":19}},"loc":{"start":{"line":46,"column":60},"end":{"line":55,"column":5}},"line":46},"2":{"name":"(anonymous_2)","decl":{"start":{"line":57,"column":23},"end":{"line":57,"column":24}},"loc":{"start":{"line":57,"column":40},"end":{"line":80,"column":5}},"line":57},"3":{"name":"(anonymous_3)","decl":{"start":{"line":88,"column":25},"end":{"line":88,"column":26}},"loc":{"start":{"line":88,"column":59},"end":{"line":98,"column":5}},"line":88},"4":{"name":"(anonymous_4)","decl":{"start":{"line":94,"column":51},"end":{"line":94,"column":52}},"loc":{"start":{"line":94,"column":60},"end":{"line":94,"column":92}},"line":94},"5":{"name":"(anonymous_5)","decl":{"start":{"line":105,"column":15},"end":{"line":105,"column":16}},"loc":{"start":{"line":105,"column":40},"end":{"line":112,"column":5}},"line":105},"6":{"name":"(anonymous_6)","decl":{"start":{"line":107,"column":63},"end":{"line":107,"column":64}},"loc":{"start":{"line":107,"column":80},"end":{"line":110,"column":9}},"line":107},"7":{"name":"(anonymous_7)","decl":{"start":{"line":110,"column":17},"end":{"line":110,"column":18}},"loc":{"start":{"line":110,"column":26},"end":{"line":110,"column":27}},"line":110},"8":{"name":"(anonymous_8)","decl":{"start":{"line":126,"column":14},"end":{"line":126,"column":15}},"loc":{"start":{"line":126,"column":94},"end":{"line":155,"column":5}},"line":126},"9":{"name":"(anonymous_9)","decl":{"start":{"line":163,"column":14},"end":{"line":163,"column":15}},"loc":{"start":{"line":163,"column":48},"end":{"line":172,"column":5}},"line":163},"10":{"name":"(anonymous_10)","decl":{"start":{"line":179,"column":16},"end":{"line":179,"column":17}},"loc":{"start":{"line":179,"column":43},"end":{"line":191,"column":5}},"line":179},"11":{"name":"(anonymous_11)","decl":{"start":{"line":202,"column":15},"end":{"line":202,"column":16}},"loc":{"start":{"line":202,"column":72},"end":{"line":261,"column":5}},"line":202},"12":{"name":"(anonymous_12)","decl":{"start":{"line":212,"column":108},"end":{"line":212,"column":109}},"loc":{"start":{"line":212,"column":124},"end":{"line":215,"column":13}},"line":212},"13":{"name":"(anonymous_13)","decl":{"start":{"line":215,"column":21},"end":{"line":215,"column":22}},"loc":{"start":{"line":215,"column":30},"end":{"line":215,"column":31}},"line":215},"14":{"name":"(anonymous_14)","decl":{"start":{"line":268,"column":23},"end":{"line":268,"column":24}},"loc":{"start":{"line":268,"column":48},"end":{"line":293,"column":5}},"line":268},"15":{"name":"(anonymous_15)","decl":{"start":{"line":271,"column":32},"end":{"line":271,"column":33}},"loc":{"start":{"line":271,"column":58},"end":{"line":273,"column":9}},"line":271},"16":{"name":"(anonymous_16)","decl":{"start":{"line":283,"column":49},"end":{"line":283,"column":50}},"loc":{"start":{"line":283,"column":60},"end":{"line":283,"column":98}},"line":283},"17":{"name":"(anonymous_17)","decl":{"start":{"line":300,"column":20},"end":{"line":300,"column":21}},"loc":{"start":{"line":300,"column":43},"end":{"line":307,"column":5}},"line":300},"18":{"name":"(anonymous_18)","decl":{"start":{"line":302,"column":72},"end":{"line":302,"column":73}},"loc":{"start":{"line":302,"column":89},"end":{"line":305,"column":9}},"line":302},"19":{"name":"(anonymous_19)","decl":{"start":{"line":305,"column":17},"end":{"line":305,"column":18}},"loc":{"start":{"line":305,"column":26},"end":{"line":305,"column":27}},"line":305},"20":{"name":"(anonymous_20)","decl":{"start":{"line":316,"column":18},"end":{"line":316,"column":19}},"loc":{"start":{"line":316,"column":58},"end":{"line":338,"column":5}},"line":316},"21":{"name":"(anonymous_21)","decl":{"start":{"line":335,"column":23},"end":{"line":335,"column":24}},"loc":{"start":{"line":335,"column":33},"end":{"line":335,"column":71}},"line":335},"22":{"name":"(anonymous_22)","decl":{"start":{"line":345,"column":15},"end":{"line":345,"column":16}},"loc":{"start":{"line":345,"column":46},"end":{"line":362,"column":5}},"line":345},"23":{"name":"(anonymous_23)","decl":{"start":{"line":363,"column":25},"end":{"line":363,"column":26}},"loc":{"start":{"line":363,"column":57},"end":{"line":370,"column":5}},"line":363}},"branchMap":{"0":{"loc":{"start":{"line":20,"column":8},"end":{"line":21,"column":29}},"type":"if","locations":[{"start":{"line":20,"column":8},"end":{"line":21,"column":29}},{"start":{"line":20,"column":8},"end":{"line":21,"column":29}}],"line":20},"1":{"loc":{"start":{"line":47,"column":8},"end":{"line":47,"column":54}},"type":"if","locations":[{"start":{"line":47,"column":8},"end":{"line":47,"column":54}},{"start":{"line":47,"column":8},"end":{"line":47,"column":54}}],"line":47},"2":{"loc":{"start":{"line":49,"column":8},"end":{"line":49,"column":30}},"type":"if","locations":[{"start":{"line":49,"column":8},"end":{"line":49,"column":30}},{"start":{"line":49,"column":8},"end":{"line":49,"column":30}}],"line":49},"3":{"loc":{"start":{"line":50,"column":8},"end":{"line":50,"column":37}},"type":"if","locations":[{"start":{"line":50,"column":8},"end":{"line":50,"column":37}},{"start":{"line":50,"column":8},"end":{"line":50,"column":37}}],"line":50},"4":{"loc":{"start":{"line":51,"column":8},"end":{"line":51,"column":40}},"type":"if","locations":[{"start":{"line":51,"column":8},"end":{"line":51,"column":40}},{"start":{"line":51,"column":8},"end":{"line":51,"column":40}}],"line":51},"5":{"loc":{"start":{"line":52,"column":8},"end":{"line":52,"column":37}},"type":"if","locations":[{"start":{"line":52,"column":8},"end":{"line":52,"column":37}},{"start":{"line":52,"column":8},"end":{"line":52,"column":37}}],"line":52},"6":{"loc":{"start":{"line":61,"column":8},"end":{"line":77,"column":9}},"type":"if","locations":[{"start":{"line":61,"column":8},"end":{"line":77,"column":9}},{"start":{"line":61,"column":8},"end":{"line":77,"column":9}}],"line":61},"7":{"loc":{"start":{"line":63,"column":12},"end":{"line":64,"column":84}},"type":"if","locations":[{"start":{"line":63,"column":12},"end":{"line":64,"column":84}},{"start":{"line":63,"column":12},"end":{"line":64,"column":84}}],"line":63},"8":{"loc":{"start":{"line":63,"column":16},"end":{"line":63,"column":91}},"type":"cond-expr","locations":[{"start":{"line":63,"column":61},"end":{"line":63,"column":86}},{"start":{"line":63,"column":89},"end":{"line":63,"column":91}}],"line":63},"9":{"loc":{"start":{"line":64,"column":25},"end":{"line":64,"column":83}},"type":"cond-expr","locations":[{"start":{"line":64,"column":53},"end":{"line":64,"column":78}},{"start":{"line":64,"column":81},"end":{"line":64,"column":83}}],"line":64},"10":{"loc":{"start":{"line":89,"column":8},"end":{"line":89,"column":65}},"type":"if","locations":[{"start":{"line":89,"column":8},"end":{"line":89,"column":65}},{"start":{"line":89,"column":8},"end":{"line":89,"column":65}}],"line":89},"11":{"loc":{"start":{"line":90,"column":8},"end":{"line":96,"column":9}},"type":"if","locations":[{"start":{"line":90,"column":8},"end":{"line":96,"column":9}},{"start":{"line":90,"column":8},"end":{"line":96,"column":9}}],"line":90},"12":{"loc":{"start":{"line":92,"column":12},"end":{"line":92,"column":34}},"type":"if","locations":[{"start":{"line":92,"column":12},"end":{"line":92,"column":34}},{"start":{"line":92,"column":12},"end":{"line":92,"column":34}}],"line":92},"13":{"loc":{"start":{"line":93,"column":12},"end":{"line":95,"column":13}},"type":"if","locations":[{"start":{"line":93,"column":12},"end":{"line":95,"column":13}},{"start":{"line":93,"column":12},"end":{"line":95,"column":13}}],"line":93},"14":{"loc":{"start":{"line":106,"column":8},"end":{"line":106,"column":56}},"type":"if","locations":[{"start":{"line":106,"column":8},"end":{"line":106,"column":56}},{"start":{"line":106,"column":8},"end":{"line":106,"column":56}}],"line":106},"15":{"loc":{"start":{"line":108,"column":12},"end":{"line":108,"column":30}},"type":"if","locations":[{"start":{"line":108,"column":12},"end":{"line":108,"column":30}},{"start":{"line":108,"column":12},"end":{"line":108,"column":30}}],"line":108},"16":{"loc":{"start":{"line":127,"column":8},"end":{"line":127,"column":76}},"type":"if","locations":[{"start":{"line":127,"column":8},"end":{"line":127,"column":76}},{"start":{"line":127,"column":8},"end":{"line":127,"column":76}}],"line":127},"17":{"loc":{"start":{"line":127,"column":12},"end":{"line":127,"column":65}},"type":"binary-expr","locations":[{"start":{"line":127,"column":12},"end":{"line":127,"column":36}},{"start":{"line":127,"column":40},"end":{"line":127,"column":65}}],"line":127},"18":{"loc":{"start":{"line":128,"column":8},"end":{"line":128,"column":56}},"type":"if","locations":[{"start":{"line":128,"column":8},"end":{"line":128,"column":56}},{"start":{"line":128,"column":8},"end":{"line":128,"column":56}}],"line":128},"19":{"loc":{"start":{"line":130,"column":8},"end":{"line":130,"column":30}},"type":"if","locations":[{"start":{"line":130,"column":8},"end":{"line":130,"column":30}},{"start":{"line":130,"column":8},"end":{"line":130,"column":30}}],"line":130},"20":{"loc":{"start":{"line":164,"column":8},"end":{"line":164,"column":56}},"type":"if","locations":[{"start":{"line":164,"column":8},"end":{"line":164,"column":56}},{"start":{"line":164,"column":8},"end":{"line":164,"column":56}}],"line":164},"21":{"loc":{"start":{"line":166,"column":8},"end":{"line":166,"column":53}},"type":"if","locations":[{"start":{"line":166,"column":8},"end":{"line":166,"column":53}},{"start":{"line":166,"column":8},"end":{"line":166,"column":53}}],"line":166},"22":{"loc":{"start":{"line":182,"column":8},"end":{"line":182,"column":41}},"type":"if","locations":[{"start":{"line":182,"column":8},"end":{"line":182,"column":41}},{"start":{"line":182,"column":8},"end":{"line":182,"column":41}}],"line":182},"23":{"loc":{"start":{"line":183,"column":8},"end":{"line":183,"column":56}},"type":"if","locations":[{"start":{"line":183,"column":8},"end":{"line":183,"column":56}},{"start":{"line":183,"column":8},"end":{"line":183,"column":56}}],"line":183},"24":{"loc":{"start":{"line":187,"column":12},"end":{"line":187,"column":33}},"type":"if","locations":[{"start":{"line":187,"column":12},"end":{"line":187,"column":33}},{"start":{"line":187,"column":12},"end":{"line":187,"column":33}}],"line":187},"25":{"loc":{"start":{"line":204,"column":8},"end":{"line":204,"column":56}},"type":"if","locations":[{"start":{"line":204,"column":8},"end":{"line":204,"column":56}},{"start":{"line":204,"column":8},"end":{"line":204,"column":56}}],"line":204},"26":{"loc":{"start":{"line":208,"column":8},"end":{"line":208,"column":30}},"type":"if","locations":[{"start":{"line":208,"column":8},"end":{"line":208,"column":30}},{"start":{"line":208,"column":8},"end":{"line":208,"column":30}}],"line":208},"27":{"loc":{"start":{"line":209,"column":8},"end":{"line":209,"column":53}},"type":"if","locations":[{"start":{"line":209,"column":8},"end":{"line":209,"column":53}},{"start":{"line":209,"column":8},"end":{"line":209,"column":53}}],"line":209},"28":{"loc":{"start":{"line":213,"column":16},"end":{"line":213,"column":34}},"type":"if","locations":[{"start":{"line":213,"column":16},"end":{"line":213,"column":34}},{"start":{"line":213,"column":16},"end":{"line":213,"column":34}}],"line":213},"29":{"loc":{"start":{"line":218,"column":8},"end":{"line":240,"column":9}},"type":"if","locations":[{"start":{"line":218,"column":8},"end":{"line":240,"column":9}},{"start":{"line":218,"column":8},"end":{"line":240,"column":9}}],"line":218},"30":{"loc":{"start":{"line":218,"column":12},"end":{"line":218,"column":55}},"type":"binary-expr","locations":[{"start":{"line":218,"column":12},"end":{"line":218,"column":31}},{"start":{"line":218,"column":35},"end":{"line":218,"column":55}}],"line":218},"31":{"loc":{"start":{"line":220,"column":16},"end":{"line":222,"column":17}},"type":"if","locations":[{"start":{"line":220,"column":16},"end":{"line":222,"column":17}},{"start":{"line":220,"column":16},"end":{"line":222,"column":17}}],"line":220},"32":{"loc":{"start":{"line":220,"column":20},"end":{"line":220,"column":112}},"type":"binary-expr","locations":[{"start":{"line":220,"column":20},"end":{"line":220,"column":60}},{"start":{"line":220,"column":64},"end":{"line":220,"column":112}}],"line":220},"33":{"loc":{"start":{"line":224,"column":15},"end":{"line":240,"column":9}},"type":"if","locations":[{"start":{"line":224,"column":15},"end":{"line":240,"column":9}},{"start":{"line":224,"column":15},"end":{"line":240,"column":9}}],"line":224},"34":{"loc":{"start":{"line":224,"column":19},"end":{"line":224,"column":62}},"type":"binary-expr","locations":[{"start":{"line":224,"column":19},"end":{"line":224,"column":38}},{"start":{"line":224,"column":42},"end":{"line":224,"column":62}}],"line":224},"35":{"loc":{"start":{"line":226,"column":16},"end":{"line":228,"column":17}},"type":"if","locations":[{"start":{"line":226,"column":16},"end":{"line":228,"column":17}},{"start":{"line":226,"column":16},"end":{"line":228,"column":17}}],"line":226},"36":{"loc":{"start":{"line":230,"column":15},"end":{"line":240,"column":9}},"type":"if","locations":[{"start":{"line":230,"column":15},"end":{"line":240,"column":9}},{"start":{"line":230,"column":15},"end":{"line":240,"column":9}}],"line":230},"37":{"loc":{"start":{"line":230,"column":19},"end":{"line":230,"column":62}},"type":"binary-expr","locations":[{"start":{"line":230,"column":19},"end":{"line":230,"column":38}},{"start":{"line":230,"column":42},"end":{"line":230,"column":62}}],"line":230},"38":{"loc":{"start":{"line":232,"column":16},"end":{"line":234,"column":17}},"type":"if","locations":[{"start":{"line":232,"column":16},"end":{"line":234,"column":17}},{"start":{"line":232,"column":16},"end":{"line":234,"column":17}}],"line":232},"39":{"loc":{"start":{"line":244,"column":8},"end":{"line":248,"column":9}},"type":"if","locations":[{"start":{"line":244,"column":8},"end":{"line":248,"column":9}},{"start":{"line":244,"column":8},"end":{"line":248,"column":9}}],"line":244},"40":{"loc":{"start":{"line":245,"column":12},"end":{"line":247,"column":13}},"type":"if","locations":[{"start":{"line":245,"column":12},"end":{"line":247,"column":13}},{"start":{"line":245,"column":12},"end":{"line":247,"column":13}}],"line":245},"41":{"loc":{"start":{"line":245,"column":16},"end":{"line":245,"column":62}},"type":"binary-expr","locations":[{"start":{"line":245,"column":16},"end":{"line":245,"column":27}},{"start":{"line":245,"column":31},"end":{"line":245,"column":62}}],"line":245},"42":{"loc":{"start":{"line":249,"column":8},"end":{"line":258,"column":9}},"type":"if","locations":[{"start":{"line":249,"column":8},"end":{"line":258,"column":9}},{"start":{"line":249,"column":8},"end":{"line":258,"column":9}}],"line":249},"43":{"loc":{"start":{"line":250,"column":12},"end":{"line":252,"column":13}},"type":"if","locations":[{"start":{"line":250,"column":12},"end":{"line":252,"column":13}},{"start":{"line":250,"column":12},"end":{"line":252,"column":13}}],"line":250},"44":{"loc":{"start":{"line":250,"column":16},"end":{"line":250,"column":79}},"type":"binary-expr","locations":[{"start":{"line":250,"column":16},"end":{"line":250,"column":35}},{"start":{"line":250,"column":39},"end":{"line":250,"column":79}}],"line":250},"45":{"loc":{"start":{"line":254,"column":20},"end":{"line":254,"column":78}},"type":"cond-expr","locations":[{"start":{"line":254,"column":48},"end":{"line":254,"column":73}},{"start":{"line":254,"column":76},"end":{"line":254,"column":78}}],"line":254},"46":{"loc":{"start":{"line":255,"column":12},"end":{"line":257,"column":13}},"type":"if","locations":[{"start":{"line":255,"column":12},"end":{"line":257,"column":13}},{"start":{"line":255,"column":12},"end":{"line":257,"column":13}}],"line":255},"47":{"loc":{"start":{"line":255,"column":16},"end":{"line":255,"column":79}},"type":"binary-expr","locations":[{"start":{"line":255,"column":16},"end":{"line":255,"column":35}},{"start":{"line":255,"column":39},"end":{"line":255,"column":79}}],"line":255},"48":{"loc":{"start":{"line":269,"column":8},"end":{"line":269,"column":56}},"type":"if","locations":[{"start":{"line":269,"column":8},"end":{"line":26
[...]
ns":[{"start":{"line":735,"column":8},"end":{"line":742,"column":9}},{"start":{"line":735,"column":8},"end":{"line":742,"column":9}}],"line":735},"126":{"loc":{"start":{"line":738,"column":16},"end":{"line":740,"column":17}},"type":"if","locations":[{"start":{"line":738,"column":16},"end":{"line":740,"column":17}},{"start":{"line":738,"column":16},"end":{"line":740,"column":17}}],"line":738},"127":{"loc":{"start":{"line":759,"column":8},"end":{"line":759,"column":54}},"type":"if","locations":[{"start":{"line":759,"column":8},"end":{"line":759,"column":54}},{"start":{"line":759,"column":8},"end":{"line":759,"column":54}}],"line":759},"128":{"loc":{"start":{"line":761,"column":8},"end":{"line":761,"column":32}},"type":"if","locations":[{"start":{"line":761,"column":8},"end":{"line":761,"column":32}},{"start":{"line":761,"column":8},"end":{"line":761,"column":32}}],"line":761},"129":{"loc":{"start":{"line":762,"column":8},"end":{"line":764,"column":9}},"type":"if","locations":[{"start":{"line":762,"column":8},"end":{"line":764,"column":9}},{"start":{"line":762,"column":8},"end":{"line":764,"column":9}}],"line":762},"130":{"loc":{"start":{"line":766,"column":8},"end":{"line":766,"column":34}},"type":"if","locations":[{"start":{"line":766,"column":8},"end":{"line":766,"column":34}},{"start":{"line":766,"column":8},"end":{"line":766,"column":34}}],"line":766},"131":{"loc":{"start":{"line":779,"column":8},"end":{"line":779,"column":54}},"type":"if","locations":[{"start":{"line":779,"column":8},"end":{"line":779,"column":54}},{"start":{"line":779,"column":8},"end":{"line":779,"column":54}}],"line":779},"132":{"loc":{"start":{"line":781,"column":8},"end":{"line":781,"column":32}},"type":"if","locations":[{"start":{"line":781,"column":8},"end":{"line":781,"column":32}},{"start":{"line":781,"column":8},"end":{"line":781,"column":32}}],"line":781},"133":{"loc":{"start":{"line":782,"column":8},"end":{"line":784,"column":9}},"type":"if","locations":[{"start":{"line":782,"column":8},"end":{"line":784,"column":9}},{"start":{"line":782,"column":8},"end":{"line":784,"column":9}}],"line":782},"134":{"loc":{"start":{"line":801,"column":8},"end":{"line":801,"column":54}},"type":"if","locations":[{"start":{"line":801,"column":8},"end":{"line":801,"column":54}},{"start":{"line":801,"column":8},"end":{"line":801,"column":54}}],"line":801},"135":{"loc":{"start":{"line":803,"column":8},"end":{"line":803,"column":28}},"type":"if","locations":[{"start":{"line":803,"column":8},"end":{"line":803,"column":28}},{"start":{"line":803,"column":8},"end":{"line":803,"column":28}}],"line":803},"136":{"loc":{"start":{"line":805,"column":8},"end":{"line":807,"column":9}},"type":"if","locations":[{"start":{"line":805,"column":8},"end":{"line":807,"column":9}},{"start":{"line":805,"column":8},"end":{"line":807,"column":9}}],"line":805},"137":{"loc":{"start":{"line":825,"column":8},"end":{"line":825,"column":73}},"type":"if","locations":[{"start":{"line":825,"column":8},"end":{"line":825,"column":73}},{"start":{"line":825,"column":8},"end":{"line":825,"column":73}}],"line":825},"138":{"loc":{"start":{"line":844,"column":8},"end":{"line":844,"column":73}},"type":"if","locations":[{"start":{"line":844,"column":8},"end":{"line":844,"column":73}},{"start":{"line":844,"column":8},"end":{"line":844,"column":73}}],"line":844},"139":{"loc":{"start":{"line":846,"column":8},"end":{"line":846,"column":28}},"type":"if","locations":[{"start":{"line":846,"column":8},"end":{"line":846,"column":28}},{"start":{"line":846,"column":8},"end":{"line":846,"column":28}}],"line":846},"140":{"loc":{"start":{"line":863,"column":8},"end":{"line":863,"column":63}},"type":"if","locations":[{"start":{"line":863,"column":8},"end":{"line":863,"column":63}},{"start":{"line":863,"column":8},"end":{"line":863,"column":63}}],"line":863},"141":{"loc":{"start":{"line":865,"column":8},"end":{"line":865,"column":28}},"type":"if","locations":[{"start":{"line":865,"column":8},"end":{"line":865,"column":28}},{"start":{"line":865,"column":8},"end":{"line":865,"column":28}}],"line":865},"142":{"loc":{"start":{"line":866,"column":8},"end":{"line":868,"column":62}},"type":"if","locations":[{"start":{"line":866,"column":8},"end":{"line":868,"column":62}},{"start":{"line":866,"column":8},"end":{"line":868,"column":62}}],"line":866},"143":{"loc":{"start":{"line":867,"column":12},"end":{"line":867,"column":60}},"type":"if","locations":[{"start":{"line":867,"column":12},"end":{"line":867,"column":60}},{"start":{"line":867,"column":12},"end":{"line":867,"column":60}}],"line":867},"144":{"loc":{"start":{"line":868,"column":15},"end":{"line":868,"column":62}},"type":"if","locations":[{"start":{"line":868,"column":15},"end":{"line":868,"column":62}},{"start":{"line":868,"column":15},"end":{"line":868,"column":62}}],"line":868},"145":{"loc":{"start":{"line":871,"column":8},"end":{"line":871,"column":28}},"type":"if","locations":[{"start":{"line":871,"column":8},"end":{"line":871,"column":28}},{"start":{"line":871,"column":8},"end":{"line":871,"column":28}}],"line":871},"146":{"loc":{"start":{"line":874,"column":8},"end":{"line":874,"column":30}},"type":"if","locations":[{"start":{"line":874,"column":8},"end":{"line":874,"column":30}},{"start":{"line":874,"column":8},"end":{"line":874,"column":30}}],"line":874},"147":{"loc":{"start":{"line":888,"column":8},"end":{"line":888,"column":54}},"type":"if","locations":[{"start":{"line":888,"column":8},"end":{"line":888,"column":54}},{"start":{"line":888,"column":8},"end":{"line":888,"column":54}}],"line":888},"148":{"loc":{"start":{"line":890,"column":8},"end":{"line":891,"column":61}},"type":"if","locations":[{"start":{"line":890,"column":8},"end":{"line":891,"column":61}},{"start":{"line":890,"column":8},"end":{"line":891,"column":61}}],"line":890},"149":{"loc":{"start":{"line":904,"column":8},"end":{"line":904,"column":54}},"type":"if","locations":[{"start":{"line":904,"column":8},"end":{"line":904,"column":54}},{"start":{"line":904,"column":8},"end":{"line":904,"column":54}}],"line":904},"150":{"loc":{"start":{"line":906,"column":8},"end":{"line":906,"column":28}},"type":"if","locations":[{"start":{"line":906,"column":8},"end":{"line":906,"column":28}},{"start":{"line":906,"column":8},"end":{"line":906,"column":28}}],"line":906},"151":{"loc":{"start":{"line":908,"column":8},"end":{"line":908,"column":30}},"type":"if","locations":[{"start":{"line":908,"column":8},"end":{"line":908,"column":30}},{"start":{"line":908,"column":8},"end":{"line":908,"column":30}}],"line":908},"152":{"loc":{"start":{"line":922,"column":8},"end":{"line":922,"column":54}},"type":"if","locations":[{"start":{"line":922,"column":8},"end":{"line":922,"column":54}},{"start":{"line":922,"column":8},"end":{"line":922,"column":54}}],"line":922},"153":{"loc":{"start":{"line":924,"column":8},"end":{"line":924,"column":28}},"type":"if","locations":[{"start":{"line":924,"column":8},"end":{"line":924,"column":28}},{"start":{"line":924,"column":8},"end":{"line":924,"column":28}}],"line":924},"154":{"loc":{"start":{"line":926,"column":8},"end":{"line":926,"column":30}},"type":"if","locations":[{"start":{"line":926,"column":8},"end":{"line":926,"column":30}},{"start":{"line":926,"column":8},"end":{"line":926,"column":30}}],"line":926},"155":{"loc":{"start":{"line":940,"column":8},"end":{"line":940,"column":54}},"type":"if","locations":[{"start":{"line":940,"column":8},"end":{"line":940,"column":54}},{"start":{"line":940,"column":8},"end":{"line":940,"column":54}}],"line":940},"156":{"loc":{"start":{"line":942,"column":8},"end":{"line":942,"column":28}},"type":"if","locations":[{"start":{"line":942,"column":8},"end":{"line":942,"column":28}},{"start":{"line":942,"column":8},"end":{"line":942,"column":28}}],"line":942},"157":{"loc":{"start":{"line":944,"column":8},"end":{"line":944,"column":30}},"type":"if","locations":[{"start":{"line":944,"column":8},"end":{"line":944,"column":30}},{"start":{"line":944,"column":8},"end":{"line":944,"column":30}}],"line":944},"158":{"loc":{"start":{"line":957,"column":8},"end":{"line":957,"column":54}},"type":"if","locations":[{"start":{"line":957,"column":8},"end":{"line":957,"column":54}},{"start":{"line":957,"column":8},"end":{"line":957,"column":54}}],"line":957},"159":{"loc":{"start":{"line":959,"column":8},"end":{"line":959,"column":28}},"type":"if","locations":[{"start":{"line":959,"column":8},"end":{"line":959,"column":28}},{"start":{"line":959,"column":8},"end":{"line":959,"column":28}}],"line":959},"160":{"loc":{"start":{"line":961,"column":8},"end":{"line":961,"column":33}},"type":"if","locations":[{"start":{"line":961,"column":8},"end":{"line":961,"column":33}},{"start":{"line":961,"column":8},"end":{"line":961,"column":33}}],"line":961},"161":{"loc":{"start":{"line":972,"column":8},"end":{"line":972,"column":28}},"type":"if","locations":[{"start":{"line":972,"column":8},"end":{"line":972,"column":28}},{"start":{"line":972,"column":8},"end":{"line":972,"column":28}}],"line":972},"162":{"loc":{"start":{"line":975,"column":8},"end":{"line":975,"column":30}},"type":"if","locations":[{"start":{"line":975,"column":8},"end":{"line":975,"column":30}},{"start":{"line":975,"column":8},"end":{"line":975,"column":30}}],"line":975},"163":{"loc":{"start":{"line":987,"column":8},"end":{"line":987,"column":28}},"type":"if","locations":[{"start":{"line":987,"column":8},"end":{"line":987,"column":28}},{"start":{"line":987,"column":8},"end":{"line":987,"column":28}}],"line":987},"164":{"loc":{"start":{"line":990,"column":8},"end":{"line":990,"column":30}},"type":"if","locations":[{"start":{"line":990,"column":8},"end":{"line":990,"column":30}},{"start":{"line":990,"column":8},"end":{"line":990,"column":30}}],"line":990}},"s":{"0":1,"1":1,"2":1,"3":1,"4":1,"5":1,"6":1,"7":1,"8":1,"9":1,"10":1,"11":1,"12":209,"13":0,"14":209,"15":209,"16":0,"17":209,"18":0,"19":209,"20":0,"21":0,"22":0,"23":0,"24":0,"25":0,"26":0,"27":0,"28":0,"29":0,"30":0,"31":0,"32":0,"33":0,"34":0,"35":0,"36":0,"37":0,"38":0,"39":0,"40":0,"41":0,"42":0,"43":0,"44":0,"45":0,"46":0,"47":0,"48":0,"49":0,"50":0,"51":0,"52":0,"53":0,"54":0,"55":0,"56":0,"57":0,"58":0,"59":0,"60":0,"61":0,"62":0,"63":0,"64":0,"65":0,"66":0,"67":0,"68":0,"69":0,"70":0,"71":0,"72":0,"73":0,"74":0,"75":0,"76":0,"77":0,"78":0,"79":0,"80":0,"81":0,"82":0,"83":0,"84":0,"85":0,"86":0,"87":0,"88":0,"89":0,"90":0,"91":0,"92":0,"93":0,"94":3,"95":0,"96":3,"97":3,"98":0,"99":3,"100":3,"101":0,"102":3,"103":2,"104":2,"105":0,"106":2,"107":2,"108":2,"109":2,"110":1,"111":1,"112":1,"113":2,"114":0,"115":2,"116":2,"117":0,"118":2,"119":2,"120":0,"121":2,"122":2,"123":0,"124":2,"125":0,"126":2,"127":2,"128":1,"129":1,"130":0,"131":1,"132":0,"133":0,"134":0,"135":0,"136":0,"137":0,"138":0,"139":0,"140":0,"141":0,"142":0,"143":0,"144":0,"145":0,"146":0,"147":0,"148":0,"149":0,"150":0,"151":0,"152":0,"153":0,"154":0,"155":0,"156":0,"157":0,"158":0,"159":0,"160":0,"161":0,"162":0,"163":0,"164":0,"165":0,"166":0,"167":0,"168":0,"169":0,"170":0,"171":0,"172":0,"173":0,"174":0,"175":0,"176":0,"177":0,"178":0,"179":0,"180":0,"181":0,"182":0,"183":0,"184":0,"185":0,"186":0,"187":0,"188":0,"189":0,"190":0,"191":0,"192":0,"193":0,"194":0,"195":0,"196":0,"197":0,"198":0,"199":0,"200":0,"201":0,"202":0,"203":0,"204":0,"205":0,"206":0,"207":0,"208":0,"209":0,"210":0,"211":0,"212":0,"213":0,"214":0,"215":0,"216":0,"217":0,"218":0,"219":0,"220":0,"221":0,"222":0,"223":0,"224":0,"225":0,"226":0,"227":0,"228":0,"229":0,"230":0,"231":0,"232":0,"233":0,"234":0,"235":0,"236":0,"237":0,"238":0,"239":0,"240":0,"241":0,"242":0,"243":0,"244":0,"245":0,"246":0,"247":0,"248":0,"249":0,"250":0,"251":0,"252":0,"253":0,"254":0,"255":0,"256":0,"257":0,"258":0,"259":0,"260":0,"261":0,"262":0,"263":0,"264":0,"265":0,"266":0,"267":0,"268":0,"269":0,"270":0,"271":0,"272":0,"273":0,"274":0,"275":0,"276":0,"277":0,"278":0,"279":0,"280":0,"281":0,"282":0,"283":0,"284":0,"285":0,"286":0,"287":0,"288":0,"289":0,"290":0,"291":0,"292":0,"293":0,"294":0,"295":0,"296":0,"297":0,"298":0,"299":0,"300":0,"301":0,"302":0,"303":0,"304":0,"305":0,"306":0,"307":0,"308":0,"309":0,"310":0,"311":0,"312":0,"313":0,"314":0,"315":0,"316":0,"317":0,"318":0,"319":0,"320":3,"321":3,"322":3,"323":3,"324":3,"325":3,"326":3,"327":3,"328":3,"329":3,"330":0,"331":0,"332":0,"333":0,"334":0,"335":0,"336":0,"337":0,"338":0,"339":0,"340":0,"341":0,"342":0,"343":0,"344":0,"345":0,"346":0,"347":0,"348":0,"349":0,"350":0,"351":0,"352":0,"353":0,"354":0,"355":0,"356":0,"357":0,"358":0,"359":0,"360":0,"361":0,"362":0,"363":0,"364":0,"365":0,"366":0,"367":0,"368":0,"369":0,"370":0,"371":0,"372":0,"373":0,"374":0,"375":0,"376":0,"377":0,"378":0,"379":0,"380":0,"381":0,"382":0,"383":0,"384":0,"385":0,"386":0,"387":0,"388":0,"389":0,"390":0,"391":0,"392":0,"393":0,"394":0,"395":0,"396":0,"397":0,"398":0,"399":0,"400":0,"401":0,"402":0,"403":0,"404":0,"405":0,"406":0,"407":0,"408":0,"409":0,"410":0,"411":0,"412":0,"413":0,"414":0,"415":0,"416":0,"417":0,"418":0,"419":0,"420":0,"421":0,"422":0,"423":0,"424":2,"425":0,"426":2,"427":2,"428":0,"429":2,"430":0,"431":2,"432":2,"433":0,"434":2,"435":2,"436":2,"437":2,"438":0,"439":0,"440":0,"441":0,"442":0,"443":0,"444":0,"445":0,"446":0,"447":0,"448":0,"449":0,"450":0,"451":0,"452":0,"453":0,"454":0,"455":0,"456":0,"457":0,"458":0,"459":0,"460":0,"461":0,"462":0,"463":0,"464":0,"465":0,"466":0,"467":0,"468":0,"469":0,"470":0,"471":0,"472":0,"473":0,"474":0,"475":0,"476":0,"477":0,"478":0,"479":0,"480":0,"481":0,"482":0,"483":0,"484":0,"485":0,"486":0,"487":0,"488":0,"489":0,"490":0,"491":0,"492":0,"493":0,"494":0,"495":0,"496":0,"497":0,"498":0,"499":0,"500":0,"501":0,"502":0,"503":0,"504":0,"505":0,"506":0,"507":0,"508":0,"509":0,"510":0,"511":0,"512":0,"513":0,"514":0,"515":0,"516":0,"517":0,"518":0,"519":0,"520":0,"521":0,"522":0,"523":0,"524":0,"525":0,"526":0,"527":0,"528":0,"529":0,"530":0,"531":0,"532":0,"533":0,"534":0,"535":0,"536":0,"537":0,"538":0,"539":0,"540":0,"541":0,"542":0,"543":0,"544":0,"545":0,"546":0,"547":0,"548":0,"549":0,"550":0,"551":1},"f":{"0":209,"1":209,"2":0,"3":0,"4":0,"5":0,"6":0,"7":0,"8":0,"9":3,"10":2,"11":0,"12":0,"13":0,"14":0,"15":0,"16":0,"17":0,"18":0,"19":0,"20":0,"21":0,"22":0,"23":0,"24":0,"25":0,"26":0,"27":0,"28":3,"29":0,"30":0,"31":0,"32":0,"33":0,"34":2,"35":0,"36":0,"37":0,"38":0,"39":0,"40":0,"41":0,"42":0,"43":0,"44":0,"45":0,"46":0},"b":{"0":[0,209],"1":[0,209],"2":[0,0],"3":[0,0],"4":[0,0],"5":[0,0],"6":[0,0],"7":[0,0],"8":[0,0],"9":[0,0],"10":[0,0],"11":[0,0],"12":[0,0],"13":[0,0],"14":[0,0],"15":[0,0],"16":[0,0],"17":[0,0],"18":[0,0],"19":[0,0],"20":[0,0],"21":[0,0],"22":[0,0],"23":[0,0],"24":[0,0],"25":[0,0],"26":[0,0],"27":[0,0],"28":[0,0],"29":[0,0],"30":[0,3],"31":[0,3],"32":[0,3],"33":[2,1],"34":[0,2],"35":[1,0],"36":[1,1],"37":[0,2],"38":[0,2],"39":[0,2],"40":[0,2],"41":[0,2],"42":[1,1],"43":[2,1],"44":[0,1],"45":[0,0],"46":[0,0],"47":[0,0],"48":[0,0],"49":[0,0],"50":[0,0],"51":[0,0],"52":[0,0],"53":[0,0],"54":[0,0],"55":[0,0],"56":[0,0],"57":[0,0],"58":[0,0],"59":[0,0],"60":[0,0],"61":[0,0],"62":[0,0,0],"63":[0,0],"64":[0,0],"65":[0,0],"66":[0,0],"67":[0,0],"68":[0,0,0],"69":[0,0],"70":[0,0],"71":[0,0],"72":[0,0],"73":[0,0],"74":[0,0,0],"75":[0,0],"76":[0,0],"77":[0,0],"78":[0,0],"79":[0,0],"80":[0,0],"81":[0,0],"82":[0,0],"83":[0,0],"84":[0,0,0],"85":[0,0],"86":[0,0],"87":[0,0],"88":[0,0],"89":[0,0],"90":[0,0],"91":[0,0],"92":[0,0],"93":[0,0],"94":[0,0],"95":[0,0],"96":[0,0],"97":[0,0],"98":[0,0],"99":[0,0],"100":[0,0],"101":[0,0],"102":[0,0],"103":[0,0],"104":[0,0],"105":[0,0],"106":[0,0],"107":[0,0],"108":[0,0],"109":[0,0],"110":[0,0],"111":[0,0],"112":[0,0],"113":[0,0],"114":[0,0],"115":[0,0],"116":[0,0],"117":[0,0],"118":[0,0],"119":[0,0],"120":[0,0],"121":[0,0],"122":[0,0],"123":[0,0],"124":[0,0],"125":[0,0],"126":[0,0],"127":[0,2],"128":[0,2],"129":[0,2],"130":[0,2],"131":[0,0],"132":[0,0],"133":[0,0],"134":[0,0],"135":[0,0],"136":[0,0],"137":[0,0],"138":[0,0],"139":[0,0],"140":[0,0],"141":[0,0],"142":[0,0],"143":[0,0],"144":[0,0],"145":[0,0],"146":[0,0],"147":[0,0],"148":[0,0],"149":[0,0],"150":[0,0],"151":[0,0],"152":[0,0],"153":[0,0],"154":[0,0],"155":[0,0],"156":[0,0],"157":[0,0],"158":[0,0],"159":[0,0],"160":[0,0],"161":[0,0],"162":[0,0],"163":[0,0],"164":[0,0]},"_coverageSchema":"1a1c01bbd47fc00a2c39e90264f33305004495a9","hash":"f6bbb50b2c4c2b9141f0d74dfd42526543f70b29"}
,"F:\\softwareEng\\Marioplex-Backend\\tests\\db-handler.js": {"path":"F:\\softwareEng\\Marioplex-Backend\\tests\\db-handler.js","statementMap":{"0":{"start":{"line":1,"column":17},"end":{"line":1,"column":36}},"1":{"start":{"line":2,"column":30},"end":{"line":2,"column":62}},"2":{"start":{"line":4,"column":15},"end":{"line":4,"column":38}},"3":{"start":{"line":9,"column":0},"end":{"line":20,"column":2}},"4":{"start":{"line":10,"column":16},"end":{"line":10,"column":50}},"5":{"start":{"line":12,"column":25},"end":{"line":17,"column":5}},"6":{"start":{"line":19,"column":4},"end":{"line":19,"column":46}},"7":{"start":{"line":25,"column":0},"end":{"line":29,"column":2}},"8":{"start":{"line":26,"column":4},"end":{"line":26,"column":45}},"9":{"start":{"line":27,"column":4},"end":{"line":27,"column":38}},"10":{"start":{"line":28,"column":4},"end":{"line":28,"column":24}},"11":{"start":{"line":34,"column":0},"end":{"line":41,"column":2}},"12":{"start":{"line":35,"column":24},"end":{"line":35,"column":55}},"13":{"start":{"line":37,"column":4},"end":{"line":40,"column":5}},"14":{"start":{"line":38,"column":27},"end":{"line":38,"column":43}},"15":{"start":{"line":39,"column":8},"end":{"line":39,"column":38}}},"fnMap":{"0":{"name":"(anonymous_0)","decl":{"start":{"line":9,"column":25},"end":{"line":9,"column":26}},"loc":{"start":{"line":9,"column":37},"end":{"line":20,"column":1}},"line":9},"1":{"name":"(anonymous_1)","decl":{"start":{"line":25,"column":31},"end":{"line":25,"column":32}},"loc":{"start":{"line":25,"column":43},"end":{"line":29,"column":1}},"line":25},"2":{"name":"(anonymous_2)","decl":{"start":{"line":34,"column":31},"end":{"line":34,"column":32}},"loc":{"start":{"line":34,"column":43},"end":{"line":41,"column":1}},"line":34}},"branchMap":{},"s":{"0":1,"1":1,"2":1,"3":1,"4":1,"5":1,"6":1,"7":1,"8":1,"9":1,"10":1,"11":1,"12":1,"13":1,"14":6,"15":6},"f":{"0":1,"1":1,"2":1},"b":{},"_coverageSchema":"1a1c01bbd47fc00a2c39e90264f33305004495a9","hash":"d0a2b61c09aadb2fad80b8ff31c0c70d499234cb"}
,"F:\\softwareEng\\Marioplex-Backend\\validation\\mongoose-objectid.js": {"path":"F:\\softwareEng\\Marioplex-Backend\\validation\\mongoose-objectid.js","statementMap":{"0":{"start":{"line":1,"column":17},"end":{"line":1,"column":51}},"1":{"start":{"line":3,"column":4},"end":{"line":6,"column":5}},"2":{"start":{"line":4,"column":8},"end":{"line":4,"column":37}},"3":{"start":{"line":4,"column":28},"end":{"line":4,"column":37}},"4":{"start":{"line":5,"column":8},"end":{"line":5,"column":43}},"5":{"start":{"line":5,"column":34},"end":{"line":5,"column":43}},"6":{"start":{"line":7,"column":4},"end":{"line":7,"column":13}},"7":{"start":{"line":10,"column":0},"end":{"line":10,"column":32}}},"fnMap":{"0":{"name":"checkMongooseID","decl":{"start":{"line":2,"column":9},"end":{"line":2,"column":24}},"loc":{"start":{"line":2,"column":29},"end":{"line":8,"column":1}},"line":2}},"branchMap":{"0":{"loc":{"start":{"line":4,"column":8},"end":{"line":4,"column":37}},"type":"if","locations":[{"start":{"line":4,"column":8},"end":{"line":4,"column":37}},{"start":{"line":4,"column":8},"end":{"line":4,"column":37}}],"line":4},"1":{"loc":{"start":{"line":5,"column":8},"end":{"line":5,"column":43}},"type":"if","locations":[{"start":{"line":5,"column":8},"end":{"line":5,"column":43}},{"start":{"line":5,"column":8},"end":{"line":5,"column":43}}],"line":5}},"s":{"0":1,"1":1119,"2":1152,"3":0,"4":1152,"5":16,"6":1103,"7":1},"f":{"0":1119},"b":{"0":[0,1152],"1":[16,1136]},"_coverageSchema":"1a1c01bbd47fc00a2c39e90264f33305004495a9","hash":"9be7b1cd66e9715986d5ef6f8c5a013a1f418a7d"}
}
