{"D:\\aya\\ayas2\\software-project\\Marioplex-Backend\\db-connection\\connection.js": {"path":"D:\\aya\\ayas2\\software-project\\Marioplex-Backend\\db-connection\\connection.js","statementMap":{"0":{"start":{"line":3,"column":17},"end":{"line":3,"column":36}},"1":{"start":{"line":4,"column":0},"end":{"line":4,"column":34}},"2":{"start":{"line":5,"column":16},"end":{"line":5,"column":39}},"3":{"start":{"line":6,"column":15},"end":{"line":6,"column":32}},"4":{"start":{"line":7,"column":13},"end":{"line":7,"column":37}},"5":{"start":{"line":8,"column":11},"end":{"line":8,"column":24}},"6":{"start":{"line":10,"column":0},"end":{"line":10,"column":29}},"7":{"start":{"line":11,"column":0},"end":{"line":11,"column":29}},"8":{"start":{"line":13,"column":0},"end":{"line":55,"column":2}},"9":{"start":{"line":15,"column":4},"end":{"line":53,"column":67}},"10":{"start":{"line":16,"column":8},"end":{"line":16,"column":138}},"11":{"start":{"line":18,"column":8},"end":{"line":52,"column":11}},"12":{"start":{"line":19,"column":12},"end":{"line":19,"column":73}},"13":{"start":{"line":20,"column":12},"end":{"line":20,"column":73}},"14":{"start":{"line":23,"column":12},"end":{"line":23,"column":43}},"15":{"start":{"line":24,"column":12},"end":{"line":24,"column":43}},"16":{"start":{"line":26,"column":12},"end":{"line":26,"column":79}},"17":{"start":{"line":29,"column":12},"end":{"line":48,"column":15}},"18":{"start":{"line":30,"column":16},"end":{"line":47,"column":17}},"19":{"start":{"line":31,"column":20},"end":{"line":31,"column":52}},"20":{"start":{"line":33,"column":38},"end":{"line":39,"column":22}},"21":{"start":{"line":40,"column":20},"end":{"line":40,"column":83}},"22":{"start":{"line":42,"column":20},"end":{"line":46,"column":25}},"23":{"start":{"line":44,"column":24},"end":{"line":44,"column":42}},"24":{"start":{"line":51,"column":12},"end":{"line":51,"column":58}},"25":{"start":{"line":53,"column":11},"end":{"line":53,"column":67}}},"fnMap":{"0":{"name":"(anonymous_0)","decl":{"start":{"line":13,"column":17},"end":{"line":13,"column":18}},"loc":{"start":{"line":13,"column":31},"end":{"line":55,"column":1}},"line":13},"1":{"name":"(anonymous_1)","decl":{"start":{"line":18,"column":41},"end":{"line":18,"column":42}},"loc":{"start":{"line":18,"column":47},"end":{"line":50,"column":9}},"line":18},"2":{"name":"(anonymous_2)","decl":{"start":{"line":29,"column":73},"end":{"line":29,"column":74}},"loc":{"start":{"line":29,"column":93},"end":{"line":48,"column":13}},"line":29},"3":{"name":"(anonymous_3)","decl":{"start":{"line":42,"column":44},"end":{"line":42,"column":45}},"loc":{"start":{"line":42,"column":60},"end":{"line":46,"column":23}},"line":42},"4":{"name":"(anonymous_4)","decl":{"start":{"line":50,"column":23},"end":{"line":50,"column":24}},"loc":{"start":{"line":50,"column":39},"end":{"line":52,"column":9}},"line":50}},"branchMap":{"0":{"loc":{"start":{"line":15,"column":4},"end":{"line":53,"column":67}},"type":"if","locations":[{"start":{"line":15,"column":4},"end":{"line":53,"column":67}},{"start":{"line":15,"column":4},"end":{"line":53,"column":67}}],"line":15},"1":{"loc":{"start":{"line":30,"column":16},"end":{"line":47,"column":17}},"type":"if","locations":[{"start":{"line":30,"column":16},"end":{"line":47,"column":17}},{"start":{"line":30,"column":16},"end":{"line":47,"column":17}}],"line":30},"2":{"loc":{"start":{"line":30,"column":19},"end":{"line":30,"column":31}},"type":"binary-expr","locations":[{"start":{"line":30,"column":19},"end":{"line":30,"column":22}},{"start":{"line":30,"column":26},"end":{"line":30,"column":31}}],"line":30}},"s":{"0":7,"1":7,"2":7,"3":7,"4":7,"5":7,"6":7,"7":7,"8":7,"9":0,"10":0,"11":0,"12":0,"13":0,"14":0,"15":0,"16":0,"17":0,"18":0,"19":0,"20":0,"21":0,"22":0,"23":0,"24":0,"25":0},"f":{"0":0,"1":0,"2":0,"3":0,"4":0},"b":{"0":[0,0],"1":[0,0],"2":[0,0]},"_coverageSchema":"1a1c01bbd47fc00a2c39e90264f33305004495a9","hash":"840f94e3575b3ef033ac0321418579f310669ddf"}
,"D:\\aya\\ayas2\\software-project\\Marioplex-Backend\\middlewares\\limitOffset.js": {"path":"D:\\aya\\ayas2\\software-project\\Marioplex-Backend\\middlewares\\limitOffset.js","statementMap":{"0":{"start":{"line":3,"column":16},"end":{"line":3,"column":17}},"1":{"start":{"line":4,"column":14},"end":{"line":4,"column":35}},"2":{"start":{"line":5,"column":4},"end":{"line":9,"column":5}},"3":{"start":{"line":6,"column":8},"end":{"line":8,"column":9}},"4":{"start":{"line":7,"column":12},"end":{"line":7,"column":27}},"5":{"start":{"line":10,"column":4},"end":{"line":19,"column":5}},"6":{"start":{"line":11,"column":8},"end":{"line":13,"column":9}},"7":{"start":{"line":12,"column":12},"end":{"line":12,"column":32}},"8":{"start":{"line":15,"column":8},"end":{"line":15,"column":75}},"9":{"start":{"line":16,"column":8},"end":{"line":18,"column":9}},"10":{"start":{"line":17,"column":12},"end":{"line":17,"column":32}},"11":{"start":{"line":20,"column":4},"end":{"line":20,"column":37}},"12":{"start":{"line":21,"column":4},"end":{"line":21,"column":26}},"13":{"start":{"line":23,"column":0},"end":{"line":23,"column":27}}},"fnMap":{"0":{"name":"limitOffset","decl":{"start":{"line":1,"column":9},"end":{"line":1,"column":20}},"loc":{"start":{"line":1,"column":52},"end":{"line":22,"column":1}},"line":1}},"branchMap":{"0":{"loc":{"start":{"line":5,"column":4},"end":{"line":9,"column":5}},"type":"if","locations":[{"start":{"line":5,"column":4},"end":{"line":9,"column":5}},{"start":{"line":5,"column":4},"end":{"line":9,"column":5}}],"line":5},"1":{"loc":{"start":{"line":6,"column":8},"end":{"line":8,"column":9}},"type":"if","locations":[{"start":{"line":6,"column":8},"end":{"line":8,"column":9}},{"start":{"line":6,"column":8},"end":{"line":8,"column":9}}],"line":6},"2":{"loc":{"start":{"line":6,"column":12},"end":{"line":6,"column":58}},"type":"binary-expr","locations":[{"start":{"line":6,"column":12},"end":{"line":6,"column":23}},{"start":{"line":6,"column":27},"end":{"line":6,"column":58}}],"line":6},"3":{"loc":{"start":{"line":10,"column":4},"end":{"line":19,"column":5}},"type":"if","locations":[{"start":{"line":10,"column":4},"end":{"line":19,"column":5}},{"start":{"line":10,"column":4},"end":{"line":19,"column":5}}],"line":10},"4":{"loc":{"start":{"line":11,"column":8},"end":{"line":13,"column":9}},"type":"if","locations":[{"start":{"line":11,"column":8},"end":{"line":13,"column":9}},{"start":{"line":11,"column":8},"end":{"line":13,"column":9}}],"line":11},"5":{"loc":{"start":{"line":11,"column":12},"end":{"line":11,"column":75}},"type":"binary-expr","locations":[{"start":{"line":11,"column":12},"end":{"line":11,"column":31}},{"start":{"line":11,"column":35},"end":{"line":11,"column":75}}],"line":11},"6":{"loc":{"start":{"line":15,"column":16},"end":{"line":15,"column":74}},"type":"cond-expr","locations":[{"start":{"line":15,"column":44},"end":{"line":15,"column":69}},{"start":{"line":15,"column":72},"end":{"line":15,"column":74}}],"line":15},"7":{"loc":{"start":{"line":16,"column":8},"end":{"line":18,"column":9}},"type":"if","locations":[{"start":{"line":16,"column":8},"end":{"line":18,"column":9}},{"start":{"line":16,"column":8},"end":{"line":18,"column":9}}],"line":16},"8":{"loc":{"start":{"line":16,"column":12},"end":{"line":16,"column":75}},"type":"binary-expr","locations":[{"start":{"line":16,"column":12},"end":{"line":16,"column":31}},{"start":{"line":16,"column":35},"end":{"line":16,"column":75}}],"line":16}},"s":{"0":25,"1":25,"2":25,"3":0,"4":0,"5":25,"6":0,"7":0,"8":25,"9":25,"10":0,"11":25,"12":25,"13":1},"f":{"0":25},"b":{"0":[0,25],"1":[0,0],"2":[0,0],"3":[0,25],"4":[0,0],"5":[0,0],"6":[0,25],"7":[0,25],"8":[25,25]},"_coverageSchema":"1a1c01bbd47fc00a2c39e90264f33305004495a9","hash":"9c541ff3607a0c313ec90be9145f88d6c0001cb2"}
,"D:\\aya\\ayas2\\software-project\\Marioplex-Backend\\models\\db.js": {"path":"D:\\aya\\ayas2\\software-project\\Marioplex-Backend\\models\\db.js","statementMap":{"0":{"start":{"line":1,"column":17},"end":{"line":1,"column":36}},"1":{"start":{"line":2,"column":15},"end":{"line":2,"column":30}},"2":{"start":{"line":3,"column":14},"end":{"line":7,"column":2}},"3":{"start":{"line":10,"column":14},"end":{"line":43,"column":2}},"4":{"start":{"line":45,"column":17},"end":{"line":58,"column":2}},"5":{"start":{"line":60,"column":14},"end":{"line":77,"column":2}},"6":{"start":{"line":79,"column":17},"end":{"line":83,"column":2}},"7":{"start":{"line":86,"column":13},"end":{"line":193,"column":2}},"8":{"start":{"line":195,"column":15},"end":{"line":220,"column":2}},"9":{"start":{"line":222,"column":13},"end":{"line":222,"column":41}},"10":{"start":{"line":223,"column":15},"end":{"line":223,"column":47}},"11":{"start":{"line":224,"column":14},"end":{"line":224,"column":44}},"12":{"start":{"line":225,"column":14},"end":{"line":225,"column":44}},"13":{"start":{"line":226,"column":17},"end":{"line":226,"column":53}},"14":{"start":{"line":227,"column":17},"end":{"line":227,"column":53}},"15":{"start":{"line":230,"column":0},"end":{"line":230,"column":67}}},"fnMap":{},"branchMap":{},"s":{"0":7,"1":7,"2":7,"3":7,"4":7,"5":7,"6":7,"7":7,"8":7,"9":7,"10":7,"11":7,"12":7,"13":7,"14":7,"15":7},"f":{},"b":{},"_coverageSchema":"1a1c01bbd47fc00a2c39e90264f33305004495a9","hash":"9da2076229a386b4efb9e01bc7466055bcf1eb48"}
,"D:\\aya\\ayas2\\software-project\\Marioplex-Backend\\source\\album-api.js": {"path":"D:\\aya\\ayas2\\software-project\\Marioplex-Backend\\source\\album-api.js","statementMap":{"0":{"start":{"line":1,"column":155},"end":{"line":1,"column":178}},"1":{"start":{"line":5,"column":19},"end":{"line":5,"column":57}},"2":{"start":{"line":6,"column":14},"end":{"line":6,"column":36}},"3":{"start":{"line":7,"column":15},"end":{"line":7,"column":38}},"4":{"start":{"line":8,"column":29},"end":{"line":8,"column":71}},"5":{"start":{"line":10,"column":14},"end":{"line":366,"column":1}},"6":{"start":{"line":18,"column":8},"end":{"line":18,"column":55}},"7":{"start":{"line":18,"column":46},"end":{"line":18,"column":55}},"8":{"start":{"line":19,"column":22},"end":{"line":19,"column":59}},"9":{"start":{"line":20,"column":8},"end":{"line":27,"column":9}},"10":{"start":{"line":21,"column":12},"end":{"line":21,"column":55}},"11":{"start":{"line":21,"column":34},"end":{"line":21,"column":55}},"12":{"start":{"line":22,"column":12},"end":{"line":24,"column":15}},"13":{"start":{"line":25,"column":12},"end":{"line":25,"column":31}},"14":{"start":{"line":26,"column":12},"end":{"line":26,"column":21}},"15":{"start":{"line":28,"column":8},"end":{"line":28,"column":17}},"16":{"start":{"line":39,"column":8},"end":{"line":39,"column":55}},"17":{"start":{"line":39,"column":46},"end":{"line":39,"column":55}},"18":{"start":{"line":40,"column":20},"end":{"line":43,"column":10}},"19":{"start":{"line":41,"column":12},"end":{"line":41,"column":30}},"20":{"start":{"line":41,"column":21},"end":{"line":41,"column":30}},"21":{"start":{"line":42,"column":12},"end":{"line":42,"column":25}},"22":{"start":{"line":44,"column":8},"end":{"line":44,"column":21}},"23":{"start":{"line":55,"column":8},"end":{"line":55,"column":55}},"24":{"start":{"line":55,"column":46},"end":{"line":55,"column":55}},"25":{"start":{"line":56,"column":24},"end":{"line":56,"column":59}},"26":{"start":{"line":57,"column":8},"end":{"line":57,"column":31}},"27":{"start":{"line":57,"column":22},"end":{"line":57,"column":31}},"28":{"start":{"line":58,"column":8},"end":{"line":58,"column":72}},"29":{"start":{"line":58,"column":63},"end":{"line":58,"column":72}},"30":{"start":{"line":59,"column":22},"end":{"line":59,"column":54}},"31":{"start":{"line":60,"column":8},"end":{"line":60,"column":29}},"32":{"start":{"line":60,"column":20},"end":{"line":60,"column":29}},"33":{"start":{"line":61,"column":8},"end":{"line":65,"column":9}},"34":{"start":{"line":62,"column":12},"end":{"line":64,"column":13}},"35":{"start":{"line":62,"column":25},"end":{"line":62,"column":26}},"36":{"start":{"line":63,"column":16},"end":{"line":63,"column":76}},"37":{"start":{"line":66,"column":8},"end":{"line":66,"column":89}},"38":{"start":{"line":69,"column":8},"end":{"line":69,"column":70}},"39":{"start":{"line":69,"column":61},"end":{"line":69,"column":70}},"40":{"start":{"line":70,"column":8},"end":{"line":89,"column":11}},"41":{"start":{"line":71,"column":12},"end":{"line":71,"column":30}},"42":{"start":{"line":71,"column":21},"end":{"line":71,"column":30}},"43":{"start":{"line":72,"column":12},"end":{"line":88,"column":13}},"44":{"start":{"line":73,"column":16},"end":{"line":75,"column":17}},"45":{"start":{"line":74,"column":20},"end":{"line":74,"column":94}},"46":{"start":{"line":76,"column":16},"end":{"line":80,"column":17}},"47":{"start":{"line":77,"column":20},"end":{"line":79,"column":61}},"48":{"start":{"line":77,"column":33},"end":{"line":77,"column":34}},"49":{"start":{"line":78,"column":24},"end":{"line":79,"column":61}},"50":{"start":{"line":79,"column":28},"end":{"line":79,"column":61}},"51":{"start":{"line":81,"column":16},"end":{"line":86,"column":17}},"52":{"start":{"line":83,"column":20},"end":{"line":85,"column":58}},"53":{"start":{"line":83,"column":33},"end":{"line":83,"column":34}},"54":{"start":{"line":84,"column":24},"end":{"line":85,"column":58}},"55":{"start":{"line":85,"column":28},"end":{"line":85,"column":58}},"56":{"start":{"line":87,"column":16},"end":{"line":87,"column":34}},"57":{"start":{"line":91,"column":8},"end":{"line":91,"column":17}},"58":{"start":{"line":99,"column":23},"end":{"line":99,"column":25}},"59":{"start":{"line":100,"column":23},"end":{"line":100,"column":72}},"60":{"start":{"line":101,"column":8},"end":{"line":110,"column":9}},"61":{"start":{"line":103,"column":12},"end":{"line":104,"column":84}},"62":{"start":{"line":103,"column":92},"end":{"line":103,"column":114}},"63":{"start":{"line":104,"column":17},"end":{"line":104,"column":84}},"64":{"start":{"line":106,"column":12},"end":{"line":109,"column":13}},"65":{"start":{"line":106,"column":25},"end":{"line":106,"column":26}},"66":{"start":{"line":107,"column":32},"end":{"line":107,"column":74}},"67":{"start":{"line":108,"column":16},"end":{"line":108,"column":268}},"68":{"start":{"line":111,"column":29},"end":{"line":111,"column":49}},"69":{"start":{"line":112,"column":8},"end":{"line":112,"column":28}},"70":{"start":{"line":120,"column":23},"end":{"line":120,"column":25}},"71":{"start":{"line":121,"column":23},"end":{"line":121,"column":71}},"72":{"start":{"line":122,"column":8},"end":{"line":132,"column":9}},"73":{"start":{"line":124,"column":12},"end":{"line":125,"column":84}},"74":{"start":{"line":124,"column":92},"end":{"line":124,"column":114}},"75":{"start":{"line":125,"column":17},"end":{"line":125,"column":84}},"76":{"start":{"line":126,"column":12},"end":{"line":131,"column":13}},"77":{"start":{"line":126,"column":25},"end":{"line":126,"column":26}},"78":{"start":{"line":127,"column":16},"end":{"line":130,"column":17}},"79":{"start":{"line":128,"column":36},"end":{"line":128,"column":78}},"80":{"start":{"line":129,"column":20},"end":{"line":129,"column":272}},"81":{"start":{"line":133,"column":29},"end":{"line":133,"column":49}},"82":{"start":{"line":134,"column":8},"end":{"line":134,"column":28}},"83":{"start":{"line":146,"column":8},"end":{"line":146,"column":63}},"84":{"start":{"line":146,"column":54},"end":{"line":146,"column":63}},"85":{"start":{"line":147,"column":20},"end":{"line":147,"column":52}},"86":{"start":{"line":148,"column":24},"end":{"line":148,"column":26}},"87":{"start":{"line":149,"column":19},"end":{"line":149,"column":54}},"88":{"start":{"line":150,"column":8},"end":{"line":160,"column":9}},"89":{"start":{"line":151,"column":12},"end":{"line":159,"column":13}},"90":{"start":{"line":152,"column":30},"end":{"line":152,"column":76}},"91":{"start":{"line":153,"column":16},"end":{"line":157,"column":17}},"92":{"start":{"line":154,"column":20},"end":{"line":154,"column":48}},"93":{"start":{"line":156,"column":20},"end":{"line":156,"column":49}},"94":{"start":{"line":162,"column":8},"end":{"line":182,"column":9}},"95":{"start":{"line":163,"column":29},"end":{"line":163,"column":67}},"96":{"start":{"line":164,"column":24},"end":{"line":164,"column":72}},"97":{"start":{"line":165,"column":12},"end":{"line":165,"column":41}},"98":{"start":{"line":166,"column":12},"end":{"line":166,"column":43}},"99":{"start":{"line":167,"column":12},"end":{"line":167,"column":47}},"100":{"start":{"line":168,"column":12},"end":{"line":171,"column":13}},"101":{"start":{"line":169,"column":16},"end":{"line":169,"column":55}},"102":{"start":{"line":170,"column":16},"end":{"line":170,"column":58}},"103":{"start":{"line":172,"column":12},"end":{"line":177,"column":13}},"104":{"start":{"line":173,"column":16},"end":{"line":173,"column":43}},"105":{"start":{"line":176,"column":16},"end":{"line":176,"column":39}},"106":{"start":{"line":178,"column":12},"end":{"line":178,"column":29}},"107":{"start":{"line":181,"column":12},"end":{"line":181,"column":21}},"108":{"start":{"line":196,"column":8},"end":{"line":196,"column":56}},"109":{"start":{"line":196,"column":46},"end":{"line":196,"column":56}},"110":{"start":{"line":197,"column":8},"end":{"line":197,"column":51}},"111":{"start":{"line":197,"column":30},"end":{"line":197,"column":51}},"112":{"start":{"line":198,"column":8},"end":{"line":200,"column":9}},"113":{"start":{"line":198,"column":21},"end":{"line":198,"column":22}},"114":{"start":{"line":199,"column":12},"end":{"line":199,"column":80}},"115":{"start":{"line":199,"column":71},"end":{"line":199,"column":80}},"116":{"start":{"line":201,"column":8},"end":{"line":201,"column":17}},"117":{"start":{"line":214,"column":21},"end":{"line":214,"column":23}},"118":{"start":{"line":215,"column":8},"end":{"line":215,"column":44}},"119":{"start":{"line":215,"column":35},"end":{"line":215,"column":44}},"120":{"start":{"line":216,"column":8},"end":{"line":216,"column":54}},"121":{"start":{"line":216,"column":45},"end":{"line":216,"column":54}},"122":{"start":{"line":217,"column":8},"end":{"line":222,"column":9}},"123":{"start":{"line":217,"column":21},"end":{"line":217,"column":22}},"124":{"start":{"line":218,"column":24},"end":{"line":218,"column":60}},"125":{"start":{"line":219,"column":12},"end":{"line":221,"column":13}},"126":{"start":{"line":220,"column":16},"end":{"line":220,"column":34}},"127":{"start":{"line":223,"column":8},"end":{"line":233,"column":24}},"128":{"start":{"line":224,"column":12},"end":{"line":224,"column":32}},"129":{"start":{"line":225,"column":12},"end":{"line":230,"column":13}},"130":{"start":{"line":225,"column":25},"end":{"line":225,"column":26}},"131":{"start":{"line":226,"column":29},"end":{"line":226,"column":71}},"132":{"start":{"line":227,"column":16},"end":{"line":229,"column":17}},"133":{"start":{"line":228,"column":20},"end":{"line":228,"column":79}},"134":{"start":{"line":231,"column":12},"end":{"line":231,"column":35}},"135":{"start":{"line":233,"column":15},"end":{"line":233,"column":24}},"136":{"start":{"line":246,"column":8},"end":{"line":246,"column":55}},"137":{"start":{"line":246,"column":46},"end":{"line":246,"column":55}},"138":{"start":{"line":247,"column":27},"end":{"line":247,"column":29}},"139":{"start":{"line":248,"column":22},"end":{"line":248,"column":54}},"140":{"start":{"line":249,"column":8},"end":{"line":269,"column":9}},"141":{"start":{"line":250,"column":12},"end":{"line":250,"column":21}},"142":{"start":{"line":252,"column":12},"end":{"line":252,"column":55}},"143":{"start":{"line":252,"column":34},"end":{"line":252,"column":55}},"144":{"start":{"line":253,"column":12},"end":{"line":268,"column":13}},"145":{"start":{"line":254,"column":16},"end":{"line":254,"column":58}},"146":{"start":{"line":254,"column":49},"end":{"line":254,"column":58}},"147":{"start":{"line":255,"column":32},"end":{"line":255,"column":86}},"148":{"start":{"line":256,"column":16},"end":{"line":267,"column":17}},"149":{"start":{"line":257,"column":33},"end":{"line":257,"column":35}},"150":{"start":{"line":258,"column":20},"end":{"line":258,"column":50}},"151":{"start":{"line":259,"column":20},"end":{"line":259,"column":52}},"152":{"start":{"line":260,"column":20},"end":{"line":260,"column":56}},"153":{"start":{"line":261,"column":20},"end":{"line":263,"column":21}},"154":{"start":{"line":262,"column":24},"end":{"line":262,"column":98}},"155":{"start":{"line":264,"column":20},"end":{"line":264,"column":60}},"156":{"start":{"line":265,"column":20},"end":{"line":265,"column":60}},"157":{"start":{"line":266,"column":20},"end":{"line":266,"column":44}},"158":{"start":{"line":270,"column":8},"end":{"line":272,"column":9}},"159":{"start":{"line":271,"column":12},"end":{"line":271,"column":21}},"160":{"start":{"line":273,"column":8},"end":{"line":273,"column":26}},"161":{"start":{"line":284,"column":8},"end":{"line":284,"column":55}},"162":{"start":{"line":284,"column":46},"end":{"line":284,"column":55}},"163":{"start":{"line":285,"column":32},"end":{"line":285,"column":46}},"164":{"start":{"line":287,"column":8},"end":{"line":289,"column":9}},"165":{"start":{"line":288,"column":12},"end":{"line":288,"column":91}},"166":{"start":{"line":288,"column":49},"end":{"line":288,"column":89}},"167":{"start":{"line":290,"column":8},"end":{"line":290,"column":17}},"168":{"start":{"line":303,"column":8},"end":{"line":303,"column":43}},"169":{"start":{"line":303,"column":34},"end":{"line":303,"column":43}},"170":{"start":{"line":304,"column":8},"end":{"line":304,"column":53}},"171":{"start":{"line":304,"column":44},"end":{"line":304,"column":53}},"172":{"start":{"line":305,"column":21},"end":{"line":305,"column":23}},"173":{"start":{"line":306,"column":8},"end":{"line":311,"column":9}},"174":{"start":{"line":306,"column":21},"end":{"line":306,"column":22}},"175":{"start":{"line":307,"column":24},"end":{"line":307,"column":59}},"176":{"start":{"line":308,"column":12},"end":{"line":310,"column":13}},"177":{"start":{"line":309,"column":16},"end":{"line":309,"column":40}},"178":{"start":{"line":312,"column":8},"end":{"line":312,"column":45}},"179":{"start":{"line":312,"column":34},"end":{"line":312,"column":43}},"180":{"start":{"line":313,"column":20},"end":{"line":313,"column":21}},"181":{"start":{"line":314,"column":8},"end":{"line":331,"column":9}},"182":{"start":{"line":314,"column":21},"end":{"line":314,"column":22}},"183":{"start":{"line":315,"column":12},"end":{"line":330,"column":31}},"184":{"start":{"line":316,"column":16},"end":{"line":329,"column":17}},"185":{"start":{"line":317,"column":20},"end":{"line":320,"column":23}},"186":{"start":{"line":321,"column":20},"end":{"line":321,"column":38}},"187":{"start":{"line":323,"column":20},"end":{"line":323,"column":40}},"188":{"start":{"line":324,"column":20},"end":{"line":327,"column":23}},"189":{"start":{"line":328,"column":20},"end":{"line":328,"column":38}},"190":{"start":{"line":330,"column":21},"end":{"line":330,"column":29}},"191":{"start":{"line":332,"column":8},"end":{"line":334,"column":9}},"192":{"start":{"line":333,"column":12},"end":{"line":333,"column":21}},"193":{"start":{"line":335,"column":8},"end":{"line":335,"column":17}},"194":{"start":{"line":346,"column":20},"end":{"line":346,"column":25}},"195":{"start":{"line":347,"column":8},"end":{"line":347,"column":43}},"196":{"start":{"line":347,"column":34},"end":{"line":347,"column":43}},"197":{"start":{"line":348,"column":8},"end":{"line":348,"column":53}},"198":{"start":{"line":348,"column":44},"end":{"line":348,"column":53}},"199":{"start":{"line":349,"column":8},"end":{"line":363,"column":9}},"200":{"start":{"line":349,"column":21},"end":{"line":349,"column":22}},"201":{"start":{"line":350,"column":12},"end":{"line":362,"column":13}},"202":{"start":{"line":351,"column":16},"end":{"line":351,"column":29}},"203":{"start":{"line":352,"column":16},"end":{"line":356,"column":17}},"204":{"start":{"line":352,"column":29},"end":{"line":352,"column":30}},"205":{"start":{"line":353,"column":20},"end":{"line":355,"column":21}},"206":{"start":{"line":354,"column":24},"end":{"line":354,"column":52}},"207":{"start":{"line":357,"column":16},"end":{"line":357,"column":42}},"208":{"start":{"line":359,"column":16},"end":{"line":361,"column":17}},"209":{"start":{"line":360,"column":20},"end":{"line":360,"column":29}},"210":{"start":{"line":364,"column":8},"end":{"line":364,"column":17}},"211":{"start":{"line":367,"column":0},"end":{"line":367,"column":23}}},"fnMap":{"0":{"name":"(anonymous_0)","decl":{"start":{"line":17,"column":14},"end":{"line":17,"column":15}},"loc":{"start":{"line":17,"column":45},"end":{"line":29,"column":5}},"line":17},"1":{"name":"(anonymous_1)","decl":{"start":{"line":35,"column":18},"end":{"line":35,"column":19}},"loc":{"start":{"line":35,"column":42},"end":{"line":47,"column":5}},"line":35},"2":{"name":"(anonymous_2)","decl":{"start":{"line":40,"column":58},"end":{"line":40,"column":59}},"loc":{"start":{"line":40,"column":74},"end":{"line":43,"column":9}},"line":40},"3":{"name":"(anonymous_3)","decl":{"start":{"line":54,"column":17},"end":{"line":54,"column":18}},"loc":{"start":{"line":54,"column":49},"end":{"line":92,"column":5}},"line":54},"4":{"name":"(anonymous_4)","decl":{"start":{"line":70,"column":36},"end":{"line":70,"column":37}},"loc":{"start":{"line":70,"column":57},"end":{"line":89,"column":9}},"line":70},"5":{"name":"(anonymous_5)","decl":{"start":{"line":97,"column":20},"end":{"line":97,"column":21}},"loc":{"start":{"line":97,"column":37},"end":{"line":113,"column":5}},"line":97},"6":{"name":"(anonymous_6)","decl":{"start":{"line":118,"column":22},"end":{"line":118,"column":23}},"loc":{"start":{"line":118,"column":39},"end":{"line":135,"column":5}},"line":118},"7":{"name":"(anonymous_7)","decl":{"start":{"line":142,"column":20},"end":{"line":142,"column":21}},"loc":{"start":{"line":142,"column":60},"end":{"line":186,"column":5}},"line":142},"8":{"name":"(anonymous_8)","decl":{"start":{"line":195,"column":29},"end":{"line":195,"column":30}},"loc":{"start":{"line":195,"column":60},"end":{"line":202,"column":5}},"line":195},"9":{"name":"(anonymous_9)","decl":{"start":{"line":209,"column":15},"end":{"line":209,"column":16}},"loc":{"start":{"line":209,"column":40},"end":{"line":234,"column":5}},"line":209},"10":{"name":"(anonymous_10)","decl":{"start":{"line":242,"column":20},"end":{"line":242,"column":21}},"loc":{"start":{"line":242,"column":58},"end":{"line":274,"column":5}},"line":242},"11":{"name":"(anonymous_11)","decl":{"start":{"line":283,"column":26},"end":{"line":283,"column":27}},"loc":{"start":{"line":283,"column":50},"end":{"line":291,"column":5}},"line":283},"12":{"name":"(anonymous_12)","decl":{"start":{"line":288,"column":40},"end":{"line":288,"column":41}},"loc":{"start":{"line":288,"column":49},"end":{"line":288,"column":89}},"line":288},"13":{"name":"(anonymous_13)","decl":{"start":{"line":299,"column":15},"end":{"line":299,"column":16}},"loc":{"start":{"line":299,"column":45},"end":{"line":336,"column":5}},"line":299},"14":{"name":"(anonymous_14)","decl":{"start":{"line":342,"column":17},"end":{"line":342,"column":18}},"loc":{"start":{"line":342,"column":47},"end":{"line":365,"column":5}},"line":342}},"branchMap":{"0":{"loc":{"start":{"line":18,"column":8},"end":{"line":18,"column":55}},"type":"if","locations":[{"start":{"line":18,"column":8},"end":{"line":18,"column":55}},{"start":{"line":18,"column":8},"end":{"line":18,"column":55}}],"line":18},"1":{"loc":{"start":{"line":20,"column":8},"end":{"line":27,"column":9}},"type":"if","locations":[{"start":{"line":20,"column":8},"end":{"line":27,"column":9}},{"start":{"line":20,"column":8},"end":{"line":27,"column":9}}],"line":20},"2":{"loc":{"start":{"line":21,"column":12},"end":{"line":21,"column":55}},"type":"if","locations":[{"start":{"line":21,"column":12},"end":{"line":21,"column":55}},{"start":{"line":21,"column":12},"end":{"line":21,"column":55}}],"line":21},"3":{"loc":{"start":{"line":39,"column":8},"end":{"line":39,"column":55}},"type":"if","locations":[{"start":{"line":39,"column":8},"end":{"line":39,"column":55}},{"start":{"line":39,"column":8},"end":{"line":39,"column":55}}],"line":39},"4":{"loc":{"start":{"line":41,"column":12},"end":{"line":41,"column":30}},"type":"if","locations":[{"start":{"line":41,"column":12},"end":{"line":41,"column":30}},{"start":{"line":41,"column":12},"end":{"line":41,"column":30}}],"line":41},"5":{"loc":{"start":{"line":55,"column":8},"end":{"line":55,"column":55}},"type":"if","locations":[{"start":{"line":55,"column":8},"end":{"line":55,"column":55}},{"start":{"line":55,"column":8},"end":{"line":55,"column":55}}],"line":55},"6":{"loc":{"start":{"line":57,"column":8},"end":{"line":57,"column":31}},"type":"if","locations":[{"start":{"line":57,"column":8},"end":{"line":57,"column":31}},{"start":{"line":57,"column":8},"end":{"line":57,"column":31}}],"line":57},"7":{"loc":{"start":{"line":58,"column":8},"end":{"line":58,"column":72}},"type":"if","locations":[{"start":{"line":58,"column":8},"end":{"line":58,"column":72}},{"start":{"line":58,"column":8},"end":{"line":58,"column":72}}],"line":58},"8":{"loc":{"start":{"line":60,"column":8},"end":{"line":60,"column":29}},"type":"if","locations":[{"start":{"line":60,"column":8},"end":{"line":60,"column":29}},{"start":{"line":60,"column":8},"end":{"line":60,"column":29}}],"line":60},"9":{"loc":{"start":{"line":61,"column":8},"end":{"line":65,"column":9}},"type":"if","locations":[{"start":{"line":61,"column":8},"end":{"line":65,"column":9}},{"start":{"line":61,"column":8},"end":{"line":65,"column":9}}],"line":61},"10":{"loc":{"start":{"line":69,"column":8},"end":{"line":69,"column":70}},"type":"if","locations":[{"start":{"line":69,"column":8},"end":{"line":69,"column":70}},{"start":{"line":69,"column":8},"end":{"line":69,"column":70}}],"line":69},"11":{"loc":{"start":{"line":71,"column":12},"end":{"line":71,"column":30}},"type":"if","locations":[{"start":{"line":71,"column":12},"end":{"line":71,"column":30}},{"start":{"line":71,"column":12},"end":{"line":71,"column":30}}],"line":71},"12":{"loc":{"start":{"line":73,"column":16},"end":{"line":75,"column":17}},"type":"if","locations":[{"start":{"line":73,"column":16},"end":{"line":75,"column":17}},{"start":{"line":73,"column":16},"end":{"line":75,"column":17}}],"line":73},"13":{"loc":{"start":{"line":76,"column":16},"end":{"line":80,"column":17}},"type":"if","locations":[{"start":{"line":76,"column":16},"end":{"line":80,"column":17}},{"start":{"line":76,"column":16},"end":{"line":80,"column":17}}],"line":76},"14":{"loc":{"start":{"line":78,"column":24},"end":{"line":79,"column":61}},"type":"if","locations":[{"start":{"line":78,"column":24},"end":{"line":79,"column":61}},{"start":{"line":78,"column":24},"end":{"line":79,"column":61}}],"line":78},"15":{"loc":{"start":{"line":78,"column":28},"end":{"line":78,"column":128}},"type":"binary-expr","locations":[{"start":{"line":78,"column":28},"end":{"line":78,"column":80}},{"start":{"line":78,"column":84},"end":{"line":78,"column":128}}],"line":78},"16":{"loc":{"start":{"line":81,"column":16},"end":{"line":86,"column":17}},"type":"if","locations":[{"start":{"line":81,"column":16},"end":{"line":86,"column":17}},{"start":{"line":81,"column":16},"end":{"line":86,"column":17}}],"line":81},"17":{"loc":{"start":{"line":84,"column":24},"end":{"line":85,"column":58}},"type":"if","locations":[{"start":{"line":84,"column":24},"end":{"line":85,"column":58}},{"start":{"line":84,"column":24},"end":{"line":85,"column":58}}],"line":84},"18":{"loc":{"start":{"line":84,"column":28},"end":{"line":84,"column":128}},"type":"binary-expr","locations":[{"start":{"line":84,"column":28},"end":{"line":84,"column":83}},{"start":{"line":84,"column":87},"end":{"line":84,"column":128}}],"line":84},"19":{"loc":{"start":{"line":101,"column":8},"end":{"line":110,"column":9}},"type":"if","locations":[{"start":{"line":101,"column":8},"end":{"line":110,"column":9}},{"start":{"line":101,"column":8},"end":{"line":110,"column":9}}],"line":101},"20":{"loc":{"start":{"line":103,"column":12},"end":{"line":104,"column":84}},"type":"if","locations":[{"start":{"line":103,"column":12},"end":{"line":104,"column":84}},{"start":{"line":103,"column":12},"end":{"line":104,"column":84}}],"line":103},"21":{"loc":{"start":{"line":103,"column":16},"end":{"line":103,"column":90}},"type":"cond-expr","locations":[{"start":{"line":103,"column":60},"end":{"line":103,"column":85}},{"start":{"line":103,"column":88},"end":{"line":103,"column":90}}],"line":103},"22":{"loc":{"start":{"line":104,"column":25},"end":{"line":104,"column":83}},"type":"cond-expr","locations":[{"start":{"line":104,"column":53},"end":{"line":104,"column":78}},{"start":{"line":104,"column":81},"end":{"line":104,"column":83}}],"line":104},"23":{"loc":{"start":{"line":122,"column":8},"end":{"line":132,"column":9}},"type":"if","locations":[{"start":{"line":122,"column":8},"end":{"line":132,"column":9}},{"start":{"line":122,"column":8},"end":{"line":132,"column":9}}],"line":122},"24":{"loc":{"start":{"line":124,"column":12},"end":{"line":125,"column":84}},"type":"if","locations":[{"start":{"line":124,"column":12},"end":{"line":125,"column":84}},{"start":{"line":124,"column":12},"end":{"line":125,"column":84}}],"line":124},"25":{"loc":{"start":{"line":124,"column":16},"end":{"line":124,"column":90}},"type":"cond-expr","locations":[{"start":{"line":124,"column":60},"end":{"line":124,"column":85}},{"start":{"line":124,"column":88},"end":{"line":124,"column":90}}],"line":124},"26":{"loc":{"start":{"line":125,"column":25},"end":{"line":125,"column":83}},"type":"cond-expr","locations":[{"start":{"line":125,"column":53},"end":{"line":125,"column":78}},{"start":{"line":125,"column":81},"end":{"line":125,"column":83}}],"line":125},"27":{"loc":{"start":{"line":127,"column":16},"end":{"line":130,"column":17}},"type":"if","locations":[{"start":{"line":127,"column":16},"end":{"line":130,"column":17}},{"start":{"line":127,"column":16},"end":{"line":130,"column":17}}],"line":127},"28":{"loc":{"start":{"line":146,"column":8},"end":{"line":146,"column":63}},"type":"if","locations":[{"start":{"line":146,"column":8},"end":{"line":146,"column":63}},{"start":{"line":146,"column":8},"end":{"line":146,"column":63}}],"line":146},"29":{"loc":{"start":{"line":150,"column":8},"end":{"line":160,"column":9}},"type":"if","locations":[{"start":{"line":150,"column":8},"end":{"line":160,"column":9}},{"start":{"line":150,"column":8},"end":{"line":160,"column":9}}],"line":150},"30":{"loc":{"start":{"line":151,"column":12},"end":{"line":159,"column":13}},"type":"if","locations":[{"start":{"line":151,"column":12},"end":{"line":159,"column":13}},{"start":{"line":151,"column":12},"end":{"line":159,"column":13}}],"line":151},"31":{"loc":{"start":{"line":153,"column":16},"end":{"line":157,"column":17}},"type":"if","locations":[{"start":{"line":153,"column":16},"end":{"line":157,"column":17}},{"start":{"line":153,"column":16},"end":{"line":157,"column":17}}],"line":153},"32":{"loc":{"start":{"line":162,"column":8},"end":{"line":182,"column":9}},"type":"if","locations":[{"start":{"line":162,"column":8},"end":{"line":182,"column":9}},{"start":{"line":162,"column":8},"end":{"line":182,"column":9}}],"line":162},"33":{"loc":{"start":{"line":168,"column":12},"end":{"line":171,"column":13}},"type":"if","locations":[{"start":{"line":168,"column":12},"end":{"line":171,"column":13}},{"start":{"line":168,"column":12},"end":{"line":171,"column":13}}],"line":168},"34":{"loc":{"start":{"line":172,"column":12},"end":{"line":177,"column":13}},"type":"if","locations":[{"start":{"line":172,"column":12},"end":{"line":177,"column":13}},{"start":{"line":172,"column":12},"end":{"line":177,"column":13}}],"line":172},"35":{"loc":{"start":{"line":196,"column":8},"end":{"line":196,"column":56}},"type":"if","locations":[{"start":{"line":196,"column":8},"end":{"line":196,"column":56}},{"start":{"line":196,"column":8},"end":{"line":196,"column":56}}],"line":196},"36":{"loc":{"start":{"line":197,"column":8},"end":{"line":197,"column":51}},"type":"if","locations":[{"start":{"line":197,"column":8},"end":{"line":197,"column":51}},{"start":{"line":197,"column":8},"end":{"line":197,"column":51}}],"line":197},"37":{"loc":{"start":{"line":199,"column":12},"end":{"line":199,"column":80}},"type":"if","locations":[{"start":{"line":199,"column":12},"end":{"line":199,"column":80}},{"start":{"line":199,"column":12},"end":{"line":199,"column":80}}],"line":199},"38":{"loc":{"start":{"line":215,"column":8},"end":{"line":215,"column":44}},"type":"if","locations":[{"start":{"line":215,"column":8},"end":{"line":215,"column":44}},{"start":{"line":215,"column":8},"end":{"line":215,"column":44}}],"line":215},"39":{"loc":{"start":{"line":216,"column":8},"end":{"line":216,"column":54}},"type":"if","locations":[{"start":{"line":216,"column":8},"end":{"line":216,"column":54}},{"start":{"line":216,"column":8},"end":{"line":216,"column":54}}],"line":216},"40":{"loc":{"start":{"line":219,"column":12},"end":{"line":221,"column":13}},"type":"if","locations":[{"start":{"line":219,"column":12},"end":{"line":221,"column":13}},{"start":{"line":219,"column":12},"end":{"line":221,"column":13}}],"line":219},"41":{"loc":{"start":{"line":223,"column":8},"end":{"line":233,"column":24}},"type":"if","locations":[{"start":{"line":223,"column":8},"end":{"line":233,"column":24}},{"start":{"line":223,"column":8},"end":{"line":233,"column":24}}],"line":223},"42":{"loc":{"start":{"line":227,"column":16},"end":{"line":229,"column":17}},"type":"if","locations":[{"start":{"line":227,"column":16},"end":{"line":229,"column":17}},{"start":{"line":227,"column":16},"end":{"line":229,"column":17}}],"line":227},"43":{"loc":{"start":{"line":246,"column":8},"end":{"line":246,"column":55}},"type":"if","locations":[{"start":{"line":246,"column":8},"end":{"line":246,"column":55}},{"start":{"line":246,"column":8},"end":{"line":246,"column":55}}],"line":246},"44":{"loc":{"start":{"line":249,"column":8},"end":{"line":269,"column":9}},"type":"if","locations":[{"start":{"line":249,"column":8},"end":{"line":269,"column":9}},{"start":{"line":249,"column":8},"end":{"line":269,"column":9}}],"line":249},"45":{"loc":{"start":{"line":252,"column":12},"end":{"line":252,"column":55}},"type":"if","locations":[{"start":{"line":252,"column":12},"end":{"line":252,"column":55}},{"start":{"line":252,"column":12},"end":{"line":252,"column":55}}],"line":252},"46":{"loc":{"start":{"line":254,"column":16},"end":{"line":254,"column":58}},"type":"if","locations":[{"start":{"line":254,"column":16},"end":{"line":254,"column":58}},{"start":{"line":254,"column":16},"end":{"line":254,"column":58}}],"line":254},"47":{"loc":{"start":{"line":256,"column":16},"end":{"line":267,"column":17}},"type":"if","locations":[{"start":{"line":256,"column":16},"end":{"line":267,"column":17}},{"start":{"line":256,"column":16},"end":{"line":267,"column":17}}],"line":256},"48":{"loc":{"start":{"line":261,"column":20},"end":{"line":263,"column":21}},"type":"if","locations":[{"start":{"line":261,"column":20},"end":{"line":263,"column":21}},{"start":{"line":261,"column":20},"end":{"line":263,"column":21}}],"line":261},"49":{"loc":{"start":{"line":270,"column":8},"end":{"line":272,"column":9}},"type":"if","locations":[{"start":{"line":270,"column":8},"end":{"line":272,"column":9}},{"start":{"line":270,"column":8},"end":{"line":272,"column":9}}],"line":270},"50":{"loc":{"start":{"line":284,"column":8},"end":{"line":284,"column":55}},"type":"if","locations":[{"start":{"line":284,"column":8},"end":{"line":284,"column":55}},{"start":{"line":284,"column":8},"end":{"line":284,"column":55}}],"line":284},"51":{"loc":{"start":{"line":287,"column":8},"end":{"line":289,"column":9}},"type":"if","locations":[{"start":{"line":287,"column":8},"end":{"line":289,"column":9}},{"start":{"line":287,"column":8},"end":{"line":289,"column":9}}],"line":287},"52":{"loc":{"start":{"line":303,"column":8},"end":{"line":303,"column":43}},"type":"if","locations":[{"start":{"line":303,"column":8},"end":{"line":303,"column":43}},{"start":{"line":303,"column":8},"end":{"line":303,"column":43}}],"line":303},"53":{"loc":{"start":{"line":304,"column":8},"end":{"line":304,"column":53}},"type":"if","locations":[{"start":{"line":304,"column":8},"end":{"line":304,"column":53}},{"start":{"line":304,"column":8},"end":{"line":304,"column":53}}],"line":304},"54":{"loc":{"start":{"line":308,"column":12},"end":{"line":310,"column":13}},"type":"if","locations":[{"start":{"line":308,"column":12},"end":{"line":310,"column":13}},{"start":{"line":308,"column":12},"end":{"line":310,"column":13}}],"line":308},"55":{"loc":{"start":{"line":312,"column":8},"end":{"line":312,"column":45}},"type":"if","locations":[{"start":{"line":312,"column":8},"end":{"line":312,"column":45}},{"start":{"line":312,"column":8},"end":{"line":312,"column":45}}],"line":312},"56":{"loc":{"start":{"line":315,"column":12},"end":{"line":330,"column":31}},"type":"if","locations":[{"start":{"line":315,"column":12},"end":{"line":330,"column":31}},{"start":{"line":315,"column":12},"end":{"line":330,"column":31}}],"line":315},"57":{"loc":{"start":{"line":316,"column":16},"end":{"line":329,"column":17}},"type":"if","locations":[{"start":{"line":316,"column":16},"end":{"line":329,"column":17}},{"start":{"line":316,"column":16},"end":{"line":329,"column":17}}],"line":316},"58":{"loc":{"start":{"line":332,"column":8},"end":{"line":334,"column":9}},"type":"if","locations":[{"start":{"line":332,"column":8},"end":{"line":334,"column":9}},{"start":{"line":332,"column":8},"end":{"line":334,"column":9}}],"line":332},"59":{"loc":{"start":{"line":347,"column":8},"end":{"line":347,"column":43}},"type":"if","locations":[{"start":{"line":347,"column":8},"end":{"line":347,"column":43}},{"start":{"line":347,"column":8},"end":{"line":347,"column":43}}],"line":347},"60":{"loc":{"start":{"line":348,"column":8},"end":{"line":348,"column":53}},"type":"if","locations":[{"start":{"line":348,"column":8},"end":{"line":348,"column":53}},{"start":{"line":348,"column":8},"end":{"line":348,"column":53}}],"line":348},"61":{"loc":{"start":{"line":350,"column":12},"end":{"line":362,"column":13}},"type":"if","locations":[{"start":{"line":350,"column":12},"end":{"line":362,"column":13}},{"start":{"line":350,"column":12},"end":{"line":362,"column":13}}],"line":350},"62":{"loc":{"start":{"line":353,"column":20},"end":{"line":355,"column":21}},"type":"if","locations":[{"start":{"line":353,"column":20},"end":{"line":355,"column":21}},{"start":{"line":353,"column":20},"end":{"line":355,"column":21}}],"line":353},"63":{"loc":{"start":{"line":359,"column":16},"end":{"line":361,"column":17}},"type":"if","locations":[{"start":{"line":359,"column":16},"end":{"line":361,"column":17}},{"start":{"line":359,"column":16},"end":{"line":361,"column":17}}],"line":359},"64":{"loc":{"start":{"line":359,"column":20},"end":{"line":359,"column":84}},"type":"binary-expr","locations":[{"start":{"line":359,"column":21},"end":{"line":359,"column":27}},{"start":{"line":359,"column":32},"end":{"line":359,"column":57}},{"start":{"line":359,"column":64},"end":{"line":359,"column":83}}],"line":359}},"s":{"0":7,"1":7,"2":7,"3":7,"4":7,"5":7,"6":26,"7":1,"8":25,"9":25,"10":24,"11":0,"12":24,"13":24,"14":24,"15":1,"16":211,"17":1,"18":210,"19":210,"20":0,"21":210,"22":210,"23":4,"24":1,"25":3,"26":3,"27":1,"28":2,"29":0,"30":2,"31":2,"32":1,"33":1,"34":1,"35":1,"36":3,"37":1,"38":1,"39":0,"40":1,"41":1,"42":0,"43":1,"44":3,"45":3,"46":3,"47":3,"48":3,"49":0,"50":0,"51":3,"52":3,"53":3,"54":0,"55":0,"56":3,"57":1,"58":1,"59":1,"60":1,"61":1,"62":1,"63":0,"64":1,"65":1,"66":3,"67":3,"68":1,"69":1,"70":1,"71":1,"72":1,"73":1,"74":1,"75":0,"76":1,"77":1,"78":3,"79":3,"80":3,"81":1,"82":1,"83":23,"84":4,"85":19,"86":19,"87":19,"88":19,"89":3,"90":2,"91":2,"92":1,"93":1,"94":19,"95":18,"96":18,"97":18,"98":18,"99":18,"100":18,"101":18,"102":18,"103":18,"104":13,"105":5,"106":18,"107":1,"108":4,"109":1,"110":3,"111":0,"112":3,"113":3,"114":5,"115":2,"116":1,"117":5,"118":5,"119":1,"120":4,"121":1,"122":3,"123":3,"124":2,"125":2,"126":1,"127":3,"128":1,"129":1,"130":1,"131":1,"132":1,"133":1,"134":1,"135":2,"136":21,"137":1,"138":20,"139":20,"140":20,"141":1,"142":19,"143":0,"144":19,"145":32,"146":0,"147":32,"148":32,"149":32,"150":32,"151":32,"152":32,"153":32,"154":7,"155":32,"156":32,"157":32,"158":19,"159":5,"160":14,"161":15,"162":1,"163":14,"164":14,"165":13,"166":5,"167":1,"168":11,"169":1,"170":10,"171":1,"172":9,"173":9,"174":9,"175":8,"176":8,"177":5,"178":9,"179":4,"180":5,"181":5,"182":5,"183":5,"184":4,"185":4,"186":4,"187":0,"188":0,"189":0,"190":1,"191":5,"192":1,"193":4,"194":6,"195":6,"196":1,"197":5,"198":1,"199":4,"200":4,"201":3,"202":1,"203":1,"204":1,"205":1,"206":1,"207":1,"208":2,"209":2,"210":2,"211":7},"f":{"0":26,"1":211,"2":210,"3":4,"4":1,"5":1,"6":1,"7":23,"8":4,"9":5,"10":21,"11":15,"12":5,"13":11,"14":6},"b":{"0":[1,25],"1":[24,1],"2":[0,24],"3":[1,210],"4":[0,210],"5":[1,3],"6":[1,2],"7":[0,2],"8":[1,1],"9":[1,0],"10":[0,1],"11":[0,1],"12":[3,0],"13":[3,0],"14":[0,0],"15":[0,0],"16":[3,0],"17":[0,0],"18":[0,0],"19":[1,0],"20":[1,0],"21":[0,1],"22":[0,0],"23":[1,0],"24":[1,0],"25":[0,1],"26":[0,0],"27":[3,0],"28":[4,19],"29":[3,16],"30":[2,1],"31":[1,1],"32":[18,1],"33":[18,0],"34":[13,5],"35":[1,3],"36":[0,3],"37":[2,3],"38":[1,4],"39":[1,3],"40":[1,1],"41":[1,2],"42":[1,0],"43":[1,20],"44":[1,19],"45":[0,19],"46":[0,32],"47":[32,0],"48":[7,25],"49":[5,14],"50":[1,14],"51":[13,1],"52":[1,10],"53":[1,9],"54":[5,3],"55":[4,5],"56":[4,1],"57":[4,0],"58":[1,4],"59":[1,5],"60":[1,4],"61":[1,2],"62":[1,0],"63":[2,0],"64":[2,2,0]},"_coverageSchema":"1a1c01bbd47fc00a2c39e90264f33305004495a9","hash":"01b5251b06c8a78dfd363de4efe7fd3d25d8a09f"}
,"D:\\aya\\ayas2\\software-project\\Marioplex-Backend\\source\\artist-api.js": {"path":"D:\\aya\\ayas2\\software-project\\Marioplex-Backend\\source\\artist-api.js","statementMap":{"0":{"start":{"line":1,"column":155},"end":{"line":1,"column":178}},"1":{"start":{"line":2,"column":16},"end":{"line":2,"column":39}},"2":{"start":{"line":3,"column":29},"end":{"line":3,"column":71}},"3":{"start":{"line":4,"column":14},"end":{"line":4,"column":36}},"4":{"start":{"line":7,"column":15},"end":{"line":431,"column":1}},"5":{"start":{"line":14,"column":21},"end":{"line":14,"column":51}},"6":{"start":{"line":15,"column":8},"end":{"line":15,"column":31}},"7":{"start":{"line":15,"column":21},"end":{"line":15,"column":31}},"8":{"start":{"line":16,"column":8},"end":{"line":16,"column":63}},"9":{"start":{"line":16,"column":31},"end":{"line":16,"column":52}},"10":{"start":{"line":16,"column":53},"end":{"line":16,"column":62}},"11":{"start":{"line":17,"column":32},"end":{"line":17,"column":33}},"12":{"start":{"line":18,"column":20},"end":{"line":18,"column":30}},"13":{"start":{"line":19,"column":8},"end":{"line":24,"column":9}},"14":{"start":{"line":19,"column":18},"end":{"line":19,"column":19}},"15":{"start":{"line":20,"column":21},"end":{"line":20,"column":44}},"16":{"start":{"line":21,"column":12},"end":{"line":23,"column":36}},"17":{"start":{"line":23,"column":14},"end":{"line":23,"column":36}},"18":{"start":{"line":25,"column":8},"end":{"line":25,"column":33}},"19":{"start":{"line":34,"column":21},"end":{"line":34,"column":51}},"20":{"start":{"line":35,"column":8},"end":{"line":35,"column":31}},"21":{"start":{"line":35,"column":21},"end":{"line":35,"column":31}},"22":{"start":{"line":36,"column":8},"end":{"line":36,"column":63}},"23":{"start":{"line":36,"column":31},"end":{"line":36,"column":52}},"24":{"start":{"line":36,"column":53},"end":{"line":36,"column":62}},"25":{"start":{"line":37,"column":32},"end":{"line":37,"column":33}},"26":{"start":{"line":38,"column":20},"end":{"line":38,"column":30}},"27":{"start":{"line":39,"column":8},"end":{"line":45,"column":9}},"28":{"start":{"line":39,"column":18},"end":{"line":39,"column":19}},"29":{"start":{"line":40,"column":21},"end":{"line":40,"column":44}},"30":{"start":{"line":41,"column":12},"end":{"line":44,"column":37}},"31":{"start":{"line":44,"column":15},"end":{"line":44,"column":37}},"32":{"start":{"line":46,"column":8},"end":{"line":46,"column":33}},"33":{"start":{"line":54,"column":21},"end":{"line":54,"column":51}},"34":{"start":{"line":55,"column":8},"end":{"line":55,"column":31}},"35":{"start":{"line":55,"column":21},"end":{"line":55,"column":31}},"36":{"start":{"line":56,"column":8},"end":{"line":56,"column":63}},"37":{"start":{"line":56,"column":31},"end":{"line":56,"column":52}},"38":{"start":{"line":56,"column":53},"end":{"line":56,"column":62}},"39":{"start":{"line":57,"column":20},"end":{"line":57,"column":30}},"40":{"start":{"line":58,"column":32},"end":{"line":58,"column":33}},"41":{"start":{"line":59,"column":8},"end":{"line":59,"column":47}},"42":{"start":{"line":59,"column":28},"end":{"line":59,"column":47}},"43":{"start":{"line":60,"column":8},"end":{"line":64,"column":9}},"44":{"start":{"line":60,"column":18},"end":{"line":60,"column":19}},"45":{"start":{"line":61,"column":21},"end":{"line":61,"column":44}},"46":{"start":{"line":62,"column":12},"end":{"line":63,"column":37}},"47":{"start":{"line":63,"column":15},"end":{"line":63,"column":37}},"48":{"start":{"line":65,"column":8},"end":{"line":65,"column":33}},"49":{"start":{"line":79,"column":8},"end":{"line":80,"column":29}},"50":{"start":{"line":79,"column":19},"end":{"line":79,"column":47}},"51":{"start":{"line":80,"column":13},"end":{"line":80,"column":29}},"52":{"start":{"line":81,"column":21},"end":{"line":94,"column":10}},"53":{"start":{"line":95,"column":8},"end":{"line":95,"column":28}},"54":{"start":{"line":96,"column":8},"end":{"line":96,"column":22}},"55":{"start":{"line":107,"column":8},"end":{"line":107,"column":54}},"56":{"start":{"line":107,"column":45},"end":{"line":107,"column":54}},"57":{"start":{"line":108,"column":8},"end":{"line":108,"column":51}},"58":{"start":{"line":109,"column":8},"end":{"line":109,"column":30}},"59":{"start":{"line":109,"column":21},"end":{"line":109,"column":30}},"60":{"start":{"line":110,"column":8},"end":{"line":110,"column":37}},"61":{"start":{"line":110,"column":18},"end":{"line":110,"column":37}},"62":{"start":{"line":111,"column":8},"end":{"line":111,"column":40}},"63":{"start":{"line":111,"column":19},"end":{"line":111,"column":40}},"64":{"start":{"line":112,"column":8},"end":{"line":112,"column":37}},"65":{"start":{"line":112,"column":18},"end":{"line":112,"column":37}},"66":{"start":{"line":113,"column":8},"end":{"line":113,"column":28}},"67":{"start":{"line":114,"column":8},"end":{"line":114,"column":22}},"68":{"start":{"line":122,"column":24},"end":{"line":122,"column":26}},"69":{"start":{"line":123,"column":24},"end":{"line":123,"column":73}},"70":{"start":{"line":124,"column":8},"end":{"line":140,"column":9}},"71":{"start":{"line":126,"column":12},"end":{"line":127,"column":84}},"72":{"start":{"line":126,"column":93},"end":{"line":126,"column":116}},"73":{"start":{"line":127,"column":17},"end":{"line":127,"column":84}},"74":{"start":{"line":128,"column":12},"end":{"line":139,"column":13}},"75":{"start":{"line":128,"column":25},"end":{"line":128,"column":26}},"76":{"start":{"line":130,"column":16},"end":{"line":138,"column":19}},"77":{"start":{"line":141,"column":30},"end":{"line":141,"column":52}},"78":{"start":{"line":142,"column":8},"end":{"line":142,"column":29}},"79":{"start":{"line":151,"column":8},"end":{"line":151,"column":65}},"80":{"start":{"line":151,"column":56},"end":{"line":151,"column":65}},"81":{"start":{"line":152,"column":8},"end":{"line":158,"column":9}},"82":{"start":{"line":153,"column":27},"end":{"line":153,"column":57}},"83":{"start":{"line":154,"column":12},"end":{"line":154,"column":34}},"84":{"start":{"line":154,"column":25},"end":{"line":154,"column":34}},"85":{"start":{"line":155,"column":12},"end":{"line":157,"column":13}},"86":{"start":{"line":156,"column":16},"end":{"line":156,"column":94}},"87":{"start":{"line":156,"column":60},"end":{"line":156,"column":92}},"88":{"start":{"line":159,"column":8},"end":{"line":159,"column":17}},"89":{"start":{"line":167,"column":8},"end":{"line":167,"column":56}},"90":{"start":{"line":167,"column":47},"end":{"line":167,"column":56}},"91":{"start":{"line":168,"column":23},"end":{"line":171,"column":28}},"92":{"start":{"line":169,"column":12},"end":{"line":169,"column":30}},"93":{"start":{"line":169,"column":21},"end":{"line":169,"column":30}},"94":{"start":{"line":170,"column":12},"end":{"line":170,"column":26}},"95":{"start":{"line":171,"column":26},"end":{"line":171,"column":27}},"96":{"start":{"line":172,"column":8},"end":{"line":172,"column":22}},"97":{"start":{"line":187,"column":8},"end":{"line":187,"column":76}},"98":{"start":{"line":187,"column":67},"end":{"line":187,"column":76}},"99":{"start":{"line":188,"column":8},"end":{"line":188,"column":56}},"100":{"start":{"line":188,"column":47},"end":{"line":188,"column":56}},"101":{"start":{"line":189,"column":23},"end":{"line":189,"column":53}},"102":{"start":{"line":190,"column":8},"end":{"line":190,"column":30}},"103":{"start":{"line":190,"column":21},"end":{"line":190,"column":30}},"104":{"start":{"line":191,"column":28},"end":{"line":191,"column":41}},"105":{"start":{"line":192,"column":20},"end":{"line":207,"column":10}},"106":{"start":{"line":208,"column":8},"end":{"line":208,"column":27}},"107":{"start":{"line":210,"column":8},"end":{"line":212,"column":11}},"108":{"start":{"line":213,"column":8},"end":{"line":213,"column":28}},"109":{"start":{"line":214,"column":8},"end":{"line":214,"column":21}},"110":{"start":{"line":223,"column":8},"end":{"line":223,"column":56}},"111":{"start":{"line":223,"column":47},"end":{"line":223,"column":56}},"112":{"start":{"line":224,"column":23},"end":{"line":224,"column":62}},"113":{"start":{"line":225,"column":8},"end":{"line":225,"column":53}},"114":{"start":{"line":225,"column":31},"end":{"line":225,"column":53}},"115":{"start":{"line":226,"column":8},"end":{"line":228,"column":11}},"116":{"start":{"line":229,"column":8},"end":{"line":229,"column":28}},"117":{"start":{"line":230,"column":8},"end":{"line":230,"column":17}},"118":{"start":{"line":238,"column":22},"end":{"line":238,"column":24}},"119":{"start":{"line":240,"column":8},"end":{"line":240,"column":41}},"120":{"start":{"line":240,"column":25},"end":{"line":240,"column":41}},"121":{"start":{"line":241,"column":8},"end":{"line":241,"column":56}},"122":{"start":{"line":241,"column":47},"end":{"line":241,"column":56}},"123":{"start":{"line":242,"column":8},"end":{"line":247,"column":9}},"124":{"start":{"line":244,"column":25},"end":{"line":244,"column":55}},"125":{"start":{"line":245,"column":12},"end":{"line":245,"column":33}},"126":{"start":{"line":245,"column":25},"end":{"line":245,"column":33}},"127":{"start":{"line":246,"column":12},"end":{"line":246,"column":33}},"128":{"start":{"line":248,"column":8},"end":{"line":248,"column":23}},"129":{"start":{"line":261,"column":8},"end":{"line":261,"column":56}},"130":{"start":{"line":261,"column":47},"end":{"line":261,"column":56}},"131":{"start":{"line":262,"column":29},"end":{"line":262,"column":31}},"132":{"start":{"line":263,"column":21},"end":{"line":263,"column":23}},"133":{"start":{"line":264,"column":21},"end":{"line":264,"column":51}},"134":{"start":{"line":265,"column":8},"end":{"line":265,"column":30}},"135":{"start":{"line":265,"column":21},"end":{"line":265,"column":30}},"136":{"start":{"line":266,"column":8},"end":{"line":266,"column":53}},"137":{"start":{"line":266,"column":31},"end":{"line":266,"column":53}},"138":{"start":{"line":268,"column":8},"end":{"line":273,"column":9}},"139":{"start":{"line":268,"column":21},"end":{"line":268,"column":22}},"140":{"start":{"line":269,"column":12},"end":{"line":272,"column":33}},"141":{"start":{"line":270,"column":16},"end":{"line":270,"column":34}},"142":{"start":{"line":270,"column":25},"end":{"line":270,"column":34}},"143":{"start":{"line":271,"column":16},"end":{"line":271,"column":29}},"144":{"start":{"line":272,"column":30},"end":{"line":272,"column":31}},"145":{"start":{"line":275,"column":8},"end":{"line":297,"column":9}},"146":{"start":{"line":276,"column":12},"end":{"line":280,"column":13}},"147":{"start":{"line":277,"column":16},"end":{"line":279,"column":17}},"148":{"start":{"line":278,"column":20},"end":{"line":278,"column":55}},"149":{"start":{"line":281,"column":15},"end":{"line":297,"column":9}},"150":{"start":{"line":282,"column":12},"end":{"line":286,"column":13}},"151":{"start":{"line":283,"column":16},"end":{"line":285,"column":17}},"152":{"start":{"line":284,"column":20},"end":{"line":284,"column":55}},"153":{"start":{"line":287,"column":15},"end":{"line":297,"column":9}},"154":{"start":{"line":288,"column":12},"end":{"line":292,"column":13}},"155":{"start":{"line":289,"column":16},"end":{"line":291,"column":17}},"156":{"start":{"line":290,"column":20},"end":{"line":290,"column":55}},"157":{"start":{"line":294,"column":12},"end":{"line":296,"column":13}},"158":{"start":{"line":295,"column":16},"end":{"line":295,"column":51}},"159":{"start":{"line":299,"column":20},"end":{"line":299,"column":21}},"160":{"start":{"line":300,"column":18},"end":{"line":300,"column":39}},"161":{"start":{"line":301,"column":8},"end":{"line":305,"column":9}},"162":{"start":{"line":302,"column":12},"end":{"line":304,"column":13}},"163":{"start":{"line":303,"column":16},"end":{"line":303,"column":31}},"164":{"start":{"line":306,"column":8},"end":{"line":315,"column":9}},"165":{"start":{"line":307,"column":12},"end":{"line":309,"column":13}},"166":{"start":{"line":308,"column":16},"end":{"line":308,"column":36}},"167":{"start":{"line":311,"column":12},"end":{"line":311,"column":79}},"168":{"start":{"line":312,"column":12},"end":{"line":314,"column":13}},"169":{"start":{"line":313,"column":16},"end":{"line":313,"column":36}},"170":{"start":{"line":316,"column":8},"end":{"line":316,"column":41}},"171":{"start":{"line":317,"column":8},"end":{"line":317,"column":30}},"172":{"start":{"line":325,"column":8},"end":{"line":325,"column":56}},"173":{"start":{"line":325,"column":47},"end":{"line":325,"column":56}},"174":{"start":{"line":327,"column":8},"end":{"line":329,"column":11}},"175":{"start":{"line":328,"column":12},"end":{"line":328,"column":33}},"176":{"start":{"line":330,"column":21},"end":{"line":330,"column":51}},"177":{"start":{"line":331,"column":8},"end":{"line":331,"column":31}},"178":{"start":{"line":331,"column":22},"end":{"line":331,"column":31}},"179":{"start":{"line":332,"column":8},"end":{"line":332,"column":30}},"180":{"start":{"line":332,"column":21},"end":{"line":332,"column":30}},"181":{"start":{"line":333,"column":29},"end":{"line":333,"column":31}},"182":{"start":{"line":335,"column":8},"end":{"line":346,"column":9}},"183":{"start":{"line":336,"column":12},"end":{"line":336,"column":74}},"184":{"start":{"line":336,"column":65},"end":{"line":336,"column":74}},"185":{"start":{"line":337,"column":12},"end":{"line":345,"column":13}},"186":{"start":{"line":337,"column":25},"end":{"line":337,"column":26}},"187":{"start":{"line":338,"column":16},"end":{"line":344,"column":17}},"188":{"start":{"line":338,"column":29},"end":{"line":338,"column":30}},"189":{"start":{"line":339,"column":20},"end":{"line":343,"column":21}},"190":{"start":{"line":340,"column":24},"end":{"line":341,"column":69}},"191":{"start":{"line":340,"column":60},"end":{"line":340,"column":98}},"192":{"start":{"line":341,"column":28},"end":{"line":341,"column":69}},"193":{"start":{"line":342,"column":24},"end":{"line":342,"column":33}},"194":{"start":{"line":348,"column":8},"end":{"line":348,"column":68}},"195":{"start":{"line":348,"column":40},"end":{"line":348,"column":68}},"196":{"start":{"line":349,"column":8},"end":{"line":349,"column":30}},"197":{"start":{"line":357,"column":8},"end":{"line":357,"column":54}},"198":{"start":{"line":357,"column":45},"end":{"line":357,"column":54}},"199":{"start":{"line":358,"column":23},"end":{"line":361,"column":28}},"200":{"start":{"line":359,"column":12},"end":{"line":359,"column":30}},"201":{"start":{"line":359,"column":21},"end":{"line":359,"column":30}},"202":{"start":{"line":360,"column":12},"end":{"line":360,"column":26}},"203":{"start":{"line":361,"column":26},"end":{"line":361,"column":27}},"204":{"start":{"line":362,"column":8},"end":{"line":362,"column":22}},"205":{"start":{"line":373,"column":8},"end":{"line":373,"column":56}},"206":{"start":{"line":373,"column":47},"end":{"line":373,"column":56}},"207":{"start":{"line":374,"column":24},"end":{"line":374,"column":26}},"208":{"start":{"line":375,"column":21},"end":{"line":375,"column":23}},"209":{"start":{"line":376,"column":21},"end":{"line":376,"column":51}},"210":{"start":{"line":377,"column":8},"end":{"line":377,"column":30}},"211":{"start":{"line":377,"column":21},"end":{"line":377,"column":30}},"212":{"start":{"line":378,"column":8},"end":{"line":381,"column":9}},"213":{"start":{"line":378,"column":21},"end":{"line":378,"column":22}},"214":{"start":{"line":379,"column":24},"end":{"line":379,"column":79}},"215":{"start":{"line":380,"column":12},"end":{"line":380,"column":71}},"216":{"start":{"line":380,"column":25},"end":{"line":380,"column":69}},"217":{"start":{"line":384,"column":8},"end":{"line":388,"column":9}},"218":{"start":{"line":385,"column":12},"end":{"line":387,"column":13}},"219":{"start":{"line":386,"column":16},"end":{"line":386,"column":46}},"220":{"start":{"line":390,"column":8},"end":{"line":390,"column":73}},"221":{"start":{"line":390,"column":33},"end":{"line":390,"column":71}},"222":{"start":{"line":391,"column":8},"end":{"line":391,"column":31}},"223":{"start":{"line":392,"column":8},"end":{"line":392,"column":25}},"224":{"start":{"line":401,"column":8},"end":{"line":401,"column":56}},"225":{"start":{"line":401,"column":47},"end":{"line":401,"column":56}},"226":{"start":{"line":402,"column":29},"end":{"line":402,"column":31}},"227":{"start":{"line":403,"column":21},"end":{"line":403,"column":23}},"228":{"start":{"line":404,"column":21},"end":{"line":404,"column":51}},"229":{"start":{"line":405,"column":8},"end":{"line":405,"column":30}},"230":{"start":{"line":405,"column":21},"end":{"line":405,"column":30}},"231":{"start":{"line":406,"column":8},"end":{"line":406,"column":53}},"232":{"start":{"line":406,"column":31},"end":{"line":406,"column":53}},"233":{"start":{"line":407,"column":8},"end":{"line":410,"column":9}},"234":{"start":{"line":407,"column":21},"end":{"line":407,"column":22}},"235":{"start":{"line":408,"column":24},"end":{"line":408,"column":79}},"236":{"start":{"line":409,"column":12},"end":{"line":409,"column":71}},"237":{"start":{"line":409,"column":25},"end":{"line":409,"column":69}},"238":{"start":{"line":411,"column":8},"end":{"line":413,"column":9}},"239":{"start":{"line":412,"column":12},"end":{"line":412,"column":47}},"240":{"start":{"line":414,"column":8},"end":{"line":414,"column":30}},"241":{"start":{"line":423,"column":8},"end":{"line":423,"column":55}},"242":{"start":{"line":423,"column":46},"end":{"line":423,"column":55}},"243":{"start":{"line":424,"column":8},"end":{"line":424,"column":42}},"244":{"start":{"line":424,"column":33},"end":{"line":424,"column":42}},"245":{"start":{"line":425,"column":8},"end":{"line":425,"column":40}},"246":{"start":{"line":425,"column":31},"end":{"line":425,"column":40}},"247":{"start":{"line":426,"column":8},"end":{"line":428,"column":9}},"248":{"start":{"line":427,"column":12},"end":{"line":427,"column":67}},"249":{"start":{"line":427,"column":58},"end":{"line":427,"column":67}},"250":{"start":{"line":429,"column":8},"end":{"line":429,"column":17}},"251":{"start":{"line":433,"column":0},"end":{"line":433,"column":24}}},"fnMap":{"0":{"name":"(anonymous_0)","decl":{"start":{"line":13,"column":39},"end":{"line":13,"column":40}},"loc":{"start":{"line":13,"column":64},"end":{"line":27,"column":5}},"line":13},"1":{"name":"(anonymous_1)","decl":{"start":{"line":33,"column":37},"end":{"line":33,"column":38}},"loc":{"start":{"line":33,"column":62},"end":{"line":47,"column":5}},"line":33},"2":{"name":"(anonymous_2)","decl":{"start":{"line":53,"column":38},"end":{"line":53,"column":39}},"loc":{"start":{"line":53,"column":63},"end":{"line":67,"column":5}},"line":53},"3":{"name":"(anonymous_3)","decl":{"start":{"line":76,"column":18},"end":{"line":76,"column":19}},"loc":{"start":{"line":76,"column":58},"end":{"line":97,"column":5}},"line":76},"4":{"name":"(anonymous_4)","decl":{"start":{"line":106,"column":18},"end":{"line":106,"column":19}},"loc":{"start":{"line":106,"column":60},"end":{"line":115,"column":5}},"line":106},"5":{"name":"(anonymous_5)","decl":{"start":{"line":120,"column":23},"end":{"line":120,"column":24}},"loc":{"start":{"line":120,"column":40},"end":{"line":143,"column":5}},"line":120},"6":{"name":"(anonymous_6)","decl":{"start":{"line":150,"column":25},"end":{"line":150,"column":26}},"loc":{"start":{"line":150,"column":59},"end":{"line":160,"column":5}},"line":150},"7":{"name":"(anonymous_7)","decl":{"start":{"line":156,"column":51},"end":{"line":156,"column":52}},"loc":{"start":{"line":156,"column":60},"end":{"line":156,"column":92}},"line":156},"8":{"name":"(anonymous_8)","decl":{"start":{"line":166,"column":15},"end":{"line":166,"column":16}},"loc":{"start":{"line":166,"column":40},"end":{"line":173,"column":5}},"line":166},"9":{"name":"(anonymous_9)","decl":{"start":{"line":168,"column":63},"end":{"line":168,"column":64}},"loc":{"start":{"line":168,"column":80},"end":{"line":171,"column":9}},"line":168},"10":{"name":"(anonymous_10)","decl":{"start":{"line":171,"column":17},"end":{"line":171,"column":18}},"loc":{"start":{"line":171,"column":26},"end":{"line":171,"column":27}},"line":171},"11":{"name":"(anonymous_11)","decl":{"start":{"line":186,"column":14},"end":{"line":186,"column":15}},"loc":{"start":{"line":186,"column":94},"end":{"line":215,"column":5}},"line":186},"12":{"name":"(anonymous_12)","decl":{"start":{"line":222,"column":14},"end":{"line":222,"column":15}},"loc":{"start":{"line":222,"column":48},"end":{"line":231,"column":5}},"line":222},"13":{"name":"(anonymous_13)","decl":{"start":{"line":237,"column":16},"end":{"line":237,"column":17}},"loc":{"start":{"line":237,"column":43},"end":{"line":249,"column":5}},"line":237},"14":{"name":"(anonymous_14)","decl":{"start":{"line":259,"column":15},"end":{"line":259,"column":16}},"loc":{"start":{"line":259,"column":72},"end":{"line":318,"column":5}},"line":259},"15":{"name":"(anonymous_15)","decl":{"start":{"line":269,"column":108},"end":{"line":269,"column":109}},"loc":{"start":{"line":269,"column":124},"end":{"line":272,"column":13}},"line":269},"16":{"name":"(anonymous_16)","decl":{"start":{"line":272,"column":21},"end":{"line":272,"column":22}},"loc":{"start":{"line":272,"column":30},"end":{"line":272,"column":31}},"line":272},"17":{"name":"(anonymous_17)","decl":{"start":{"line":324,"column":23},"end":{"line":324,"column":24}},"loc":{"start":{"line":324,"column":48},"end":{"line":350,"column":5}},"line":324},"18":{"name":"(anonymous_18)","decl":{"start":{"line":327,"column":32},"end":{"line":327,"column":33}},"loc":{"start":{"line":327,"column":58},"end":{"line":329,"column":9}},"line":327},"19":{"name":"(anonymous_19)","decl":{"start":{"line":340,"column":49},"end":{"line":340,"column":50}},"loc":{"start":{"line":340,"column":60},"end":{"line":340,"column":98}},"line":340},"20":{"name":"(anonymous_20)","decl":{"start":{"line":356,"column":20},"end":{"line":356,"column":21}},"loc":{"start":{"line":356,"column":43},"end":{"line":363,"column":5}},"line":356},"21":{"name":"(anonymous_21)","decl":{"start":{"line":358,"column":72},"end":{"line":358,"column":73}},"loc":{"start":{"line":358,"column":89},"end":{"line":361,"column":9}},"line":358},"22":{"name":"(anonymous_22)","decl":{"start":{"line":361,"column":17},"end":{"line":361,"column":18}},"loc":{"start":{"line":361,"column":26},"end":{"line":361,"column":27}},"line":361},"23":{"name":"(anonymous_23)","decl":{"start":{"line":371,"column":18},"end":{"line":371,"column":19}},"loc":{"start":{"line":371,"column":58},"end":{"line":393,"column":5}},"line":371},"24":{"name":"(anonymous_24)","decl":{"start":{"line":390,"column":23},"end":{"line":390,"column":24}},"loc":{"start":{"line":390,"column":33},"end":{"line":390,"column":71}},"line":390},"25":{"name":"(anonymous_25)","decl":{"start":{"line":400,"column":15},"end":{"line":400,"column":16}},"loc":{"start":{"line":400,"column":46},"end":{"line":415,"column":5}},"line":400},"26":{"name":"(anonymous_26)","decl":{"start":{"line":422,"column":25},"end":{"line":422,"column":26}},"loc":{"start":{"line":422,"column":57},"end":{"line":430,"column":5}},"line":422}},"branchMap":{"0":{"loc":{"start":{"line":15,"column":8},"end":{"line":15,"column":31}},"type":"if","locations":[{"start":{"line":15,"column":8},"end":{"line":15,"column":31}},{"start":{"line":15,"column":8},"end":{"line":15,"column":31}}],"line":15},"1":{"loc":{"start":{"line":16,"column":8},"end":{"line":16,"column":63}},"type":"if","locations":[{"start":{"line":16,"column":8},"end":{"line":16,"column":63}},{"start":{"line":16,"column":8},"end":{"line":16,"column":63}}],"line":16},"2":{"loc":{"start":{"line":21,"column":12},"end":{"line":23,"column":36}},"type":"if","locations":[{"start":{"line":21,"column":12},"end":{"line":23,"column":36}},{"start":{"line":21,"column":12},"end":{"line":23,"column":36}}],"line":21},"3":{"loc":{"start":{"line":21,"column":15},"end":{"line":22,"column":53}},"type":"binary-expr","locations":[{"start":{"line":21,"column":15},"end":{"line":21,"column":50}},{"start":{"line":22,"column":12},"end":{"line":22,"column":53}}],"line":21},"4":{"loc":{"start":{"line":35,"column":8},"end":{"line":35,"column":31}},"type":"if","locations":[{"start":{"line":35,"column":8},"end":{"line":35,"column":31}},{"start":{"line":35,"column":8},"end":{"line":35,"column":31}}],"line":35},"5":{"loc":{"start":{"line":36,"column":8},"end":{"line":36,"column":63}},"type":"if","locations":[{"start":{"line":36,"column":8},"end":{"line":36,"column":63}},{"start":{"line":36,"column":8},"end":{"line":36,"column":63}}],"line":36},"6":{"loc":{"start":{"line":41,"column":12},"end":{"line":44,"column":37}},"type":"if","locations":[{"start":{"line":41,"column":12},"end":{"line":44,"column":37}},{"start":{"line":41,"column":12},"end":{"line":44,"column":37}}],"line":41},"7":{"loc":{"start":{"line":41,"column":15},"end":{"line":43,"column":43}},"type":"binary-expr","locations":[{"start":{"line":41,"column":15},"end":{"line":41,"column":50}},{"start":{"line":42,"column":12},"end":{"line":42,"column":53}},{"start":{"line":43,"column":12},"end":{"line":43,"column":43}}],"line":41},"8":{"loc":{"start":{"line":55,"column":8},"end":{"line":55,"column":31}},"type":"if","locations":[{"start":{"line":55,"column":8},"end":{"line":55,"column":31}},{"start":{"line":55,"column":8},"end":{"line":55,"column":31}}],"line":55},"9":{"loc":{"start":{"line":56,"column":8},"end":{"line":56,"column":63}},"type":"if","locations":[{"start":{"line":56,"column":8},"end":{"line":56,"column":63}},{"start":{"line":56,"column":8},"end":{"line":56,"column":63}}],"line":56},"10":{"loc":{"start":{"line":59,"column":8},"end":{"line":59,"column":47}},"type":"if","locations":[{"start":{"line":59,"column":8},"end":{"line":59,"column":47}},{"start":{"line":59,"column":8},"end":{"line":59,"column":47}}],"line":59},"11":{"loc":{"start":{"line":62,"column":12},"end":{"line":63,"column":37}},"type":"if","locations":[{"start":{"line":62,"column":12},"end":{"line":63,"column":37}},{"start":{"line":62,"column":12},"end":{"line":63,"column":37}}],"line":62},"12":{"loc":{"start":{"line":79,"column":8},"end":{"line":80,"column":29}},"type":"if","locations":[{"start":{"line":79,"column":8},"end":{"line":80,"column":29}},{"start":{"line":79,"column":8},"end":{"line":80,"column":29}}],"line":79},"13":{"loc":{"start":{"line":107,"column":8},"end":{"line":107,"column":54}},"type":"if","locations":[{"start":{"line":107,"column":8},"end":{"line":107,"column":54}},{"start":{"line":107,"column":8},"end":{"line":107,"column":54}}],"line":107},"14":{"loc":{"start":{"line":109,"column":8},"end":{"line":109,"column":30}},"type":"if","locations":[{"start":{"line":109,"column":8},"end":{"line":109,"column":30}},{"start":{"line":109,"column":8},"end":{"line":109,"column":30}}],"line":109},"15":{"loc":{"start":{"line":110,"column":8},"end":{"line":110,"column":37}},"type":"if","locations":[{"start":{"line":110,"column":8},"end":{"line":110,"column":37}},{"start":{"line":110,"column":8},"end":{"line":110,"column":37}}],"line":110},"16":{"loc":{"start":{"line":111,"column":8},"end":{"line":111,"column":40}},"type":"if","locations":[{"start":{"line":111,"column":8},"end":{"line":111,"column":40}},{"start":{"line":111,"column":8},"end":{"line":111,"column":40}}],"line":111},"17":{"loc":{"start":{"line":112,"column":8},"end":{"line":112,"column":37}},"type":"if","locations":[{"start":{"line":112,"column":8},"end":{"line":112,"column":37}},{"start":{"line":112,"column":8},"end":{"line":112,"column":37}}],"line":112},"18":{"loc":{"start":{"line":124,"column":8},"end":{"line":140,"column":9}},"type":"if","locations":[{"start":{"line":124,"column":8},"end":{"line":140,"column":9}},{"start":{"line":124,"column":8},"end":{"line":140,"column":9}}],"line":124},"19":{"loc":{"start":{"line":126,"column":12},"end":{"line":127,"column":84}},"type":"if","locations":[{"start":{"line":126,"column":12},"end":{"line":127,"column":84}},{"start":{"line":126,"column":12},"end":{"line":127,"column":84}}],"line":126},"20":{"loc":{"start":{"line":126,"column":16},"end":{"line":126,"column":91}},"type":"cond-expr","locations":[{"start":{"line":126,"column":61},"end":{"line":126,"column":86}},{"start":{"line":126,"column":89},"end":{"line":126,"column":91}}],"line":126},"21":{"loc":{"start":{"line":127,"column":25},"end":{"line":127,"column":83}},"type":"cond-expr","locations":[{"start":{"line":127,"column":53},"end":{"line":127,"column":78}},{"start":{"line":127,"column":81},"end":{"line":127,"column":83}}],"line":127},"22":{"loc":{"start":{"line":151,"column":8},"end":{"line":151,"column":65}},"type":"if","locations":[{"start":{"line":151,"column":8},"end":{"line":151,"column":65}},{"start":{"line":151,"column":8},"end":{"line":151,"column":65}}],"line":151},"23":{"loc":{"start":{"line":152,"column":8},"end":{"line":158,"column":9}},"type":"if","locations":[{"start":{"line":152,"column":8},"end":{"line":158,"column":9}},{"start":{"line":152,"column":8},"end":{"line":158,"column":9}}],"line":152},"24":{"loc":{"start":{"line":154,"column":12},"end":{"line":154,"column":34}},"type":"if","locations":[{"start":{"line":154,"column":12},"end":{"line":154,"column":34}},{"start":{"line":154,"column":12},"end":{"line":154,"column":34}}],"line":154},"25":{"loc":{"start":{"line":155,"column":12},"end":{"line":157,"column":13}},"type":"if","locations":[{"start":{"line":155,"column":12},"end":{"line":157,"column":13}},{"start":{"line":155,"column":12},"end":{"line":157,"column":13}}],"line":155},"26":{"loc":{"start":{"line":167,"column":8},"end":{"line":167,"column":56}},"type":"if","locations":[{"start":{"line":167,"column":8},"end":{"line":167,"column":56}},{"start":{"line":167,"column":8},"end":{"line":167,"column":56}}],"line":167},"27":{"loc":{"start":{"line":169,"column":12},"end":{"line":169,"column":30}},"type":"if","locations":[{"start":{"line":169,"column":12},"end":{"line":169,"column":30}},{"start":{"line":169,"column":12},"end":{"line":169,"column":30}}],"line":169},"28":{"loc":{"start":{"line":187,"column":8},"end":{"line":187,"column":76}},"type":"if","locations":[{"start":{"line":187,"column":8},"end":{"line":187,"column":76}},{"start":{"line":187,"column":8},"end":{"line":187,"column":76}}],"line":187},"29":{"loc":{"start":{"line":187,"column":12},"end":{"line":187,"column":65}},"type":"binary-expr","locations":[{"start":{"line":187,"column":12},"end":{"line":187,"column":36}},{"start":{"line":187,"column":40},"end":{"line":187,"column":65}}],"line":187},"30":{"loc":{"start":{"line":188,"column":8},"end":{"line":188,"column":56}},"type":"if","locations":[{"start":{"line":188,"column":8},"end":{"line":188,"column":56}},{"start":{"line":188,"column":8},"end":{"line":188,"column":56}}],"line":188},"31":{"loc":{"start":{"line":190,"column":8},"end":{"line":190,"column":30}},"type":"if","locations":[{"start":{"line":190,"column":8},"end":{"line":190,"column":30}},{"start":{"line":190,"column":8},"end":{"line":190,"column":30}}],"line":190},"32":{"loc":{"start":{"line":223,"column":8},"end":{"line":223,"column":56}},"type":"if","locations":[{"start":{"line":223,"column":8},"end":{"line":223,"column":56}},{"start":{"line":223,"column":8},"end":{"line":223,"column":56}}],"line":223},"33":{"loc":{"start":{"line":225,"column":8},"end":{"line":225,"column":53}},"type":"if","locations":[{"start":{"line":225,"column":8},"end":{"line":225,"column":53}},{"start":{"line":225,"column":8},"end":{"line":225,"column":53}}],"line":225},"34":{"loc":{"start":{"line":240,"column":8},"end":{"line":240,"column":41}},"type":"if","locations":[{"start":{"line":240,"column":8},"end":{"line":240,"column":41}},{"start":{"line":240,"column":8},"end":{"line":240,"column":41}}],"line":240},"35":{"loc":{"start":{"line":241,"column":8},"end":{"line":241,"column":56}},"type":"if","locations":[{"start":{"line":241,"column":8},"end":{"line":241,"column":56}},{"start":{"line":241,"column":8},"end":{"line":241,"column":56}}],"line":241},"36":{"loc":{"start":{"line":245,"column":12},"end":{"line":245,"column":33}},"type":"if","locations":[{"start":{"line":245,"column":12},"end":{"line":245,"column":33}},{"start":{"line":245,"column":12},"end":{"line":245,"column":33}}],"line":245},"37":{"loc":{"start":{"line":261,"column":8},"end":{"line":261,"column":56}},"type":"if","locations":[{"start":{"line":261,"column":8},"end":{"line":261,"column":56}},{"start":{"line":261,"column":8},"end":{"line":261,"column":56}}],"line":261},"38":{"loc":{"start":{"line":265,"column":8},"end":{"line":265,"column":30}},"type":"if","locations":[{"start":{"line":265,"column":8},"end":{"line":265,"column":30}},{"start":{"line":265,"column":8},"end":{"line":265,"column":30}}],"line":265},"39":{"loc":{"start":{"line":266,"column":8},"end":{"line":266,"column":53}},"type":"if","locations":[{"start":{"line":266,"column":8},"end":{"line":266,"column":53}},{"start":{"line":266,"column":8},"end":{"line":266,"column":53}}],"line":266},"40":{"loc":{"start":{"line":270,"column":16},"end":{"line":270,"column":34}},"type":"if","locations":[{"start":{"line":270,"column":16},"end":{"line":270,"column":34}},{"start":{"line":270,"column":16},"end":{"line":270,"column":34}}],"line":270},"41":{"loc":{"start":{"line":275,"column":8},"end":{"line":297,"column":9}},"type":"if","locations":[{"start":{"line":275,"column":8},"end":{"line":297,"column":9}},{"start":{"line":275,"column":8},"end":{"line":297,"column":9}}],"line":275},"42":{"loc":{"start":{"line":275,"column":12},"end":{"line":275,"column":55}},"type":"binary-expr","locations":[{"start":{"line":275,"column":12},"end":{"line":275,"column":31}},{"start":{"line":275,"column":35},"end":{"line":275,"column":55}}],"line":275},"43":{"loc":{"start":{"line":277,"column":16},"end":{"line":279,"column":17}},"type":"if","locations":[{"start":{"line":277,"column":16},"end":{"line":279,"column":17}},{"start":{"line":277,"column":16},"end":{"line":279,"column":17}}],"line":277},"44":{"loc":{"start":{"line":277,"column":20},"end":{"line":277,"column":112}},"type":"binary-expr","locations":[{"start":{"line":277,"column":20},"end":{"line":277,"column":60}},{"start":{"line":277,"column":64},"end":{"line":277,"column":112}}],"line":277},"45":{"loc":{"start":{"line":281,"column":15},"end":{"line":297,"column":9}},"type":"if","locations":[{"start
[...]
lumn":36}}],"line":953},"147":{"loc":{"start":{"line":954,"column":12},"end":{"line":956,"column":13}},"type":"if","locations":[{"start":{"line":954,"column":12},"end":{"line":956,"column":13}},{"start":{"line":954,"column":12},"end":{"line":956,"column":13}}],"line":954},"148":{"loc":{"start":{"line":976,"column":12},"end":{"line":976,"column":58}},"type":"if","locations":[{"start":{"line":976,"column":12},"end":{"line":976,"column":58}},{"start":{"line":976,"column":12},"end":{"line":976,"column":58}}],"line":976},"149":{"loc":{"start":{"line":978,"column":12},"end":{"line":978,"column":32}},"type":"if","locations":[{"start":{"line":978,"column":12},"end":{"line":978,"column":32}},{"start":{"line":978,"column":12},"end":{"line":978,"column":32}}],"line":978},"150":{"loc":{"start":{"line":980,"column":12},"end":{"line":982,"column":13}},"type":"if","locations":[{"start":{"line":980,"column":12},"end":{"line":982,"column":13}},{"start":{"line":980,"column":12},"end":{"line":982,"column":13}}],"line":980},"151":{"loc":{"start":{"line":1004,"column":12},"end":{"line":1004,"column":77}},"type":"if","locations":[{"start":{"line":1004,"column":12},"end":{"line":1004,"column":77}},{"start":{"line":1004,"column":12},"end":{"line":1004,"column":77}}],"line":1004},"152":{"loc":{"start":{"line":1027,"column":12},"end":{"line":1027,"column":77}},"type":"if","locations":[{"start":{"line":1027,"column":12},"end":{"line":1027,"column":77}},{"start":{"line":1027,"column":12},"end":{"line":1027,"column":77}}],"line":1027},"153":{"loc":{"start":{"line":1029,"column":12},"end":{"line":1029,"column":32}},"type":"if","locations":[{"start":{"line":1029,"column":12},"end":{"line":1029,"column":32}},{"start":{"line":1029,"column":12},"end":{"line":1029,"column":32}}],"line":1029},"154":{"loc":{"start":{"line":1052,"column":12},"end":{"line":1052,"column":67}},"type":"if","locations":[{"start":{"line":1052,"column":12},"end":{"line":1052,"column":67}},{"start":{"line":1052,"column":12},"end":{"line":1052,"column":67}}],"line":1052},"155":{"loc":{"start":{"line":1054,"column":12},"end":{"line":1054,"column":32}},"type":"if","locations":[{"start":{"line":1054,"column":12},"end":{"line":1054,"column":32}},{"start":{"line":1054,"column":12},"end":{"line":1054,"column":32}}],"line":1054},"156":{"loc":{"start":{"line":1055,"column":12},"end":{"line":1057,"column":66}},"type":"if","locations":[{"start":{"line":1055,"column":12},"end":{"line":1057,"column":66}},{"start":{"line":1055,"column":12},"end":{"line":1057,"column":66}}],"line":1055},"157":{"loc":{"start":{"line":1056,"column":16},"end":{"line":1056,"column":64}},"type":"if","locations":[{"start":{"line":1056,"column":16},"end":{"line":1056,"column":64}},{"start":{"line":1056,"column":16},"end":{"line":1056,"column":64}}],"line":1056},"158":{"loc":{"start":{"line":1057,"column":19},"end":{"line":1057,"column":66}},"type":"if","locations":[{"start":{"line":1057,"column":19},"end":{"line":1057,"column":66}},{"start":{"line":1057,"column":19},"end":{"line":1057,"column":66}}],"line":1057},"159":{"loc":{"start":{"line":1060,"column":12},"end":{"line":1060,"column":32}},"type":"if","locations":[{"start":{"line":1060,"column":12},"end":{"line":1060,"column":32}},{"start":{"line":1060,"column":12},"end":{"line":1060,"column":32}}],"line":1060},"160":{"loc":{"start":{"line":1063,"column":12},"end":{"line":1063,"column":34}},"type":"if","locations":[{"start":{"line":1063,"column":12},"end":{"line":1063,"column":34}},{"start":{"line":1063,"column":12},"end":{"line":1063,"column":34}}],"line":1063},"161":{"loc":{"start":{"line":1081,"column":12},"end":{"line":1081,"column":58}},"type":"if","locations":[{"start":{"line":1081,"column":12},"end":{"line":1081,"column":58}},{"start":{"line":1081,"column":12},"end":{"line":1081,"column":58}}],"line":1081},"162":{"loc":{"start":{"line":1083,"column":12},"end":{"line":1084,"column":65}},"type":"if","locations":[{"start":{"line":1083,"column":12},"end":{"line":1084,"column":65}},{"start":{"line":1083,"column":12},"end":{"line":1084,"column":65}}],"line":1083},"163":{"loc":{"start":{"line":1101,"column":12},"end":{"line":1101,"column":58}},"type":"if","locations":[{"start":{"line":1101,"column":12},"end":{"line":1101,"column":58}},{"start":{"line":1101,"column":12},"end":{"line":1101,"column":58}}],"line":1101},"164":{"loc":{"start":{"line":1103,"column":12},"end":{"line":1103,"column":32}},"type":"if","locations":[{"start":{"line":1103,"column":12},"end":{"line":1103,"column":32}},{"start":{"line":1103,"column":12},"end":{"line":1103,"column":32}}],"line":1103},"165":{"loc":{"start":{"line":1105,"column":12},"end":{"line":1105,"column":34}},"type":"if","locations":[{"start":{"line":1105,"column":12},"end":{"line":1105,"column":34}},{"start":{"line":1105,"column":12},"end":{"line":1105,"column":34}}],"line":1105},"166":{"loc":{"start":{"line":1123,"column":12},"end":{"line":1123,"column":58}},"type":"if","locations":[{"start":{"line":1123,"column":12},"end":{"line":1123,"column":58}},{"start":{"line":1123,"column":12},"end":{"line":1123,"column":58}}],"line":1123},"167":{"loc":{"start":{"line":1125,"column":12},"end":{"line":1125,"column":32}},"type":"if","locations":[{"start":{"line":1125,"column":12},"end":{"line":1125,"column":32}},{"start":{"line":1125,"column":12},"end":{"line":1125,"column":32}}],"line":1125},"168":{"loc":{"start":{"line":1127,"column":12},"end":{"line":1127,"column":34}},"type":"if","locations":[{"start":{"line":1127,"column":12},"end":{"line":1127,"column":34}},{"start":{"line":1127,"column":12},"end":{"line":1127,"column":34}}],"line":1127},"169":{"loc":{"start":{"line":1145,"column":12},"end":{"line":1145,"column":58}},"type":"if","locations":[{"start":{"line":1145,"column":12},"end":{"line":1145,"column":58}},{"start":{"line":1145,"column":12},"end":{"line":1145,"column":58}}],"line":1145},"170":{"loc":{"start":{"line":1147,"column":12},"end":{"line":1147,"column":32}},"type":"if","locations":[{"start":{"line":1147,"column":12},"end":{"line":1147,"column":32}},{"start":{"line":1147,"column":12},"end":{"line":1147,"column":32}}],"line":1147},"171":{"loc":{"start":{"line":1149,"column":12},"end":{"line":1149,"column":34}},"type":"if","locations":[{"start":{"line":1149,"column":12},"end":{"line":1149,"column":34}},{"start":{"line":1149,"column":12},"end":{"line":1149,"column":34}}],"line":1149},"172":{"loc":{"start":{"line":1167,"column":12},"end":{"line":1167,"column":58}},"type":"if","locations":[{"start":{"line":1167,"column":12},"end":{"line":1167,"column":58}},{"start":{"line":1167,"column":12},"end":{"line":1167,"column":58}}],"line":1167},"173":{"loc":{"start":{"line":1169,"column":12},"end":{"line":1169,"column":32}},"type":"if","locations":[{"start":{"line":1169,"column":12},"end":{"line":1169,"column":32}},{"start":{"line":1169,"column":12},"end":{"line":1169,"column":32}}],"line":1169},"174":{"loc":{"start":{"line":1171,"column":12},"end":{"line":1171,"column":37}},"type":"if","locations":[{"start":{"line":1171,"column":12},"end":{"line":1171,"column":37}},{"start":{"line":1171,"column":12},"end":{"line":1171,"column":37}}],"line":1171},"175":{"loc":{"start":{"line":1186,"column":12},"end":{"line":1186,"column":32}},"type":"if","locations":[{"start":{"line":1186,"column":12},"end":{"line":1186,"column":32}},{"start":{"line":1186,"column":12},"end":{"line":1186,"column":32}}],"line":1186},"176":{"loc":{"start":{"line":1189,"column":12},"end":{"line":1189,"column":34}},"type":"if","locations":[{"start":{"line":1189,"column":12},"end":{"line":1189,"column":34}},{"start":{"line":1189,"column":12},"end":{"line":1189,"column":34}}],"line":1189},"177":{"loc":{"start":{"line":1205,"column":12},"end":{"line":1205,"column":32}},"type":"if","locations":[{"start":{"line":1205,"column":12},"end":{"line":1205,"column":32}},{"start":{"line":1205,"column":12},"end":{"line":1205,"column":32}}],"line":1205},"178":{"loc":{"start":{"line":1208,"column":12},"end":{"line":1208,"column":34}},"type":"if","locations":[{"start":{"line":1208,"column":12},"end":{"line":1208,"column":34}},{"start":{"line":1208,"column":12},"end":{"line":1208,"column":34}}],"line":1208}},"s":{"0":7,"1":7,"2":7,"3":7,"4":7,"5":7,"6":7,"7":7,"8":7,"9":7,"10":7,"11":7,"12":440,"13":440,"14":3,"15":437,"16":437,"17":0,"18":437,"19":0,"20":437,"21":0,"22":3,"23":3,"24":0,"25":3,"26":3,"27":0,"28":3,"29":3,"30":0,"31":15,"32":15,"33":1,"34":14,"35":14,"36":13,"37":13,"38":1,"39":12,"40":6,"41":5,"42":6,"43":4,"44":6,"45":3,"46":6,"47":5,"48":6,"49":0,"50":0,"51":0,"52":6,"53":2,"54":2,"55":1,"56":6,"57":5,"58":12,"59":6,"60":1,"61":6,"62":1,"63":6,"64":1,"65":12,"66":12,"67":1,"68":0,"69":3,"70":3,"71":1,"72":2,"73":2,"74":1,"75":1,"76":1,"77":1,"78":1,"79":1,"80":1,"81":0,"82":4,"83":4,"84":1,"85":3,"86":3,"87":1,"88":2,"89":1,"90":1,"91":1,"92":0,"93":1,"94":1,"95":1,"96":0,"97":2,"98":2,"99":1,"100":2,"101":1,"102":2,"103":1,"104":2,"105":1,"106":2,"107":1,"108":2,"109":0,"110":4,"111":4,"112":0,"113":4,"114":4,"115":0,"116":4,"117":4,"118":0,"119":4,"120":2,"121":2,"122":0,"123":2,"124":2,"125":2,"126":2,"127":2,"128":2,"129":0,"130":4,"131":0,"132":4,"133":0,"134":1,"135":1,"136":0,"137":1,"138":1,"139":0,"140":1,"141":1,"142":0,"143":1,"144":0,"145":1,"146":1,"147":0,"148":1,"149":0,"150":1,"151":0,"152":9,"153":9,"154":1,"155":8,"156":8,"157":8,"158":3,"159":5,"160":0,"161":0,"162":0,"163":5,"164":5,"165":5,"166":5,"167":0,"168":6,"169":6,"170":1,"171":5,"172":5,"173":1,"174":4,"175":4,"176":4,"177":3,"178":3,"179":4,"180":1,"181":3,"182":3,"183":0,"184":5,"185":5,"186":1,"187":4,"188":4,"189":1,"190":3,"191":0,"192":3,"193":2,"194":1,"195":1,"196":1,"197":1,"198":1,"199":1,"200":1,"201":1,"202":1,"203":1,"204":1,"205":1,"206":0,"207":7,"208":7,"209":2,"210":5,"211":5,"212":2,"213":3,"214":0,"215":3,"216":2,"217":1,"218":1,"219":2,"220":2,"221":2,"222":1,"223":0,"224":4,"225":4,"226":1,"227":3,"228":3,"229":1,"230":2,"231":0,"232":2,"233":1,"234":1,"235":1,"236":1,"237":1,"238":1,"239":1,"240":0,"241":5,"242":5,"243":4,"244":2,"245":3,"246":0,"247":6,"248":6,"249":1,"250":5,"251":5,"252":5,"253":2,"254":3,"255":1,"256":2,"257":0,"258":2,"259":2,"260":2,"261":0,"262":2,"263":2,"264":2,"265":0,"266":4,"267":4,"268":1,"269":3,"270":3,"271":3,"272":1,"273":2,"274":1,"275":1,"276":1,"277":1,"278":1,"279":1,"280":1,"281":1,"282":1,"283":1,"284":1,"285":1,"286":1,"287":1,"288":0,"289":5,"290":5,"291":1,"292":4,"293":4,"294":4,"295":1,"296":3,"297":0,"298":3,"299":0,"300":3,"301":2,"302":2,"303":2,"304":2,"305":2,"306":3,"307":0,"308":5,"309":5,"310":1,"311":4,"312":4,"313":4,"314":2,"315":2,"316":0,"317":2,"318":1,"319":1,"320":0,"321":1,"322":0,"323":1,"324":1,"325":1,"326":1,"327":1,"328":1,"329":1,"330":1,"331":1,"332":1,"333":1,"334":0,"335":0,"336":10,"337":10,"338":1,"339":9,"340":9,"341":9,"342":2,"343":7,"344":0,"345":7,"346":4,"347":3,"348":3,"349":3,"350":3,"351":0,"352":0,"353":2,"354":2,"355":2,"356":1,"357":1,"358":0,"359":2,"360":2,"361":2,"362":2,"363":2,"364":0,"365":2,"366":2,"367":2,"368":2,"369":2,"370":0,"371":1,"372":1,"373":1,"374":1,"375":1,"376":1,"377":1,"378":0,"379":3,"380":3,"381":1,"382":2,"383":2,"384":1,"385":1,"386":0,"387":3,"388":3,"389":1,"390":2,"391":2,"392":1,"393":1,"394":0,"395":4,"396":4,"397":1,"398":3,"399":3,"400":1,"401":2,"402":2,"403":2,"404":0,"405":0,"406":0,"407":0,"408":0,"409":0,"410":0,"411":0,"412":0,"413":0,"414":0,"415":0,"416":20,"417":20,"418":20,"419":19,"420":19,"421":19,"422":19,"423":19,"424":19,"425":19,"426":19,"427":19,"428":0,"429":4,"430":4,"431":1,"432":3,"433":3,"434":1,"435":2,"436":2,"437":1,"438":1,"439":1,"440":1,"441":0,"442":7,"443":7,"444":1,"445":6,"446":6,"447":1,"448":5,"449":5,"450":0,"451":5,"452":5,"453":0,"454":5,"455":0,"456":5,"457":5,"458":0,"459":5,"460":0,"461":5,"462":5,"463":5,"464":5,"465":0,"466":4,"467":4,"468":1,"469":3,"470":1,"471":2,"472":2,"473":2,"474":1,"475":1,"476":1,"477":0,"478":0,"479":0,"480":0,"481":0,"482":0,"483":0,"484":0,"485":0,"486":0,"487":0,"488":0,"489":0,"490":0,"491":0,"492":0,"493":0,"494":0,"495":0,"496":0,"497":0,"498":0,"499":0,"500":0,"501":0,"502":0,"503":0,"504":0,"505":3,"506":3,"507":0,"508":3,"509":3,"510":0,"511":3,"512":3,"513":3,"514":2,"515":0,"516":2,"517":1,"518":1,"519":1,"520":0,"521":0,"522":0,"523":1,"524":1,"525":0,"526":0,"527":0,"528":2,"529":14,"530":14,"531":1,"532":13,"533":13,"534":1,"535":12,"536":2,"537":10,"538":10,"539":0,"540":10,"541":10,"542":10,"543":10,"544":0,"545":4,"546":4,"547":1,"548":3,"549":3,"550":1,"551":2,"552":1,"553":1,"554":1,"555":1,"556":1,"557":1,"558":1,"559":1,"560":0,"561":4,"562":4,"563":1,"564":3,"565":3,"566":1,"567":2,"568":1,"569":1,"570":1,"571":1,"572":1,"573":1,"574":0,"575":4,"576":4,"577":1,"578":3,"579":3,"580":3,"581":0,"582":4,"583":4,"584":1,"585":3,"586":3,"587":1,"588":2,"589":2,"590":0,"591":6,"592":6,"593":1,"594":5,"595":5,"596":1,"597":4,"598":3,"599":1,"600":1,"601":1,"602":2,"603":2,"604":1,"605":1,"606":1,"607":0,"608":1,"609":0,"610":3,"611":3,"612":1,"613":2,"614":2,"615":1,"616":1,"617":0,"618":3,"619":3,"620":1,"621":2,"622":2,"623":1,"624":1,"625":1,"626":0,"627":1,"628":0,"629":3,"630":3,"631":1,"632":2,"633":2,"634":1,"635":1,"636":1,"637":0,"638":1,"639":0,"640":3,"641":3,"642":1,"643":2,"644":2,"645":1,"646":1,"647":1,"648":0,"649":1,"650":0,"651":3,"652":3,"653":1,"654":2,"655":2,"656":1,"657":1,"658":1,"659":0,"660":1,"661":0,"662":4,"663":4,"664":4,"665":2,"666":2,"667":2,"668":1,"669":1,"670":1,"671":0,"672":4,"673":4,"674":4,"675":2,"676":2,"677":2,"678":1,"679":1,"680":1,"681":0,"682":7},"f":{"0":440,"1":437,"2":0,"3":3,"4":15,"5":3,"6":4,"7":2,"8":4,"9":1,"10":9,"11":6,"12":5,"13":7,"14":4,"15":5,"16":6,"17":4,"18":5,"19":5,"20":10,"21":2,"22":2,"23":2,"24":1,"25":3,"26":3,"27":4,"28":20,"29":4,"30":7,"31":5,"32":4,"33":3,"34":14,"35":4,"36":4,"37":4,"38":4,"39":6,"40":3,"41":3,"42":3,"43":3,"44":3,"45":4,"46":4},"b":{"0":[3,437],"1":[0,437],"2":[0,3],"3":[0,3],"4":[1,14],"5":[13,1],"6":[1,12],"7":[6,6],"8":[5,1],"9":[4,2],"10":[3,3],"11":[5,1],"12":[0,6],"13":[6,2],"14":[2,4],"15":[1,1],"16":[5,1],"17":[6,6],"18":[1,5],"19":[1,5],"20":[1,5],"21":[1,2],"22":[1,1],"23":[1,3],"24":[1,2],"25":[1,1],"26":[1,1],"27":[1,1],"28":[1,1],"29":[1,1],"30":[1,1],"31":[0,4],"32":[0,4],"33":[0,4],"34":[2,2],"35":[0,2],"36":[0,2],"37":[2,2],"38":[0,4],"39":[0,1],"40":[0,1],"41":[0,1],"42":[0,1],"43":[0,1],"44":[1,1],"45":[0,1],"46":[1,8],"47":[3,5],"48":[8,7],"49":[0,5],"50":[1,5],"51":[1,4],"52":[3,1],"53":[1,3],"54":[1,4],"55":[1,3],"56":[0,3],"57":[2,1],"58":[1,0],"59":[2,5],"60":[2,3],"61":[0,3],"62":[2,1],"63":[2,0],"64":[1,3],"65":[1,2],"66":[0,2],"67":[1,1],"68":[1,0],"69":[2,2],"70":[1,5],"71":[2,3],"72":[5,3],"73":[1,2],"74":[0,2],"75":[0,2],"76":[1,3],"77":[1,2],"78":[3,2],"79":[1,1],"80":[1,0],"81":[1,0],"82":[1,4],"83":[1,3],"84":[4,3],"85":[0,3],"86":[0,3],"87":[2,1],"88":[1,4],"89":[2,2],"90":[4,2],"91":[0,2],"92":[1,1],"93":[0,1],"94":[0,1],"95":[1,0],"96":[1,0],"97":[1,9],"98":[2,7],"99":[9,8],"100":[0,7],"101":[4,3],"102":[3,0],"103":[1,1],"104":[2,0],"105":[2,0],"106":[1,2],"107":[1,1],"108":[1,2],"109":[1,1],"110":[1,3],"111":[1,2],"112":[2,0],"113":[0,0],"114":[0,0],"115":[0,0],"116":[1,3],"117":[1,2],"118":[1,1],"119":[1,0],"120":[1,6],"121":[1,5],"122":[0,5],"123":[0,5],"124":[0,5],"125":[0,5],"126":[1,3],"127":[1,2],"128":[1,1],"129":[1,0],"130":[1,1],"131":[0,0],"132":[0,0],"133":[0,0],"134":[0,0],"135":[0,3],"136":[0,3],"137":[0,2],"138":[1,1],"139":[0,0],"140":[0,0],"141":[1,13],"142":[1,12],"143":[2,10],"144":[0,10],"145":[1,3],"146":[1,2],"147":[1,1],"148":[1,3],"149":[1,2],"150":[1,1],"151":[1,3],"152":[1,3],"153":[1,2],"154":[1,5],"155":[1,4],"156":[3,1],"157":[1,2],"158":[1,0],"159":[1,1],"160":[0,1],"161":[1,2],"162":[1,1],"163":[1,2],"164":[1,1],"165":[0,1],"166":[1,2],"167":[1,1],"168":[0,1],"169":[1,2],"170":[1,1],"171":[0,1],"172":[1,2],"173":[1,1],"174":[0,1],"175":[2,2],"176":[1,1],"177":[2,2],"178":[1,1]},"_coverageSchema":"1a1c01bbd47fc00a2c39e90264f33305004495a9","hash":"da067c2b61b1dbcd3f7be26c5d6c5cb100cbf7f7"}
,"D:\\aya\\ayas2\\software-project\\Marioplex-Backend\\tests\\db-handler.js": {"path":"D:\\aya\\ayas2\\software-project\\Marioplex-Backend\\tests\\db-handler.js","statementMap":{"0":{"start":{"line":1,"column":17},"end":{"line":1,"column":36}},"1":{"start":{"line":2,"column":30},"end":{"line":2,"column":62}},"2":{"start":{"line":3,"column":13},"end":{"line":3,"column":37}},"3":{"start":{"line":4,"column":15},"end":{"line":4,"column":38}},"4":{"start":{"line":9,"column":0},"end":{"line":22,"column":2}},"5":{"start":{"line":10,"column":16},"end":{"line":10,"column":50}},"6":{"start":{"line":12,"column":25},"end":{"line":17,"column":5}},"7":{"start":{"line":19,"column":4},"end":{"line":19,"column":46}},"8":{"start":{"line":20,"column":4},"end":{"line":20,"column":65}},"9":{"start":{"line":21,"column":4},"end":{"line":21,"column":65}},"10":{"start":{"line":27,"column":0},"end":{"line":31,"column":2}},"11":{"start":{"line":28,"column":4},"end":{"line":28,"column":45}},"12":{"start":{"line":29,"column":4},"end":{"line":29,"column":38}},"13":{"start":{"line":30,"column":4},"end":{"line":30,"column":24}},"14":{"start":{"line":36,"column":0},"end":{"line":43,"column":2}},"15":{"start":{"line":37,"column":24},"end":{"line":37,"column":55}},"16":{"start":{"line":39,"column":4},"end":{"line":42,"column":5}},"17":{"start":{"line":40,"column":27},"end":{"line":40,"column":43}},"18":{"start":{"line":41,"column":8},"end":{"line":41,"column":38}}},"fnMap":{"0":{"name":"(anonymous_0)","decl":{"start":{"line":9,"column":25},"end":{"line":9,"column":26}},"loc":{"start":{"line":9,"column":37},"end":{"line":22,"column":1}},"line":9},"1":{"name":"(anonymous_1)","decl":{"start":{"line":27,"column":31},"end":{"line":27,"column":32}},"loc":{"start":{"line":27,"column":43},"end":{"line":31,"column":1}},"line":27},"2":{"name":"(anonymous_2)","decl":{"start":{"line":36,"column":31},"end":{"line":36,"column":32}},"loc":{"start":{"line":36,"column":43},"end":{"line":43,"column":1}},"line":36}},"branchMap":{},"s":{"0":7,"1":7,"2":7,"3":7,"4":7,"5":7,"6":7,"7":7,"8":7,"9":7,"10":7,"11":7,"12":7,"13":7,"14":7,"15":7,"16":7,"17":42,"18":42},"f":{"0":7,"1":7,"2":7},"b":{},"_coverageSchema":"1a1c01bbd47fc00a2c39e90264f33305004495a9","hash":"02f8550b67ad40d5dbd9d56e70536e9da7278e09"}
,"D:\\aya\\ayas2\\software-project\\Marioplex-Backend\\validation\\mongoose-objectid.js": {"path":"D:\\aya\\ayas2\\software-project\\Marioplex-Backend\\validation\\mongoose-objectid.js","statementMap":{"0":{"start":{"line":1,"column":17},"end":{"line":1,"column":51}},"1":{"start":{"line":3,"column":4},"end":{"line":6,"column":5}},"2":{"start":{"line":4,"column":8},"end":{"line":4,"column":37}},"3":{"start":{"line":4,"column":28},"end":{"line":4,"column":37}},"4":{"start":{"line":5,"column":8},"end":{"line":5,"column":43}},"5":{"start":{"line":5,"column":34},"end":{"line":5,"column":43}},"6":{"start":{"line":7,"column":4},"end":{"line":7,"column":13}},"7":{"start":{"line":10,"column":0},"end":{"line":10,"column":32}}},"fnMap":{"0":{"name":"checkMongooseID","decl":{"start":{"line":2,"column":9},"end":{"line":2,"column":24}},"loc":{"start":{"line":2,"column":29},"end":{"line":8,"column":1}},"line":2}},"branchMap":{"0":{"loc":{"start":{"line":4,"column":8},"end":{"line":4,"column":37}},"type":"if","locations":[{"start":{"line":4,"column":8},"end":{"line":4,"column":37}},{"start":{"line":4,"column":8},"end":{"line":4,"column":37}}],"line":4},"1":{"loc":{"start":{"line":5,"column":8},"end":{"line":5,"column":43}},"type":"if","locations":[{"start":{"line":5,"column":8},"end":{"line":5,"column":43}},{"start":{"line":5,"column":8},"end":{"line":5,"column":43}}],"line":5}},"s":{"0":7,"1":2465,"2":2647,"3":30,"4":2617,"5":70,"6":2395,"7":7},"f":{"0":2465},"b":{"0":[30,2617],"1":[70,2547]},"_coverageSchema":"1a1c01bbd47fc00a2c39e90264f33305004495a9","hash":"83c40116d1ded05f23c5f575e6c93b22f2bce177"}
}
