TN:
SF:..\config\firebase-config.js
FN:2,(anonymous_0)
FNF:1
FNH:1
FNDA:1,(anonymous_0)
DA:1,1
DA:2,1
DA:3,1
DA:4,1
LF:4
LH:4
BRF:0
BRH:0
end_of_record
TN:
SF:..\db-connection\connection.js
FN:13,(anonymous_0)
FN:25,(anonymous_1)
FN:36,(anonymous_2)
FN:49,(anonymous_3)
FN:57,(anonymous_4)
FNF:5
FNH:0
FNDA:0,(anonymous_0)
FNDA:0,(anonymous_1)
FNDA:0,(anonymous_2)
FNDA:0,(anonymous_3)
FNDA:0,(anonymous_4)
DA:3,11
DA:4,11
DA:5,11
DA:6,11
DA:7,11
DA:8,11
DA:10,11
DA:11,11
DA:13,11
DA:14,0
DA:15,0
DA:16,0
DA:17,0
DA:18,0
DA:19,0
DA:20,0
DA:22,0
DA:23,0
DA:25,0
DA:26,0
DA:27,0
DA:30,0
DA:31,0
DA:33,0
DA:36,0
DA:37,0
DA:38,0
DA:40,0
DA:47,0
DA:49,0
DA:51,0
DA:58,0
DA:60,0
LF:33
LH:9
BRDA:22,0,0,0
BRDA:22,0,1,0
BRDA:37,1,0,0
BRDA:37,1,1,0
BRDA:37,2,0,0
BRDA:37,2,1,0
BRF:6
BRH:0
end_of_record
TN:
SF:..\models\db.js
FNF:0
FNH:0
DA:1,11
DA:2,11
DA:3,11
DA:10,11
DA:45,11
DA:60,11
DA:79,11
DA:86,11
DA:190,11
DA:217,11
DA:218,11
DA:219,11
DA:220,11
DA:221,11
DA:222,11
DA:225,11
LF:16
LH:16
BRF:0
BRH:0
end_of_record
TN:
SF:..\source\album-api.js
FN:17,(anonymous_0)
FN:34,(anonymous_1)
FN:39,(anonymous_2)
FN:42,(anonymous_3)
FN:53,(anonymous_4)
FN:69,(anonymous_5)
FN:101,(anonymous_6)
FN:122,(anonymous_7)
FN:146,(anonymous_8)
FN:196,(anonymous_9)
FN:210,(anonymous_10)
FN:243,(anonymous_11)
FN:284,(anonymous_12)
FN:289,(anonymous_13)
FN:300,(anonymous_14)
FN:343,(anonymous_15)
FNF:16
FNH:15
FNDA:40,(anonymous_0)
FNDA:380,(anonymous_1)
FNDA:380,(anonymous_2)
FNDA:0,(anonymous_3)
FNDA:1,(anonymous_4)
FNDA:1,(anonymous_5)
FNDA:1,(anonymous_6)
FNDA:1,(anonymous_7)
FNDA:21,(anonymous_8)
FNDA:2,(anonymous_9)
FNDA:4,(anonymous_10)
FNDA:20,(anonymous_11)
FNDA:12,(anonymous_12)
FNDA:5,(anonymous_13)
FNDA:9,(anonymous_14)
FNDA:4,(anonymous_15)
DA:1,11
DA:5,11
DA:6,11
DA:7,11
DA:8,11
DA:10,11
DA:18,40
DA:19,39
DA:20,39
DA:21,39
DA:22,39
DA:25,39
DA:26,39
DA:38,380
DA:39,380
DA:40,380
DA:41,380
DA:42,0
DA:43,380
DA:54,1
DA:55,1
DA:56,1
DA:57,1
DA:58,1
DA:59,1
DA:60,1
DA:61,1
DA:62,3
DA:65,1
DA:68,1
DA:69,1
DA:70,1
DA:71,1
DA:72,2
DA:73,2
DA:74,0
DA:75,0
DA:76,0
DA:80,2
DA:81,2
DA:82,0
DA:83,0
DA:85,2
DA:87,2
DA:88,0
DA:89,0
DA:91,2
DA:95,1
DA:103,1
DA:104,1
DA:105,1
DA:107,1
DA:108,0
DA:110,1
DA:111,3
DA:112,3
DA:115,1
DA:116,1
DA:124,1
DA:125,1
DA:126,1
DA:128,1
DA:129,0
DA:130,1
DA:131,3
DA:132,3
DA:133,3
DA:137,1
DA:138,1
DA:150,21
DA:151,17
DA:152,17
DA:153,17
DA:154,17
DA:155,2
DA:156,2
DA:157,2
DA:158,1
DA:160,1
DA:165,17
DA:166,17
DA:167,17
DA:168,17
DA:169,17
DA:170,17
DA:171,17
DA:172,17
DA:173,17
DA:175,17
DA:176,12
DA:178,5
DA:180,17
DA:182,0
DA:197,2
DA:198,1
DA:199,1
DA:200,3
DA:202,1
DA:215,4
DA:216,4
DA:217,3
DA:218,2
DA:219,1
DA:220,1
DA:221,1
DA:224,2
DA:225,1
DA:226,1
DA:227,1
DA:228,1
DA:229,1
DA:232,1
DA:234,1
DA:247,20
DA:248,19
DA:249,19
DA:250,19
DA:251,1
DA:253,18
DA:254,18
DA:255,30
DA:256,30
DA:257,30
DA:258,30
DA:259,30
DA:260,30
DA:261,30
DA:262,30
DA:263,5
DA:265,30
DA:266,30
DA:267,30
DA:271,18
DA:272,5
DA:274,13
DA:285,12
DA:286,12
DA:288,12
DA:289,12
DA:291,0
DA:304,9
DA:305,8
DA:306,8
DA:307,8
DA:308,7
DA:309,7
DA:310,5
DA:313,8
DA:314,5
DA:315,5
DA:316,5
DA:317,4
DA:318,4
DA:322,4
DA:324,0
DA:325,0
DA:329,0
DA:331,1
DA:333,5
DA:334,1
DA:336,4
DA:347,4
DA:348,4
DA:349,3
DA:350,3
DA:351,2
DA:352,1
DA:353,1
DA:354,1
DA:355,1
DA:358,1
DA:360,1
DA:361,1
DA:365,2
DA:368,11
LF:175
LH:160
BRDA:18,0,0,1
BRDA:18,0,1,39
BRDA:20,1,0,39
BRDA:20,1,1,0
BRDA:21,2,0,0
BRDA:21,2,1,39
BRDA:38,3,0,0
BRDA:38,3,1,380
BRDA:40,4,0,0
BRDA:40,4,1,380
BRDA:54,5,0,0
BRDA:54,5,1,1
BRDA:56,6,0,0
BRDA:56,6,1,1
BRDA:57,7,0,0
BRDA:57,7,1,1
BRDA:59,8,0,0
BRDA:59,8,1,1
BRDA:60,9,0,1
BRDA:60,9,1,0
BRDA:68,10,0,0
BRDA:68,10,1,1
BRDA:70,11,0,0
BRDA:70,11,1,1
BRDA:72,12,0,2
BRDA:72,12,1,0
BRDA:74,13,0,0
BRDA:74,13,1,0
BRDA:80,14,0,2
BRDA:80,14,1,0
BRDA:82,15,0,0
BRDA:82,15,1,0
BRDA:82,16,0,0
BRDA:82,16,1,0
BRDA:85,17,0,2
BRDA:85,17,1,0
BRDA:88,18,0,0
BRDA:88,18,1,0
BRDA:88,19,0,0
BRDA:88,19,1,0
BRDA:105,20,0,1
BRDA:105,20,1,0
BRDA:107,21,0,1
BRDA:107,21,1,0
BRDA:107,22,0,0
BRDA:107,22,1,1
BRDA:108,23,0,0
BRDA:108,23,1,0
BRDA:126,24,0,1
BRDA:126,24,1,0
BRDA:128,25,0,1
BRDA:128,25,1,0
BRDA:128,26,0,0
BRDA:128,26,1,1
BRDA:129,27,0,0
BRDA:129,27,1,0
BRDA:131,28,0,3
BRDA:131,28,1,0
BRDA:150,29,0,4
BRDA:150,29,1,17
BRDA:154,30,0,2
BRDA:154,30,1,15
BRDA:155,31,0,2
BRDA:155,31,1,0
BRDA:157,32,0,1
BRDA:157,32,1,1
BRDA:165,33,0,17
BRDA:165,33,1,0
BRDA:171,34,0,17
BRDA:171,34,1,0
BRDA:175,35,0,12
BRDA:175,35,1,5
BRDA:197,36,0,1
BRDA:197,36,1,1
BRDA:198,37,0,0
BRDA:198,37,1,1
BRDA:200,38,0,0
BRDA:200,38,1,3
BRDA:216,39,0,1
BRDA:216,39,1,3
BRDA:217,40,0,1
BRDA:217,40,1,2
BRDA:220,41,0,1
BRDA:220,41,1,0
BRDA:224,42,0,1
BRDA:224,42,1,1
BRDA:228,43,0,1
BRDA:228,43,1,0
BRDA:247,44,0,1
BRDA:247,44,1,19
BRDA:250,45,0,1
BRDA:250,45,1,18
BRDA:253,46,0,0
BRDA:253,46,1,18
BRDA:255,47,0,0
BRDA:255,47,1,30
BRDA:257,48,0,30
BRDA:257,48,1,0
BRDA:262,49,0,5
BRDA:262,49,1,25
BRDA:271,50,0,5
BRDA:271,50,1,13
BRDA:285,51,0,0
BRDA:285,51,1,12
BRDA:288,52,0,12
BRDA:288,52,1,0
BRDA:304,53,0,1
BRDA:304,53,1,8
BRDA:305,54,0,0
BRDA:305,54,1,8
BRDA:309,55,0,5
BRDA:309,55,1,2
BRDA:313,56,0,3
BRDA:313,56,1,5
BRDA:316,57,0,4
BRDA:316,57,1,1
BRDA:317,58,0,4
BRDA:317,58,1,0
BRDA:333,59,0,1
BRDA:333,59,1,4
BRDA:348,60,0,1
BRDA:348,60,1,3
BRDA:349,61,0,0
BRDA:349,61,1,3
BRDA:351,62,0,1
BRDA:351,62,1,1
BRDA:354,63,0,1
BRDA:354,63,1,0
BRDA:360,64,0,1
BRDA:360,64,1,0
BRDA:360,65,0,1
BRDA:360,65,1,1
BRDA:360,65,2,0
BRF:133
BRH:80
end_of_record
TN:
SF:..\source\artist-api.js
FN:13,(anonymous_0)
FN:33,(anonymous_1)
FN:53,(anonymous_2)
FN:77,(anonymous_3)
FN:107,(anonymous_4)
FN:118,(anonymous_5)
FN:149,(anonymous_6)
FN:155,(anonymous_7)
FN:166,(anonymous_8)
FN:168,(anonymous_9)
FN:171,(anonymous_10)
FN:187,(anonymous_11)
FN:224,(anonymous_12)
FN:240,(anonymous_13)
FN:263,(anonymous_14)
FN:273,(anonymous_15)
FN:276,(anonymous_16)
FN:329,(anonymous_17)
FN:332,(anonymous_18)
FN:345,(anonymous_19)
FN:362,(anonymous_20)
FN:364,(anonymous_21)
FN:367,(anonymous_22)
FN:378,(anonymous_23)
FN:397,(anonymous_24)
FN:407,(anonymous_25)
FN:423,(anonymous_26)
FNF:27
FNH:20
FNDA:0,(anonymous_0)
FNDA:0,(anonymous_1)
FNDA:0,(anonymous_2)
FNDA:19,(anonymous_3)
FNDA:3,(anonymous_4)
FNDA:1,(anonymous_5)
FNDA:5,(anonymous_6)
FNDA:4,(anonymous_7)
FNDA:559,(anonymous_8)
FNDA:558,(anonymous_9)
FNDA:0,(anonymous_10)
FNDA:31,(anonymous_11)
FNDA:41,(anonymous_12)
FNDA:2,(anonymous_13)
FNDA:8,(anonymous_14)
FNDA:11,(anonymous_15)
FNDA:0,(anonymous_16)
FNDA:2,(anonymous_17)
FNDA:2,(anonymous_18)
FNDA:0,(anonymous_19)
FNDA:27,(anonymous_20)
FNDA:26,(anonymous_21)
FNDA:0,(anonymous_22)
FNDA:2,(anonymous_23)
FNDA:1,(anonymous_24)
FNDA:3,(anonymous_25)
FNDA:5,(anonymous_26)
DA:1,11
DA:2,11
DA:3,11
DA:4,11
DA:7,11
DA:14,0
DA:15,0
DA:16,0
DA:17,0
DA:18,0
DA:19,0
DA:20,0
DA:21,0
DA:23,0
DA:25,0
DA:34,0
DA:35,0
DA:36,0
DA:37,0
DA:38,0
DA:39,0
DA:40,0
DA:41,0
DA:44,0
DA:46,0
DA:54,0
DA:55,0
DA:56,0
DA:57,0
DA:58,0
DA:59,0
DA:60,0
DA:61,0
DA:62,0
DA:63,0
DA:65,0
DA:80,19
DA:81,19
DA:82,19
DA:96,19
DA:97,19
DA:108,3
DA:109,3
DA:110,3
DA:111,3
DA:112,3
DA:113,3
DA:114,3
DA:115,3
DA:120,1
DA:121,1
DA:122,1
DA:124,1
DA:125,0
DA:126,1
DA:128,4
DA:139,1
DA:140,1
DA:150,5
DA:151,4
DA:152,4
DA:153,4
DA:154,4
DA:155,4
DA:158,0
DA:167,559
DA:168,558
DA:169,558
DA:170,558
DA:171,0
DA:172,558
DA:188,31
DA:189,28
DA:190,28
DA:191,28
DA:192,28
DA:193,28
DA:209,28
DA:211,28
DA:214,28
DA:215,28
DA:225,41
DA:226,40
DA:227,40
DA:228,40
DA:231,40
DA:232,40
DA:241,2
DA:243,2
DA:244,2
DA:245,1
DA:247,2
DA:248,2
DA:249,2
DA:251,1
DA:265,8
DA:266,8
DA:267,8
DA:268,8
DA:269,8
DA:270,8
DA:272,8
DA:273,11
DA:274,11
DA:275,11
DA:276,0
DA:279,8
DA:280,3
DA:281,4
DA:282,4
DA:285,5
DA:286,1
DA:287,1
DA:288,1
DA:291,4
DA:292,2
DA:293,3
DA:294,3
DA:298,2
DA:299,3
DA:303,8
DA:304,8
DA:305,8
DA:306,3
DA:307,3
DA:310,8
DA:311,3
DA:312,2
DA:315,5
DA:316,5
DA:317,0
DA:320,8
DA:321,8
DA:330,2
DA:332,2
DA:333,2
DA:335,2
DA:336,2
DA:337,2
DA:338,2
DA:340,2
DA:341,8
DA:342,6
DA:343,6
DA:344,6
DA:345,1
DA:346,1
DA:347,1
DA:353,2
DA:354,2
DA:363,27
DA:364,26
DA:365,26
DA:366,26
DA:367,0
DA:368,26
DA:380,2
DA:381,1
DA:382,1
DA:383,1
DA:384,1
DA:385,1
DA:386,3
DA:387,3
DA:391,1
DA:392,3
DA:393,2
DA:397,1
DA:398,1
DA:399,1
DA:408,3
DA:409,2
DA:410,2
DA:411,2
DA:412,2
DA:413,2
DA:414,2
DA:415,5
DA:416,5
DA:418,2
DA:419,5
DA:421,2
DA:424,5
DA:425,4
DA:426,4
DA:427,4
DA:428,2
DA:430,2
DA:434,11
LF:189
LH:152
BRDA:15,0,0,0
BRDA:15,0,1,0
BRDA:16,1,0,0
BRDA:16,1,1,0
BRDA:21,2,0,0
BRDA:21,2,1,0
BRDA:21,3,0,0
BRDA:21,3,1,0
BRDA:35,4,0,0
BRDA:35,4,1,0
BRDA:36,5,0,0
BRDA:36,5,1,0
BRDA:41,6,0,0
BRDA:41,6,1,0
BRDA:41,7,0,0
BRDA:41,7,1,0
BRDA:41,7,2,0
BRDA:55,8,0,0
BRDA:55,8,1,0
BRDA:56,9,0,0
BRDA:56,9,1,0
BRDA:59,10,0,0
BRDA:59,10,1,0
BRDA:62,11,0,0
BRDA:62,11,1,0
BRDA:80,12,0,0
BRDA:80,12,1,19
BRDA:108,13,0,0
BRDA:108,13,1,3
BRDA:110,14,0,0
BRDA:110,14,1,3
BRDA:111,15,0,1
BRDA:111,15,1,2
BRDA:112,16,0,1
BRDA:112,16,1,2
BRDA:113,17,0,1
BRDA:113,17,1,2
BRDA:122,18,0,1
BRDA:122,18,1,0
BRDA:124,19,0,1
BRDA:124,19,1,0
BRDA:124,20,0,0
BRDA:124,20,1,1
BRDA:125,21,0,0
BRDA:125,21,1,0
BRDA:150,22,0,1
BRDA:150,22,1,4
BRDA:151,23,0,4
BRDA:151,23,1,0
BRDA:153,24,0,0
BRDA:153,24,1,4
BRDA:154,25,0,4
BRDA:154,25,1,0
BRDA:167,26,0,1
BRDA:167,26,1,558
BRDA:169,27,0,0
BRDA:169,27,1,558
BRDA:188,28,0,3
BRDA:188,28,1,28
BRDA:188,29,0,31
BRDA:188,29,1,28
BRDA:189,30,0,0
BRDA:189,30,1,28
BRDA:191,31,0,0
BRDA:191,31,1,28
BRDA:225,32,0,1
BRDA:225,32,1,40
BRDA:227,33,0,0
BRDA:227,33,1,40
BRDA:243,34,0,0
BRDA:243,34,1,2
BRDA:244,35,0,1
BRDA:244,35,1,1
BRDA:248,36,0,0
BRDA:248,36,1,2
BRDA:265,37,0,0
BRDA:265,37,1,8
BRDA:269,38,0,0
BRDA:269,38,1,8
BRDA:270,39,0,0
BRDA:270,39,1,8
BRDA:274,40,0,0
BRDA:274,40,1,11
BRDA:279,41,0,3
BRDA:279,41,1,5
BRDA:279,42,0,8
BRDA:279,42,1,5
BRDA:281,43,0,4
BRDA:281,43,1,0
BRDA:281,44,0,4
BRDA:281,44,1,4
BRDA:285,45,0,1
BRDA:285,45,1,4
BRDA:285,46,0,5
BRDA:285,46,1,3
BRDA:287,47,0,1
BRDA:287,47,1,0
BRDA:291,48,0,2
BRDA:291,48,1,2
BRDA:291,49,0,4
BRDA:291,49,1,2
BRDA:293,50,0,3
BRDA:293,50,1,0
BRDA:305,51,0,3
BRDA:305,51,1,5
BRDA:306,52,0,3
BRDA:306,52,1,0
BRDA:306,53,0,3
BRDA:306,53,1,3
BRDA:310,54,0,3
BRDA:310,54,1,5
BRDA:311,55,0,2
BRDA:311,55,1,1
BRDA:311,56,0,3
BRDA:311,56,1,3
BRDA:315,57,0,0
BRDA:315,57,1,5
BRDA:316,58,0,0
BRDA:316,58,1,5
BRDA:316,59,0,5
BRDA:316,59,1,5
BRDA:330,60,0,0
BRDA:330,60,1,2
BRDA:336,61,0,0
BRDA:336,61,1,2
BRDA:337,62,0,0
BRDA:337,62,1,2
BRDA:341,63,0,2
BRDA:341,63,1,6
BRDA:344,64,0,1
BRDA:344,64,1,5
BRDA:345,65,0,1
BRDA:345,65,1,0
BRDA:353,66,0,0
BRDA:353,66,1,2
BRDA:363,67,0,1
BRDA:363,67,1,26
BRDA:365,68,0,0
BRDA:365,68,1,26
BRDA:380,69,0,1
BRDA:380,69,1,1
BRDA:384,70,0,0
BRDA:384,70,1,1
BRDA:387,71,0,3
BRDA:387,71,1,0
BRDA:392,72,0,2
BRDA:392,72,1,1
BRDA:392,73,0,3
BRDA:392,73,1,3
BRDA:397,74,0,0
BRDA:397,74,1,1
BRDA:408,75,0,1
BRDA:408,75,1,2
BRDA:412,76,0,0
BRDA:412,76,1,2
BRDA:413,77,0,0
BRDA:413,77,1,2
BRDA:416,78,0,5
BRDA:416,78,1,0
BRDA:424,79,0,1
BRDA:424,79,1,4
BRDA:425,80,0,0
BRDA:425,80,1,4
BRDA:425,81,0,4
BRDA:425,81,1,4
BRDA:426,82,0,0
BRDA:426,82,1,4
BRDA:428,83,0,2
BRDA:428,83,1,0
BRF:169
BRH:102
end_of_record
TN:
SF:..\source\browse-api.js
FN:17,(anonymous_0)
FN:20,(anonymous_1)
FN:23,(anonymous_2)
FN:38,(anonymous_3)
FN:67,(anonymous_4)
FN:68,(anonymous_5)
FN:71,(anonymous_6)
FN:86,(anonymous_7)
FN:87,(anonymous_8)
FN:90,(anonymous_9)
FN:116,(anonymous_10)
FN:118,(anonymous_11)
FN:121,(anonymous_12)
FN:130,(anonymous_13)
FN:133,(anonymous_14)
FN:156,limitOffset
FNF:16
FNH:11
FNDA:81,(anonymous_0)
FNDA:80,(anonymous_1)
FNDA:0,(anonymous_2)
FNDA:9,(anonymous_3)
FNDA:1,(anonymous_4)
FNDA:1,(anonymous_5)
FNDA:0,(anonymous_6)
FNDA:3,(anonymous_7)
FNDA:3,(anonymous_8)
FNDA:0,(anonymous_9)
FNDA:8,(anonymous_10)
FNDA:7,(anonymous_11)
FNDA:0,(anonymous_12)
FNDA:57,(anonymous_13)
FNDA:0,(anonymous_14)
FNDA:7,limitOffset
DA:1,1
DA:5,1
DA:6,1
DA:7,1
DA:9,1
DA:18,81
DA:20,80
DA:21,80
DA:22,80
DA:23,0
DA:24,80
DA:25,78
DA:26,53
DA:27,53
DA:29,78
DA:39,9
DA:40,8
DA:41,8
DA:42,7
DA:43,7
DA:44,24
DA:45,24
DA:46,24
DA:47,24
DA:48,24
DA:49,24
DA:50,24
DA:51,24
DA:52,24
DA:53,24
DA:55,24
DA:58,7
DA:68,1
DA:69,1
DA:70,1
DA:71,0
DA:72,1
DA:73,3
DA:74,2
DA:75,2
DA:78,1
DA:87,3
DA:88,3
DA:89,3
DA:90,0
DA:92,3
DA:93,2
DA:94,2
DA:95,2
DA:96,4
DA:97,2
DA:98,2
DA:99,6
DA:100,0
DA:101,6
DA:102,12
DA:103,6
DA:104,6
DA:105,2
DA:109,2
DA:117,8
DA:118,7
DA:119,7
DA:120,7
DA:121,0
DA:122,7
DA:123,7
DA:124,7
DA:125,7
DA:126,11
DA:127,77
DA:128,77
DA:129,57
DA:130,57
DA:131,57
DA:132,57
DA:133,0
DA:134,57
DA:135,31
DA:136,31
DA:139,11
DA:140,7
DA:141,11
DA:143,7
DA:149,1
DA:158,7
DA:159,7
DA:160,7
DA:161,3
DA:162,2
DA:165,7
DA:166,3
DA:167,2
DA:170,4
DA:171,4
DA:172,1
DA:175,7
LF:97
LH:91
BRDA:18,0,0,1
BRDA:18,0,1,80
BRDA:21,1,0,0
BRDA:21,1,1,80
BRDA:24,2,0,2
BRDA:24,2,1,78
BRDA:25,3,0,53
BRDA:25,3,1,25
BRDA:39,4,0,1
BRDA:39,4,1,8
BRDA:41,5,0,1
BRDA:41,5,1,7
BRDA:45,6,0,24
BRDA:45,6,1,0
BRDA:51,7,0,24
BRDA:51,7,1,0
BRDA:69,8,0,0
BRDA:69,8,1,1
BRDA:73,9,0,2
BRDA:73,9,1,1
BRDA:88,10,0,0
BRDA:88,10,1,3
BRDA:92,11,0,1
BRDA:92,11,1,2
BRDA:96,12,0,2
BRDA:96,12,1,2
BRDA:96,13,0,2
BRDA:96,13,1,2
BRDA:99,14,0,0
BRDA:99,14,1,6
BRDA:99,15,0,0
BRDA:99,15,1,6
BRDA:102,16,0,6
BRDA:102,16,1,6
BRDA:104,17,0,2
BRDA:104,17,1,4
BRDA:117,18,0,1
BRDA:117,18,1,7
BRDA:119,19,0,0
BRDA:119,19,1,7
BRDA:122,20,0,0
BRDA:122,20,1,7
BRDA:127,21,0,0
BRDA:127,21,1,77
BRDA:128,22,0,20
BRDA:128,22,1,57
BRDA:129,23,0,0
BRDA:129,23,1,57
BRDA:131,24,0,0
BRDA:131,24,1,57
BRDA:134,25,0,31
BRDA:134,25,1,26
BRDA:134,26,0,57
BRDA:134,26,1,55
BRDA:134,26,2,55
BRDA:134,26,3,30
BRDA:136,27,0,31
BRDA:136,27,1,0
BRDA:139,28,0,7
BRDA:139,28,1,4
BRDA:160,29,0,3
BRDA:160,29,1,4
BRDA:161,30,0,2
BRDA:161,30,1,1
BRDA:161,31,0,3
BRDA:161,31,1,3
BRDA:165,32,0,3
BRDA:165,32,1,4
BRDA:166,33,0,2
BRDA:166,33,1,1
BRDA:166,34,0,3
BRDA:166,34,1,3
BRDA:170,35,0,3
BRDA:170,35,1,1
BRDA:171,36,0,1
BRDA:171,36,1,3
BRDA:171,37,0,4
BRDA:171,37,1,4
BRF:78
BRH:65
end_of_record
TN:
SF:..\source\image-api.js
FN:13,(anonymous_0)
FN:51,(anonymous_1)
FN:72,(anonymous_2)
FN:75,(anonymous_3)
FN:78,(anonymous_4)
FN:90,(anonymous_5)
FN:109,(anonymous_6)
FN:128,(anonymous_7)
FN:136,(anonymous_8)
FN:153,(anonymous_9)
FN:168,(anonymous_10)
FN:257,(anonymous_11)
FN:363,(anonymous_12)
FN:444,(anonymous_13)
FN:471,(anonymous_14)
FN:508,(anonymous_15)
FN:542,(anonymous_16)
FN:576,(anonymous_17)
FN:606,(anonymous_18)
FN:638,(anonymous_19)
FN:663,(anonymous_20)
FN:682,(anonymous_21)
FN:718,(anonymous_22)
FN:752,(anonymous_23)
FN:787,(anonymous_24)
FN:816,(anonymous_25)
FNF:26
FNH:14
FNDA:5,(anonymous_0)
FNDA:8,(anonymous_1)
FNDA:20,(anonymous_2)
FNDA:20,(anonymous_3)
FNDA:0,(anonymous_4)
FNDA:6,(anonymous_5)
FNDA:5,(anonymous_6)
FNDA:3,(anonymous_7)
FNDA:3,(anonymous_8)
FNDA:19,(anonymous_9)
FNDA:0,(anonymous_10)
FNDA:19,(anonymous_11)
FNDA:15,(anonymous_12)
FNDA:1,(anonymous_13)
FNDA:0,(anonymous_14)
FNDA:0,(anonymous_15)
FNDA:0,(anonymous_16)
FNDA:0,(anonymous_17)
FNDA:0,(anonymous_18)
FNDA:1,(anonymous_19)
FNDA:9,(anonymous_20)
FNDA:0,(anonymous_21)
FNDA:0,(anonymous_22)
FNDA:0,(anonymous_23)
FNDA:0,(anonymous_24)
FNDA:0,(anonymous_25)
DA:1,11
DA:3,11
DA:4,11
DA:5,11
DA:14,5
DA:15,5
DA:16,5
DA:19,5
DA:20,5
DA:21,5
DA:22,5
DA:23,5
DA:24,5
DA:25,5
DA:26,5
DA:27,5
DA:30,5
DA:32,5
DA:33,5
DA:34,2
DA:35,0
DA:36,0
DA:40,2
DA:42,0
DA:52,8
DA:53,8
DA:56,8
DA:58,8
DA:60,8
DA:61,6
DA:62,6
DA:64,0
DA:73,20
DA:74,20
DA:75,20
DA:76,20
DA:77,20
DA:78,0
DA:79,20
DA:81,0
DA:91,6
DA:92,6
DA:93,6
DA:94,6
DA:95,4
DA:97,3
DA:99,0
DA:110,5
DA:111,5
DA:112,5
DA:114,5
DA:115,5
DA:116,3
DA:117,3
DA:119,0
DA:129,3
DA:130,3
DA:131,3
DA:132,3
DA:133,3
DA:134,3
DA:135,3
DA:136,3
DA:139,0
DA:141,0
DA:154,19
DA:155,19
DA:156,18
DA:157,17
DA:158,17
DA:160,16
DA:163,2
DA:165,1
DA:166,1
DA:168,1
DA:170,1
DA:175,3
DA:177,3
DA:179,2
DA:182,2
DA:184,1
DA:185,1
DA:186,1
DA:187,1
DA:193,3
DA:195,3
DA:197,2
DA:199,2
DA:202,1
DA:203,1
DA:204,1
DA:205,1
DA:212,3
DA:213,3
DA:215,2
DA:216,2
DA:218,1
DA:219,1
DA:220,1
DA:221,1
DA:226,3
DA:227,3
DA:228,2
DA:229,1
DA:230,1
DA:231,1
DA:232,1
DA:236,1
DA:239,1
DA:244,0
DA:258,19
DA:259,19
DA:260,18
DA:261,17
DA:262,17
DA:266,16
DA:269,2
DA:272,1
DA:273,1
DA:274,1
DA:277,1
DA:281,1
DA:286,3
DA:288,3
DA:290,2
DA:292,2
DA:294,1
DA:295,1
DA:296,1
DA:298,1
DA:299,1
DA:306,3
DA:307,3
DA:309,2
DA:310,2
DA:312,1
DA:313,1
DA:314,1
DA:316,1
DA:317,1
DA:324,3
DA:325,3
DA:327,2
DA:328,2
DA:330,1
DA:331,1
DA:332,1
DA:333,1
DA:334,1
DA:339,3
DA:340,3
DA:341,2
DA:343,1
DA:344,1
DA:345,1
DA:346,1
DA:347,1
DA:351,1
DA:354,1
DA:358,0
DA:359,0
DA:364,15
DA:365,15
DA:366,14
DA:370,13
DA:373,3
DA:375,3
DA:376,2
DA:377,2
DA:379,2
DA:384,2
DA:386,2
DA:387,1
DA:388,1
DA:389,1
DA:397,2
DA:398,2
DA:399,1
DA:400,1
DA:401,1
DA:408,2
DA:409,2
DA:410,1
DA:411,1
DA:412,1
DA:417,2
DA:418,2
DA:419,1
DA:420,1
DA:421,1
DA:425,1
DA:428,1
DA:432,0
DA:433,0
DA:445,1
DA:448,1
DA:449,1
DA:450,1
DA:451,1
DA:453,1
DA:456,1
DA:459,1
DA:461,1
DA:464,1
DA:466,1
DA:468,1
DA:469,1
DA:470,1
DA:471,0
DA:472,0
DA:474,0
DA:476,0
DA:477,0
DA:484,0
DA:489,0
DA:491,0
DA:493,0
DA:495,0
DA:498,0
DA:499,0
DA:501,0
DA:503,0
DA:505,0
DA:506,0
DA:507,0
DA:508,0
DA:509,0
DA:511,0
DA:513,0
DA:514,0
DA:518,0
DA:525,0
DA:526,0
DA:528,0
DA:529,0
DA:532,0
DA:533,0
DA:535,0
DA:537,0
DA:539,0
DA:540,0
DA:541,0
DA:542,0
DA:543,0
DA:545,0
DA:547,0
DA:548,0
DA:552,0
DA:559,0
DA:560,0
DA:562,0
DA:563,0
DA:566,0
DA:567,0
DA:569,0
DA:571,0
DA:573,0
DA:574,0
DA:575,0
DA:576,0
DA:577,0
DA:579,0
DA:581,0
DA:582,0
DA:586,0
DA:591,0
DA:592,0
DA:593,0
DA:595,0
DA:597,0
DA:599,0
DA:601,0
DA:603,0
DA:604,0
DA:605,0
DA:606,0
DA:607,0
DA:609,0
DA:611,0
DA:612,0
DA:616,0
DA:620,0
DA:623,0
DA:626,0
DA:627,0
DA:639,1
DA:640,1
DA:642,1
DA:644,1
DA:646,1
DA:648,1
DA:651,0
DA:653,0
DA:664,9
DA:667,9
DA:668,9
DA:669,9
DA:670,9
DA:672,9
DA:675,2
DA:676,2
DA:678,2
DA:679,1
DA:680,1
DA:681,1
DA:682,0
DA:683,0
DA:685,0
DA:687,0
DA:688,0
DA:695,2
DA:697,2
DA:699,2
DA:704,1
DA:706,1
DA:708,1
DA:710,1
DA:712,1
DA:714,1
DA:715,1
DA:716,1
DA:717,1
DA:718,0
DA:719,0
DA:721,0
DA:723,0
DA:724,0
DA:730,1
DA:732,1
DA:733,1
DA:740,4
DA:741,4
DA:743,4
DA:744,4
DA:746,1
DA:748,1
DA:749,1
DA:750,1
DA:751,1
DA:752,0
DA:753,0
DA:755,0
DA:757,0
DA:758,0
DA:764,1
DA:766,1
DA:767,1
DA:775,1
DA:776,1
DA:778,1
DA:779,1
DA:781,1
DA:783,1
DA:784,1
DA:785,1
DA:786,1
DA:787,0
DA:788,0
DA:790,0
DA:792,0
DA:793,0
DA:799,1
DA:801,1
DA:802,1
DA:807,1
DA:808,1
DA:809,1
DA:810,1
DA:812,1
DA:813,1
DA:814,1
DA:815,1
DA:816,0
DA:817,0
DA:819,0
DA:821,0
DA:822,0
DA:828,1
DA:830,1
DA:831,1
DA:835,0
DA:838,0
DA:841,0
DA:848,11
LF:384
LH:262
BRDA:16,0,0,0
BRDA:16,0,1,5
BRDA:21,1,0,0
BRDA:21,1,1,5
BRDA:23,2,0,5
BRDA:23,2,1,0
BRDA:30,3,0,5
BRDA:30,3,1,0
BRDA:32,4,0,0
BRDA:32,4,1,5
BRDA:33,5,0,3
BRDA:33,5,1,2
BRDA:35,6,0,0
BRDA:35,6,1,0
BRDA:56,7,0,0
BRDA:56,7,1,8
BRDA:60,8,0,2
BRDA:60,8,1,6
BRDA:74,9,0,0
BRDA:74,9,1,20
BRDA:76,10,0,0
BRDA:76,10,1,20
BRDA:92,11,0,0
BRDA:92,11,1,6
BRDA:92,12,0,6
BRDA:92,12,1,6
BRDA:93,13,0,0
BRDA:93,13,1,6
BRDA:95,14,0,3
BRDA:95,14,1,1
BRDA:112,15,0,0
BRDA:112,15,1,5
BRDA:115,16,0,2
BRDA:115,16,1,3
BRDA:130,17,0,0
BRDA:130,17,1,3
BRDA:132,18,0,3
BRDA:132,18,1,0
BRDA:134,19,0,0
BRDA:134,19,1,3
BRDA:135,20,0,3
BRDA:135,20,1,0
BRDA:155,21,0,1
BRDA:155,21,1,18
BRDA:156,22,0,1
BRDA:156,22,1,17
BRDA:156,23,0,18
BRDA:156,23,1,17
BRDA:158,24,0,1
BRDA:158,24,1,16
BRDA:160,25,0,2
BRDA:160,25,1,3
BRDA:160,25,2,3
BRDA:160,25,3,3
BRDA:160,25,4,3
BRDA:160,25,5,1
BRDA:160,25,6,1
BRDA:163,26,0,1
BRDA:163,26,1,1
BRDA:165,27,0,0
BRDA:165,27,1,1
BRDA:177,28,0,1
BRDA:177,28,1,2
BRDA:182,29,0,1
BRDA:182,29,1,1
BRDA:184,30,0,0
BRDA:184,30,1,1
BRDA:195,31,0,1
BRDA:195,31,1,2
BRDA:199,32,0,1
BRDA:199,32,1,1
BRDA:202,33,0,0
BRDA:202,33,1,1
BRDA:213,34,0,1
BRDA:213,34,1,2
BRDA:216,35,0,1
BRDA:216,35,1,1
BRDA:218,36,0,0
BRDA:218,36,1,1
BRDA:227,37,0,1
BRDA:227,37,1,2
BRDA:228,38,0,1
BRDA:228,38,1,1
BRDA:229,39,0,0
BRDA:229,39,1,1
BRDA:259,40,0,1
BRDA:259,40,1,18
BRDA:260,41,0,1
BRDA:260,41,1,17
BRDA:260,42,0,18
BRDA:260,42,1,17
BRDA:262,43,0,1
BRDA:262,43,1,16
BRDA:266,44,0,2
BRDA:266,44,1,3
BRDA:266,44,2,3
BRDA:266,44,3,3
BRDA:266,44,4,3
BRDA:266,44,5,1
BRDA:266,44,6,1
BRDA:269,45,0,1
BRDA:269,45,1,1
BRDA:288,46,0,1
BRDA:288,46,1,2
BRDA:292,47,0,1
BRDA:292,47,1,1
BRDA:307,48,0,1
BRDA:307,48,1,2
BRDA:310,49,0,1
BRDA:310,49,1,1
BRDA:325,50,0,1
BRDA:325,50,1,2
BRDA:328,51,0,1
BRDA:328,51,1,1
BRDA:340,52,0,1
BRDA:340,52,1,2
BRDA:341,53,0,1
BRDA:341,53,1,1
BRDA:365,54,0,1
BRDA:365,54,1,14
BRDA:366,55,0,1
BRDA:366,55,1,13
BRDA:370,56,0,3
BRDA:370,56,1,2
BRDA:370,56,2,2
BRDA:370,56,3,2
BRDA:370,56,4,2
BRDA:370,56,5,1
BRDA:370,56,6,1
BRDA:375,57,0,1
BRDA:375,57,1,2
BRDA:376,58,0,0
BRDA:376,58,1,2
BRDA:377,59,0,0
BRDA:377,59,1,2
BRDA:386,60,0,1
BRDA:386,60,1,1
BRDA:387,61,0,0
BRDA:387,61,1,1
BRDA:388,62,0,0
BRDA:388,62,1,1
BRDA:398,63,0,1
BRDA:398,63,1,1
BRDA:399,64,0,0
BRDA:399,64,1,1
BRDA:400,65,0,0
BRDA:400,65,1,1
BRDA:409,66,0,1
BRDA:409,66,1,1
BRDA:410,67,0,0
BRDA:410,67,1,1
BRDA:411,68,0,0
BRDA:411,68,1,1
BRDA:418,69,0,1
BRDA:418,69,1,1
BRDA:419,70,0,0
BRDA:419,70,1,1
BRDA:420,71,0,0
BRDA:420,71,1,1
BRDA:448,72,0,0
BRDA:448,72,1,1
BRDA:449,73,0,0
BRDA:449,73,1,1
BRDA:449,74,0,1
BRDA:449,74,1,1
BRDA:451,75,0,0
BRDA:451,75,1,1
BRDA:453,76,0,1
BRDA:453,76,1,0
BRDA:453,76,2,0
BRDA:453,76,3,0
BRDA:453,76,4,0
BRDA:453,76,5,0
BRDA:453,76,6,0
BRDA:456,77,0,0
BRDA:456,77,1,1
BRDA:461,78,0,0
BRDA:461,78,1,1
BRDA:469,79,0,0
BRDA:469,79,1,1
BRDA:470,80,0,1
BRDA:470,80,1,0
BRDA:472,81,0,0
BRDA:472,81,1,0
BRDA:491,82,0,0
BRDA:491,82,1,0
BRDA:495,83,0,0
BRDA:495,83,1,0
BRDA:499,84,0,0
BRDA:499,84,1,0
BRDA:506,85,0,0
BRDA:506,85,1,0
BRDA:507,86,0,0
BRDA:507,86,1,0
BRDA:509,87,0,0
BRDA:509,87,1,0
BRDA:526,88,0,0
BRDA:526,88,1,0
BRDA:529,89,0,0
BRDA:529,89,1,0
BRDA:533,90,0,0
BRDA:533,90,1,0
BRDA:540,91,0,0
BRDA:540,91,1,0
BRDA:541,92,0,0
BRDA:541,92,1,0
BRDA:543,93,0,0
BRDA:543,93,1,0
BRDA:560,94,0,0
BRDA:560,94,1,0
BRDA:563,95,0,0
BRDA:563,95,1,0
BRDA:567,96,0,0
BRDA:567,96,1,0
BRDA:574,97,0,0
BRDA:574,97,1,0
BRDA:575,98,0,0
BRDA:575,98,1,0
BRDA:577,99,0,0
BRDA:577,99,1,0
BRDA:592,100,0,0
BRDA:592,100,1,0
BRDA:593,101,0,0
BRDA:593,101,1,0
BRDA:597,102,0,0
BRDA:597,102,1,0
BRDA:604,103,0,0
BRDA:604,103,1,0
BRDA:605,104,0,0
BRDA:605,104,1,0
BRDA:607,105,0,0
BRDA:607,105,1,0
BRDA:640,106,0,0
BRDA:640,106,1,1
BRDA:644,107,0,1
BRDA:644,107,1,0
BRDA:667,108,0,0
BRDA:667,108,1,9
BRDA:668,109,0,0
BRDA:668,109,1,9
BRDA:670,110,0,0
BRDA:670,110,1,9
BRDA:672,111,0,2
BRDA:672,111,1,1
BRDA:672,111,2,4
BRDA:672,111,3,1
BRDA:672,111,4,1
BRDA:672,111,5,0
BRDA:672,111,6,0
BRDA:675,112,0,0
BRDA:675,112,1,2
BRDA:676,113,0,0
BRDA:676,113,1,2
BRDA:680,114,0,0
BRDA:680,114,1,1
BRDA:681,115,0,1
BRDA:681,115,1,0
BRDA:683,116,0,0
BRDA:683,116,1,0
BRDA:706,117,0,0
BRDA:706,117,1,1
BRDA:710,118,0,0
BRDA:710,118,1,1
BRDA:712,119,0,0
BRDA:712,119,1,1
BRDA:716,120,0,0
BRDA:716,120,1,1
BRDA:717,121,0,1
BRDA:717,121,1,0
BRDA:719,122,0,0
BRDA:719,122,1,0
BRDA:741,123,0,0
BRDA:741,123,1,4
BRDA:744,124,0,3
BRDA:744,124,1,1
BRDA:746,125,0,0
BRDA:746,125,1,1
BRDA:750,126,0,0
BRDA:750,126,1,1
BRDA:751,127,0,1
BRDA:751,127,1,0
BRDA:753,128,0,0
BRDA:753,128,1,0
BRDA:776,129,0,0
BRDA:776,129,1,1
BRDA:779,130,0,0
BRDA:779,130,1,1
BRDA:781,131,0,0
BRDA:781,131,1,1
BRDA:785,132,0,0
BRDA:785,132,1,1
BRDA:786,133,0,1
BRDA:786,133,1,0
BRDA:788,134,0,0
BRDA:788,134,1,0
BRDA:808,135,0,0
BRDA:808,135,1,1
BRDA:809,136,0,0
BRDA:809,136,1,1
BRDA:810,137,0,0
BRDA:810,137,1,1
BRDA:814,138,0,0
BRDA:814,138,1,1
BRDA:815,139,0,1
BRDA:815,139,1,0
BRDA:817,140,0,0
BRDA:817,140,1,0
BRF:307
BRH:172
end_of_record
TN:
SF:..\source\library-api.js
FN:14,(anonymous_0)
FN:20,(anonymous_1)
FN:23,(anonymous_2)
FN:53,(anonymous_3)
FN:56,(anonymous_4)
FN:59,(anonymous_5)
FN:79,(anonymous_6)
FN:128,(anonymous_7)
FNF:8
FNH:6
FNDA:5,(anonymous_0)
FNDA:3,(anonymous_1)
FNDA:0,(anonymous_2)
FNDA:5,(anonymous_3)
FNDA:3,(anonymous_4)
FNDA:0,(anonymous_5)
FNDA:8,(anonymous_6)
FNDA:10,(anonymous_7)
DA:1,1
DA:3,1
DA:4,1
DA:5,1
DA:6,1
DA:7,1
DA:16,5
DA:17,4
DA:18,3
DA:19,3
DA:20,3
DA:21,3
DA:22,3
DA:23,0
DA:24,3
DA:26,2
DA:27,2
DA:28,2
DA:30,2
DA:33,2
DA:35,1
DA:36,1
DA:40,2
DA:41,1
DA:45,2
DA:54,5
DA:55,4
DA:56,3
DA:57,3
DA:58,3
DA:59,0
DA:60,3
DA:61,2
DA:62,2
DA:63,2
DA:66,2
DA:68,1
DA:80,8
DA:81,6
DA:82,6
DA:83,6
DA:84,5
DA:85,5
DA:86,4
DA:87,7
DA:88,7
DA:91,4
DA:92,4
DA:93,4
DA:94,2
DA:95,1
DA:98,4
DA:99,2
DA:100,1
DA:103,2
DA:104,2
DA:105,0
DA:108,4
DA:109,4
DA:110,4
DA:111,5
DA:112,5
DA:113,5
DA:117,4
DA:129,10
DA:130,9
DA:131,9
DA:132,8
DA:133,6
DA:135,6
DA:136,5
DA:137,5
DA:138,5
DA:139,5
DA:140,2
DA:141,1
DA:144,5
DA:145,2
DA:146,1
DA:149,3
DA:150,3
DA:151,1
DA:154,5
DA:155,5
DA:156,5
DA:157,11
DA:158,11
DA:159,11
DA:160,11
DA:161,11
DA:162,11
DA:163,11
DA:165,11
DA:166,11
DA:167,11
DA:168,11
DA:169,11
DA:170,11
DA:172,11
DA:173,11
DA:174,11
DA:175,11
DA:176,11
DA:178,5
DA:183,1
LF:105
LH:102
BRDA:16,0,0,1
BRDA:16,0,1,4
BRDA:17,1,0,1
BRDA:17,1,1,3
BRDA:21,2,0,0
BRDA:21,2,1,3
BRDA:24,3,0,1
BRDA:24,3,1,2
BRDA:26,4,0,0
BRDA:26,4,1,2
BRDA:33,5,0,1
BRDA:33,5,1,1
BRDA:40,6,0,1
BRDA:40,6,1,1
BRDA:54,7,0,1
BRDA:54,7,1,4
BRDA:55,8,0,1
BRDA:55,8,1,3
BRDA:57,9,0,0
BRDA:57,9,1,3
BRDA:60,10,0,1
BRDA:60,10,1,2
BRDA:66,11,0,1
BRDA:66,11,1,1
BRDA:80,12,0,2
BRDA:80,12,1,6
BRDA:83,13,0,1
BRDA:83,13,1,5
BRDA:84,14,0,0
BRDA:84,14,1,5
BRDA:85,15,0,1
BRDA:85,15,1,4
BRDA:88,16,0,6
BRDA:88,16,1,1
BRDA:92,17,0,0
BRDA:92,17,1,4
BRDA:93,18,0,2
BRDA:93,18,1,2
BRDA:94,19,0,1
BRDA:94,19,1,1
BRDA:94,20,0,2
BRDA:94,20,1,2
BRDA:98,21,0,2
BRDA:98,21,1,2
BRDA:99,22,0,1
BRDA:99,22,1,1
BRDA:99,23,0,2
BRDA:99,23,1,2
BRDA:103,24,0,2
BRDA:103,24,1,0
BRDA:104,25,0,0
BRDA:104,25,1,2
BRDA:104,26,0,2
BRDA:104,26,1,2
BRDA:112,27,0,5
BRDA:112,27,1,0
BRDA:129,28,0,1
BRDA:129,28,1,9
BRDA:131,29,0,1
BRDA:131,29,1,8
BRDA:132,30,0,2
BRDA:132,30,1,6
BRDA:135,31,0,1
BRDA:135,31,1,5
BRDA:135,32,0,6
BRDA:135,32,1,5
BRDA:138,33,0,0
BRDA:138,33,1,5
BRDA:139,34,0,2
BRDA:139,34,1,3
BRDA:140,35,0,1
BRDA:140,35,1,1
BRDA:140,36,0,2
BRDA:140,36,1,2
BRDA:144,37,0,2
BRDA:144,37,1,3
BRDA:145,38,0,1
BRDA:145,38,1,1
BRDA:145,39,0,2
BRDA:145,39,1,2
BRDA:149,40,0,3
BRDA:149,40,1,0
BRDA:150,41,0,1
BRDA:150,41,1,2
BRDA:150,42,0,3
BRDA:150,42,1,3
BRDA:159,43,0,11
BRDA:159,43,1,0
BRDA:166,44,0,11
BRDA:166,44,1,0
BRF:90
BRH:78
end_of_record
TN:
SF:..\source\notification-api.js
FN:7,(anonymous_0)
FN:11,(anonymous_1)
FN:13,(anonymous_2)
FN:26,(anonymous_3)
FN:70,(anonymous_4)
FN:87,(anonymous_5)
FN:90,(anonymous_6)
FN:95,(anonymous_7)
FN:142,(anonymous_8)
FN:189,(anonymous_9)
FNF:10
FNH:5
FNDA:4,(anonymous_0)
FNDA:0,(anonymous_1)
FNDA:0,(anonymous_2)
FNDA:2,(anonymous_3)
FNDA:0,(anonymous_4)
FNDA:0,(anonymous_5)
FNDA:0,(anonymous_6)
FNDA:2,(anonymous_7)
FNDA:2,(anonymous_8)
FNDA:2,(anonymous_9)
DA:1,1
DA:2,1
DA:3,1
DA:4,1
DA:5,1
DA:9,4
DA:10,4
DA:12,0
DA:13,0
DA:14,0
DA:15,0
DA:20,0
DA:23,4
DA:27,2
DA:29,0
DA:30,0
DA:33,2
DA:35,2
DA:37,2
DA:47,2
DA:50,1
DA:55,1
DA:56,1
DA:57,1
DA:60,2
DA:61,1
DA:62,1
DA:63,1
DA:64,1
DA:66,1
DA:71,0
DA:72,0
DA:73,0
DA:80,0
DA:81,0
DA:82,0
DA:83,0
DA:88,0
DA:89,0
DA:91,0
DA:97,2
DA:99,2
DA:100,2
DA:102,2
DA:110,2
DA:111,6
DA:112,2
DA:113,2
DA:114,0
DA:115,2
DA:116,1
DA:119,1
DA:120,1
DA:121,1
DA:126,2
DA:129,1
DA:134,1
DA:135,1
DA:136,1
DA:139,2
DA:144,2
DA:146,2
DA:147,2
DA:149,2
DA:157,2
DA:158,6
DA:159,2
DA:160,2
DA:161,0
DA:162,2
DA:163,1
DA:166,1
DA:167,1
DA:168,1
DA:173,2
DA:176,1
DA:181,1
DA:182,1
DA:183,1
DA:186,2
DA:190,2
DA:192,0
DA:193,0
DA:196,2
DA:198,2
DA:200,2
DA:210,2
DA:213,1
DA:218,1
DA:219,1
DA:220,1
DA:223,2
DA:224,1
DA:225,1
DA:226,1
DA:227,1
DA:229,1
DA:234,1
LF:98
LH:77
BRDA:12,0,0,0
BRDA:12,0,1,0
BRDA:14,1,0,0
BRDA:14,1,1,0
BRDA:27,2,0,0
BRDA:27,2,1,2
BRDA:47,3,0,1
BRDA:47,3,1,1
BRDA:60,4,0,1
BRDA:60,4,1,1
BRDA:60,5,0,2
BRDA:60,5,1,1
BRDA:61,6,0,0
BRDA:61,6,1,1
BRDA:100,7,0,0
BRDA:100,7,1,2
BRDA:112,8,0,2
BRDA:112,8,1,0
BRDA:113,9,0,0
BRDA:113,9,1,2
BRDA:115,10,0,1
BRDA:115,10,1,1
BRDA:119,11,0,0
BRDA:119,11,1,1
BRDA:126,12,0,1
BRDA:126,12,1,1
BRDA:147,13,0,0
BRDA:147,13,1,2
BRDA:159,14,0,2
BRDA:159,14,1,0
BRDA:160,15,0,0
BRDA:160,15,1,2
BRDA:162,16,0,1
BRDA:162,16,1,1
BRDA:166,17,0,0
BRDA:166,17,1,1
BRDA:173,18,0,1
BRDA:173,18,1,1
BRDA:190,19,0,0
BRDA:190,19,1,2
BRDA:210,20,0,1
BRDA:210,20,1,1
BRDA:223,21,0,1
BRDA:223,21,1,1
BRDA:223,22,0,2
BRDA:223,22,1,1
BRDA:224,23,0,0
BRDA:224,23,1,1
BRF:48
BRH:32
end_of_record
TN:
SF:..\source\player-api.js
FN:21,(anonymous_0)
FN:53,(anonymous_1)
FN:120,(anonymous_2)
FN:134,(anonymous_3)
FN:164,(anonymous_4)
FN:184,(anonymous_5)
FN:234,(anonymous_6)
FN:292,(anonymous_7)
FN:367,(anonymous_8)
FN:392,(anonymous_9)
FN:407,(anonymous_10)
FN:456,(anonymous_11)
FN:471,(anonymous_12)
FN:487,(anonymous_13)
FN:497,(anonymous_14)
FN:520,(anonymous_15)
FN:582,(anonymous_16)
FN:607,(anonymous_17)
FN:646,(anonymous_18)
FNF:19
FNH:19
FNDA:8,(anonymous_0)
FNDA:2,(anonymous_1)
FNDA:1,(anonymous_2)
FNDA:12,(anonymous_3)
FNDA:4,(anonymous_4)
FNDA:16,(anonymous_5)
FNDA:3,(anonymous_6)
FNDA:10,(anonymous_7)
FNDA:8,(anonymous_8)
FNDA:4,(anonymous_9)
FNDA:10,(anonymous_10)
FNDA:4,(anonymous_11)
FNDA:4,(anonymous_12)
FNDA:4,(anonymous_13)
FNDA:2,(anonymous_14)
FNDA:13,(anonymous_15)
FNDA:12,(anonymous_16)
FNDA:18,(anonymous_17)
FNDA:6,(anonymous_18)
DA:1,11
DA:2,11
DA:3,11
DA:4,11
DA:5,11
DA:6,11
DA:8,11
DA:22,8
DA:23,7
DA:24,6
DA:26,6
DA:27,6
DA:28,6
DA:29,6
DA:32,6
DA:33,4
DA:34,4
DA:35,4
DA:37,2
DA:38,2
DA:39,2
DA:41,6
DA:43,6
DA:45,0
DA:54,2
DA:55,2
DA:56,2
DA:57,2
DA:58,2
DA:59,2
DA:61,2
DA:62,2
DA:63,0
DA:64,2
DA:65,9
DA:67,9
DA:68,3
DA:69,2
DA:70,1
DA:71,3
DA:72,2
DA:73,2
DA:74,1
DA:75,1
DA:76,1
DA:78,6
DA:79,3
DA:80,2
DA:81,1
DA:82,3
DA:83,2
DA:84,2
DA:85,1
DA:86,1
DA:89,3
DA:90,3
DA:91,2
DA:92,1
DA:93,3
DA:94,2
DA:95,2
DA:96,1
DA:97,1
DA:98,1
DA:104,2
DA:105,1
DA:106,1
DA:112,0
DA:121,1
DA:122,1
DA:123,1
DA:135,12
DA:136,11
DA:137,10
DA:138,10
DA:139,10
DA:144,10
DA:145,10
DA:147,0
DA:148,0
DA:153,0
DA:154,0
DA:165,4
DA:166,3
DA:167,3
DA:168,3
DA:169,9
DA:170,3
DA:185,16
DA:187,14
DA:188,13
DA:190,12
DA:191,8
DA:192,7
DA:193,3
DA:194,3
DA:196,2
DA:198,1
DA:199,0
DA:201,1
DA:202,1
DA:203,1
DA:204,0
DA:205,0
DA:208,1
DA:209,1
DA:210,1
DA:211,1
DA:212,1
DA:213,1
DA:214,1
DA:215,1
DA:216,4
DA:223,4
DA:225,1
DA:226,1
DA:227,1
DA:228,1
DA:230,4
DA:231,4
DA:232,4
DA:234,4
DA:236,3
DA:237,3
DA:238,3
DA:239,3
DA:240,3
DA:241,3
DA:242,3
DA:243,3
DA:244,7
DA:251,7
DA:253,3
DA:254,3
DA:257,4
DA:258,3
DA:259,3
DA:260,3
DA:261,9
DA:262,9
DA:263,9
DA:264,9
DA:273,3
DA:274,2
DA:275,2
DA:276,2
DA:277,2
DA:278,2
DA:279,2
DA:280,2
DA:293,10
DA:294,9
DA:295,8
DA:296,0
DA:297,0
DA:303,0
DA:304,0
DA:305,0
DA:306,0
DA:307,0
DA:308,0
DA:309,0
DA:312,8
DA:313,0
DA:319,0
DA:320,0
DA:321,0
DA:322,0
DA:323,0
DA:324,0
DA:326,0
DA:328,8
DA:329,6
DA:335,6
DA:336,6
DA:337,6
DA:338,6
DA:340,6
DA:341,6
DA:342,6
DA:346,2
DA:347,2
DA:353,2
DA:354,2
DA:355,2
DA:356,2
DA:368,8
DA:369,7
DA:370,6
DA:371,6
DA:372,6
DA:373,6
DA:374,2
DA:375,2
DA:376,2
DA:379,2
DA:381,4
DA:382,6
DA:383,0
DA:384,6
DA:393,4
DA:394,3
DA:395,3
DA:396,3
DA:397,3
DA:398,3
DA:399,3
DA:408,10
DA:409,9
DA:410,9
DA:411,9
DA:412,9
DA:413,9
DA:415,9
DA:416,2
DA:417,2
DA:418,2
DA:419,2
DA:422,9
DA:425,9
DA:426,22
DA:427,22
DA:428,22
DA:429,22
DA:430,0
DA:432,22
DA:436,9
DA:437,1
DA:438,0
DA:439,0
DA:440,0
DA:441,0
DA:442,0
DA:444,0
DA:447,9
DA:457,4
DA:458,3
DA:459,3
DA:460,3
DA:461,3
DA:463,3
DA:472,4
DA:473,3
DA:474,3
DA:475,3
DA:476,3
DA:478,3
DA:488,4
DA:489,4
DA:498,2
DA:499,1
DA:500,1
DA:501,1
DA:502,1
DA:503,1
DA:504,1
DA:505,3
DA:506,3
DA:507,3
DA:508,3
DA:509,3
DA:512,1
DA:521,13
DA:522,12
DA:523,12
DA:524,12
DA:525,12
DA:526,10
DA:527,10
DA:528,8
DA:529,8
DA:530,26
DA:531,26
DA:532,26
DA:535,8
DA:537,2
DA:538,2
DA:539,2
DA:540,2
DA:541,0
DA:543,0
DA:545,2
DA:546,2
DA:547,8
DA:548,8
DA:549,8
DA:550,8
DA:552,2
DA:554,2
DA:556,0
DA:557,0
DA:558,0
DA:559,0
DA:561,0
DA:563,0
DA:564,0
DA:565,0
DA:566,0
DA:567,0
DA:568,0
DA:570,0
DA:572,0
DA:583,12
DA:584,11
DA:585,11
DA:586,0
DA:587,0
DA:589,0
DA:591,11
DA:592,11
DA:594,11
DA:595,11
DA:598,0
DA:608,18
DA:609,18
DA:610,18
DA:611,18
DA:612,18
DA:616,23
DA:617,16
DA:618,16
DA:620,16
DA:621,16
DA:622,16
DA:623,16
DA:624,2
DA:625,2
DA:626,2
DA:628,14
DA:629,14
DA:630,14
DA:632,16
DA:634,16
DA:637,2
DA:647,6
DA:648,5
DA:649,4
DA:650,2
DA:651,2
DA:652,2
DA:654,0
DA:655,4
DA:656,4
DA:661,11
LF:344
LH:289
BRDA:22,0,0,1
BRDA:22,0,1,7
BRDA:23,1,0,1
BRDA:23,1,1,6
BRDA:23,2,0,7
BRDA:23,2,1,1
BRDA:23,2,2,6
BRDA:24,3,0,0
BRDA:24,3,1,6
BRDA:29,4,0,6
BRDA:29,4,1,0
BRDA:32,5,0,4
BRDA:32,5,1,2
BRDA:33,6,0,1
BRDA:33,6,1,3
BRDA:33,7,0,4
BRDA:33,7,1,3
BRDA:54,8,0,0
BRDA:54,8,1,2
BRDA:55,9,0,0
BRDA:55,9,1,2
BRDA:62,10,0,2
BRDA:62,10,1,0
BRDA:62,11,0,0
BRDA:62,11,1,2
BRDA:63,12,0,0
BRDA:63,12,1,0
BRDA:67,13,0,3
BRDA:67,13,1,6
BRDA:69,14,0,1
BRDA:69,14,1,1
BRDA:71,15,0,2
BRDA:71,15,1,1
BRDA:73,16,0,1
BRDA:73,16,1,1
BRDA:78,17,0,3
BRDA:78,17,1,3
BRDA:80,18,0,1
BRDA:80,18,1,1
BRDA:82,19,0,2
BRDA:82,19,1,1
BRDA:84,20,0,1
BRDA:84,20,1,1
BRDA:89,21,0,3
BRDA:89,21,1,0
BRDA:91,22,0,1
BRDA:91,22,1,1
BRDA:93,23,0,2
BRDA:93,23,1,1
BRDA:95,24,0,1
BRDA:95,24,1,1
BRDA:104,25,0,1
BRDA:104,25,1,1
BRDA:104,26,0,2
BRDA:104,26,1,1
BRDA:104,26,2,1
BRDA:135,27,0,1
BRDA:135,27,1,11
BRDA:136,28,0,1
BRDA:136,28,1,10
BRDA:137,29,0,10
BRDA:137,29,1,0
BRDA:138,30,0,0
BRDA:138,30,1,10
BRDA:165,31,0,1
BRDA:165,31,1,3
BRDA:166,32,0,2
BRDA:166,32,1,1
BRDA:166,33,0,3
BRDA:166,33,1,1
BRDA:168,34,0,0
BRDA:168,34,1,3
BRDA:185,35,0,2
BRDA:185,35,1,14
BRDA:187,36,0,1
BRDA:187,36,1,13
BRDA:188,37,0,1
BRDA:188,37,1,12
BRDA:190,38,0,8
BRDA:190,38,1,4
BRDA:191,39,0,1
BRDA:191,39,1,7
BRDA:192,40,0,3
BRDA:192,40,1,4
BRDA:192,41,0,7
BRDA:192,41,1,7
BRDA:194,42,0,1
BRDA:194,42,1,2
BRDA:196,43,0,1
BRDA:196,43,1,1
BRDA:196,44,0,2
BRDA:196,44,1,2
BRDA:198,45,0,0
BRDA:198,45,1,1
BRDA:202,46,0,1
BRDA:202,46,1,0
BRDA:204,47,0,0
BRDA:204,47,1,0
BRDA:231,48,0,0
BRDA:231,48,1,4
BRDA:232,49,0,0
BRDA:232,49,1,4
BRDA:234,50,0,1
BRDA:234,50,1,3
BRDA:257,51,0,1
BRDA:257,51,1,3
BRDA:262,52,0,2
BRDA:262,52,1,7
BRDA:263,53,0,9
BRDA:263,53,1,0
BRDA:273,54,0,1
BRDA:273,54,1,2
BRDA:273,55,0,3
BRDA:273,55,1,3
BRDA:293,56,0,1
BRDA:293,56,1,9
BRDA:294,57,0,1
BRDA:294,57,1,8
BRDA:295,58,0,0
BRDA:295,58,1,8
BRDA:300,59,0,0
BRDA:300,59,1,0
BRDA:300,60,0,0
BRDA:300,60,1,0
BRDA:312,61,0,0
BRDA:312,61,1,8
BRDA:316,62,0,0
BRDA:316,62,1,0
BRDA:316,63,0,0
BRDA:316,63,1,0
BRDA:328,64,0,6
BRDA:328,64,1,2
BRDA:328,65,0,8
BRDA:328,65,1,7
BRDA:332,66,0,0
BRDA:332,66,1,6
BRDA:332,67,0,6
BRDA:332,67,1,6
BRDA:350,68,0,0
BRDA:350,68,1,2
BRDA:350,69,0,2
BRDA:350,69,1,2
BRDA:368,70,0,1
BRDA:368,70,1,7
BRDA:369,71,0,1
BRDA:369,71,1,6
BRDA:370,72,0,0
BRDA:370,72,1,6
BRDA:371,73,0,0
BRDA:371,73,1,6
BRDA:373,74,0,2
BRDA:373,74,1,4
BRDA:373,75,0,6
BRDA:373,75,1,2
BRDA:382,76,0,0
BRDA:382,76,1,6
BRDA:393,77,0,1
BRDA:393,77,1,3
BRDA:394,78,0,0
BRDA:394,78,1,3
BRDA:395,79,0,0
BRDA:395,79,1,3
BRDA:396,80,0,0
BRDA:396,80,1,3
BRDA:408,81,0,1
BRDA:408,81,1,9
BRDA:411,82,0,0
BRDA:411,82,1,9
BRDA:412,83,0,0
BRDA:412,83,1,9
BRDA:417,84,0,0
BRDA:417,84,1,2
BRDA:422,85,0,0
BRDA:422,85,1,9
BRDA:427,86,0,0
BRDA:427,86,1,22
BRDA:429,87,0,0
BRDA:429,87,1,22
BRDA:436,88,0,1
BRDA:436,88,1,8
BRDA:436,89,0,9
BRDA:436,89,1,8
BRDA:439,90,0,0
BRDA:439,90,1,0
BRDA:441,91,0,0
BRDA:441,91,1,0
BRDA:457,92,0,1
BRDA:457,92,1,3
BRDA:459,93,0,0
BRDA:459,93,1,3
BRDA:472,94,0,1
BRDA:472,94,1,3
BRDA:474,95,0,0
BRDA:474,95,1,3
BRDA:498,96,0,1
BRDA:498,96,1,1
BRDA:499,97,0,0
BRDA:499,97,1,1
BRDA:500,98,0,0
BRDA:500,98,1,1
BRDA:501,99,0,0
BRDA:501,99,1,1
BRDA:502,100,0,0
BRDA:502,100,1,1
BRDA:521,101,0,1
BRDA:521,101,1,12
BRDA:522,102,0,0
BRDA:522,102,1,12
BRDA:523,103,0,0
BRDA:523,103,1,12
BRDA:524,104,0,0
BRDA:524,104,1,12
BRDA:525,105,0,2
BRDA:525,105,1,10
BRDA:527,106,0,8
BRDA:527,106,1,2
BRDA:527,107,0,10
BRDA:527,107,1,8
BRDA:537,108,0,2
BRDA:537,108,1,0
BRDA:539,109,0,0
BRDA:539,109,1,2
BRDA:539,110,0,2
BRDA:539,110,1,2
BRDA:540,111,0,0
BRDA:540,111,1,2
BRDA:557,112,0,0
BRDA:557,112,1,0
BRDA:558,113,0,0
BRDA:558,113,1,0
BRDA:583,114,0,1
BRDA:583,114,1,11
BRDA:583,115,0,12
BRDA:583,115,1,11
BRDA:584,116,0,11
BRDA:584,116,1,0
BRDA:585,117,0,0
BRDA:585,117,1,11
BRDA:608,118,0,0
BRDA:608,118,1,18
BRDA:609,119,0,0
BRDA:609,119,1,18
BRDA:610,120,0,0
BRDA:610,120,1,18
BRDA:611,121,0,0
BRDA:611,121,1,18
BRDA:616,122,0,16
BRDA:616,122,1,7
BRDA:620,123,0,4
BRDA:620,123,1,12
BRDA:621,124,0,4
BRDA:621,124,1,12
BRDA:622,125,0,4
BRDA:622,125,1,12
BRDA:623,126,0,2
BRDA:623,126,1,14
BRDA:628,127,0,1
BRDA:628,127,1,13
BRDA:629,128,0,1
BRDA:629,128,1,13
BRDA:630,129,0,1
BRDA:630,129,1,13
BRDA:647,130,0,1
BRDA:647,130,1,5
BRDA:648,131,0,1
BRDA:648,131,1,4
BRDA:649,132,0,2
BRDA:649,132,1,2
BRDA:649,133,0,4
BRDA:649,133,1,4
BRDA:651,134,0,2
BRDA:651,134,1,0
BRDA:651,135,0,2
BRDA:651,135,1,2
BRF:274
BRH:204
end_of_record
TN:
SF:..\source\playlist-api.js
FN:19,(anonymous_0)
FN:21,(anonymous_1)
FN:24,(anonymous_2)
FN:33,(anonymous_3)
FN:76,(anonymous_4)
FN:135,(anonymous_5)
FN:141,(anonymous_6)
FN:154,(anonymous_7)
FN:178,(anonymous_8)
FN:195,(anonymous_9)
FN:218,(anonymous_10)
FN:224,(anonymous_11)
FN:239,(anonymous_12)
FN:269,(anonymous_13)
FN:295,(anonymous_14)
FN:332,(anonymous_15)
FN:335,(anonymous_16)
FN:350,(anonymous_17)
FN:368,(anonymous_18)
FN:431,(anonymous_19)
FN:460,(anonymous_20)
FN:495,(anonymous_21)
FN:526,(anonymous_22)
FN:579,(anonymous_23)
FN:631,(anonymous_24)
FN:662,(anonymous_25)
FN:665,(anonymous_26)
FN:668,(anonymous_27)
FNF:28
FNH:25
FNDA:627,(anonymous_0)
FNDA:626,(anonymous_1)
FNDA:0,(anonymous_2)
FNDA:1,(anonymous_3)
FNDA:6,(anonymous_4)
FNDA:19,(anonymous_5)
FNDA:26,(anonymous_6)
FNDA:24,(anonymous_7)
FNDA:0,(anonymous_8)
FNDA:5,(anonymous_9)
FNDA:42,(anonymous_10)
FNDA:49,(anonymous_11)
FNDA:25,(anonymous_12)
FNDA:7,(anonymous_13)
FNDA:17,(anonymous_14)
FNDA:15,(anonymous_15)
FNDA:44,(anonymous_16)
FNDA:2,(anonymous_17)
FNDA:5,(anonymous_18)
FNDA:2,(anonymous_19)
FNDA:3,(anonymous_20)
FNDA:8,(anonymous_21)
FNDA:4,(anonymous_22)
FNDA:2,(anonymous_23)
FNDA:2,(anonymous_24)
FNDA:10,(anonymous_25)
FNDA:8,(anonymous_26)
FNDA:0,(anonymous_27)
DA:1,11
DA:4,11
DA:5,11
DA:6,11
DA:7,11
DA:8,11
DA:10,11
DA:20,627
DA:21,626
DA:22,626
DA:23,626
DA:24,0
DA:25,626
DA:35,1
DA:36,1
DA:37,1
DA:39,1
DA:40,0
DA:41,1
DA:44,6
DA:45,6
DA:63,1
DA:64,1
DA:77,6
DA:78,6
DA:79,5
DA:80,5
DA:81,4
DA:82,4
DA:83,4
DA:84,4
DA:85,4
DA:86,4
DA:88,4
DA:89,4
DA:90,3
DA:91,0
DA:92,0
DA:95,4
DA:96,4
DA:97,2
DA:98,2
DA:100,9
DA:101,9
DA:102,9
DA:103,9
DA:104,9
DA:105,9
DA:106,9
DA:107,9
DA:110,4
DA:112,4
DA:113,4
DA:115,0
DA:116,0
DA:118,0
DA:120,4
DA:121,4
DA:122,4
DA:124,0
DA:136,19
DA:137,19
DA:138,19
DA:140,19
DA:141,26
DA:143,0
DA:155,24
DA:156,24
DA:157,24
DA:169,24
DA:170,24
DA:179,0
DA:180,0
DA:181,0
DA:182,0
DA:183,0
DA:185,0
DA:196,5
DA:197,5
DA:198,5
DA:199,5
DA:200,5
DA:201,3
DA:202,3
DA:203,3
DA:204,3
DA:205,3
DA:208,3
DA:219,42
DA:220,42
DA:221,42
DA:223,42
DA:224,49
DA:226,42
DA:228,0
DA:240,25
DA:241,25
DA:242,24
DA:243,24
DA:244,24
DA:245,24
DA:246,2
DA:248,22
DA:249,22
DA:251,0
DA:252,22
DA:253,0
DA:254,22
DA:258,22
DA:259,22
DA:270,7
DA:271,7
DA:272,7
DA:273,7
DA:274,7
DA:275,7
DA:276,5
DA:277,5
DA:278,9
DA:279,5
DA:280,5
DA:281,5
DA:285,0
DA:297,17
DA:298,17
DA:299,17
DA:300,17
DA:301,15
DA:302,15
DA:303,15
DA:304,15
DA:305,15
DA:306,15
DA:307,3
DA:308,3
DA:309,7
DA:312,15
DA:314,37
DA:315,37
DA:316,37
DA:317,37
DA:319,15
DA:320,15
DA:324,15
DA:325,15
DA:333,15
DA:334,15
DA:335,15
DA:336,44
DA:337,42
DA:340,15
DA:351,2
DA:352,1
DA:353,1
DA:354,1
DA:355,1
DA:356,1
DA:369,5
DA:370,4
DA:371,4
DA:372,4
DA:373,4
DA:374,4
DA:375,4
DA:376,8
DA:377,4
DA:379,4
DA:380,4
DA:384,4
DA:385,8
DA:386,8
DA:387,8
DA:388,8
DA:390,8
DA:392,4
DA:393,4
DA:394,0
DA:395,4
DA:396,4
DA:399,4
DA:403,4
DA:404,4
DA:405,4
DA:406,1
DA:407,1
DA:410,4
DA:411,1
DA:412,0
DA:415,3
DA:416,3
DA:417,0
DA:420,4
DA:432,2
DA:433,1
DA:434,1
DA:435,1
DA:436,1
DA:437,1
DA:438,1
DA:439,1
DA:440,1
DA:441,1
DA:442,1
DA:443,1
DA:444,1
DA:445,1
DA:449,0
DA:450,0
DA:461,3
DA:462,3
DA:463,3
DA:464,3
DA:465,3
DA:466,2
DA:467,2
DA:468,2
DA:469,2
DA:470,2
DA:471,2
DA:472,2
DA:474,2
DA:477,0
DA:478,0
DA:479,0
DA:480,0
DA:481,0
DA:482,0
DA:483,0
DA:486,0
DA:496,8
DA:497,7
DA:498,7
DA:499,7
DA:500,7
DA:501,7
DA:502,7
DA:504,7
DA:505,7
DA:506,7
DA:507,7
DA:508,20
DA:509,20
DA:510,20
DA:513,7
DA:514,7
DA:527,4
DA:528,4
DA:529,4
DA:530,4
DA:531,4
DA:532,4
DA:533,4
DA:534,4
DA:535,4
DA:536,4
DA:537,1
DA:538,4
DA:539,1
DA:540,1
DA:541,1
DA:544,1
DA:546,4
DA:547,4
DA:548,11
DA:549,11
DA:550,11
DA:553,4
DA:554,5
DA:555,13
DA:556,5
DA:560,4
DA:564,4
DA:565,4
DA:580,2
DA:581,2
DA:582,2
DA:583,2
DA:584,2
DA:585,2
DA:586,2
DA:587,2
DA:588,2
DA:589,1
DA:590,5
DA:591,1
DA:592,1
DA:593,1
DA:596,1
DA:598,2
DA:599,2
DA:601,6
DA:602,6
DA:603,6
DA:606,2
DA:608,2
DA:609,2
DA:611,2
DA:612,2
DA:613,2
DA:614,2
DA:616,2
DA:617,3
DA:620,2
DA:622,2
DA:623,2
DA:624,2
DA:628,2
DA:629,2
DA:632,2
DA:633,2
DA:634,2
DA:635,2
DA:636,2
DA:637,2
DA:639,1
DA:640,1
DA:641,1
DA:642,1
DA:643,1
DA:644,1
DA:648,1
DA:649,1
DA:650,1
DA:651,1
DA:652,0
DA:655,0
DA:656,0
DA:657,0
DA:660,1
DA:663,10
DA:664,9
DA:665,8
DA:666,8
DA:667,8
DA:668,0
DA:669,8
DA:670,8
DA:671,8
DA:672,8
DA:673,7
DA:674,7
DA:675,8
DA:676,11
DA:677,5
DA:678,5
DA:680,6
DA:681,3
DA:684,7
DA:691,11
LF:349
LH:312
BRDA:20,0,0,1
BRDA:20,0,1,626
BRDA:22,1,0,0
BRDA:22,1,1,626
BRDA:37,2,0,1
BRDA:37,2,1,0
BRDA:39,3,0,1
BRDA:39,3,1,0
BRDA:39,4,0,0
BRDA:39,4,1,1
BRDA:40,5,0,0
BRDA:40,5,1,0
BRDA:77,6,0,0
BRDA:77,6,1,6
BRDA:78,7,0,1
BRDA:78,7,1,5
BRDA:80,8,0,1
BRDA:80,8,1,4
BRDA:83,9,0,0
BRDA:83,9,1,4
BRDA:84,10,0,4
BRDA:84,10,1,0
BRDA:84,11,0,4
BRDA:84,11,1,1
BRDA:84,11,2,0
BRDA:90,12,0,0
BRDA:90,12,1,3
BRDA:95,13,0,4
BRDA:95,13,1,0
BRDA:96,14,0,2
BRDA:96,14,1,2
BRDA:97,15,0,0
BRDA:97,15,1,2
BRDA:105,16,0,0
BRDA:105,16,1,9
BRDA:105,17,0,9
BRDA:105,17,1,9
BRDA:106,18,0,0
BRDA:106,18,1,9
BRDA:110,19,0,4
BRDA:110,19,1,0
BRDA:113,20,0,0
BRDA:113,20,1,4
BRDA:113,21,0,4
BRDA:113,21,1,4
BRDA:115,22,0,0
BRDA:115,22,1,0
BRDA:115,23,0,0
BRDA:115,23,1,0
BRDA:136,24,0,0
BRDA:136,24,1,19
BRDA:137,25,0,0
BRDA:137,25,1,19
BRDA:140,26,0,19
BRDA:140,26,1,0
BRDA:155,27,0,0
BRDA:155,27,1,24
BRDA:156,28,0,0
BRDA:156,28,1,24
BRDA:179,29,0,0
BRDA:179,29,1,0
BRDA:180,30,0,0
BRDA:180,30,1,0
BRDA:182,31,0,0
BRDA:182,31,1,0
BRDA:196,32,0,0
BRDA:196,32,1,5
BRDA:198,33,0,0
BRDA:198,33,1,5
BRDA:200,34,0,2
BRDA:200,34,1,3
BRDA:201,35,0,0
BRDA:201,35,1,3
BRDA:203,36,0,3
BRDA:203,36,1,0
BRDA:219,37,0,0
BRDA:219,37,1,42
BRDA:220,38,0,0
BRDA:220,38,1,42
BRDA:223,39,0,42
BRDA:223,39,1,0
BRDA:240,40,0,0
BRDA:240,40,1,25
BRDA:241,41,0,1
BRDA:241,41,1,24
BRDA:243,42,0,0
BRDA:243,42,1,24
BRDA:245,43,0,2
BRDA:245,43,1,22
BRDA:248,44,0,22
BRDA:248,44,1,0
BRDA:248,45,0,22
BRDA:248,45,1,0
BRDA:252,46,0,0
BRDA:252,46,1,22
BRDA:270,47,0,0
BRDA:270,47,1,7
BRDA:271,48,0,0
BRDA:271,48,1,7
BRDA:273,49,0,0
BRDA:273,49,1,7
BRDA:275,50,0,2
BRDA:275,50,1,5
BRDA:276,51,0,5
BRDA:276,51,1,0
BRDA:278,52,0,5
BRDA:278,52,1,4
BRDA:297,53,0,0
BRDA:297,53,1,17
BRDA:298,54,0,0
BRDA:298,54,1,17
BRDA:299,55,0,0
BRDA:299,55,1,17
BRDA:300,56,0,2
BRDA:300,56,1,15
BRDA:300,57,0,17
BRDA:300,57,1,17
BRDA:302,58,0,0
BRDA:302,58,1,15
BRDA:303,59,0,0
BRDA:303,59,1,15
BRDA:306,60,0,3
BRDA:306,60,1,12
BRDA:307,61,0,0
BRDA:307,61,1,3
BRDA:314,62,0,0
BRDA:314,62,1,37
BRDA:316,63,0,37
BRDA:316,63,1,0
BRDA:333,64,0,0
BRDA:333,64,1,15
BRDA:336,65,0,42
BRDA:336,65,1,2
BRDA:351,66,0,1
BRDA:351,66,1,1
BRDA:353,67,0,0
BRDA:353,67,1,1
BRDA:369,68,0,1
BRDA:369,68,1,4
BRDA:371,69,0,0
BRDA:371,69,1,4
BRDA:374,70,0,0
BRDA:374,70,1,4
BRDA:376,71,0,4
BRDA:376,71,1,4
BRDA:379,72,0,4
BRDA:379,72,1,0
BRDA:386,73,0,0
BRDA:386,73,1,8
BRDA:388,74,0,0
BRDA:388,74,1,8
BRDA:390,75,0,4
BRDA:390,75,1,4
BRDA:393,76,0,0
BRDA:393,76,1,4
BRDA:393,77,0,4
BRDA:393,77,1,4
BRDA:405,78,0,1
BRDA:405,78,1,3
BRDA:406,79,0,1
BRDA:406,79,1,0
BRDA:406,80,0,1
BRDA:406,80,1,1
BRDA:410,81,0,1
BRDA:410,81,1,3
BRDA:411,82,0,0
BRDA:411,82,1,1
BRDA:411,83,0,1
BRDA:411,83,1,1
BRDA:415,84,0,0
BRDA:415,84,1,3
BRDA:416,85,0,0
BRDA:416,85,1,3
BRDA:416,86,0,3
BRDA:416,86,1,3
BRDA:432,87,0,1
BRDA:432,87,1,1
BRDA:434,88,0,0
BRDA:434,88,1,1
BRDA:435,89,0,0
BRDA:435,89,1,1
BRDA:436,90,0,0
BRDA:436,90,1,1
BRDA:438,91,0,1
BRDA:438,91,1,0
BRDA:441,92,0,1
BRDA:441,92,1,0
BRDA:461,93,0,0
BRDA:461,93,1,3
BRDA:462,94,0,0
BRDA:462,94,1,3
BRDA:464,95,0,0
BRDA:464,95,1,3
BRDA:465,96,0,1
BRDA:465,96,1,2
BRDA:467,97,0,0
BRDA:467,97,1,2
BRDA:469,98,0,2
BRDA:469,98,1,0
BRDA:477,99,0,0
BRDA:477,99,1,0
BRDA:479,100,0,0
BRDA:479,100,1,0
BRDA:496,101,0,1
BRDA:496,101,1,7
BRDA:498,102,0,0
BRDA:498,102,1,7
BRDA:499,103,0,0
BRDA:499,103,1,7
BRDA:499,104,0,7
BRDA:499,104,1,6
BRDA:502,105,0,0
BRDA:502,105,1,7
BRDA:505,106,0,0
BRDA:505,106,1,7
BRDA:506,107,0,0
BRDA:506,107,1,7
BRDA:509,108,0,20
BRDA:509,108,1,0
BRDA:527,109,0,0
BRDA:527,109,1,4
BRDA:528,110,0,0
BRDA:528,110,1,4
BRDA:530,111,0,0
BRDA:530,111,1,4
BRDA:532,112,0,0
BRDA:532,112,1,4
BRDA:534,113,0,0
BRDA:534,113,1,4
BRDA:536,114,0,1
BRDA:536,114,1,3
BRDA:538,115,0,1
BRDA:538,115,1,3
BRDA:544,116,0,0
BRDA:544,116,1,1
BRDA:546,117,0,0
BRDA:546,117,1,4
BRDA:549,118,0,11
BRDA:549,118,1,0
BRDA:555,119,0,5
BRDA:555,119,1,8
BRDA:580,120,0,0
BRDA:580,120,1,2
BRDA:582,121,0,0
BRDA:582,121,1,2
BRDA:584,122,0,0
BRDA:584,122,1,2
BRDA:586,123,0,0
BRDA:586,123,1,2
BRDA:588,124,0,1
BRDA:588,124,1,1
BRDA:590,125,0,1
BRDA:590,125,1,4
BRDA:596,126,0,0
BRDA:596,126,1,1
BRDA:598,127,0,0
BRDA:598,127,1,2
BRDA:602,128,0,6
BRDA:602,128,1,0
BRDA:609,129,0,0
BRDA:609,129,1,2
BRDA:609,130,0,0
BRDA:609,130,1,2
BRDA:611,131,0,0
BRDA:611,131,1,2
BRDA:612,132,0,0
BRDA:612,132,1,2
BRDA:614,133,0,0
BRDA:614,133,1,2
BRDA:614,134,0,0
BRDA:614,134,1,2
BRDA:622,135,0,0
BRDA:622,135,1,2
BRDA:632,136,0,0
BRDA:632,136,1,2
BRDA:634,137,0,0
BRDA:634,137,1,2
BRDA:637,138,0,1
BRDA:637,138,1,1
BRDA:637,139,0,2
BRDA:637,139,1,2
BRDA:641,140,0,0
BRDA:641,140,1,1
BRDA:642,141,0,1
BRDA:642,141,1,0
BRDA:642,142,0,1
BRDA:642,142,1,0
BRDA:650,143,0,1
BRDA:650,143,1,0
BRDA:651,144,0,0
BRDA:651,144,1,1
BRDA:651,145,0,1
BRDA:651,145,1,1
BRDA:655,146,0,0
BRDA:655,146,1,0
BRDA:656,147,0,0
BRDA:656,147,1,0
BRDA:656,148,0,0
BRDA:656,148,1,0
BRDA:663,149,0,1
BRDA:663,149,1,9
BRDA:664,150,0,1
BRDA:664,150,1,8
BRDA:666,151,0,0
BRDA:666,151,1,8
BRDA:669,152,0,0
BRDA:669,152,1,8
BRDA:670,153,0,0
BRDA:670,153,1,8
BRDA:671,154,0,0
BRDA:671,154,1,8
BRDA:672,155,0,1
BRDA:672,155,1,7
BRDA:676,156,0,5
BRDA:676,156,1,6
BRDA:680,157,0,3
BRDA:680,157,1,3
BRF:317
BRH:190
end_of_record
TN:
SF:..\source\search-api.js
FN:21,(anonymous_0)
FN:55,(anonymous_1)
FN:74,(anonymous_2)
FN:156,(anonymous_3)
FN:158,(anonymous_4)
FN:161,(anonymous_5)
FN:169,(anonymous_6)
FN:171,(anonymous_7)
FN:174,(anonymous_8)
FN:182,(anonymous_9)
FN:183,(anonymous_10)
FN:186,(anonymous_11)
FN:196,(anonymous_12)
FN:208,(anonymous_13)
FN:222,(anonymous_14)
FN:237,(anonymous_15)
FN:238,(anonymous_16)
FN:241,(anonymous_17)
FN:249,(anonymous_18)
FN:250,(anonymous_19)
FN:253,(anonymous_20)
FN:262,(anonymous_21)
FN:286,(anonymous_22)
FN:326,(anonymous_23)
FN:377,(anonymous_24)
FN:407,(anonymous_25)
FN:437,(anonymous_26)
FN:468,(anonymous_27)
FN:505,search
FN:523,Fuzzysearch
FN:543,(anonymous_30)
FN:559,limitOffset
FNF:32
FNH:27
FNDA:8,(anonymous_0)
FNDA:10,(anonymous_1)
FNDA:2,(anonymous_2)
FNDA:8,(anonymous_3)
FNDA:8,(anonymous_4)
FNDA:0,(anonymous_5)
FNDA:16,(anonymous_6)
FNDA:16,(anonymous_7)
FNDA:0,(anonymous_8)
FNDA:8,(anonymous_9)
FNDA:8,(anonymous_10)
FNDA:0,(anonymous_11)
FNDA:8,(anonymous_12)
FNDA:16,(anonymous_13)
FNDA:9,(anonymous_14)
FNDA:7,(anonymous_15)
FNDA:7,(anonymous_16)
FNDA:0,(anonymous_17)
FNDA:8,(anonymous_18)
FNDA:8,(anonymous_19)
FNDA:0,(anonymous_20)
FNDA:21,(anonymous_21)
FNDA:11,(anonymous_22)
FNDA:9,(anonymous_23)
FNDA:7,(anonymous_24)
FNDA:14,(anonymous_25)
FNDA:5,(anonymous_26)
FNDA:7,(anonymous_27)
FNDA:94,search
FNDA:47,Fuzzysearch
FNDA:47,(anonymous_30)
FNDA:25,limitOffset
DA:1,1
DA:2,1
DA:6,1
DA:7,1
DA:8,1
DA:9,1
DA:10,1
DA:11,1
DA:13,1
DA:22,8
DA:23,6
DA:24,6
DA:28,6
DA:29,1
DA:30,5
DA:31,1
DA:32,4
DA:33,1
DA:34,3
DA:35,1
DA:36,2
DA:37,1
DA:38,1
DA:39,5
DA:40,5
DA:41,5
DA:42,5
DA:43,5
DA:44,5
DA:46,5
DA:56,10
DA:57,10
DA:58,10
DA:59,10
DA:60,9
DA:61,15
DA:62,5
DA:63,5
DA:64,5
DA:67,4
DA:75,2
DA:76,2
DA:77,2
DA:79,2
DA:80,2
DA:81,2
DA:82,2
DA:83,2
DA:84,2
DA:85,2
DA:86,5
DA:87,1
DA:88,1
DA:89,1
DA:99,4
DA:100,1
DA:101,1
DA:102,1
DA:103,1
DA:104,1
DA:123,3
DA:124,1
DA:125,1
DA:126,1
DA:127,1
DA:139,2
DA:140,1
DA:141,1
DA:142,1
DA:143,1
DA:144,1
DA:145,1
DA:146,1
DA:150,2
DA:158,8
DA:159,8
DA:160,8
DA:161,0
DA:162,8
DA:171,16
DA:172,16
DA:173,16
DA:174,0
DA:175,16
DA:183,8
DA:184,8
DA:185,8
DA:186,0
DA:187,8
DA:198,8
DA:199,8
DA:200,8
DA:210,16
DA:211,16
DA:212,16
DA:224,9
DA:226,9
DA:227,3
DA:229,6
DA:238,7
DA:239,7
DA:240,7
DA:241,0
DA:242,7
DA:250,8
DA:251,8
DA:252,8
DA:253,0
DA:254,8
DA:265,21
DA:266,21
DA:267,20
DA:268,20
DA:269,20
DA:270,4
DA:273,17
DA:289,11
DA:290,11
DA:291,11
DA:293,3
DA:296,8
DA:297,8
DA:298,8
DA:301,11
DA:302,11
DA:303,11
DA:304,8
DA:305,8
DA:306,8
DA:307,8
DA:308,8
DA:309,8
DA:310,8
DA:311,8
DA:312,8
DA:313,8
DA:314,8
DA:317,11
DA:329,9
DA:330,9
DA:331,9
DA:333,1
DA:336,8
DA:337,8
DA:338,8
DA:341,9
DA:342,9
DA:343,9
DA:344,4
DA:345,4
DA:346,4
DA:347,4
DA:348,4
DA:349,4
DA:350,4
DA:352,4
DA:353,4
DA:354,4
DA:355,4
DA:356,4
DA:357,4
DA:359,4
DA:360,4
DA:361,4
DA:362,4
DA:363,4
DA:364,4
DA:367,9
DA:378,7
DA:379,7
DA:380,2
DA:381,2
DA:383,5
DA:384,5
DA:385,1
DA:387,4
DA:388,4
DA:389,1
DA:391,3
DA:392,3
DA:393,1
DA:395,2
DA:396,2
DA:397,1
DA:409,14
DA:410,14
DA:411,14
DA:412,14
DA:414,6
DA:415,6
DA:416,6
DA:417,6
DA:418,6
DA:419,6
DA:420,6
DA:421,6
DA:422,6
DA:426,6
DA:427,6
DA:439,5
DA:440,5
DA:441,5
DA:442,5
DA:444,3
DA:445,3
DA:446,1
DA:449,2
DA:450,2
DA:451,2
DA:452,2
DA:453,2
DA:454,2
DA:458,3
DA:470,7
DA:471,7
DA:472,7
DA:473,7
DA:474,7
DA:475,2
DA:476,2
DA:477,2
DA:478,2
DA:479,2
DA:480,2
DA:481,2
DA:482,2
DA:484,2
DA:485,2
DA:486,2
DA:487,2
DA:488,2
DA:492,7
DA:496,1
DA:507,94
DA:511,94
DA:512,94
DA:525,47
DA:526,47
DA:527,47
DA:528,47
DA:529,47
DA:530,47
DA:531,47
DA:532,47
DA:534,47
DA:543,1
DA:545,47
DA:546,47
DA:547,47
DA:548,47
DA:549,34
DA:550,34
DA:553,47
DA:554,17
DA:556,47
DA:561,25
DA:562,25
DA:563,25
DA:564,0
DA:565,0
DA:568,25
DA:569,0
DA:570,0
DA:573,25
DA:574,25
DA:575,0
DA:578,25
DA:579,25
LF:268
LH:258
BRDA:22,0,0,2
BRDA:22,0,1,6
BRDA:24,1,0,0
BRDA:24,1,1,6
BRDA:28,2,0,1
BRDA:28,2,1,5
BRDA:30,3,0,1
BRDA:30,3,1,4
BRDA:32,4,0,1
BRDA:32,4,1,3
BRDA:34,5,0,1
BRDA:34,5,1,2
BRDA:36,6,0,1
BRDA:36,6,1,1
BRDA:39,7,0,0
BRDA:39,7,1,5
BRDA:40,8,0,0
BRDA:40,8,1,5
BRDA:42,9,0,0
BRDA:42,9,1,5
BRDA:56,10,0,0
BRDA:56,10,1,10
BRDA:58,11,0,0
BRDA:58,11,1,10
BRDA:59,12,0,1
BRDA:59,12,1,9
BRDA:59,13,0,10
BRDA:59,13,1,10
BRDA:61,14,0,5
BRDA:61,14,1,10
BRDA:61,15,0,15
BRDA:61,15,1,5
BRDA:75,16,0,0
BRDA:75,16,1,2
BRDA:77,17,0,0
BRDA:77,17,1,2
BRDA:79,18,0,1
BRDA:79,18,1,1
BRDA:79,19,0,2
BRDA:79,19,1,2
BRDA:86,20,0,1
BRDA:86,20,1,4
BRDA:88,21,0,1
BRDA:88,21,1,0
BRDA:99,22,0,1
BRDA:99,22,1,3
BRDA:101,23,0,1
BRDA:101,23,1,0
BRDA:102,24,0,1
BRDA:102,24,1,0
BRDA:102,25,0,1
BRDA:102,25,1,0
BRDA:123,26,0,1
BRDA:123,26,1,2
BRDA:125,27,0,1
BRDA:125,27,1,0
BRDA:135,28,0,0
BRDA:135,28,1,1
BRDA:139,29,0,1
BRDA:139,29,1,1
BRDA:141,30,0,1
BRDA:141,30,1,0
BRDA:143,31,0,1
BRDA:143,31,1,0
BRDA:145,32,0,1
BRDA:145,32,1,0
BRDA:159,33,0,0
BRDA:159,33,1,8
BRDA:172,34,0,0
BRDA:172,34,1,16
BRDA:184,35,0,0
BRDA:184,35,1,8
BRDA:199,36,0,0
BRDA:199,36,1,8
BRDA:211,37,0,0
BRDA:211,37,1,16
BRDA:226,38,0,3
BRDA:226,38,1,6
BRDA:239,39,0,0
BRDA:239,39,1,7
BRDA:251,40,0,0
BRDA:251,40,1,8
BRDA:265,41,0,1
BRDA:265,41,1,20
BRDA:269,42,0,4
BRDA:269,42,1,16
BRDA:291,43,0,3
BRDA:291,43,1,8
BRDA:297,44,0,0
BRDA:297,44,1,8
BRDA:301,45,0,0
BRDA:301,45,1,11
BRDA:305,46,0,8
BRDA:305,46,1,0
BRDA:331,47,0,1
BRDA:331,47,1,8
BRDA:337,48,0,0
BRDA:337,48,1,8
BRDA:342,49,0,0
BRDA:342,49,1,9
BRDA:346,50,0,4
BRDA:346,50,1,0
BRDA:353,51,0,4
BRDA:353,51,1,0
BRDA:379,52,0,2
BRDA:379,52,1,5
BRDA:384,53,0,1
BRDA:384,53,1,4
BRDA:384,54,0,5
BRDA:384,54,1,5
BRDA:388,55,0,1
BRDA:388,55,1,3
BRDA:388,56,0,4
BRDA:388,56,1,4
BRDA:392,57,0,1
BRDA:392,57,1,2
BRDA:392,58,0,3
BRDA:392,58,1,3
BRDA:396,59,0,1
BRDA:396,59,1,1
BRDA:396,60,0,2
BRDA:396,60,1,2
BRDA:411,61,0,0
BRDA:411,61,1,14
BRDA:412,62,0,8
BRDA:412,62,1,6
BRDA:426,63,0,0
BRDA:426,63,1,6
BRDA:441,64,0,0
BRDA:441,64,1,5
BRDA:442,65,0,2
BRDA:442,65,1,3
BRDA:445,66,0,1
BRDA:445,66,1,2
BRDA:471,67,0,0
BRDA:471,67,1,7
BRDA:471,68,0,7
BRDA:471,68,1,7
BRDA:475,69,0,2
BRDA:475,69,1,0
BRDA:478,70,0,2
BRDA:478,70,1,0
BRDA:526,71,0,0
BRDA:526,71,1,47
BRDA:547,72,0,0
BRDA:547,72,1,47
BRDA:563,73,0,0
BRDA:563,73,1,25
BRDA:564,74,0,0
BRDA:564,74,1,0
BRDA:564,75,0,0
BRDA:564,75,1,0
BRDA:568,76,0,0
BRDA:568,76,1,25
BRDA:569,77,0,0
BRDA:569,77,1,0
BRDA:569,78,0,0
BRDA:569,78,1,0
BRDA:573,79,0,0
BRDA:573,79,1,25
BRDA:574,80,0,0
BRDA:574,80,1,25
BRDA:574,81,0,25
BRDA:574,81,1,25
BRF:164
BRH:113
end_of_record
TN:
SF:..\source\sendmail.js
FN:2,(anonymous_0)
FN:52,(anonymous_1)
FNF:2
FNH:2
FNDA:30,(anonymous_0)
FNDA:23,(anonymous_1)
DA:1,11
DA:2,11
DA:3,30
DA:16,30
DA:17,0
DA:24,30
DA:25,0
DA:33,30
DA:34,0
DA:44,30
DA:52,30
DA:53,23
DA:54,23
DA:56,11
LF:14
LH:11
BRDA:16,0,0,0
BRDA:16,0,1,30
BRDA:24,1,0,0
BRDA:24,1,1,30
BRDA:33,2,0,0
BRDA:33,2,1,30
BRDA:53,3,0,23
BRDA:53,3,1,0
BRDA:54,4,0,11
BRDA:54,4,1,12
BRF:10
BRH:6
end_of_record
TN:
SF:..\source\track-api.js
FN:10,(anonymous_0)
FN:26,(anonymous_1)
FN:80,(anonymous_2)
FN:107,(anonymous_3)
FN:127,(anonymous_4)
FN:158,(anonymous_5)
FN:184,(anonymous_6)
FN:209,(anonymous_7)
FN:231,(anonymous_8)
FN:258,(anonymous_9)
FN:307,(anonymous_10)
FN:343,(anonymous_11)
FN:360,(anonymous_12)
FN:389,(anonymous_13)
FN:412,(anonymous_14)
FN:419,(anonymous_15)
FN:445,(anonymous_16)
FN:493,(anonymous_17)
FN:517,(anonymous_18)
FNF:19
FNH:18
FNDA:3,(anonymous_0)
FNDA:1192,(anonymous_1)
FNDA:38,(anonymous_2)
FNDA:3,(anonymous_3)
FNDA:7,(anonymous_4)
FNDA:4,(anonymous_5)
FNDA:50,(anonymous_6)
FNDA:9,(anonymous_7)
FNDA:4,(anonymous_8)
FNDA:47,(anonymous_9)
FNDA:8,(anonymous_10)
FNDA:3,(anonymous_11)
FNDA:3,(anonymous_12)
FNDA:0,(anonymous_13)
FNDA:5,(anonymous_14)
FNDA:2,(anonymous_15)
FNDA:6,(anonymous_16)
FNDA:1044,(anonymous_17)
FNDA:10,(anonymous_18)
DA:1,11
DA:2,11
DA:3,11
DA:4,11
DA:11,3
DA:12,3
DA:13,2
DA:14,2
DA:15,1
DA:17,0
DA:27,1192
DA:30,1192
DA:31,1191
DA:32,1191
DA:33,1173
DA:34,1038
DA:35,1038
DA:67,1038
DA:69,0
DA:81,38
DA:82,38
DA:83,37
DA:84,37
DA:86,33
DA:87,33
DA:88,33
DA:89,33
DA:90,33
DA:91,33
DA:92,33
DA:93,33
DA:94,33
DA:96,33
DA:98,0
DA:108,3
DA:109,3
DA:110,2
DA:111,2
DA:112,4
DA:113,4
DA:114,2
DA:116,2
DA:118,0
DA:128,7
DA:129,7
DA:130,6
DA:131,6
DA:132,3
DA:148,3
DA:150,0
DA:159,4
DA:160,4
DA:161,3
DA:162,3
DA:163,3
DA:164,4
DA:165,4
DA:166,2
DA:167,2
DA:171,3
DA:172,2
DA:173,1
DA:175,0
DA:185,50
DA:186,50
DA:187,48
DA:188,47
DA:189,7
DA:190,7
DA:191,7
DA:192,7
DA:193,1
DA:194,1
DA:195,1
DA:196,1
DA:197,1
DA:199,1
DA:201,0
DA:210,9
DA:213,9
DA:214,7
DA:215,7
DA:216,6
DA:217,6
DA:219,6
DA:220,6
DA:222,0
DA:232,4
DA:234,4
DA:235,3
DA:236,3
DA:237,2
DA:238,2
DA:239,2
DA:240,2
DA:242,0
DA:259,47
DA:260,47
DA:261,46
DA:262,45
DA:263,45
DA:293,45
DA:295,45
DA:297,0
DA:308,8
DA:309,8
DA:310,7
DA:311,7
DA:312,6
DA:313,6
DA:315,5
DA:316,5
DA:318,4
DA:322,3
DA:323,3
DA:324,2
DA:325,2
DA:326,2
DA:329,3
DA:331,3
DA:333,3
DA:334,3
DA:335,3
DA:336,3
DA:337,3
DA:338,3
DA:341,3
DA:343,3
DA:344,3
DA:345,3
DA:346,0
DA:348,0
DA:349,0
DA:350,0
DA:351,0
DA:352,0
DA:353,0
DA:357,0
DA:360,3
DA:361,3
DA:362,3
DA:363,6
DA:364,6
DA:365,0
DA:366,0
DA:368,6
DA:369,6
DA:370,0
DA:371,0
DA:373,6
DA:377,3
DA:379,3
DA:381,3
DA:383,3
DA:390,0
DA:391,0
DA:392,0
DA:393,0
DA:399,0
DA:401,3
DA:413,5
DA:414,5
DA:415,4
DA:416,4
DA:417,3
DA:418,2
DA:419,2
DA:420,2
DA:421,2
DA:422,10
DA:423,10
DA:424,8
DA:425,6
DA:426,6
DA:427,2
DA:428,2
DA:433,2
DA:434,1
DA:436,0
DA:446,6
DA:447,6
DA:449,5
DA:451,5
DA:452,4
DA:453,4
DA:455,3
DA:456,3
DA:458,3
DA:460,2
DA:461,2
DA:462,2
DA:463,10
DA:464,10
DA:465,8
DA:466,6
DA:467,6
DA:469,2
DA:471,2
DA:473,2
DA:475,2
DA:481,2
DA:482,2
DA:484,0
DA:494,1044
DA:495,1044
DA:496,1043
DA:497,1042
DA:498,1038
DA:499,1038
DA:500,1037
DA:501,1037
DA:502,916
DA:504,121
DA:506,0
DA:518,10
DA:519,10
DA:520,9
DA:521,8
DA:522,8
DA:523,7
DA:524,7
DA:526,6
DA:527,6
DA:529,5
DA:531,5
DA:532,5
DA:533,2
DA:535,5
DA:536,5
DA:538,0
DA:544,11
LF:231
LH:200
BRDA:12,0,0,1
BRDA:12,0,1,2
BRDA:14,1,0,1
BRDA:14,1,1,1
BRDA:30,2,0,1
BRDA:30,2,1,1191
BRDA:32,3,0,18
BRDA:32,3,1,1173
BRDA:33,4,0,135
BRDA:33,4,1,1038
BRDA:33,5,0,1173
BRDA:33,5,1,1038
BRDA:82,6,0,1
BRDA:82,6,1,37
BRDA:84,7,0,4
BRDA:84,7,1,33
BRDA:87,8,0,0
BRDA:87,8,1,33
BRDA:91,9,0,0
BRDA:91,9,1,33
BRDA:94,10,0,0
BRDA:94,10,1,33
BRDA:109,11,0,1
BRDA:109,11,1,2
BRDA:113,12,0,2
BRDA:113,12,1,2
BRDA:129,13,0,1
BRDA:129,13,1,6
BRDA:131,14,0,3
BRDA:131,14,1,3
BRDA:160,15,0,1
BRDA:160,15,1,3
BRDA:165,16,0,2
BRDA:165,16,1,2
BRDA:171,17,0,2
BRDA:171,17,1,1
BRDA:186,18,0,2
BRDA:186,18,1,48
BRDA:187,19,0,1
BRDA:187,19,1,47
BRDA:188,20,0,40
BRDA:188,20,1,7
BRDA:190,21,0,0
BRDA:190,21,1,7
BRDA:191,22,0,0
BRDA:191,22,1,7
BRDA:192,23,0,6
BRDA:192,23,1,1
BRDA:195,24,0,1
BRDA:195,24,1,0
BRDA:213,25,0,2
BRDA:213,25,1,7
BRDA:215,26,0,1
BRDA:215,26,1,6
BRDA:216,27,0,4
BRDA:216,27,1,2
BRDA:234,28,0,1
BRDA:234,28,1,3
BRDA:236,29,0,1
BRDA:236,29,1,2
BRDA:237,30,0,0
BRDA:237,30,1,2
BRDA:260,31,0,1
BRDA:260,31,1,46
BRDA:260,32,0,47
BRDA:260,32,1,46
BRDA:261,33,0,1
BRDA:261,33,1,45
BRDA:262,34,0,3
BRDA:262,34,1,42
BRDA:309,35,0,1
BRDA:309,35,1,7
BRDA:311,36,0,1
BRDA:311,36,1,6
BRDA:313,37,0,1
BRDA:313,37,1,5
BRDA:316,38,0,1
BRDA:316,38,1,4
BRDA:318,39,0,1
BRDA:318,39,1,3
BRDA:322,40,0,0
BRDA:322,40,1,3
BRDA:324,41,0,2
BRDA:324,41,1,0
BRDA:333,42,0,0
BRDA:333,42,1,3
BRDA:334,43,0,0
BRDA:334,43,1,3
BRDA:336,44,0,3
BRDA:336,44,1,0
BRDA:344,45,0,0
BRDA:344,45,1,3
BRDA:346,46,0,0
BRDA:346,46,1,0
BRDA:349,47,0,0
BRDA:349,47,1,0
BRDA:351,48,0,0
BRDA:351,48,1,0
BRDA:361,49,0,0
BRDA:361,49,1,3
BRDA:363,50,0,6
BRDA:363,50,1,0
BRDA:365,51,0,0
BRDA:365,51,1,0
BRDA:365,52,0,0
BRDA:365,52,1,0
BRDA:368,53,0,6
BRDA:368,53,1,0
BRDA:370,54,0,0
BRDA:370,54,1,0
BRDA:377,55,0,0
BRDA:377,55,1,3
BRDA:390,56,0,0
BRDA:390,56,1,0
BRDA:391,57,0,0
BRDA:391,57,1,0
BRDA:414,58,0,1
BRDA:414,58,1,4
BRDA:416,59,0,1
BRDA:416,59,1,3
BRDA:417,60,0,1
BRDA:417,60,1,2
BRDA:420,61,0,0
BRDA:420,61,1,2
BRDA:422,62,0,0
BRDA:422,62,1,10
BRDA:423,63,0,2
BRDA:423,63,1,8
BRDA:424,64,0,2
BRDA:424,64,1,6
BRDA:426,65,0,2
BRDA:426,65,1,4
BRDA:433,66,0,1
BRDA:433,66,1,1
BRDA:447,67,0,1
BRDA:447,67,1,5
BRDA:451,68,0,1
BRDA:451,68,1,4
BRDA:453,69,0,1
BRDA:453,69,1,3
BRDA:458,70,0,1
BRDA:458,70,1,2
BRDA:461,71,0,0
BRDA:461,71,1,2
BRDA:463,72,0,0
BRDA:463,72,1,10
BRDA:464,73,0,2
BRDA:464,73,1,8
BRDA:465,74,0,2
BRDA:465,74,1,6
BRDA:467,75,0,2
BRDA:467,75,1,4
BRDA:471,76,0,0
BRDA:471,76,1,2
BRDA:481,77,0,0
BRDA:481,77,1,2
BRDA:495,78,0,1
BRDA:495,78,1,1043
BRDA:496,79,0,1
BRDA:496,79,1,1042
BRDA:497,80,0,4
BRDA:497,80,1,1038
BRDA:499,81,0,1
BRDA:499,81,1,1037
BRDA:500,82,0,0
BRDA:500,82,1,1037
BRDA:501,83,0,916
BRDA:501,83,1,121
BRDA:519,84,0,1
BRDA:519,84,1,9
BRDA:520,85,0,1
BRDA:520,85,1,8
BRDA:522,86,0,1
BRDA:522,86,1,7
BRDA:524,87,0,1
BRDA:524,87,1,6
BRDA:527,88,0,1
BRDA:527,88,1,5
BRDA:529,89,0,0
BRDA:529,89,1,5
BRDA:532,90,0,2
BRDA:532,90,1,3
BRDA:532,91,0,5
BRDA:532,91,1,4
BRDA:532,91,2,4
BRDA:532,91,3,4
BRF:186
BRH:145
end_of_record
TN:
SF:..\source\user-api.js
FN:24,(anonymous_0)
FN:27,(anonymous_1)
FN:30,(anonymous_2)
FN:37,(anonymous_3)
FN:76,(anonymous_4)
FN:144,(anonymous_5)
FN:170,(anonymous_6)
FN:195,(anonymous_7)
FN:216,(anonymous_8)
FN:253,(anonymous_9)
FN:278,(anonymous_10)
FN:316,(anonymous_11)
FN:344,(anonymous_12)
FN:373,(anonymous_13)
FN:403,(anonymous_14)
FN:430,(anonymous_15)
FN:464,(anonymous_16)
FN:491,(anonymous_17)
FN:500,(anonymous_18)
FN:510,(anonymous_19)
FN:527,(anonymous_20)
FN:551,(anonymous_21)
FN:571,(anonymous_22)
FN:590,(anonymous_23)
FN:622,(anonymous_24)
FN:669,(anonymous_25)
FN:695,(anonymous_26)
FN:717,(anonymous_27)
FN:740,(anonymous_28)
FN:788,(anonymous_29)
FN:832,(anonymous_30)
FN:856,(anonymous_31)
FN:881,(anonymous_32)
FN:909,(anonymous_33)
FN:932,(anonymous_34)
FN:955,(anonymous_35)
FN:984,(anonymous_36)
FN:1004,(anonymous_37)
FN:1026,(anonymous_38)
FN:1048,(anonymous_39)
FN:1070,(anonymous_40)
FN:1088,(anonymous_41)
FN:1107,(anonymous_42)
FNF:43
FNH:41
FNDA:880,(anonymous_0)
FNDA:877,(anonymous_1)
FNDA:0,(anonymous_2)
FNDA:0,(anonymous_3)
FNDA:15,(anonymous_4)
FNDA:3,(anonymous_5)
FNDA:4,(anonymous_6)
FNDA:2,(anonymous_7)
FNDA:9,(anonymous_8)
FNDA:6,(anonymous_9)
FNDA:9,(anonymous_10)
FNDA:6,(anonymous_11)
FNDA:5,(anonymous_12)
FNDA:4,(anonymous_13)
FNDA:5,(anonymous_14)
FNDA:5,(anonymous_15)
FNDA:10,(anonymous_16)
FNDA:3,(anonymous_17)
FNDA:2,(anonymous_18)
FNDA:2,(anonymous_19)
FNDA:1,(anonymous_20)
FNDA:3,(anonymous_21)
FNDA:3,(anonymous_22)
FNDA:5,(anonymous_23)
FNDA:33,(anonymous_24)
FNDA:4,(anonymous_25)
FNDA:21,(anonymous_26)
FNDA:20,(anonymous_27)
FNDA:4,(anonymous_28)
FNDA:3,(anonymous_29)
FNDA:22,(anonymous_30)
FNDA:4,(anonymous_31)
FNDA:4,(anonymous_32)
FNDA:4,(anonymous_33)
FNDA:4,(anonymous_34)
FNDA:3,(anonymous_35)
FNDA:3,(anonymous_36)
FNDA:3,(anonymous_37)
FNDA:3,(anonymous_38)
FNDA:3,(anonymous_39)
FNDA:3,(anonymous_40)
FNDA:4,(anonymous_41)
FNDA:4,(anonymous_42)
DA:1,11
DA:2,11
DA:3,11
DA:5,11
DA:6,11
DA:7,11
DA:8,11
DA:9,11
DA:10,11
DA:11,11
DA:14,11
DA:15,11
DA:25,880
DA:26,880
DA:27,877
DA:28,877
DA:29,877
DA:30,0
DA:32,877
DA:34,0
DA:38,0
DA:39,0
DA:40,0
DA:41,0
DA:42,0
DA:54,0
DA:56,0
DA:77,15
DA:78,15
DA:80,14
DA:81,14
DA:82,13
DA:84,13
DA:85,12
DA:87,6
DA:88,5
DA:92,6
DA:93,4
DA:96,6
DA:97,3
DA:100,6
DA:101,5
DA:104,6
DA:105,0
DA:106,0
DA:107,0
DA:110,6
DA:112,2
DA:113,2
DA:116,6
DA:117,5
DA:121,12
DA:122,6
DA:123,6
DA:124,6
DA:126,12
DA:127,12
DA:130,1
DA:132,0
DA:145,3
DA:146,3
DA:147,2
DA:148,2
DA:149,1
DA:151,1
DA:152,1
DA:153,1
DA:154,1
DA:155,1
DA:156,1
DA:158,0
DA:171,4
DA:172,4
DA:173,3
DA:174,3
DA:175,2
DA:176,1
DA:177,0
DA:179,1
DA:181,1
DA:182,1
DA:184,0
DA:196,2
DA:197,2
DA:198,2
DA:199,2
DA:200,2
DA:201,2
DA:202,2
DA:204,0
DA:217,9
DA:218,9
DA:219,8
DA:220,8
DA:221,7
DA:223,7
DA:224,7
DA:225,4
DA:226,4
DA:227,4
DA:228,4
DA:229,4
DA:230,4
DA:232,3
DA:233,3
DA:236,6
DA:237,6
DA:239,0
DA:254,6
DA:255,6
DA:256,5
DA:257,5
DA:258,4
DA:259,4
DA:260,3
DA:261,3
DA:262,3
DA:263,2
DA:264,2
DA:266,0
DA:279,9
DA:280,9
DA:281,8
DA:282,8
DA:283,8
DA:284,5
DA:285,0
DA:289,0
DA:290,0
DA:293,5
DA:294,5
DA:298,5
DA:299,5
DA:301,0
DA:317,6
DA:318,6
DA:319,5
DA:320,5
DA:321,4
DA:322,4
DA:323,4
DA:324,3
DA:325,3
DA:328,4
DA:329,3
DA:330,3
DA:332,0
DA:345,5
DA:346,5
DA:347,4
DA:348,4
DA:349,3
DA:350,3
DA:351,1
DA:352,1
DA:353,1
DA:354,1
DA:355,1
DA:356,1
DA:357,1
DA:358,1
DA:359,1
DA:360,1
DA:363,1
DA:365,0
DA:374,4
DA:375,4
DA:376,3
DA:377,3
DA:378,2
DA:379,2
DA:380,1
DA:381,1
DA:382,1
DA:383,1
DA:384,0
DA:385,0
DA:386,0
DA:387,0
DA:388,0
DA:389,0
DA:392,1
DA:394,0
DA:404,5
DA:405,5
DA:406,4
DA:407,4
DA:408,4
DA:409,3
DA:410,3
DA:411,3
DA:412,2
DA:413,2
DA:414,2
DA:415,2
DA:416,2
DA:419,3
DA:421,0
DA:431,5
DA:432,5
DA:433,4
DA:434,4
DA:435,4
DA:436,2
DA:437,2
DA:438,1
DA:439,1
DA:440,1
DA:441,1
DA:442,1
DA:443,1
DA:446,1
DA:447,1
DA:448,1
DA:449,1
DA:450,1
DA:453,0
DA:455,0
DA:465,10
DA:466,10
DA:467,9
DA:468,9
DA:469,9
DA:470,7
DA:471,7
DA:472,3
DA:473,3
DA:474,3
DA:477,0
DA:479,0
DA:492,3
DA:493,3
DA:494,3
DA:495,1
DA:497,0
DA:501,2
DA:502,2
DA:504,2
DA:505,2
DA:507,0
DA:511,2
DA:512,2
DA:514,2
DA:515,2
DA:517,0
DA:528,1
DA:529,1
DA:530,1
DA:531,1
DA:532,1
DA:533,1
DA:534,1
DA:536,0
DA:552,3
DA:553,3
DA:554,2
DA:555,2
DA:556,1
DA:558,0
DA:572,3
DA:573,3
DA:574,2
DA:575,2
DA:576,1
DA:578,0
DA:591,5
DA:592,5
DA:593,4
DA:594,4
DA:595,3
DA:596,3
DA:597,1
DA:598,1
DA:599,1
DA:600,1
DA:601,1
DA:602,1
DA:603,1
DA:604,1
DA:607,1
DA:609,0
DA:623,33
DA:624,33
DA:625,33
DA:626,33
DA:648,33
DA:649,33
DA:650,33
DA:651,33
DA:652,33
DA:653,33
DA:654,33
DA:655,33
DA:657,0
DA:670,4
DA:671,4
DA:672,3
DA:673,3
DA:674,2
DA:675,2
DA:676,1
DA:677,1
DA:678,1
DA:680,0
DA:696,21
DA:697,21
DA:698,20
DA:700,20
DA:701,19
DA:703,19
DA:704,19
DA:705,19
DA:706,19
DA:708,0
DA:718,20
DA:719,20
DA:720,20
DA:721,0
DA:722,20
DA:727,20
DA:728,20
DA:729,20
DA:731,0
DA:741,4
DA:742,4
DA:743,3
DA:744,2
DA:745,2
DA:746,2
DA:747,1
DA:748,0
DA:749,0
DA:750,0
DA:751,0
DA:752,0
DA:753,0
DA:754,0
DA:755,0
DA:756,0
DA:757,0
DA:760,0
DA:761,0
DA:762,0
DA:763,0
DA:767,0
DA:768,0
DA:769,0
DA:770,0
DA:774,0
DA:775,0
DA:777,0
DA:789,3
DA:790,3
DA:791,3
DA:792,3
DA:795,3
DA:796,3
DA:797,3
DA:798,2
DA:800,2
DA:802,1
DA:803,0
DA:804,0
DA:805,0
DA:808,1
DA:809,0
DA:810,0
DA:814,0
DA:816,2
DA:833,22
DA:834,22
DA:835,21
DA:836,21
DA:837,20
DA:838,2
DA:840,18
DA:841,18
DA:842,18
DA:843,18
DA:844,18
DA:845,18
DA:847,0
DA:857,4
DA:858,4
DA:859,3
DA:860,3
DA:861,2
DA:862,1
DA:864,1
DA:865,1
DA:866,1
DA:867,1
DA:868,1
DA:869,1
DA:870,1
DA:872,0
DA:882,4
DA:883,4
DA:884,3
DA:885,3
DA:887,2
DA:888,1
DA:890,1
DA:891,1
DA:892,1
DA:893,1
DA:894,1
DA:896,0
DA:910,4
DA:911,4
DA:912,3
DA:913,3
DA:914,3
DA:916,0
DA:933,4
DA:934,4
DA:935,3
DA:936,3
DA:937,2
DA:938,2
DA:940,0
DA:956,3
DA:957,3
DA:958,2
DA:959,2
DA:960,1
DA:961,1
DA:962,0
DA:964,1
DA:965,1
DA:967,1
DA:968,1
DA:969,1
DA:971,0
DA:985,3
DA:986,3
DA:987,2
DA:988,2
DA:989,1
DA:990,1
DA:992,0
DA:1005,3
DA:1006,3
DA:1007,2
DA:1008,2
DA:1009,1
DA:1010,1
DA:1011,1
DA:1013,0
DA:1027,3
DA:1028,3
DA:1029,2
DA:1030,2
DA:1031,1
DA:1032,1
DA:1033,1
DA:1035,0
DA:1049,3
DA:1050,3
DA:1051,2
DA:1052,2
DA:1053,1
DA:1054,1
DA:1055,1
DA:1057,0
DA:1071,3
DA:1072,3
DA:1073,2
DA:1074,2
DA:1075,1
DA:1076,1
DA:1077,1
DA:1079,0
DA:1089,4
DA:1090,4
DA:1091,4
DA:1093,2
DA:1094,2
DA:1095,1
DA:1096,1
DA:1098,0
DA:1108,4
DA:1109,4
DA:1110,4
DA:1112,2
DA:1113,2
DA:1114,1
DA:1115,1
DA:1117,0
DA:1123,11
LF:490
LH:400
BRDA:26,0,0,3
BRDA:26,0,1,877
BRDA:28,1,0,0
BRDA:28,1,1,877
BRDA:39,2,0,0
BRDA:39,2,1,0
BRDA:41,3,0,0
BRDA:41,3,1,0
BRDA:78,4,0,1
BRDA:78,4,1,14
BRDA:81,5,0,13
BRDA:81,5,1,1
BRDA:84,6,0,1
BRDA:84,6,1,12
BRDA:85,7,0,6
BRDA:85,7,1,6
BRDA:87,8,0,5
BRDA:87,8,1,1
BRDA:92,9,0,4
BRDA:92,9,1,2
BRDA:96,10,0,3
BRDA:96,10,1,3
BRDA:100,11,0,5
BRDA:100,11,1,1
BRDA:104,12,0,0
BRDA:104,12,1,6
BRDA:104,13,0,6
BRDA:104,13,1,2
BRDA:110,14,0,2
BRDA:110,14,1,4
BRDA:113,15,0,1
BRDA:113,15,1,1
BRDA:116,16,0,5
BRDA:116,16,1,1
BRDA:121,17,0,6
BRDA:121,17,1,6
BRDA:122,18,0,1
BRDA:122,18,1,5
BRDA:123,19,0,1
BRDA:123,19,1,5
BRDA:124,20,0,1
BRDA:124,20,1,5
BRDA:146,21,0,1
BRDA:146,21,1,2
BRDA:148,22,0,1
BRDA:148,22,1,1
BRDA:172,23,0,1
BRDA:172,23,1,3
BRDA:174,24,0,1
BRDA:174,24,1,2
BRDA:175,25,0,1
BRDA:175,25,1,1
BRDA:197,26,0,1
BRDA:197,26,1,1
BRDA:198,27,0,1
BRDA:198,27,1,1
BRDA:199,28,0,1
BRDA:199,28,1,1
BRDA:200,29,0,1
BRDA:200,29,1,1
BRDA:201,30,0,1
BRDA:201,30,1,1
BRDA:218,31,0,1
BRDA:218,31,1,8
BRDA:220,32,0,1
BRDA:220,32,1,7
BRDA:223,33,0,0
BRDA:223,33,1,7
BRDA:224,34,0,4
BRDA:224,34,1,3
BRDA:226,35,0,0
BRDA:226,35,1,4
BRDA:233,36,0,1
BRDA:233,36,1,2
BRDA:233,37,0,3
BRDA:233,37,1,3
BRDA:236,38,0,0
BRDA:236,38,1,6
BRDA:255,39,0,1
BRDA:255,39,1,5
BRDA:257,40,0,1
BRDA:257,40,1,4
BRDA:259,41,0,1
BRDA:259,41,1,3
BRDA:260,42,0,0
BRDA:260,42,1,3
BRDA:262,43,0,1
BRDA:262,43,1,2
BRDA:262,44,0,3
BRDA:262,44,1,2
BRDA:263,45,0,0
BRDA:263,45,1,2
BRDA:280,46,0,1
BRDA:280,46,1,8
BRDA:283,47,0,3
BRDA:283,47,1,5
BRDA:283,48,0,8
BRDA:283,48,1,7
BRDA:284,49,0,0
BRDA:284,49,1,5
BRDA:318,50,0,1
BRDA:318,50,1,5
BRDA:320,51,0,1
BRDA:320,51,1,4
BRDA:323,52,0,3
BRDA:323,52,1,1
BRDA:328,53,0,1
BRDA:328,53,1,3
BRDA:346,54,0,1
BRDA:346,54,1,4
BRDA:348,55,0,1
BRDA:348,55,1,3
BRDA:349,56,0,0
BRDA:349,56,1,3
BRDA:350,57,0,2
BRDA:350,57,1,1
BRDA:354,58,0,1
BRDA:354,58,1,0
BRDA:375,59,0,1
BRDA:375,59,1,3
BRDA:377,60,0,1
BRDA:377,60,1,2
BRDA:378,61,0,0
BRDA:378,61,1,2
BRDA:379,62,0,1
BRDA:379,62,1,1
BRDA:383,63,0,0
BRDA:383,63,1,1
BRDA:405,64,0,1
BRDA:405,64,1,4
BRDA:408,65,0,1
BRDA:408,65,1,3
BRDA:408,66,0,4
BRDA:408,66,1,3
BRDA:409,67,0,0
BRDA:409,67,1,3
BRDA:410,68,0,0
BRDA:410,68,1,3
BRDA:411,69,0,2
BRDA:411,69,1,1
BRDA:432,70,0,1
BRDA:432,70,1,4
BRDA:435,71,0,2
BRDA:435,71,1,2
BRDA:435,72,0,4
BRDA:435,72,1,2
BRDA:436,73,0,0
BRDA:436,73,1,2
BRDA:437,74,0,1
BRDA:437,74,1,1
BRDA:438,75,0,0
BRDA:438,75,1,1
BRDA:439,76,0,0
BRDA:439,76,1,1
BRDA:441,77,0,1
BRDA:441,77,1,0
BRDA:447,78,0,1
BRDA:447,78,1,0
BRDA:466,79,0,1
BRDA:466,79,1,9
BRDA:469,80,0,2
BRDA:469,80,1,7
BRDA:469,81,0,9
BRDA:469,81,1,8
BRDA:470,82,0,0
BRDA:470,82,1,7
BRDA:471,83,0,4
BRDA:471,83,1,3
BRDA:473,84,0,3
BRDA:473,84,1,0
BRDA:494,85,0,2
BRDA:494,85,1,1
BRDA:502,86,0,2
BRDA:502,86,1,0
BRDA:512,87,0,2
BRDA:512,87,1,0
BRDA:553,88,0,1
BRDA:553,88,1,2
BRDA:555,89,0,1
BRDA:555,89,1,1
BRDA:573,90,0,1
BRDA:573,90,1,2
BRDA:575,91,0,1
BRDA:575,91,1,1
BRDA:592,92,0,1
BRDA:592,92,1,4
BRDA:594,93,0,1
BRDA:594,93,1,3
BRDA:596,94,0,2
BRDA:596,94,1,1
BRDA:597,95,0,0
BRDA:597,95,1,1
BRDA:601,96,0,1
BRDA:601,96,1,0
BRDA:603,97,0,0
BRDA:603,97,1,1
BRDA:671,98,0,1
BRDA:671,98,1,3
BRDA:673,99,0,1
BRDA:673,99,1,2
BRDA:675,100,0,1
BRDA:675,100,1,1
BRDA:677,101,0,1
BRDA:677,101,1,0
BRDA:697,102,0,1
BRDA:697,102,1,20
BRDA:700,103,0,1
BRDA:700,103,1,19
BRDA:703,104,0,0
BRDA:703,104,1,19
BRDA:705,105,0,0
BRDA:705,105,1,19
BRDA:719,106,0,0
BRDA:719,106,1,20
BRDA:720,107,0,0
BRDA:720,107,1,20
BRDA:742,108,0,1
BRDA:742,108,1,3
BRDA:743,109,0,1
BRDA:743,109,1,2
BRDA:746,110,0,1
BRDA:746,110,1,1
BRDA:747,111,0,1
BRDA:747,111,1,0
BRDA:747,112,0,1
BRDA:747,112,1,1
BRDA:750,113,0,0
BRDA:750,113,1,0
BRDA:754,114,0,0
BRDA:754,114,1,0
BRDA:756,115,0,0
BRDA:756,115,1,0
BRDA:769,116,0,0
BRDA:769,116,1,0
BRDA:790,117,0,0
BRDA:790,117,1,3
BRDA:792,118,0,0
BRDA:792,118,1,3
BRDA:798,119,0,0
BRDA:798,119,1,2
BRDA:800,120,0,1
BRDA:800,120,1,1
BRDA:803,121,0,0
BRDA:803,121,1,0
BRDA:809,122,0,0
BRDA:809,122,1,0
BRDA:834,123,0,1
BRDA:834,123,1,21
BRDA:836,124,0,1
BRDA:836,124,1,20
BRDA:837,125,0,2
BRDA:837,125,1,18
BRDA:841,126,0,0
BRDA:841,126,1,18
BRDA:858,127,0,1
BRDA:858,127,1,3
BRDA:860,128,0,1
BRDA:860,128,1,2
BRDA:861,129,0,1
BRDA:861,129,1,1
BRDA:883,130,0,1
BRDA:883,130,1,3
BRDA:885,131,0,1
BRDA:885,131,1,2
BRDA:887,132,0,1
BRDA:887,132,1,1
BRDA:911,133,0,1
BRDA:911,133,1,3
BRDA:934,134,0,1
BRDA:934,134,1,3
BRDA:936,135,0,1
BRDA:936,135,1,2
BRDA:957,136,0,1
BRDA:957,136,1,2
BRDA:959,137,0,1
BRDA:959,137,1,1
BRDA:960,138,0,1
BRDA:960,138,1,0
BRDA:961,139,0,0
BRDA:961,139,1,1
BRDA:962,140,0,0
BRDA:962,140,1,0
BRDA:965,141,0,0
BRDA:965,141,1,1
BRDA:968,142,0,0
BRDA:968,142,1,1
BRDA:986,143,0,1
BRDA:986,143,1,2
BRDA:988,144,0,1
BRDA:988,144,1,1
BRDA:1006,145,0,1
BRDA:1006,145,1,2
BRDA:1008,146,0,1
BRDA:1008,146,1,1
BRDA:1010,147,0,0
BRDA:1010,147,1,1
BRDA:1028,148,0,1
BRDA:1028,148,1,2
BRDA:1030,149,0,1
BRDA:1030,149,1,1
BRDA:1032,150,0,0
BRDA:1032,150,1,1
BRDA:1050,151,0,1
BRDA:1050,151,1,2
BRDA:1052,152,0,1
BRDA:1052,152,1,1
BRDA:1054,153,0,0
BRDA:1054,153,1,1
BRDA:1072,154,0,1
BRDA:1072,154,1,2
BRDA:1074,155,0,1
BRDA:1074,155,1,1
BRDA:1076,156,0,0
BRDA:1076,156,1,1
BRDA:1091,157,0,2
BRDA:1091,157,1,2
BRDA:1094,158,0,1
BRDA:1094,158,1,1
BRDA:1110,159,0,2
BRDA:1110,159,1,2
BRDA:1113,160,0,1
BRDA:1113,160,1,1
BRF:322
BRH:260
end_of_record
TN:
SF:db-handler.js
FN:9,(anonymous_0)
FN:27,(anonymous_1)
FN:36,(anonymous_2)
FNF:3
FNH:3
FNDA:11,(anonymous_0)
FNDA:11,(anonymous_1)
FNDA:11,(anonymous_2)
DA:1,11
DA:2,11
DA:3,11
DA:4,11
DA:9,11
DA:10,11
DA:12,11
DA:19,11
DA:20,11
DA:21,11
DA:27,11
DA:28,11
DA:29,11
DA:30,11
DA:36,11
DA:37,11
DA:39,11
DA:40,66
DA:41,66
LF:19
LH:19
BRF:0
BRH:0
end_of_record
TN:
SF:..\validation\mongoose-objectid.js
FN:2,checkMongooseID
FNF:1
FNH:1
FNDA:5797,checkMongooseID
DA:1,11
DA:3,5797
DA:4,6076
DA:5,6056
DA:7,5702
DA:10,11
LF:6
LH:6
BRDA:4,0,0,20
BRDA:4,0,1,6056
BRDA:5,1,0,95
BRDA:5,1,1,5961
BRF:4
BRH:4
end_of_record
