TN:
SF:source\album-api.js
FN:16,(anonymous_0)
FN:36,(anonymous_1)
FN:56,(anonymous_2)
FN:77,(anonymous_3)
FN:95,(anonymous_4)
FN:100,(anonymous_5)
FN:114,(anonymous_6)
FN:130,(anonymous_7)
FN:157,(anonymous_8)
FN:178,(anonymous_9)
FN:202,(anonymous_10)
FN:253,(anonymous_11)
FN:267,(anonymous_12)
FN:300,(anonymous_13)
FN:341,(anonymous_14)
FN:346,(anonymous_15)
FN:357,(anonymous_16)
FN:398,(anonymous_17)
FN:427,(anonymous_18)
FN:446,(anonymous_19)
FN:466,(anonymous_20)
FNF:21
FNH:21
FNDA:3,(anonymous_0)
FNDA:3,(anonymous_1)
FNDA:3,(anonymous_2)
FNDA:41,(anonymous_3)
FNDA:561,(anonymous_4)
FNDA:557,(anonymous_5)
FNDA:4,(anonymous_6)
FNDA:1,(anonymous_7)
FNDA:1,(anonymous_8)
FNDA:1,(anonymous_9)
FNDA:23,(anonymous_10)
FNDA:4,(anonymous_11)
FNDA:5,(anonymous_12)
FNDA:21,(anonymous_13)
FNDA:15,(anonymous_14)
FNDA:5,(anonymous_15)
FNDA:11,(anonymous_16)
FNDA:6,(anonymous_17)
FNDA:3,(anonymous_18)
FNDA:3,(anonymous_19)
FNDA:3,(anonymous_20)
DA:1,11
DA:5,11
DA:6,11
DA:7,11
DA:9,11
DA:17,3
DA:18,3
DA:19,2
DA:20,2
DA:21,2
DA:22,2
DA:23,1
DA:24,1
DA:26,1
DA:28,2
DA:37,3
DA:38,3
DA:39,2
DA:40,2
DA:41,2
DA:42,2
DA:43,1
DA:44,1
DA:47,1
DA:49,2
DA:57,3
DA:58,3
DA:59,2
DA:60,2
DA:61,2
DA:62,2
DA:63,2
DA:64,1
DA:65,1
DA:66,1
DA:68,2
DA:78,41
DA:79,40
DA:80,40
DA:81,39
DA:82,39
DA:85,39
DA:86,39
DA:88,1
DA:99,561
DA:100,557
DA:101,557
DA:102,557
DA:104,557
DA:115,4
DA:116,3
DA:117,3
DA:118,2
DA:119,2
DA:120,2
DA:121,1
DA:122,1
DA:123,3
DA:126,1
DA:129,1
DA:130,1
DA:131,1
DA:132,1
DA:133,3
DA:134,3
DA:136,3
DA:137,3
DA:138,0
DA:139,0
DA:141,3
DA:143,3
DA:144,0
DA:145,0
DA:147,3
DA:151,1
DA:159,1
DA:160,1
DA:161,1
DA:163,1
DA:164,0
DA:166,1
DA:167,3
DA:168,3
DA:171,1
DA:172,1
DA:180,1
DA:181,1
DA:182,1
DA:184,1
DA:185,0
DA:186,1
DA:187,3
DA:188,3
DA:189,3
DA:193,1
DA:194,1
DA:206,23
DA:207,19
DA:208,19
DA:209,19
DA:210,19
DA:211,3
DA:212,2
DA:213,2
DA:214,1
DA:216,1
DA:222,19
DA:223,18
DA:224,18
DA:225,18
DA:226,18
DA:227,18
DA:228,18
DA:229,18
DA:230,18
DA:232,18
DA:233,13
DA:235,5
DA:237,18
DA:239,1
DA:254,4
DA:255,3
DA:256,3
DA:257,5
DA:259,1
DA:272,5
DA:273,5
DA:274,4
DA:275,3
DA:276,2
DA:277,2
DA:278,1
DA:281,3
DA:282,1
DA:283,1
DA:284,1
DA:285,1
DA:286,1
DA:289,1
DA:291,2
DA:304,21
DA:305,20
DA:306,20
DA:307,20
DA:308,1
DA:310,19
DA:311,19
DA:312,32
DA:313,32
DA:314,32
DA:315,32
DA:316,32
DA:317,32
DA:318,32
DA:319,32
DA:320,7
DA:322,32
DA:323,32
DA:324,32
DA:328,19
DA:329,5
DA:331,14
DA:342,15
DA:343,14
DA:345,14
DA:346,13
DA:348,1
DA:361,11
DA:362,10
DA:363,9
DA:364,9
DA:365,8
DA:366,8
DA:367,5
DA:368,4
DA:369,0
DA:371,4
DA:375,4
DA:376,4
DA:377,0
DA:379,4
DA:380,4
DA:382,1
DA:384,3
DA:387,9
DA:388,5
DA:390,4
DA:402,6
DA:403,6
DA:404,5
DA:405,4
DA:406,3
DA:407,1
DA:408,1
DA:409,1
DA:412,2
DA:413,2
DA:417,2
DA:428,3
DA:429,3
DA:430,2
DA:431,1
DA:432,1
DA:433,1
DA:434,0
DA:436,1
DA:447,3
DA:448,3
DA:449,2
DA:450,2
DA:451,1
DA:452,1
DA:453,1
DA:455,1
DA:457,1
DA:467,3
DA:468,3
DA:469,2
DA:470,2
DA:471,1
DA:472,1
DA:473,1
DA:475,1
DA:477,1
DA:481,11
LF:225
LH:216
BRDA:18,0,0,1
BRDA:18,0,1,2
BRDA:19,1,0,0
BRDA:19,1,1,2
BRDA:24,2,0,1
BRDA:24,2,1,0
BRDA:24,3,0,1
BRDA:24,3,1,1
BRDA:38,4,0,1
BRDA:38,4,1,2
BRDA:39,5,0,0
BRDA:39,5,1,2
BRDA:44,6,0,1
BRDA:44,6,1,0
BRDA:44,7,0,1
BRDA:44,7,1,1
BRDA:44,7,2,1
BRDA:58,8,0,1
BRDA:58,8,1,2
BRDA:59,9,0,0
BRDA:59,9,1,2
BRDA:62,10,0,0
BRDA:62,10,1,2
BRDA:65,11,0,1
BRDA:65,11,1,0
BRDA:78,12,0,1
BRDA:78,12,1,40
BRDA:80,13,0,39
BRDA:80,13,1,1
BRDA:81,14,0,0
BRDA:81,14,1,39
BRDA:99,15,0,4
BRDA:99,15,1,557
BRDA:101,16,0,0
BRDA:101,16,1,557
BRDA:115,17,0,1
BRDA:115,17,1,3
BRDA:117,18,0,1
BRDA:117,18,1,2
BRDA:118,19,0,0
BRDA:118,19,1,2
BRDA:120,20,0,1
BRDA:120,20,1,1
BRDA:121,21,0,1
BRDA:121,21,1,0
BRDA:129,22,0,0
BRDA:129,22,1,1
BRDA:131,23,0,0
BRDA:131,23,1,1
BRDA:133,24,0,3
BRDA:133,24,1,0
BRDA:136,25,0,3
BRDA:136,25,1,0
BRDA:138,26,0,0
BRDA:138,26,1,0
BRDA:138,27,0,0
BRDA:138,27,1,0
BRDA:141,28,0,3
BRDA:141,28,1,0
BRDA:144,29,0,0
BRDA:144,29,1,0
BRDA:144,30,0,0
BRDA:144,30,1,0
BRDA:160,31,0,0
BRDA:160,31,1,1
BRDA:161,32,0,1
BRDA:161,32,1,0
BRDA:163,33,0,1
BRDA:163,33,1,0
BRDA:163,34,0,0
BRDA:163,34,1,1
BRDA:164,35,0,0
BRDA:164,35,1,0
BRDA:181,36,0,0
BRDA:181,36,1,1
BRDA:182,37,0,1
BRDA:182,37,1,0
BRDA:184,38,0,1
BRDA:184,38,1,0
BRDA:184,39,0,0
BRDA:184,39,1,1
BRDA:185,40,0,0
BRDA:185,40,1,0
BRDA:187,41,0,3
BRDA:187,41,1,0
BRDA:206,42,0,4
BRDA:206,42,1,19
BRDA:210,43,0,3
BRDA:210,43,1,16
BRDA:211,44,0,2
BRDA:211,44,1,1
BRDA:213,45,0,1
BRDA:213,45,1,1
BRDA:222,46,0,18
BRDA:222,46,1,1
BRDA:228,47,0,18
BRDA:228,47,1,0
BRDA:232,48,0,13
BRDA:232,48,1,5
BRDA:254,49,0,1
BRDA:254,49,1,3
BRDA:255,50,0,0
BRDA:255,50,1,3
BRDA:257,51,0,2
BRDA:257,51,1,3
BRDA:273,52,0,1
BRDA:273,52,1,4
BRDA:274,53,0,1
BRDA:274,53,1,3
BRDA:277,54,0,1
BRDA:277,54,1,1
BRDA:281,55,0,1
BRDA:281,55,1,2
BRDA:285,56,0,1
BRDA:285,56,1,0
BRDA:304,57,0,1
BRDA:304,57,1,20
BRDA:307,58,0,1
BRDA:307,58,1,19
BRDA:310,59,0,0
BRDA:310,59,1,19
BRDA:312,60,0,0
BRDA:312,60,1,32
BRDA:314,61,0,32
BRDA:314,61,1,0
BRDA:319,62,0,7
BRDA:319,62,1,25
BRDA:328,63,0,5
BRDA:328,63,1,14
BRDA:342,64,0,1
BRDA:342,64,1,14
BRDA:345,65,0,13
BRDA:345,65,1,1
BRDA:361,66,0,1
BRDA:361,66,1,10
BRDA:362,67,0,1
BRDA:362,67,1,9
BRDA:366,68,0,5
BRDA:366,68,1,3
BRDA:367,69,0,4
BRDA:367,69,1,1
BRDA:368,70,0,0
BRDA:368,70,1,4
BRDA:376,71,0,0
BRDA:376,71,1,4
BRDA:387,72,0,5
BRDA:387,72,1,4
BRDA:403,73,0,1
BRDA:403,73,1,5
BRDA:404,74,0,1
BRDA:404,74,1,4
BRDA:406,75,0,1
BRDA:406,75,1,2
BRDA:412,76,0,2
BRDA:412,76,1,0
BRDA:412,77,0,2
BRDA:412,77,1,2
BRDA:412,77,2,0
BRDA:430,78,0,1
BRDA:430,78,1,1
BRDA:430,79,0,2
BRDA:430,79,1,2
BRDA:430,79,2,2
BRDA:432,80,0,1
BRDA:432,80,1,0
BRDA:450,81,0,1
BRDA:450,81,1,1
BRDA:450,82,0,2
BRDA:450,82,1,2
BRDA:450,82,2,2
BRDA:452,83,0,1
BRDA:452,83,1,0
BRDA:452,84,0,1
BRDA:452,84,1,1
BRDA:470,85,0,1
BRDA:470,85,1,1
BRDA:470,86,0,2
BRDA:470,86,1,2
BRDA:470,86,2,2
BRDA:472,87,0,1
BRDA:472,87,1,0
BRDA:472,88,0,1
BRDA:472,88,1,1
BRF:183
BRH:133
end_of_record
TN:
SF:source\artist-api.js
FN:13,(anonymous_0)
FN:33,(anonymous_1)
FN:53,(anonymous_2)
FN:76,(anonymous_3)
FN:106,(anonymous_4)
FN:120,(anonymous_5)
FN:150,(anonymous_6)
FN:156,(anonymous_7)
FN:166,(anonymous_8)
FN:168,(anonymous_9)
FN:171,(anonymous_10)
FN:186,(anonymous_11)
FN:222,(anonymous_12)
FN:237,(anonymous_13)
FN:259,(anonymous_14)
FN:269,(anonymous_15)
FN:272,(anonymous_16)
FN:324,(anonymous_17)
FN:327,(anonymous_18)
FN:340,(anonymous_19)
FN:356,(anonymous_20)
FN:358,(anonymous_21)
FN:361,(anonymous_22)
FN:371,(anonymous_23)
FN:390,(anonymous_24)
FN:400,(anonymous_25)
FN:422,(anonymous_26)
FNF:27
FNH:23
FNDA:3,(anonymous_0)
FNDA:3,(anonymous_1)
FNDA:3,(anonymous_2)
FNDA:21,(anonymous_3)
FNDA:5,(anonymous_4)
FNDA:1,(anonymous_5)
FNDA:7,(anonymous_6)
FNDA:4,(anonymous_7)
FNDA:753,(anonymous_8)
FNDA:749,(anonymous_9)
FNDA:0,(anonymous_10)
FNDA:33,(anonymous_11)
FNDA:42,(anonymous_12)
FNDA:2,(anonymous_13)
FNDA:8,(anonymous_14)
FNDA:11,(anonymous_15)
FNDA:0,(anonymous_16)
FNDA:2,(anonymous_17)
FNDA:2,(anonymous_18)
FNDA:0,(anonymous_19)
FNDA:31,(anonymous_20)
FNDA:29,(anonymous_21)
FNDA:0,(anonymous_22)
FNDA:2,(anonymous_23)
FNDA:1,(anonymous_24)
FNDA:3,(anonymous_25)
FNDA:5,(anonymous_26)
DA:1,11
DA:2,11
DA:3,11
DA:4,11
DA:7,11
DA:14,3
DA:15,3
DA:16,2
DA:17,2
DA:18,2
DA:19,2
DA:20,2
DA:21,2
DA:23,2
DA:25,2
DA:34,3
DA:35,3
DA:36,2
DA:37,2
DA:38,2
DA:39,2
DA:40,2
DA:41,2
DA:44,2
DA:46,2
DA:54,3
DA:55,3
DA:56,2
DA:57,2
DA:58,2
DA:59,2
DA:60,2
DA:61,2
DA:62,2
DA:63,2
DA:65,2
DA:79,21
DA:80,20
DA:81,21
DA:95,21
DA:96,21
DA:107,5
DA:108,4
DA:109,4
DA:110,3
DA:111,3
DA:112,3
DA:113,3
DA:114,3
DA:122,1
DA:123,1
DA:124,1
DA:126,1
DA:127,0
DA:128,1
DA:130,4
DA:141,1
DA:142,1
DA:151,7
DA:152,6
DA:153,5
DA:154,5
DA:155,4
DA:156,4
DA:159,1
DA:167,753
DA:168,749
DA:169,749
DA:170,749
DA:171,0
DA:172,749
DA:187,33
DA:188,29
DA:189,28
DA:190,28
DA:191,28
DA:192,28
DA:208,28
DA:210,28
DA:213,28
DA:214,28
DA:223,42
DA:224,41
DA:225,41
DA:226,41
DA:229,41
DA:230,41
DA:238,2
DA:240,2
DA:241,2
DA:242,1
DA:244,2
DA:245,2
DA:246,2
DA:248,1
DA:261,8
DA:262,8
DA:263,8
DA:264,8
DA:265,8
DA:266,8
DA:268,8
DA:269,11
DA:270,11
DA:271,11
DA:272,0
DA:275,8
DA:276,3
DA:277,4
DA:278,4
DA:281,5
DA:282,1
DA:283,1
DA:284,1
DA:287,4
DA:288,2
DA:289,3
DA:290,3
DA:294,2
DA:295,3
DA:299,8
DA:300,8
DA:301,8
DA:302,3
DA:303,3
DA:306,8
DA:307,3
DA:308,2
DA:311,5
DA:312,5
DA:313,0
DA:316,8
DA:317,8
DA:325,2
DA:327,2
DA:328,2
DA:330,2
DA:331,2
DA:332,2
DA:333,2
DA:335,2
DA:336,8
DA:337,6
DA:338,6
DA:339,6
DA:340,1
DA:341,1
DA:342,1
DA:348,2
DA:349,2
DA:357,31
DA:358,29
DA:359,29
DA:360,29
DA:361,0
DA:362,29
DA:373,2
DA:374,1
DA:375,1
DA:376,1
DA:377,1
DA:378,1
DA:379,3
DA:380,3
DA:384,1
DA:385,3
DA:386,2
DA:390,1
DA:391,1
DA:392,1
DA:401,3
DA:402,2
DA:403,2
DA:404,2
DA:405,2
DA:406,2
DA:407,2
DA:408,5
DA:409,5
DA:411,2
DA:412,5
DA:414,2
DA:423,5
DA:424,4
DA:425,4
DA:426,4
DA:427,2
DA:429,2
DA:433,11
LF:189
LH:184
BRDA:15,0,0,1
BRDA:15,0,1,2
BRDA:16,1,0,0
BRDA:16,1,1,2
BRDA:21,2,0,2
BRDA:21,2,1,0
BRDA:21,3,0,2
BRDA:21,3,1,2
BRDA:35,4,0,1
BRDA:35,4,1,2
BRDA:36,5,0,0
BRDA:36,5,1,2
BRDA:41,6,0,2
BRDA:41,6,1,0
BRDA:41,7,0,2
BRDA:41,7,1,2
BRDA:41,7,2,2
BRDA:55,8,0,1
BRDA:55,8,1,2
BRDA:56,9,0,0
BRDA:56,9,1,2
BRDA:59,10,0,0
BRDA:59,10,1,2
BRDA:62,11,0,2
BRDA:62,11,1,0
BRDA:79,12,0,1
BRDA:79,12,1,20
BRDA:107,13,0,1
BRDA:107,13,1,4
BRDA:109,14,0,1
BRDA:109,14,1,3
BRDA:110,15,0,1
BRDA:110,15,1,2
BRDA:111,16,0,1
BRDA:111,16,1,2
BRDA:112,17,0,1
BRDA:112,17,1,2
BRDA:123,18,0,0
BRDA:123,18,1,1
BRDA:124,19,0,1
BRDA:124,19,1,0
BRDA:126,20,0,1
BRDA:126,20,1,0
BRDA:126,21,0,0
BRDA:126,21,1,1
BRDA:127,22,0,0
BRDA:127,22,1,0
BRDA:151,23,0,1
BRDA:151,23,1,6
BRDA:152,24,0,5
BRDA:152,24,1,1
BRDA:154,25,0,1
BRDA:154,25,1,4
BRDA:155,26,0,4
BRDA:155,26,1,0
BRDA:167,27,0,4
BRDA:167,27,1,749
BRDA:169,28,0,0
BRDA:169,28,1,749
BRDA:187,29,0,4
BRDA:187,29,1,29
BRDA:187,30,0,33
BRDA:187,30,1,29
BRDA:188,31,0,1
BRDA:188,31,1,28
BRDA:190,32,0,0
BRDA:190,32,1,28
BRDA:223,33,0,1
BRDA:223,33,1,41
BRDA:225,34,0,0
BRDA:225,34,1,41
BRDA:240,35,0,0
BRDA:240,35,1,2
BRDA:241,36,0,1
BRDA:241,36,1,1
BRDA:245,37,0,0
BRDA:245,37,1,2
BRDA:261,38,0,0
BRDA:261,38,1,8
BRDA:265,39,0,0
BRDA:265,39,1,8
BRDA:266,40,0,0
BRDA:266,40,1,8
BRDA:270,41,0,0
BRDA:270,41,1,11
BRDA:275,42,0,3
BRDA:275,42,1,5
BRDA:275,43,0,8
BRDA:275,43,1,5
BRDA:277,44,0,4
BRDA:277,44,1,0
BRDA:277,45,0,4
BRDA:277,45,1,4
BRDA:281,46,0,1
BRDA:281,46,1,4
BRDA:281,47,0,5
BRDA:281,47,1,3
BRDA:283,48,0,1
BRDA:283,48,1,0
BRDA:287,49,0,2
BRDA:287,49,1,2
BRDA:287,50,0,4
BRDA:287,50,1,2
BRDA:289,51,0,3
BRDA:289,51,1,0
BRDA:301,52,0,3
BRDA:301,52,1,5
BRDA:302,53,0,3
BRDA:302,53,1,0
BRDA:302,54,0,3
BRDA:302,54,1,3
BRDA:306,55,0,3
BRDA:306,55,1,5
BRDA:307,56,0,2
BRDA:307,56,1,1
BRDA:307,57,0,3
BRDA:307,57,1,3
BRDA:311,58,0,0
BRDA:311,58,1,5
BRDA:312,59,0,0
BRDA:312,59,1,5
BRDA:312,60,0,5
BRDA:312,60,1,5
BRDA:325,61,0,0
BRDA:325,61,1,2
BRDA:331,62,0,0
BRDA:331,62,1,2
BRDA:332,63,0,0
BRDA:332,63,1,2
BRDA:336,64,0,2
BRDA:336,64,1,6
BRDA:339,65,0,1
BRDA:339,65,1,5
BRDA:340,66,0,1
BRDA:340,66,1,0
BRDA:348,67,0,0
BRDA:348,67,1,2
BRDA:357,68,0,2
BRDA:357,68,1,29
BRDA:359,69,0,0
BRDA:359,69,1,29
BRDA:373,70,0,1
BRDA:373,70,1,1
BRDA:377,71,0,0
BRDA:377,71,1,1
BRDA:380,72,0,3
BRDA:380,72,1,0
BRDA:385,73,0,2
BRDA:385,73,1,1
BRDA:385,74,0,3
BRDA:385,74,1,3
BRDA:390,75,0,0
BRDA:390,75,1,1
BRDA:401,76,0,1
BRDA:401,76,1,2
BRDA:405,77,0,0
BRDA:405,77,1,2
BRDA:406,78,0,0
BRDA:406,78,1,2
BRDA:409,79,0,5
BRDA:409,79,1,0
BRDA:423,80,0,1
BRDA:423,80,1,4
BRDA:424,81,0,0
BRDA:424,81,1,4
BRDA:424,82,0,4
BRDA:424,82,1,4
BRDA:425,83,0,0
BRDA:425,83,1,4
BRDA:427,84,0,2
BRDA:427,84,1,0
BRF:171
BRH:127
end_of_record
TN:
SF:source\browse-api.js
FN:17,(anonymous_0)
FN:21,(anonymous_1)
FN:24,(anonymous_2)
FN:42,(anonymous_3)
FN:75,(anonymous_4)
FN:77,(anonymous_5)
FN:80,(anonymous_6)
FN:98,(anonymous_7)
FN:100,(anonymous_8)
FN:103,(anonymous_9)
FN:132,(anonymous_10)
FN:135,(anonymous_11)
FN:138,(anonymous_12)
FN:147,(anonymous_13)
FN:150,(anonymous_14)
FN:178,limitOffset
FNF:16
FNH:11
FNDA:81,(anonymous_0)
FNDA:80,(anonymous_1)
FNDA:0,(anonymous_2)
FNDA:9,(anonymous_3)
FNDA:1,(anonymous_4)
FNDA:1,(anonymous_5)
FNDA:0,(anonymous_6)
FNDA:3,(anonymous_7)
FNDA:3,(anonymous_8)
FNDA:0,(anonymous_9)
FNDA:8,(anonymous_10)
FNDA:7,(anonymous_11)
FNDA:0,(anonymous_12)
FNDA:32,(anonymous_13)
FNDA:0,(anonymous_14)
FNDA:7,limitOffset
DA:1,1
DA:5,1
DA:6,1
DA:7,1
DA:9,1
DA:18,81
DA:19,81
DA:21,80
DA:22,80
DA:23,80
DA:24,0
DA:25,80
DA:26,78
DA:27,53
DA:28,53
DA:30,78
DA:32,1
DA:43,9
DA:44,9
DA:45,8
DA:46,8
DA:47,7
DA:48,7
DA:49,24
DA:50,24
DA:51,24
DA:52,24
DA:53,24
DA:54,24
DA:55,24
DA:56,24
DA:57,24
DA:58,24
DA:60,24
DA:63,7
DA:65,1
DA:76,1
DA:77,1
DA:78,1
DA:79,1
DA:80,0
DA:81,1
DA:82,3
DA:83,2
DA:84,2
DA:87,1
DA:89,0
DA:99,3
DA:100,3
DA:101,3
DA:102,3
DA:103,0
DA:105,3
DA:106,2
DA:107,2
DA:108,2
DA:109,4
DA:110,2
DA:111,2
DA:112,6
DA:113,0
DA:114,6
DA:115,12
DA:116,6
DA:117,6
DA:118,2
DA:122,2
DA:124,0
DA:133,8
DA:134,8
DA:135,7
DA:136,7
DA:137,7
DA:138,0
DA:139,7
DA:140,7
DA:141,7
DA:142,7
DA:143,11
DA:144,77
DA:145,52
DA:146,32
DA:147,32
DA:148,32
DA:149,32
DA:150,0
DA:151,32
DA:152,30
DA:153,30
DA:154,30
DA:156,32
DA:158,11
DA:160,6
DA:161,11
DA:163,7
DA:165,1
DA:171,1
DA:179,7
DA:180,7
DA:181,7
DA:182,7
DA:183,3
DA:184,2
DA:187,7
DA:188,3
DA:189,2
DA:192,4
DA:193,4
DA:194,1
DA:197,7
DA:199,0
LF:111
LH:102
BRDA:19,0,0,1
BRDA:19,0,1,80
BRDA:22,1,0,0
BRDA:22,1,1,80
BRDA:25,2,0,2
BRDA:25,2,1,78
BRDA:26,3,0,53
BRDA:26,3,1,25
BRDA:44,4,0,1
BRDA:44,4,1,8
BRDA:46,5,0,1
BRDA:46,5,1,7
BRDA:50,6,0,24
BRDA:50,6,1,0
BRDA:56,7,0,24
BRDA:56,7,1,0
BRDA:78,8,0,0
BRDA:78,8,1,1
BRDA:82,9,0,2
BRDA:82,9,1,1
BRDA:101,10,0,0
BRDA:101,10,1,3
BRDA:105,11,0,1
BRDA:105,11,1,2
BRDA:109,12,0,2
BRDA:109,12,1,2
BRDA:109,13,0,2
BRDA:109,13,1,2
BRDA:112,14,0,0
BRDA:112,14,1,6
BRDA:112,15,0,0
BRDA:112,15,1,6
BRDA:115,16,0,6
BRDA:115,16,1,6
BRDA:117,17,0,2
BRDA:117,17,1,4
BRDA:134,18,0,1
BRDA:134,18,1,7
BRDA:136,19,0,0
BRDA:136,19,1,7
BRDA:139,20,0,0
BRDA:139,20,1,7
BRDA:144,21,0,25
BRDA:144,21,1,52
BRDA:145,22,0,20
BRDA:145,22,1,32
BRDA:146,23,0,0
BRDA:146,23,1,32
BRDA:148,24,0,0
BRDA:148,24,1,32
BRDA:151,25,0,30
BRDA:151,25,1,2
BRDA:151,26,0,32
BRDA:151,26,1,30
BRDA:151,26,2,30
BRDA:151,26,3,6
BRDA:153,27,0,30
BRDA:153,27,1,0
BRDA:156,28,0,0
BRDA:156,28,1,32
BRDA:158,29,0,6
BRDA:158,29,1,5
BRDA:182,30,0,3
BRDA:182,30,1,4
BRDA:183,31,0,2
BRDA:183,31,1,1
BRDA:183,32,0,3
BRDA:183,32,1,3
BRDA:187,33,0,3
BRDA:187,33,1,4
BRDA:188,34,0,2
BRDA:188,34,1,1
BRDA:188,35,0,3
BRDA:188,35,1,3
BRDA:192,36,0,3
BRDA:192,36,1,1
BRDA:193,37,0,1
BRDA:193,37,1,3
BRDA:193,38,0,4
BRDA:193,38,1,4
BRF:80
BRH:67
end_of_record
TN:
SF:source\image-api.js
FN:14,(anonymous_0)
FN:52,(anonymous_1)
FN:72,(anonymous_2)
FN:75,(anonymous_3)
FN:78,(anonymous_4)
FN:90,(anonymous_5)
FN:109,(anonymous_6)
FN:128,(anonymous_7)
FN:136,(anonymous_8)
FN:153,(anonymous_9)
FN:254,(anonymous_10)
FN:355,(anonymous_11)
FN:435,(anonymous_12)
FN:462,(anonymous_13)
FN:498,(anonymous_14)
FN:531,(anonymous_15)
FN:564,(anonymous_16)
FN:593,(anonymous_17)
FN:624,(anonymous_18)
FN:649,(anonymous_19)
FN:668,(anonymous_20)
FN:704,(anonymous_21)
FN:738,(anonymous_22)
FN:773,(anonymous_23)
FN:801,(anonymous_24)
FNF:25
FNH:24
FNDA:13,(anonymous_0)
FNDA:16,(anonymous_1)
FNDA:48,(anonymous_2)
FNDA:48,(anonymous_3)
FNDA:0,(anonymous_4)
FNDA:12,(anonymous_5)
FNDA:13,(anonymous_6)
FNDA:9,(anonymous_7)
FNDA:9,(anonymous_8)
FNDA:19,(anonymous_9)
FNDA:24,(anonymous_10)
FNDA:52,(anonymous_11)
FNDA:25,(anonymous_12)
FNDA:1,(anonymous_13)
FNDA:1,(anonymous_14)
FNDA:1,(anonymous_15)
FNDA:1,(anonymous_16)
FNDA:1,(anonymous_17)
FNDA:11,(anonymous_18)
FNDA:39,(anonymous_19)
FNDA:2,(anonymous_20)
FNDA:2,(anonymous_21)
FNDA:2,(anonymous_22)
FNDA:2,(anonymous_23)
FNDA:2,(anonymous_24)
DA:1,11
DA:3,11
DA:4,11
DA:6,11
DA:15,13
DA:16,13
DA:17,13
DA:20,13
DA:21,13
DA:22,13
DA:23,13
DA:24,13
DA:25,13
DA:26,13
DA:27,13
DA:28,13
DA:31,13
DA:33,13
DA:34,13
DA:35,4
DA:36,0
DA:37,0
DA:41,4
DA:43,0
DA:53,16
DA:54,16
DA:56,16
DA:58,16
DA:60,16
DA:61,12
DA:62,12
DA:64,0
DA:73,48
DA:74,48
DA:75,48
DA:76,48
DA:77,48
DA:78,0
DA:79,48
DA:81,0
DA:91,12
DA:92,12
DA:93,12
DA:94,12
DA:95,10
DA:97,3
DA:99,0
DA:110,13
DA:111,13
DA:112,13
DA:114,13
DA:115,13
DA:116,9
DA:117,9
DA:119,0
DA:129,9
DA:130,9
DA:131,9
DA:132,9
DA:133,9
DA:134,9
DA:135,9
DA:136,9
DA:139,0
DA:141,0
DA:154,19
DA:155,19
DA:156,18
DA:157,17
DA:158,17
DA:160,16
DA:163,2
DA:165,1
DA:166,1
DA:168,1
DA:170,1
DA:175,3
DA:177,3
DA:179,2
DA:181,2
DA:183,1
DA:184,1
DA:185,1
DA:186,1
DA:192,3
DA:193,3
DA:195,2
DA:196,2
DA:199,1
DA:200,1
DA:201,1
DA:202,1
DA:209,3
DA:210,3
DA:212,2
DA:213,2
DA:215,1
DA:216,1
DA:217,1
DA:218,1
DA:223,3
DA:224,3
DA:225,2
DA:226,1
DA:227,1
DA:228,1
DA:229,1
DA:233,1
DA:236,1
DA:241,1
DA:255,24
DA:256,24
DA:257,23
DA:258,22
DA:259,22
DA:261,21
DA:264,3
DA:267,2
DA:268,2
DA:269,2
DA:272,2
DA:274,2
DA:279,4
DA:281,4
DA:283,3
DA:285,3
DA:287,2
DA:288,2
DA:289,2
DA:291,2
DA:292,2
DA:299,4
DA:300,4
DA:302,3
DA:303,3
DA:305,2
DA:306,2
DA:307,2
DA:309,2
DA:310,2
DA:317,4
DA:318,4
DA:320,3
DA:321,3
DA:323,2
DA:324,2
DA:325,2
DA:326,2
DA:327,2
DA:332,4
DA:333,4
DA:334,3
DA:336,2
DA:337,2
DA:338,2
DA:339,2
DA:340,2
DA:344,1
DA:347,1
DA:351,1
DA:356,52
DA:357,52
DA:358,51
DA:362,50
DA:365,28
DA:367,28
DA:368,27
DA:369,27
DA:371,3
DA:376,4
DA:378,4
DA:379,3
DA:380,3
DA:381,3
DA:389,4
DA:390,4
DA:391,3
DA:392,3
DA:393,3
DA:400,4
DA:401,4
DA:402,3
DA:403,3
DA:404,3
DA:409,8
DA:410,8
DA:411,7
DA:412,7
DA:413,4
DA:417,1
DA:420,1
DA:424,1
DA:436,25
DA:439,25
DA:440,24
DA:441,23
DA:442,23
DA:444,22
DA:447,3
DA:450,2
DA:452,2
DA:455,1
DA:457,1
DA:459,1
DA:460,1
DA:461,1
DA:462,1
DA:463,1
DA:464,1
DA:466,1
DA:467,1
DA:474,1
DA:479,4
DA:481,4
DA:483,3
DA:485,3
DA:488,2
DA:489,2
DA:491,1
DA:493,1
DA:495,1
DA:496,1
DA:497,1
DA:498,1
DA:499,1
DA:500,1
DA:502,1
DA:503,1
DA:507,1
DA:514,4
DA:515,4
DA:517,3
DA:518,3
DA:521,2
DA:522,2
DA:524,1
DA:526,1
DA:528,1
DA:529,1
DA:530,1
DA:531,1
DA:532,1
DA:533,1
DA:535,1
DA:536,1
DA:540,1
DA:547,4
DA:548,4
DA:550,3
DA:551,3
DA:554,2
DA:555,2
DA:557,1
DA:559,1
DA:561,1
DA:562,1
DA:563,1
DA:564,1
DA:565,1
DA:566,1
DA:568,1
DA:569,1
DA:573,1
DA:578,5
DA:579,5
DA:580,4
DA:582,3
DA:584,3
DA:586,1
DA:588,1
DA:590,1
DA:591,1
DA:592,1
DA:593,1
DA:594,1
DA:595,1
DA:597,1
DA:598,1
DA:602,1
DA:606,1
DA:609,1
DA:613,1
DA:625,11
DA:626,11
DA:628,11
DA:630,6
DA:632,5
DA:634,5
DA:637,6
DA:639,0
DA:650,39
DA:653,39
DA:654,38
DA:655,37
DA:656,37
DA:658,36
DA:661,6
DA:662,5
DA:664,5
DA:665,2
DA:666,2
DA:667,2
DA:668,2
DA:669,2
DA:671,2
DA:673,2
DA:674,2
DA:681,5
DA:683,5
DA:685,5
DA:690,6
DA:692,6
DA:694,5
DA:696,5
DA:698,4
DA:700,4
DA:701,2
DA:702,2
DA:703,2
DA:704,2
DA:705,2
DA:707,2
DA:709,2
DA:710,2
DA:716,4
DA:718,4
DA:719,4
DA:726,9
DA:727,9
DA:729,8
DA:730,8
DA:732,4
DA:734,4
DA:735,2
DA:736,2
DA:737,2
DA:738,2
DA:739,2
DA:741,2
DA:743,2
DA:744,2
DA:750,4
DA:752,4
DA:753,4
DA:761,6
DA:762,6
DA:764,5
DA:765,5
DA:767,4
DA:769,4
DA:770,2
DA:771,2
DA:772,2
DA:773,2
DA:774,2
DA:775,2
DA:777,2
DA:778,2
DA:784,4
DA:786,4
DA:787,4
DA:792,7
DA:793,7
DA:794,6
DA:795,5
DA:797,5
DA:798,2
DA:799,2
DA:800,2
DA:801,2
DA:802,2
DA:803,2
DA:805,2
DA:806,2
DA:812,5
DA:814,5
DA:815,5
DA:819,1
DA:822,1
DA:825,1
DA:832,11
LF:381
LH:370
BRDA:17,0,0,0
BRDA:17,0,1,13
BRDA:22,1,0,0
BRDA:22,1,1,13
BRDA:24,2,0,13
BRDA:24,2,1,0
BRDA:31,3,0,13
BRDA:31,3,1,0
BRDA:33,4,0,0
BRDA:33,4,1,13
BRDA:34,5,0,9
BRDA:34,5,1,4
BRDA:36,6,0,0
BRDA:36,6,1,0
BRDA:56,7,0,0
BRDA:56,7,1,16
BRDA:60,8,0,4
BRDA:60,8,1,12
BRDA:74,9,0,0
BRDA:74,9,1,48
BRDA:76,10,0,0
BRDA:76,10,1,48
BRDA:92,11,0,0
BRDA:92,11,1,12
BRDA:92,12,0,12
BRDA:92,12,1,12
BRDA:93,13,0,0
BRDA:93,13,1,12
BRDA:95,14,0,9
BRDA:95,14,1,1
BRDA:112,15,0,0
BRDA:112,15,1,13
BRDA:115,16,0,4
BRDA:115,16,1,9
BRDA:130,17,0,0
BRDA:130,17,1,9
BRDA:132,18,0,9
BRDA:132,18,1,0
BRDA:134,19,0,0
BRDA:134,19,1,9
BRDA:135,20,0,9
BRDA:135,20,1,0
BRDA:155,21,0,1
BRDA:155,21,1,18
BRDA:156,22,0,1
BRDA:156,22,1,17
BRDA:156,23,0,18
BRDA:156,23,1,17
BRDA:158,24,0,1
BRDA:158,24,1,16
BRDA:160,25,0,2
BRDA:160,25,1,3
BRDA:160,25,2,3
BRDA:160,25,3,3
BRDA:160,25,4,3
BRDA:160,25,5,1
BRDA:160,25,6,1
BRDA:163,26,0,1
BRDA:163,26,1,1
BRDA:165,27,0,0
BRDA:165,27,1,1
BRDA:177,28,0,1
BRDA:177,28,1,2
BRDA:181,29,0,1
BRDA:181,29,1,1
BRDA:183,30,0,0
BRDA:183,30,1,1
BRDA:193,31,0,1
BRDA:193,31,1,2
BRDA:196,32,0,1
BRDA:196,32,1,1
BRDA:199,33,0,0
BRDA:199,33,1,1
BRDA:210,34,0,1
BRDA:210,34,1,2
BRDA:213,35,0,1
BRDA:213,35,1,1
BRDA:215,36,0,0
BRDA:215,36,1,1
BRDA:224,37,0,1
BRDA:224,37,1,2
BRDA:225,38,0,1
BRDA:225,38,1,1
BRDA:226,39,0,0
BRDA:226,39,1,1
BRDA:256,40,0,1
BRDA:256,40,1,23
BRDA:257,41,0,1
BRDA:257,41,1,22
BRDA:257,42,0,23
BRDA:257,42,1,22
BRDA:259,43,0,1
BRDA:259,43,1,21
BRDA:261,44,0,3
BRDA:261,44,1,4
BRDA:261,44,2,4
BRDA:261,44,3,4
BRDA:261,44,4,4
BRDA:261,44,5,1
BRDA:261,44,6,1
BRDA:264,45,0,1
BRDA:264,45,1,2
BRDA:281,46,0,1
BRDA:281,46,1,3
BRDA:285,47,0,1
BRDA:285,47,1,2
BRDA:300,48,0,1
BRDA:300,48,1,3
BRDA:303,49,0,1
BRDA:303,49,1,2
BRDA:318,50,0,1
BRDA:318,50,1,3
BRDA:321,51,0,1
BRDA:321,51,1,2
BRDA:333,52,0,1
BRDA:333,52,1,3
BRDA:334,53,0,1
BRDA:334,53,1,2
BRDA:357,54,0,1
BRDA:357,54,1,51
BRDA:358,55,0,1
BRDA:358,55,1,50
BRDA:362,56,0,28
BRDA:362,56,1,4
BRDA:362,56,2,4
BRDA:362,56,3,4
BRDA:362,56,4,8
BRDA:362,56,5,1
BRDA:362,56,6,1
BRDA:367,57,0,1
BRDA:367,57,1,27
BRDA:368,58,0,0
BRDA:368,58,1,27
BRDA:369,59,0,24
BRDA:369,59,1,3
BRDA:378,60,0,1
BRDA:378,60,1,3
BRDA:379,61,0,0
BRDA:379,61,1,3
BRDA:380,62,0,0
BRDA:380,62,1,3
BRDA:390,63,0,1
BRDA:390,63,1,3
BRDA:391,64,0,0
BRDA:391,64,1,3
BRDA:392,65,0,0
BRDA:392,65,1,3
BRDA:401,66,0,1
BRDA:401,66,1,3
BRDA:402,67,0,0
BRDA:402,67,1,3
BRDA:403,68,0,0
BRDA:403,68,1,3
BRDA:410,69,0,1
BRDA:410,69,1,7
BRDA:411,70,0,0
BRDA:411,70,1,7
BRDA:412,71,0,3
BRDA:412,71,1,4
BRDA:439,72,0,1
BRDA:439,72,1,24
BRDA:440,73,0,1
BRDA:440,73,1,23
BRDA:440,74,0,24
BRDA:440,74,1,23
BRDA:442,75,0,1
BRDA:442,75,1,22
BRDA:444,76,0,3
BRDA:444,76,1,4
BRDA:444,76,2,4
BRDA:444,76,3,4
BRDA:444,76,4,5
BRDA:444,76,5,1
BRDA:444,76,6,1
BRDA:447,77,0,1
BRDA:447,77,1,2
BRDA:452,78,0,1
BRDA:452,78,1,1
BRDA:460,79,0,1
BRDA:460,79,1,0
BRDA:461,80,0,0
BRDA:461,80,1,1
BRDA:463,81,0,1
BRDA:463,81,1,0
BRDA:481,82,0,1
BRDA:481,82,1,3
BRDA:485,83,0,1
BRDA:485,83,1,2
BRDA:489,84,0,1
BRDA:489,84,1,1
BRDA:496,85,0,1
BRDA:496,85,1,0
BRDA:497,86,0,0
BRDA:497,86,1,1
BRDA:499,87,0,1
BRDA:499,87,1,0
BRDA:515,88,0,1
BRDA:515,88,1,3
BRDA:518,89,0,1
BRDA:518,89,1,2
BRDA:522,90,0,1
BRDA:522,90,1,1
BRDA:529,91,0,1
BRDA:529,91,1,0
BRDA:530,92,0,0
BRDA:530,92,1,1
BRDA:532,93,0,1
BRDA:532,93,1,0
BRDA:548,94,0,1
BRDA:548,94,1,3
BRDA:551,95,0,1
BRDA:551,95,1,2
BRDA:555,96,0,1
BRDA:555,96,1,1
BRDA:562,97,0,1
BRDA:562,97,1,0
BRDA:563,98,0,0
BRDA:563,98,1,1
BRDA:565,99,0,1
BRDA:565,99,1,0
BRDA:579,100,0,1
BRDA:579,100,1,4
BRDA:580,101,0,1
BRDA:580,101,1,3
BRDA:584,102,0,2
BRDA:584,102,1,1
BRDA:591,103,0,1
BRDA:591,103,1,0
BRDA:592,104,0,0
BRDA:592,104,1,1
BRDA:594,105,0,1
BRDA:594,105,1,0
BRDA:626,106,0,0
BRDA:626,106,1,11
BRDA:630,107,0,5
BRDA:630,107,1,1
BRDA:653,108,0,1
BRDA:653,108,1,38
BRDA:654,109,0,1
BRDA:654,109,1,37
BRDA:656,110,0,1
BRDA:656,110,1,36
BRDA:658,111,0,6
BRDA:658,111,1,6
BRDA:658,111,2,9
BRDA:658,111,3,6
BRDA:658,111,4,7
BRDA:658,111,5,1
BRDA:658,111,6,1
BRDA:661,112,0,1
BRDA:661,112,1,5
BRDA:662,113,0,0
BRDA:662,113,1,5
BRDA:666,114,0,2
BRDA:666,114,1,0
BRDA:667,115,0,0
BRDA:667,115,1,2
BRDA:669,116,0,2
BRDA:669,116,1,0
BRDA:692,117,0,1
BRDA:692,117,1,5
BRDA:696,118,0,1
BRDA:696,118,1,4
BRDA:698,119,0,0
BRDA:698,119,1,4
BRDA:702,120,0,2
BRDA:702,120,1,0
BRDA:703,121,0,0
BRDA:703,121,1,2
BRDA:705,122,0,2
BRDA:705,122,1,0
BRDA:727,123,0,1
BRDA:727,123,1,8
BRDA:730,124,0,4
BRDA:730,124,1,4
BRDA:732,125,0,0
BRDA:732,125,1,4
BRDA:736,126,0,2
BRDA:736,126,1,0
BRDA:737,127,0,0
BRDA:737,127,1,2
BRDA:739,128,0,2
BRDA:739,128,1,0
BRDA:762,129,0,1
BRDA:762,129,1,5
BRDA:765,130,0,1
BRDA:765,130,1,4
BRDA:767,131,0,0
BRDA:767,131,1,4
BRDA:771,132,0,2
BRDA:771,132,1,0
BRDA:772,133,0,0
BRDA:772,133,1,2
BRDA:774,134,0,2
BRDA:774,134,1,0
BRDA:793,135,0,1
BRDA:793,135,1,6
BRDA:794,136,0,1
BRDA:794,136,1,5
BRDA:795,137,0,0
BRDA:795,137,1,5
BRDA:799,138,0,2
BRDA:799,138,1,0
BRDA:800,139,0,0
BRDA:800,139,1,2
BRDA:802,140,0,2
BRDA:802,140,1,0
BRF:307
BRH:241
end_of_record
TN:
SF:source\library-api.js
FN:15,(anonymous_0)
FN:22,(anonymous_1)
FN:25,(anonymous_2)
FN:58,(anonymous_3)
FN:62,(anonymous_4)
FN:65,(anonymous_5)
FN:86,(anonymous_6)
FN:138,(anonymous_7)
FNF:8
FNH:6
FNDA:5,(anonymous_0)
FNDA:3,(anonymous_1)
FNDA:0,(anonymous_2)
FNDA:5,(anonymous_3)
FNDA:3,(anonymous_4)
FNDA:0,(anonymous_5)
FNDA:8,(anonymous_6)
FNDA:10,(anonymous_7)
DA:1,1
DA:3,1
DA:4,1
DA:5,1
DA:6,1
DA:8,1
DA:16,5
DA:18,5
DA:19,4
DA:20,3
DA:21,3
DA:22,3
DA:23,3
DA:24,3
DA:25,0
DA:26,3
DA:28,2
DA:29,2
DA:30,2
DA:32,2
DA:35,2
DA:37,1
DA:38,1
DA:42,2
DA:43,1
DA:47,2
DA:49,1
DA:59,5
DA:60,5
DA:61,4
DA:62,3
DA:63,3
DA:64,3
DA:65,0
DA:66,3
DA:67,2
DA:68,2
DA:69,2
DA:72,2
DA:74,1
DA:76,1
DA:87,8
DA:88,8
DA:89,6
DA:90,6
DA:91,6
DA:92,5
DA:93,5
DA:94,4
DA:95,7
DA:96,7
DA:99,4
DA:100,4
DA:101,4
DA:102,2
DA:103,1
DA:106,4
DA:107,2
DA:108,1
DA:111,2
DA:112,2
DA:113,0
DA:116,4
DA:117,4
DA:118,4
DA:119,5
DA:120,5
DA:121,5
DA:125,4
DA:127,2
DA:139,10
DA:140,10
DA:141,9
DA:142,9
DA:143,8
DA:144,6
DA:146,6
DA:147,5
DA:148,5
DA:149,5
DA:150,5
DA:151,2
DA:152,1
DA:155,5
DA:156,2
DA:157,1
DA:160,3
DA:161,3
DA:162,1
DA:165,5
DA:166,5
DA:167,5
DA:168,11
DA:169,11
DA:170,11
DA:171,11
DA:172,11
DA:173,11
DA:174,11
DA:176,11
DA:177,11
DA:178,11
DA:179,11
DA:180,11
DA:181,11
DA:183,11
DA:184,11
DA:185,11
DA:186,11
DA:187,11
DA:189,5
DA:191,1
DA:197,1
LF:113
LH:110
BRDA:18,0,0,1
BRDA:18,0,1,4
BRDA:19,1,0,1
BRDA:19,1,1,3
BRDA:23,2,0,0
BRDA:23,2,1,3
BRDA:26,3,0,1
BRDA:26,3,1,2
BRDA:28,4,0,0
BRDA:28,4,1,2
BRDA:35,5,0,1
BRDA:35,5,1,1
BRDA:42,6,0,1
BRDA:42,6,1,1
BRDA:60,7,0,1
BRDA:60,7,1,4
BRDA:61,8,0,1
BRDA:61,8,1,3
BRDA:63,9,0,0
BRDA:63,9,1,3
BRDA:66,10,0,1
BRDA:66,10,1,2
BRDA:72,11,0,1
BRDA:72,11,1,1
BRDA:88,12,0,2
BRDA:88,12,1,6
BRDA:91,13,0,1
BRDA:91,13,1,5
BRDA:92,14,0,0
BRDA:92,14,1,5
BRDA:93,15,0,1
BRDA:93,15,1,4
BRDA:96,16,0,6
BRDA:96,16,1,1
BRDA:100,17,0,0
BRDA:100,17,1,4
BRDA:101,18,0,2
BRDA:101,18,1,2
BRDA:102,19,0,1
BRDA:102,19,1,1
BRDA:102,20,0,2
BRDA:102,20,1,2
BRDA:106,21,0,2
BRDA:106,21,1,2
BRDA:107,22,0,1
BRDA:107,22,1,1
BRDA:107,23,0,2
BRDA:107,23,1,2
BRDA:111,24,0,2
BRDA:111,24,1,0
BRDA:112,25,0,0
BRDA:112,25,1,2
BRDA:112,26,0,2
BRDA:112,26,1,2
BRDA:120,27,0,5
BRDA:120,27,1,0
BRDA:140,28,0,1
BRDA:140,28,1,9
BRDA:142,29,0,1
BRDA:142,29,1,8
BRDA:143,30,0,2
BRDA:143,30,1,6
BRDA:146,31,0,1
BRDA:146,31,1,5
BRDA:146,32,0,6
BRDA:146,32,1,5
BRDA:149,33,0,0
BRDA:149,33,1,5
BRDA:150,34,0,2
BRDA:150,34,1,3
BRDA:151,35,0,1
BRDA:151,35,1,1
BRDA:151,36,0,2
BRDA:151,36,1,2
BRDA:155,37,0,2
BRDA:155,37,1,3
BRDA:156,38,0,1
BRDA:156,38,1,1
BRDA:156,39,0,2
BRDA:156,39,1,2
BRDA:160,40,0,3
BRDA:160,40,1,0
BRDA:161,41,0,1
BRDA:161,41,1,2
BRDA:161,42,0,3
BRDA:161,42,1,3
BRDA:170,43,0,11
BRDA:170,43,1,0
BRDA:177,44,0,11
BRDA:177,44,1,0
BRF:90
BRH:78
end_of_record
TN:
SF:source\notification-api.js
FN:22,(anonymous_0)
FN:26,(anonymous_1)
FN:28,(anonymous_2)
FN:42,(anonymous_3)
FN:94,(anonymous_4)
FN:117,(anonymous_5)
FN:120,(anonymous_6)
FN:125,(anonymous_7)
FN:180,(anonymous_8)
FN:235,(anonymous_9)
FN:286,(anonymous_10)
FNF:11
FNH:5
FNDA:4,(anonymous_0)
FNDA:0,(anonymous_1)
FNDA:0,(anonymous_2)
FNDA:2,(anonymous_3)
FNDA:0,(anonymous_4)
FNDA:0,(anonymous_5)
FNDA:0,(anonymous_6)
FNDA:2,(anonymous_7)
FNDA:2,(anonymous_8)
FNDA:2,(anonymous_9)
FNDA:0,(anonymous_10)
DA:1,1
DA:2,1
DA:3,1
DA:4,1
DA:20,1
DA:24,4
DA:25,4
DA:27,0
DA:28,0
DA:29,0
DA:30,0
DA:35,0
DA:39,4
DA:43,2
DA:45,0
DA:46,0
DA:49,2
DA:51,2
DA:53,2
DA:63,2
DA:66,1
DA:71,1
DA:72,1
DA:75,0
DA:77,1
DA:78,1
DA:81,2
DA:82,1
DA:83,1
DA:84,1
DA:85,1
DA:87,1
DA:88,1
DA:89,1
DA:90,1
DA:95,0
DA:96,0
DA:97,0
DA:104,0
DA:105,0
DA:108,0
DA:109,0
DA:111,0
DA:112,0
DA:113,0
DA:118,0
DA:119,0
DA:121,0
DA:127,2
DA:129,2
DA:130,2
DA:132,2
DA:140,2
DA:141,6
DA:142,2
DA:143,2
DA:144,0
DA:145,2
DA:146,1
DA:149,1
DA:150,1
DA:151,1
DA:153,2
DA:154,2
DA:155,2
DA:159,2
DA:162,1
DA:167,1
DA:168,1
DA:171,0
DA:173,1
DA:174,1
DA:177,2
DA:182,2
DA:184,2
DA:185,2
DA:187,2
DA:195,2
DA:196,6
DA:197,2
DA:198,2
DA:199,0
DA:200,2
DA:201,1
DA:204,1
DA:205,1
DA:206,1
DA:208,2
DA:209,2
DA:210,2
DA:214,2
DA:217,1
DA:222,1
DA:223,1
DA:226,0
DA:228,1
DA:229,1
DA:232,2
DA:236,2
DA:238,0
DA:239,0
DA:242,2
DA:244,2
DA:246,2
DA:256,2
DA:259,1
DA:264,1
DA:265,1
DA:268,0
DA:270,1
DA:271,1
DA:274,2
DA:275,1
DA:276,1
DA:277,1
DA:278,1
DA:280,1
DA:281,1
DA:282,1
DA:283,1
DA:287,0
DA:289,0
DA:290,0
DA:293,0
DA:295,0
DA:297,0
DA:307,0
DA:310,0
DA:315,0
DA:316,0
DA:319,0
DA:321,0
DA:322,0
DA:325,0
DA:326,0
DA:327,0
DA:328,0
DA:329,0
DA:331,0
DA:332,0
DA:333,0
DA:334,0
DA:339,1
LF:143
LH:93
BRDA:27,0,0,0
BRDA:27,0,1,0
BRDA:29,1,0,0
BRDA:29,1,1,0
BRDA:43,2,0,0
BRDA:43,2,1,2
BRDA:63,3,0,1
BRDA:63,3,1,1
BRDA:81,4,0,1
BRDA:81,4,1,1
BRDA:81,5,0,2
BRDA:81,5,1,1
BRDA:82,6,0,0
BRDA:82,6,1,1
BRDA:87,7,0,0
BRDA:87,7,1,1
BRDA:130,8,0,0
BRDA:130,8,1,2
BRDA:142,9,0,2
BRDA:142,9,1,0
BRDA:143,10,0,0
BRDA:143,10,1,2
BRDA:145,11,0,1
BRDA:145,11,1,1
BRDA:149,12,0,0
BRDA:149,12,1,1
BRDA:153,13,0,0
BRDA:153,13,1,2
BRDA:159,14,0,1
BRDA:159,14,1,1
BRDA:185,15,0,0
BRDA:185,15,1,2
BRDA:197,16,0,2
BRDA:197,16,1,0
BRDA:198,17,0,0
BRDA:198,17,1,2
BRDA:200,18,0,1
BRDA:200,18,1,1
BRDA:204,19,0,0
BRDA:204,19,1,1
BRDA:208,20,0,0
BRDA:208,20,1,2
BRDA:214,21,0,1
BRDA:214,21,1,1
BRDA:236,22,0,0
BRDA:236,22,1,2
BRDA:256,23,0,1
BRDA:256,23,1,1
BRDA:274,24,0,1
BRDA:274,24,1,1
BRDA:274,25,0,2
BRDA:274,25,1,1
BRDA:275,26,0,0
BRDA:275,26,1,1
BRDA:280,27,0,0
BRDA:280,27,1,1
BRDA:287,28,0,0
BRDA:287,28,1,0
BRDA:307,29,0,0
BRDA:307,29,1,0
BRDA:325,30,0,0
BRDA:325,30,1,0
BRDA:325,31,0,0
BRDA:325,31,1,0
BRDA:326,32,0,0
BRDA:326,32,1,0
BRDA:331,33,0,0
BRDA:331,33,1,0
BRF:68
BRH:36
end_of_record
TN:
SF:source\player-api.js
FN:21,(anonymous_0)
FN:57,(anonymous_1)
FN:128,(anonymous_2)
FN:147,(anonymous_3)
FN:181,(anonymous_4)
FN:205,(anonymous_5)
FN:255,(anonymous_6)
FN:315,(anonymous_7)
FN:341,(anonymous_8)
FN:364,(anonymous_9)
FN:442,(anonymous_10)
FN:477,(anonymous_11)
FN:502,(anonymous_12)
FN:554,(anonymous_13)
FN:572,(anonymous_14)
FN:591,(anonymous_15)
FN:606,(anonymous_16)
FN:633,(anonymous_17)
FN:702,(anonymous_18)
FN:731,(anonymous_19)
FN:771,(anonymous_20)
FNF:21
FNH:21
FNDA:10,(anonymous_0)
FNDA:2,(anonymous_1)
FNDA:2,(anonymous_2)
FNDA:12,(anonymous_3)
FNDA:4,(anonymous_4)
FNDA:27,(anonymous_5)
FNDA:18,(anonymous_6)
FNDA:52,(anonymous_7)
FNDA:17,(anonymous_8)
FNDA:13,(anonymous_9)
FNDA:14,(anonymous_10)
FNDA:17,(anonymous_11)
FNDA:10,(anonymous_12)
FNDA:4,(anonymous_13)
FNDA:4,(anonymous_14)
FNDA:30,(anonymous_15)
FNDA:8,(anonymous_16)
FNDA:10,(anonymous_17)
FNDA:13,(anonymous_18)
FNDA:48,(anonymous_19)
FNDA:7,(anonymous_20)
DA:1,11
DA:2,11
DA:3,11
DA:4,11
DA:5,11
DA:6,11
DA:8,11
DA:22,10
DA:23,10
DA:24,9
DA:25,8
DA:27,8
DA:28,8
DA:29,8
DA:30,8
DA:33,8
DA:34,6
DA:35,6
DA:36,6
DA:38,2
DA:39,2
DA:40,2
DA:42,8
DA:44,8
DA:46,0
DA:48,2
DA:58,2
DA:59,2
DA:60,2
DA:61,2
DA:62,2
DA:63,2
DA:64,2
DA:66,2
DA:67,2
DA:68,0
DA:69,2
DA:70,9
DA:72,9
DA:73,3
DA:74,2
DA:75,1
DA:76,3
DA:77,2
DA:78,2
DA:79,1
DA:80,1
DA:81,1
DA:83,6
DA:84,3
DA:85,2
DA:86,1
DA:87,3
DA:88,2
DA:89,2
DA:90,1
DA:91,1
DA:94,3
DA:95,3
DA:96,2
DA:97,1
DA:98,3
DA:99,2
DA:100,2
DA:101,1
DA:102,1
DA:103,1
DA:109,2
DA:110,1
DA:111,1
DA:117,0
DA:119,0
DA:129,2
DA:130,2
DA:131,1
DA:132,1
DA:133,1
DA:135,1
DA:148,12
DA:149,12
DA:150,11
DA:151,10
DA:152,10
DA:153,10
DA:158,10
DA:159,10
DA:161,0
DA:162,0
DA:167,0
DA:168,0
DA:171,1
DA:182,4
DA:183,4
DA:184,3
DA:185,3
DA:186,3
DA:187,9
DA:188,3
DA:190,1
DA:206,27
DA:207,27
DA:208,25
DA:209,24
DA:210,24
DA:211,22
DA:212,18
DA:213,17
DA:214,4
DA:215,4
DA:217,2
DA:219,1
DA:220,0
DA:222,1
DA:223,1
DA:224,1
DA:225,0
DA:226,0
DA:229,1
DA:230,1
DA:231,1
DA:232,1
DA:233,1
DA:234,1
DA:235,1
DA:236,1
DA:237,4
DA:244,4
DA:246,1
DA:247,1
DA:248,1
DA:249,1
DA:250,1
DA:252,13
DA:253,13
DA:254,13
DA:255,18
DA:256,12
DA:257,12
DA:258,12
DA:259,12
DA:260,12
DA:261,12
DA:262,12
DA:263,12
DA:264,34
DA:271,34
DA:273,12
DA:274,12
DA:275,12
DA:276,12
DA:279,4
DA:280,3
DA:281,3
DA:282,3
DA:283,9
DA:284,9
DA:285,9
DA:286,9
DA:295,3
DA:296,2
DA:297,2
DA:298,2
DA:299,2
DA:300,2
DA:301,2
DA:302,2
DA:303,2
DA:306,1
DA:316,52
DA:317,52
DA:318,52
DA:319,52
DA:320,52
DA:321,1
DA:322,52
DA:323,16
DA:325,35
DA:326,51
DA:327,17
DA:328,51
DA:330,1
DA:342,17
DA:343,17
DA:344,16
DA:345,15
DA:347,15
DA:348,13
DA:349,2
DA:350,2
DA:351,1
DA:352,1
DA:354,1
DA:355,4
DA:356,0
DA:357,4
DA:358,1
DA:361,11
DA:362,11
DA:363,9
DA:364,13
DA:367,8
DA:368,0
DA:369,0
DA:375,0
DA:376,0
DA:377,0
DA:378,0
DA:379,0
DA:380,0
DA:381,0
DA:384,8
DA:385,0
DA:391,0
DA:392,0
DA:393,0
DA:394,0
DA:395,0
DA:396,0
DA:398,0
DA:400,8
DA:401,7
DA:407,7
DA:408,7
DA:409,7
DA:410,7
DA:412,7
DA:413,7
DA:414,7
DA:418,1
DA:419,1
DA:425,1
DA:426,1
DA:427,1
DA:428,1
DA:433,1
DA:443,14
DA:444,14
DA:445,13
DA:446,12
DA:447,12
DA:448,12
DA:449,12
DA:450,10
DA:451,10
DA:452,3
DA:453,3
DA:454,3
DA:455,3
DA:456,3
DA:457,3
DA:459,7
DA:460,10
DA:461,3
DA:462,10
DA:463,9
DA:464,9
DA:465,9
DA:466,9
DA:467,9
DA:469,1
DA:478,17
DA:479,17
DA:480,14
DA:481,14
DA:482,14
DA:483,14
DA:484,14
DA:485,12
DA:486,12
DA:487,12
DA:488,9
DA:489,9
DA:490,9
DA:491,9
DA:492,9
DA:494,3
DA:503,10
DA:504,10
DA:505,9
DA:506,9
DA:507,9
DA:508,9
DA:509,9
DA:511,9
DA:512,2
DA:513,2
DA:514,2
DA:515,2
DA:518,9
DA:521,9
DA:522,18
DA:523,18
DA:524,18
DA:525,18
DA:526,0
DA:528,18
DA:532,9
DA:533,4
DA:534,5
DA:535,5
DA:536,5
DA:537,5
DA:538,4
DA:540,1
DA:543,9
DA:545,1
DA:555,4
DA:556,4
DA:557,3
DA:558,3
DA:559,3
DA:560,3
DA:561,3
DA:563,1
DA:573,4
DA:574,4
DA:575,3
DA:576,3
DA:577,3
DA:578,3
DA:579,3
DA:581,1
DA:592,30
DA:593,30
DA:594,7
DA:595,7
DA:597,23
DA:607,8
DA:608,8
DA:609,7
DA:610,7
DA:611,7
DA:612,7
DA:613,6
DA:614,6
DA:615,27
DA:616,27
DA:617,27
DA:618,27
DA:619,27
DA:622,6
DA:624,1
DA:634,10
DA:635,10
DA:637,9
DA:638,9
DA:639,9
DA:640,9
DA:641,8
DA:643,8
DA:644,1
DA:645,1
DA:646,3
DA:647,3
DA:648,3
DA:650,1
DA:653,7
DA:654,1
DA:655,1
DA:656,1
DA:657,0
DA:659,0
DA:661,1
DA:662,1
DA:663,4
DA:664,4
DA:665,4
DA:666,4
DA:668,1
DA:670,1
DA:672,6
DA:673,6
DA:675,6
DA:676,0
DA:678,0
DA:680,6
DA:681,6
DA:682,26
DA:683,26
DA:684,26
DA:685,26
DA:687,6
DA:689,6
DA:692,1
DA:703,13
DA:704,13
DA:705,12
DA:706,12
DA:707,6
DA:708,6
DA:710,6
DA:712,6
DA:713,6
DA:715,6
DA:716,6
DA:719,0
DA:721,1
DA:732,48
DA:733,48
DA:734,47
DA:735,47
DA:736,47
DA:737,47
DA:738,123
DA:739,40
DA:740,40
DA:742,40
DA:743,40
DA:744,40
DA:745,40
DA:746,5
DA:747,5
DA:748,5
DA:750,35
DA:751,35
DA:752,35
DA:754,40
DA:756,40
DA:759,7
DA:761,1
DA:772,7
DA:773,7
DA:774,6
DA:775,5
DA:776,2
DA:777,3
DA:778,2
DA:780,1
DA:781,4
DA:782,4
DA:784,1
DA:789,11
LF:432
LH:397
BRDA:23,0,0,1
BRDA:23,0,1,9
BRDA:24,1,0,1
BRDA:24,1,1,8
BRDA:24,2,0,9
BRDA:24,2,1,1
BRDA:24,2,2,8
BRDA:25,3,0,0
BRDA:25,3,1,8
BRDA:30,4,0,8
BRDA:30,4,1,0
BRDA:33,5,0,6
BRDA:33,5,1,2
BRDA:34,6,0,1
BRDA:34,6,1,5
BRDA:34,7,0,6
BRDA:34,7,1,5
BRDA:59,8,0,0
BRDA:59,8,1,2
BRDA:60,9,0,0
BRDA:60,9,1,2
BRDA:67,10,0,2
BRDA:67,10,1,0
BRDA:67,11,0,0
BRDA:67,11,1,2
BRDA:68,12,0,0
BRDA:68,12,1,0
BRDA:72,13,0,3
BRDA:72,13,1,6
BRDA:74,14,0,1
BRDA:74,14,1,1
BRDA:76,15,0,2
BRDA:76,15,1,1
BRDA:78,16,0,1
BRDA:78,16,1,1
BRDA:83,17,0,3
BRDA:83,17,1,3
BRDA:85,18,0,1
BRDA:85,18,1,1
BRDA:87,19,0,2
BRDA:87,19,1,1
BRDA:89,20,0,1
BRDA:89,20,1,1
BRDA:94,21,0,3
BRDA:94,21,1,0
BRDA:96,22,0,1
BRDA:96,22,1,1
BRDA:98,23,0,2
BRDA:98,23,1,1
BRDA:100,24,0,1
BRDA:100,24,1,1
BRDA:109,25,0,1
BRDA:109,25,1,1
BRDA:109,26,0,2
BRDA:109,26,1,1
BRDA:109,26,2,1
BRDA:130,27,0,1
BRDA:130,27,1,1
BRDA:149,28,0,1
BRDA:149,28,1,11
BRDA:150,29,0,1
BRDA:150,29,1,10
BRDA:151,30,0,10
BRDA:151,30,1,0
BRDA:152,31,0,0
BRDA:152,31,1,10
BRDA:183,32,0,1
BRDA:183,32,1,3
BRDA:184,33,0,2
BRDA:184,33,1,1
BRDA:184,34,0,3
BRDA:184,34,1,1
BRDA:186,35,0,0
BRDA:186,35,1,3
BRDA:207,36,0,2
BRDA:207,36,1,25
BRDA:208,37,0,1
BRDA:208,37,1,24
BRDA:210,38,0,2
BRDA:210,38,1,22
BRDA:210,39,0,24
BRDA:210,39,1,23
BRDA:211,40,0,18
BRDA:211,40,1,4
BRDA:212,41,0,1
BRDA:212,41,1,17
BRDA:213,42,0,4
BRDA:213,42,1,13
BRDA:213,43,0,17
BRDA:213,43,1,17
BRDA:215,44,0,2
BRDA:215,44,1,2
BRDA:217,45,0,1
BRDA:217,45,1,1
BRDA:217,46,0,2
BRDA:217,46,1,2
BRDA:219,47,0,0
BRDA:219,47,1,1
BRDA:223,48,0,1
BRDA:223,48,1,0
BRDA:225,49,0,0
BRDA:225,49,1,0
BRDA:253,50,0,0
BRDA:253,50,1,13
BRDA:254,51,0,0
BRDA:254,51,1,13
BRDA:255,52,0,1
BRDA:255,52,1,12
BRDA:279,53,0,1
BRDA:279,53,1,3
BRDA:284,54,0,2
BRDA:284,54,1,7
BRDA:285,55,0,9
BRDA:285,55,1,0
BRDA:295,56,0,1
BRDA:295,56,1,2
BRDA:295,57,0,3
BRDA:295,57,1,3
BRDA:317,58,0,0
BRDA:317,58,1,52
BRDA:320,59,0,1
BRDA:320,59,1,51
BRDA:322,60,0,16
BRDA:322,60,1,35
BRDA:322,61,0,52
BRDA:322,61,1,35
BRDA:326,62,0,34
BRDA:326,62,1,17
BRDA:327,63,0,17
BRDA:327,63,1,0
BRDA:343,64,0,1
BRDA:343,64,1,16
BRDA:344,65,0,1
BRDA:344,65,1,15
BRDA:347,66,0,2
BRDA:347,66,1,13
BRDA:347,67,0,15
BRDA:347,67,1,14
BRDA:348,68,0,2
BRDA:348,68,1,11
BRDA:348,69,0,13
BRDA:348,69,1,11
BRDA:350,70,0,1
BRDA:350,70,1,1
BRDA:351,71,0,0
BRDA:351,71,1,1
BRDA:351,72,0,1
BRDA:351,72,1,1
BRDA:352,73,0,0
BRDA:352,73,1,1
BRDA:355,74,0,0
BRDA:355,74,1,4
BRDA:357,75,0,1
BRDA:357,75,1,3
BRDA:362,76,0,2
BRDA:362,76,1,9
BRDA:363,77,0,0
BRDA:363,77,1,9
BRDA:364,78,0,1
BRDA:364,78,1,8
BRDA:367,79,0,0
BRDA:367,79,1,8
BRDA:372,80,0,0
BRDA:372,80,1,0
BRDA:372,81,0,0
BRDA:372,81,1,0
BRDA:384,82,0,0
BRDA:384,82,1,8
BRDA:388,83,0,0
BRDA:388,83,1,0
BRDA:388,84,0,0
BRDA:388,84,1,0
BRDA:400,85,0,7
BRDA:400,85,1,1
BRDA:400,86,0,8
BRDA:400,86,1,6
BRDA:404,87,0,0
BRDA:404,87,1,7
BRDA:404,88,0,7
BRDA:404,88,1,7
BRDA:422,89,0,0
BRDA:422,89,1,1
BRDA:422,90,0,1
BRDA:422,90,1,1
BRDA:444,91,0,1
BRDA:444,91,1,13
BRDA:445,92,0,1
BRDA:445,92,1,12
BRDA:446,93,0,0
BRDA:446,93,1,12
BRDA:449,94,0,2
BRDA:449,94,1,10
BRDA:451,95,0,3
BRDA:451,95,1,7
BRDA:451,96,0,10
BRDA:451,96,1,3
BRDA:456,97,0,3
BRDA:456,97,1,0
BRDA:456,98,0,3
BRDA:456,98,1,3
BRDA:460,99,0,3
BRDA:460,99,1,7
BRDA:462,100,0,1
BRDA:462,100,1,9
BRDA:479,101,0,3
BRDA:479,101,1,14
BRDA:480,102,0,0
BRDA:480,102,1,14
BRDA:481,103,0,0
BRDA:481,103,1,14
BRDA:484,104,0,2
BRDA:484,104,1,12
BRDA:487,105,0,3
BRDA:487,105,1,9
BRDA:504,106,0,1
BRDA:504,106,1,9
BRDA:507,107,0,0
BRDA:507,107,1,9
BRDA:508,108,0,0
BRDA:508,108,1,9
BRDA:513,109,0,0
BRDA:513,109,1,2
BRDA:518,110,0,0
BRDA:518,110,1,9
BRDA:523,111,0,0
BRDA:523,111,1,18
BRDA:525,112,0,0
BRDA:525,112,1,18
BRDA:532,113,0,4
BRDA:532,113,1,5
BRDA:532,114,0,9
BRDA:532,114,1,8
BRDA:535,115,0,0
BRDA:535,115,1,5
BRDA:537,116,0,4
BRDA:537,116,1,1
BRDA:556,117,0,1
BRDA:556,117,1,3
BRDA:558,118,0,0
BRDA:558,118,1,3
BRDA:574,119,0,1
BRDA:574,119,1,3
BRDA:576,120,0,0
BRDA:576,120,1,3
BRDA:593,121,0,23
BRDA:593,121,1,7
BRDA:593,122,0,30
BRDA:593,122,1,7
BRDA:608,123,0,1
BRDA:608,123,1,7
BRDA:609,124,0,0
BRDA:609,124,1,7
BRDA:610,125,0,0
BRDA:610,125,1,7
BRDA:611,126,0,0
BRDA:611,126,1,7
BRDA:612,127,0,1
BRDA:612,127,1,6
BRDA:635,128,0,1
BRDA:635,128,1,9
BRDA:637,129,0,0
BRDA:637,129,1,9
BRDA:638,130,0,0
BRDA:638,130,1,9
BRDA:639,131,0,0
BRDA:639,131,1,9
BRDA:640,132,0,1
BRDA:640,132,1,8
BRDA:643,133,0,1
BRDA:643,133,1,7
BRDA:643,134,0,8
BRDA:643,134,1,7
BRDA:653,135,0,1
BRDA:653,135,1,6
BRDA:655,136,0,0
BRDA:655,136,1,1
BRDA:655,137,0,1
BRDA:655,137,1,1
BRDA:656,138,0,0
BRDA:656,138,1,1
BRDA:673,139,0,0
BRDA:673,139,1,6
BRDA:675,140,0,0
BRDA:675,140,1,6
BRDA:704,141,0,1
BRDA:704,141,1,12
BRDA:704,142,0,13
BRDA:704,142,1,12
BRDA:705,143,0,12
BRDA:705,143,1,0
BRDA:706,144,0,6
BRDA:706,144,1,6
BRDA:706,145,0,12
BRDA:706,145,1,12
BRDA:733,146,0,1
BRDA:733,146,1,47
BRDA:734,147,0,0
BRDA:734,147,1,47
BRDA:735,148,0,0
BRDA:735,148,1,47
BRDA:736,149,0,0
BRDA:736,149,1,47
BRDA:738,150,0,40
BRDA:738,150,1,83
BRDA:742,151,0,24
BRDA:742,151,1,16
BRDA:743,152,0,24
BRDA:743,152,1,16
BRDA:744,153,0,24
BRDA:744,153,1,16
BRDA:745,154,0,5
BRDA:745,154,1,35
BRDA:750,155,0,9
BRDA:750,155,1,26
BRDA:751,156,0,9
BRDA:751,156,1,26
BRDA:752,157,0,9
BRDA:752,157,1,26
BRDA:773,158,0,1
BRDA:773,158,1,6
BRDA:774,159,0,1
BRDA:774,159,1,5
BRDA:775,160,0,2
BRDA:775,160,1,3
BRDA:775,161,0,5
BRDA:775,161,1,5
BRDA:777,162,0,2
BRDA:777,162,1,1
BRDA:777,163,0,3
BRDA:777,163,1,3
BRF:330
BRH:266
end_of_record
TN:
SF:source\playlist-api.js
FN:17,(anonymous_0)
FN:19,(anonymous_1)
FN:22,(anonymous_2)
FN:30,(anonymous_3)
FN:71,(anonymous_4)
FN:128,(anonymous_5)
FN:134,(anonymous_6)
FN:145,(anonymous_7)
FN:169,(anonymous_8)
FN:184,(anonymous_9)
FN:205,(anonymous_10)
FN:211,(anonymous_11)
FN:224,(anonymous_12)
FN:252,(anonymous_13)
FN:276,(anonymous_14)
FN:309,(anonymous_15)
FN:312,(anonymous_16)
FN:325,(anonymous_17)
FN:341,(anonymous_18)
FN:401,(anonymous_19)
FN:428,(anonymous_20)
FN:462,(anonymous_21)
FN:496,(anonymous_22)
FN:547,(anonymous_23)
FN:605,(anonymous_24)
FN:642,(anonymous_25)
FN:645,(anonymous_26)
FN:648,(anonymous_27)
FNF:28
FNH:26
FNDA:1687,(anonymous_0)
FNDA:1686,(anonymous_1)
FNDA:0,(anonymous_2)
FNDA:1,(anonymous_3)
FNDA:11,(anonymous_4)
FNDA:28,(anonymous_5)
FNDA:36,(anonymous_6)
FNDA:40,(anonymous_7)
FNDA:3,(anonymous_8)
FNDA:7,(anonymous_9)
FNDA:64,(anonymous_10)
FNDA:166,(anonymous_11)
FNDA:41,(anonymous_12)
FNDA:7,(anonymous_13)
FNDA:17,(anonymous_14)
FNDA:15,(anonymous_15)
FNDA:44,(anonymous_16)
FNDA:2,(anonymous_17)
FNDA:5,(anonymous_18)
FNDA:2,(anonymous_19)
FNDA:4,(anonymous_20)
FNDA:8,(anonymous_21)
FNDA:5,(anonymous_22)
FNDA:2,(anonymous_23)
FNDA:2,(anonymous_24)
FNDA:10,(anonymous_25)
FNDA:8,(anonymous_26)
FNDA:0,(anonymous_27)
DA:1,11
DA:4,11
DA:5,11
DA:6,11
DA:7,11
DA:8,11
DA:10,11
DA:18,1687
DA:19,1686
DA:20,1686
DA:21,1686
DA:22,0
DA:23,1686
DA:32,1
DA:33,1
DA:34,1
DA:36,1
DA:37,0
DA:38,1
DA:41,20
DA:42,20
DA:60,1
DA:61,1
DA:72,11
DA:73,10
DA:74,9
DA:75,9
DA:76,7
DA:77,7
DA:78,7
DA:79,7
DA:80,7
DA:81,7
DA:83,7
DA:84,7
DA:85,10
DA:86,1
DA:87,1
DA:90,7
DA:91,7
DA:92,3
DA:93,3
DA:95,13
DA:96,13
DA:97,13
DA:98,13
DA:99,13
DA:100,13
DA:101,13
DA:102,13
DA:105,7
DA:107,7
DA:108,7
DA:110,2
DA:111,1
DA:113,1
DA:115,5
DA:116,7
DA:117,7
DA:119,0
DA:129,28
DA:130,27
DA:131,26
DA:133,26
DA:134,36
DA:136,1
DA:146,40
DA:147,39
DA:148,39
DA:160,39
DA:161,39
DA:170,3
DA:171,2
DA:172,1
DA:173,2
DA:174,0
DA:176,1
DA:185,7
DA:186,6
DA:187,6
DA:188,5
DA:189,5
DA:190,3
DA:191,3
DA:192,3
DA:193,3
DA:194,3
DA:197,3
DA:206,64
DA:207,64
DA:208,64
DA:210,64
DA:211,166
DA:213,64
DA:215,0
DA:225,41
DA:226,41
DA:227,40
DA:228,40
DA:229,40
DA:230,40
DA:231,2
DA:233,38
DA:234,38
DA:236,0
DA:237,38
DA:238,0
DA:239,38
DA:243,38
DA:244,38
DA:253,7
DA:254,7
DA:255,7
DA:256,7
DA:257,7
DA:258,7
DA:259,5
DA:260,5
DA:261,9
DA:262,5
DA:263,5
DA:264,5
DA:268,0
DA:278,17
DA:279,17
DA:280,17
DA:281,17
DA:282,15
DA:283,15
DA:284,15
DA:285,15
DA:286,15
DA:287,15
DA:288,3
DA:289,3
DA:290,7
DA:293,15
DA:295,37
DA:296,37
DA:297,37
DA:298,37
DA:300,15
DA:301,15
DA:305,15
DA:306,15
DA:310,15
DA:311,15
DA:312,15
DA:313,44
DA:314,42
DA:317,15
DA:326,2
DA:327,1
DA:328,1
DA:329,1
DA:330,1
DA:331,1
DA:342,5
DA:343,4
DA:344,4
DA:345,4
DA:346,4
DA:347,4
DA:348,4
DA:349,8
DA:350,4
DA:352,4
DA:353,4
DA:357,4
DA:358,8
DA:359,8
DA:360,8
DA:361,8
DA:363,8
DA:365,4
DA:366,4
DA:367,0
DA:368,4
DA:369,4
DA:372,4
DA:376,4
DA:377,4
DA:378,4
DA:379,1
DA:380,1
DA:383,4
DA:384,1
DA:385,0
DA:388,3
DA:389,3
DA:390,0
DA:393,4
DA:402,2
DA:403,1
DA:404,1
DA:405,1
DA:406,1
DA:407,1
DA:408,1
DA:409,1
DA:410,1
DA:411,1
DA:412,1
DA:413,1
DA:414,1
DA:415,1
DA:419,0
DA:420,0
DA:429,4
DA:430,4
DA:431,4
DA:432,4
DA:433,4
DA:434,3
DA:435,3
DA:436,3
DA:437,2
DA:438,2
DA:439,2
DA:440,2
DA:442,2
DA:445,1
DA:446,1
DA:447,1
DA:448,1
DA:449,1
DA:450,1
DA:451,1
DA:454,0
DA:463,8
DA:464,7
DA:465,7
DA:466,7
DA:467,7
DA:468,7
DA:469,7
DA:471,7
DA:472,7
DA:473,7
DA:474,7
DA:475,20
DA:476,20
DA:477,20
DA:478,20
DA:479,20
DA:480,20
DA:481,20
DA:483,7
DA:484,7
DA:485,7
DA:486,7
DA:497,5
DA:498,5
DA:499,5
DA:500,5
DA:501,5
DA:502,5
DA:503,5
DA:504,5
DA:505,5
DA:506,5
DA:507,2
DA:508,10
DA:509,2
DA:510,2
DA:511,2
DA:514,2
DA:516,5
DA:517,5
DA:518,13
DA:519,13
DA:520,13
DA:523,5
DA:524,7
DA:525,16
DA:526,7
DA:530,5
DA:534,5
DA:535,5
DA:548,2
DA:549,2
DA:550,2
DA:551,2
DA:552,2
DA:553,2
DA:554,2
DA:555,2
DA:556,2
DA:557,1
DA:558,5
DA:559,1
DA:560,1
DA:561,1
DA:564,1
DA:566,2
DA:567,2
DA:569,6
DA:570,6
DA:571,6
DA:574,2
DA:576,2
DA:577,2
DA:579,2
DA:580,2
DA:581,2
DA:582,2
DA:584,2
DA:585,3
DA:588,2
DA:590,2
DA:591,2
DA:592,2
DA:596,2
DA:597,2
DA:606,2
DA:607,2
DA:608,2
DA:609,2
DA:610,2
DA:611,2
DA:613,1
DA:614,1
DA:615,1
DA:616,1
DA:617,1
DA:618,1
DA:622,1
DA:623,1
DA:624,1
DA:625,1
DA:626,0
DA:629,0
DA:630,0
DA:631,0
DA:634,1
DA:643,10
DA:644,9
DA:645,8
DA:646,8
DA:647,8
DA:648,0
DA:649,8
DA:650,8
DA:651,8
DA:652,8
DA:653,7
DA:654,7
DA:655,8
DA:656,11
DA:657,5
DA:658,5
DA:660,6
DA:661,3
DA:664,7
DA:671,11
LF:355
LH:336
BRDA:18,0,0,1
BRDA:18,0,1,1686
BRDA:20,1,0,0
BRDA:20,1,1,1686
BRDA:33,2,0,0
BRDA:33,2,1,1
BRDA:34,3,0,1
BRDA:34,3,1,0
BRDA:36,4,0,1
BRDA:36,4,1,0
BRDA:36,5,0,0
BRDA:36,5,1,1
BRDA:37,6,0,0
BRDA:37,6,1,0
BRDA:72,7,0,1
BRDA:72,7,1,10
BRDA:73,8,0,1
BRDA:73,8,1,9
BRDA:75,9,0,2
BRDA:75,9,1,7
BRDA:78,10,0,0
BRDA:78,10,1,7
BRDA:79,11,0,7
BRDA:79,11,1,0
BRDA:79,12,0,7
BRDA:79,12,1,1
BRDA:79,12,2,0
BRDA:85,13,0,1
BRDA:85,13,1,9
BRDA:90,14,0,6
BRDA:90,14,1,1
BRDA:91,15,0,3
BRDA:91,15,1,4
BRDA:92,16,0,0
BRDA:92,16,1,3
BRDA:100,17,0,0
BRDA:100,17,1,13
BRDA:100,18,0,13
BRDA:100,18,1,13
BRDA:101,19,0,0
BRDA:101,19,1,13
BRDA:105,20,0,6
BRDA:105,20,1,1
BRDA:108,21,0,2
BRDA:108,21,1,5
BRDA:108,22,0,7
BRDA:108,22,1,5
BRDA:110,23,0,1
BRDA:110,23,1,1
BRDA:110,24,0,2
BRDA:110,24,1,2
BRDA:129,25,0,1
BRDA:129,25,1,27
BRDA:130,26,0,1
BRDA:130,26,1,26
BRDA:133,27,0,25
BRDA:133,27,1,1
BRDA:146,28,0,1
BRDA:146,28,1,39
BRDA:147,29,0,0
BRDA:147,29,1,39
BRDA:170,30,0,1
BRDA:170,30,1,2
BRDA:171,31,0,1
BRDA:171,31,1,1
BRDA:173,32,0,0
BRDA:173,32,1,2
BRDA:185,33,0,1
BRDA:185,33,1,6
BRDA:187,34,0,1
BRDA:187,34,1,5
BRDA:189,35,0,2
BRDA:189,35,1,3
BRDA:190,36,0,0
BRDA:190,36,1,3
BRDA:192,37,0,3
BRDA:192,37,1,0
BRDA:206,38,0,0
BRDA:206,38,1,64
BRDA:207,39,0,0
BRDA:207,39,1,64
BRDA:210,40,0,64
BRDA:210,40,1,0
BRDA:225,41,0,0
BRDA:225,41,1,41
BRDA:226,42,0,1
BRDA:226,42,1,40
BRDA:228,43,0,0
BRDA:228,43,1,40
BRDA:230,44,0,2
BRDA:230,44,1,38
BRDA:233,45,0,38
BRDA:233,45,1,0
BRDA:233,46,0,38
BRDA:233,46,1,0
BRDA:237,47,0,0
BRDA:237,47,1,38
BRDA:253,48,0,0
BRDA:253,48,1,7
BRDA:254,49,0,0
BRDA:254,49,1,7
BRDA:256,50,0,0
BRDA:256,50,1,7
BRDA:258,51,0,2
BRDA:258,51,1,5
BRDA:259,52,0,5
BRDA:259,52,1,0
BRDA:261,53,0,5
BRDA:261,53,1,4
BRDA:278,54,0,0
BRDA:278,54,1,17
BRDA:279,55,0,0
BRDA:279,55,1,17
BRDA:280,56,0,0
BRDA:280,56,1,17
BRDA:281,57,0,2
BRDA:281,57,1,15
BRDA:281,58,0,17
BRDA:281,58,1,17
BRDA:283,59,0,0
BRDA:283,59,1,15
BRDA:284,60,0,0
BRDA:284,60,1,15
BRDA:287,61,0,3
BRDA:287,61,1,12
BRDA:288,62,0,0
BRDA:288,62,1,3
BRDA:295,63,0,0
BRDA:295,63,1,37
BRDA:297,64,0,37
BRDA:297,64,1,0
BRDA:310,65,0,0
BRDA:310,65,1,15
BRDA:313,66,0,42
BRDA:313,66,1,2
BRDA:326,67,0,1
BRDA:326,67,1,1
BRDA:328,68,0,0
BRDA:328,68,1,1
BRDA:342,69,0,1
BRDA:342,69,1,4
BRDA:344,70,0,0
BRDA:344,70,1,4
BRDA:347,71,0,0
BRDA:347,71,1,4
BRDA:349,72,0,4
BRDA:349,72,1,4
BRDA:352,73,0,4
BRDA:352,73,1,0
BRDA:359,74,0,0
BRDA:359,74,1,8
BRDA:361,75,0,0
BRDA:361,75,1,8
BRDA:363,76,0,4
BRDA:363,76,1,4
BRDA:366,77,0,0
BRDA:366,77,1,4
BRDA:366,78,0,4
BRDA:366,78,1,4
BRDA:378,79,0,1
BRDA:378,79,1,3
BRDA:379,80,0,1
BRDA:379,80,1,0
BRDA:379,81,0,1
BRDA:379,81,1,1
BRDA:383,82,0,1
BRDA:383,82,1,3
BRDA:384,83,0,0
BRDA:384,83,1,1
BRDA:384,84,0,1
BRDA:384,84,1,1
BRDA:388,85,0,0
BRDA:388,85,1,3
BRDA:389,86,0,0
BRDA:389,86,1,3
BRDA:389,87,0,3
BRDA:389,87,1,3
BRDA:402,88,0,1
BRDA:402,88,1,1
BRDA:404,89,0,0
BRDA:404,89,1,1
BRDA:405,90,0,0
BRDA:405,90,1,1
BRDA:406,91,0,0
BRDA:406,91,1,1
BRDA:408,92,0,1
BRDA:408,92,1,0
BRDA:411,93,0,1
BRDA:411,93,1,0
BRDA:429,94,0,0
BRDA:429,94,1,4
BRDA:430,95,0,0
BRDA:430,95,1,4
BRDA:432,96,0,0
BRDA:432,96,1,4
BRDA:433,97,0,1
BRDA:433,97,1,3
BRDA:435,98,0,0
BRDA:435,98,1,3
BRDA:437,99,0,2
BRDA:437,99,1,0
BRDA:445,100,0,0
BRDA:445,100,1,1
BRDA:447,101,0,1
BRDA:447,101,1,0
BRDA:463,102,0,1
BRDA:463,102,1,7
BRDA:465,103,0,0
BRDA:465,103,1,7
BRDA:466,104,0,0
BRDA:466,104,1,7
BRDA:466,105,0,7
BRDA:466,105,1,6
BRDA:469,106,0,0
BRDA:469,106,1,7
BRDA:472,107,0,0
BRDA:472,107,1,7
BRDA:473,108,0,0
BRDA:473,108,1,7
BRDA:480,109,0,0
BRDA:480,109,1,20
BRDA:480,110,0,20
BRDA:480,110,1,20
BRDA:497,111,0,0
BRDA:497,111,1,5
BRDA:498,112,0,0
BRDA:498,112,1,5
BRDA:500,113,0,0
BRDA:500,113,1,5
BRDA:502,114,0,0
BRDA:502,114,1,5
BRDA:504,115,0,0
BRDA:504,115,1,5
BRDA:506,116,0,2
BRDA:506,116,1,3
BRDA:508,117,0,2
BRDA:508,117,1,8
BRDA:514,118,0,0
BRDA:514,118,1,2
BRDA:516,119,0,0
BRDA:516,119,1,5
BRDA:519,120,0,13
BRDA:519,120,1,0
BRDA:525,121,0,7
BRDA:525,121,1,9
BRDA:548,122,0,0
BRDA:548,122,1,2
BRDA:550,123,0,0
BRDA:550,123,1,2
BRDA:552,124,0,0
BRDA:552,124,1,2
BRDA:554,125,0,0
BRDA:554,125,1,2
BRDA:556,126,0,1
BRDA:556,126,1,1
BRDA:558,127,0,1
BRDA:558,127,1,4
BRDA:564,128,0,0
BRDA:564,128,1,1
BRDA:566,129,0,0
BRDA:566,129,1,2
BRDA:570,130,0,6
BRDA:570,130,1,0
BRDA:577,131,0,0
BRDA:577,131,1,2
BRDA:577,132,0,0
BRDA:577,132,1,2
BRDA:579,133,0,0
BRDA:579,133,1,2
BRDA:580,134,0,0
BRDA:580,134,1,2
BRDA:582,135,0,0
BRDA:582,135,1,2
BRDA:582,136,0,0
BRDA:582,136,1,2
BRDA:590,137,0,0
BRDA:590,137,1,2
BRDA:606,138,0,0
BRDA:606,138,1,2
BRDA:608,139,0,0
BRDA:608,139,1,2
BRDA:611,140,0,1
BRDA:611,140,1,1
BRDA:611,141,0,2
BRDA:611,141,1,2
BRDA:615,142,0,0
BRDA:615,142,1,1
BRDA:616,143,0,1
BRDA:616,143,1,0
BRDA:616,144,0,1
BRDA:616,144,1,0
BRDA:624,145,0,1
BRDA:624,145,1,0
BRDA:625,146,0,0
BRDA:625,146,1,1
BRDA:625,147,0,1
BRDA:625,147,1,1
BRDA:629,148,0,0
BRDA:629,148,1,0
BRDA:630,149,0,0
BRDA:630,149,1,0
BRDA:630,150,0,0
BRDA:630,150,1,0
BRDA:643,151,0,1
BRDA:643,151,1,9
BRDA:644,152,0,1
BRDA:644,152,1,8
BRDA:646,153,0,0
BRDA:646,153,1,8
BRDA:649,154,0,0
BRDA:649,154,1,8
BRDA:650,155,0,0
BRDA:650,155,1,8
BRDA:651,156,0,0
BRDA:651,156,1,8
BRDA:652,157,0,1
BRDA:652,157,1,7
BRDA:656,158,0,5
BRDA:656,158,1,6
BRDA:660,159,0,3
BRDA:660,159,1,3
BRF:321
BRH:215
end_of_record
TN:
SF:source\search-api.js
FN:23,(anonymous_0)
FN:57,(anonymous_1)
FN:76,(anonymous_2)
FN:157,(anonymous_3)
FN:159,(anonymous_4)
FN:170,(anonymous_5)
FN:172,(anonymous_6)
FN:183,(anonymous_7)
FN:184,(anonymous_8)
FN:199,(anonymous_9)
FN:213,(anonymous_10)
FN:229,(anonymous_11)
FN:243,(anonymous_12)
FN:244,(anonymous_13)
FN:255,(anonymous_14)
FN:256,(anonymous_15)
FN:268,(anonymous_16)
FN:292,(anonymous_17)
FN:334,(anonymous_18)
FN:387,(anonymous_19)
FN:419,(anonymous_20)
FN:451,(anonymous_21)
FN:484,(anonymous_22)
FN:521,search
FN:541,Fuzzysearch
FN:563,(anonymous_25)
FNF:26
FNH:26
FNDA:9,(anonymous_0)
FNDA:12,(anonymous_1)
FNDA:4,(anonymous_2)
FNDA:8,(anonymous_3)
FNDA:8,(anonymous_4)
FNDA:16,(anonymous_5)
FNDA:16,(anonymous_6)
FNDA:8,(anonymous_7)
FNDA:8,(anonymous_8)
FNDA:8,(anonymous_9)
FNDA:16,(anonymous_10)
FNDA:9,(anonymous_11)
FNDA:7,(anonymous_12)
FNDA:7,(anonymous_13)
FNDA:8,(anonymous_14)
FNDA:8,(anonymous_15)
FNDA:21,(anonymous_16)
FNDA:11,(anonymous_17)
FNDA:9,(anonymous_18)
FNDA:7,(anonymous_19)
FNDA:14,(anonymous_20)
FNDA:5,(anonymous_21)
FNDA:7,(anonymous_22)
FNDA:94,search
FNDA:47,Fuzzysearch
FNDA:47,(anonymous_25)
DA:1,1
DA:2,1
DA:5,1
DA:8,1
DA:9,1
DA:10,1
DA:11,1
DA:12,1
DA:13,1
DA:15,1
DA:24,9
DA:25,7
DA:26,7
DA:30,6
DA:31,1
DA:32,5
DA:33,1
DA:34,4
DA:35,1
DA:36,3
DA:37,1
DA:38,2
DA:39,1
DA:40,1
DA:41,5
DA:42,5
DA:43,5
DA:44,5
DA:45,5
DA:46,5
DA:48,5
DA:58,12
DA:59,11
DA:60,11
DA:61,10
DA:62,9
DA:63,15
DA:64,5
DA:65,5
DA:66,5
DA:69,4
DA:77,4
DA:78,3
DA:79,3
DA:80,2
DA:81,2
DA:82,2
DA:83,2
DA:84,2
DA:85,2
DA:86,2
DA:87,5
DA:88,1
DA:89,1
DA:90,1
DA:100,4
DA:101,1
DA:102,1
DA:103,1
DA:104,1
DA:105,1
DA:124,3
DA:125,1
DA:126,1
DA:127,1
DA:128,1
DA:140,2
DA:141,1
DA:142,1
DA:143,1
DA:144,1
DA:145,1
DA:146,1
DA:147,1
DA:151,2
DA:159,8
DA:160,8
DA:161,8
DA:163,8
DA:172,16
DA:173,16
DA:174,16
DA:176,16
DA:184,8
DA:185,8
DA:186,8
DA:188,8
DA:201,8
DA:202,8
DA:203,8
DA:215,16
DA:216,16
DA:217,16
DA:231,9
DA:232,9
DA:233,3
DA:235,6
DA:244,7
DA:245,7
DA:246,7
DA:248,7
DA:256,8
DA:257,8
DA:258,8
DA:260,8
DA:271,21
DA:272,21
DA:273,20
DA:274,20
DA:275,20
DA:276,4
DA:279,17
DA:295,11
DA:296,11
DA:297,11
DA:299,3
DA:302,8
DA:303,8
DA:304,8
DA:307,11
DA:308,11
DA:309,11
DA:310,8
DA:311,8
DA:312,8
DA:313,8
DA:314,8
DA:315,8
DA:316,8
DA:317,8
DA:318,8
DA:319,8
DA:320,8
DA:323,11
DA:337,9
DA:338,9
DA:339,9
DA:341,1
DA:344,8
DA:345,8
DA:346,8
DA:349,9
DA:350,9
DA:351,9
DA:352,4
DA:353,4
DA:354,4
DA:355,4
DA:356,4
DA:357,4
DA:358,4
DA:360,4
DA:361,4
DA:362,4
DA:363,4
DA:364,4
DA:365,4
DA:367,4
DA:368,4
DA:369,4
DA:370,4
DA:371,4
DA:372,4
DA:375,9
DA:388,7
DA:389,7
DA:390,2
DA:391,2
DA:393,5
DA:394,5
DA:395,1
DA:397,4
DA:398,4
DA:399,1
DA:401,3
DA:402,3
DA:403,1
DA:405,2
DA:406,2
DA:407,1
DA:421,14
DA:422,14
DA:423,14
DA:424,14
DA:426,6
DA:427,6
DA:428,6
DA:429,6
DA:430,6
DA:431,6
DA:432,6
DA:433,6
DA:434,6
DA:438,6
DA:439,6
DA:453,5
DA:454,5
DA:455,5
DA:456,5
DA:458,3
DA:459,3
DA:460,1
DA:463,2
DA:464,2
DA:465,2
DA:466,2
DA:467,2
DA:468,2
DA:472,3
DA:486,7
DA:487,7
DA:488,7
DA:489,7
DA:490,7
DA:491,2
DA:492,2
DA:493,2
DA:494,2
DA:495,2
DA:496,2
DA:497,2
DA:498,2
DA:500,2
DA:501,2
DA:502,2
DA:503,2
DA:504,2
DA:508,7
DA:512,1
DA:523,94
DA:527,94
DA:528,94
DA:543,47
DA:544,47
DA:545,47
DA:546,47
DA:547,47
DA:548,47
DA:549,47
DA:550,47
DA:552,47
DA:554,47
DA:563,1
DA:565,47
DA:566,47
DA:567,47
DA:568,47
DA:569,34
DA:570,34
DA:573,47
DA:574,17
DA:576,47
LF:252
LH:252
BRDA:24,0,0,2
BRDA:24,0,1,7
BRDA:26,1,0,1
BRDA:26,1,1,6
BRDA:30,2,0,1
BRDA:30,2,1,5
BRDA:32,3,0,1
BRDA:32,3,1,4
BRDA:34,4,0,1
BRDA:34,4,1,3
BRDA:36,5,0,1
BRDA:36,5,1,2
BRDA:38,6,0,1
BRDA:38,6,1,1
BRDA:41,7,0,0
BRDA:41,7,1,5
BRDA:42,8,0,0
BRDA:42,8,1,5
BRDA:44,9,0,0
BRDA:44,9,1,5
BRDA:58,10,0,1
BRDA:58,10,1,11
BRDA:60,11,0,1
BRDA:60,11,1,10
BRDA:61,12,0,1
BRDA:61,12,1,9
BRDA:61,13,0,10
BRDA:61,13,1,10
BRDA:63,14,0,5
BRDA:63,14,1,10
BRDA:63,15,0,15
BRDA:63,15,1,5
BRDA:77,16,0,1
BRDA:77,16,1,3
BRDA:79,17,0,1
BRDA:79,17,1,2
BRDA:80,18,0,1
BRDA:80,18,1,1
BRDA:80,19,0,2
BRDA:80,19,1,2
BRDA:87,20,0,1
BRDA:87,20,1,4
BRDA:89,21,0,1
BRDA:89,21,1,0
BRDA:100,22,0,1
BRDA:100,22,1,3
BRDA:102,23,0,1
BRDA:102,23,1,0
BRDA:103,24,0,1
BRDA:103,24,1,0
BRDA:103,25,0,1
BRDA:103,25,1,0
BRDA:124,26,0,1
BRDA:124,26,1,2
BRDA:126,27,0,1
BRDA:126,27,1,0
BRDA:136,28,0,0
BRDA:136,28,1,1
BRDA:140,29,0,1
BRDA:140,29,1,1
BRDA:142,30,0,1
BRDA:142,30,1,0
BRDA:144,31,0,1
BRDA:144,31,1,0
BRDA:146,32,0,1
BRDA:146,32,1,0
BRDA:160,33,0,0
BRDA:160,33,1,8
BRDA:173,34,0,0
BRDA:173,34,1,16
BRDA:185,35,0,0
BRDA:185,35,1,8
BRDA:202,36,0,0
BRDA:202,36,1,8
BRDA:216,37,0,0
BRDA:216,37,1,16
BRDA:232,38,0,3
BRDA:232,38,1,6
BRDA:245,39,0,0
BRDA:245,39,1,7
BRDA:257,40,0,0
BRDA:257,40,1,8
BRDA:271,41,0,1
BRDA:271,41,1,20
BRDA:275,42,0,4
BRDA:275,42,1,16
BRDA:297,43,0,3
BRDA:297,43,1,8
BRDA:303,44,0,0
BRDA:303,44,1,8
BRDA:307,45,0,0
BRDA:307,45,1,11
BRDA:311,46,0,8
BRDA:311,46,1,0
BRDA:339,47,0,1
BRDA:339,47,1,8
BRDA:345,48,0,0
BRDA:345,48,1,8
BRDA:350,49,0,0
BRDA:350,49,1,9
BRDA:354,50,0,4
BRDA:354,50,1,0
BRDA:361,51,0,4
BRDA:361,51,1,0
BRDA:389,52,0,2
BRDA:389,52,1,5
BRDA:394,53,0,1
BRDA:394,53,1,4
BRDA:394,54,0,5
BRDA:394,54,1,5
BRDA:398,55,0,1
BRDA:398,55,1,3
BRDA:398,56,0,4
BRDA:398,56,1,4
BRDA:402,57,0,1
BRDA:402,57,1,2
BRDA:402,58,0,3
BRDA:402,58,1,3
BRDA:406,59,0,1
BRDA:406,59,1,1
BRDA:406,60,0,2
BRDA:406,60,1,2
BRDA:423,61,0,0
BRDA:423,61,1,14
BRDA:424,62,0,8
BRDA:424,62,1,6
BRDA:438,63,0,0
BRDA:438,63,1,6
BRDA:455,64,0,0
BRDA:455,64,1,5
BRDA:456,65,0,2
BRDA:456,65,1,3
BRDA:459,66,0,1
BRDA:459,66,1,2
BRDA:487,67,0,0
BRDA:487,67,1,7
BRDA:487,68,0,7
BRDA:487,68,1,7
BRDA:491,69,0,2
BRDA:491,69,1,0
BRDA:494,70,0,2
BRDA:494,70,1,0
BRDA:544,71,0,0
BRDA:544,71,1,47
BRDA:567,72,0,0
BRDA:567,72,1,47
BRF:146
BRH:112
end_of_record
TN:
SF:source\sendmail.js
FN:2,(anonymous_0)
FN:61,(anonymous_1)
FNF:2
FNH:2
FNDA:31,(anonymous_0)
FNDA:28,(anonymous_1)
DA:1,11
DA:2,11
DA:3,31
DA:16,31
DA:17,0
DA:24,31
DA:25,0
DA:33,31
DA:34,0
DA:42,31
DA:43,0
DA:53,31
DA:61,31
DA:62,28
DA:63,27
DA:65,10
LF:16
LH:12
BRDA:16,0,0,0
BRDA:16,0,1,31
BRDA:24,1,0,0
BRDA:24,1,1,31
BRDA:33,2,0,0
BRDA:33,2,1,31
BRDA:42,3,0,0
BRDA:42,3,1,31
BRDA:62,4,0,27
BRDA:62,4,1,1
BRDA:63,5,0,10
BRDA:63,5,1,17
BRF:12
BRH:8
end_of_record
TN:
SF:source\track-api.js
FN:11,(anonymous_0)
FN:27,(anonymous_1)
FN:82,(anonymous_2)
FN:109,(anonymous_3)
FN:129,(anonymous_4)
FN:160,(anonymous_5)
FN:186,(anonymous_6)
FN:212,(anonymous_7)
FN:247,(anonymous_8)
FN:282,(anonymous_9)
FN:333,(anonymous_10)
FN:369,(anonymous_11)
FN:386,(anonymous_12)
FN:415,(anonymous_13)
FN:438,(anonymous_14)
FN:445,(anonymous_15)
FN:471,(anonymous_16)
FN:517,(anonymous_17)
FN:541,(anonymous_18)
FN:573,(anonymous_19)
FN:594,(anonymous_20)
FN:613,(anonymous_21)
FN:634,(anonymous_22)
FN:653,(anonymous_23)
FN:673,(anonymous_24)
FNF:25
FNH:24
FNDA:3,(anonymous_0)
FNDA:1636,(anonymous_1)
FNDA:65,(anonymous_2)
FNDA:3,(anonymous_3)
FNDA:7,(anonymous_4)
FNDA:4,(anonymous_5)
FNDA:79,(anonymous_6)
FNDA:9,(anonymous_7)
FNDA:4,(anonymous_8)
FNDA:47,(anonymous_9)
FNDA:8,(anonymous_10)
FNDA:3,(anonymous_11)
FNDA:3,(anonymous_12)
FNDA:0,(anonymous_13)
FNDA:5,(anonymous_14)
FNDA:2,(anonymous_15)
FNDA:6,(anonymous_16)
FNDA:1467,(anonymous_17)
FNDA:10,(anonymous_18)
FNDA:8,(anonymous_19)
FNDA:4,(anonymous_20)
FNDA:4,(anonymous_21)
FNDA:3,(anonymous_22)
FNDA:3,(anonymous_23)
FNDA:3,(anonymous_24)
DA:1,11
DA:2,11
DA:3,11
DA:5,11
DA:12,3
DA:13,3
DA:14,2
DA:15,2
DA:16,1
DA:18,1
DA:28,1636
DA:31,1636
DA:32,1635
DA:33,1635
DA:34,1606
DA:35,1461
DA:36,1461
DA:69,1461
DA:71,1
DA:83,65
DA:84,65
DA:85,64
DA:86,64
DA:88,56
DA:89,56
DA:90,56
DA:91,56
DA:92,56
DA:93,56
DA:94,56
DA:95,56
DA:96,56
DA:98,56
DA:100,1
DA:110,3
DA:111,3
DA:112,2
DA:113,2
DA:114,4
DA:115,4
DA:116,2
DA:118,2
DA:120,1
DA:130,7
DA:131,7
DA:132,6
DA:133,6
DA:134,3
DA:150,3
DA:152,1
DA:161,4
DA:162,4
DA:163,3
DA:164,3
DA:165,3
DA:166,4
DA:167,4
DA:168,2
DA:169,2
DA:173,3
DA:174,2
DA:175,1
DA:177,1
DA:187,79
DA:188,79
DA:189,75
DA:190,74
DA:191,7
DA:192,7
DA:193,7
DA:194,7
DA:195,1
DA:196,1
DA:197,1
DA:198,1
DA:199,1
DA:201,1
DA:203,1
DA:213,9
DA:216,9
DA:217,9
DA:218,9
DA:219,6
DA:220,6
DA:222,6
DA:223,6
DA:230,6
DA:231,6
DA:234,6
DA:235,6
DA:237,0
DA:248,4
DA:250,4
DA:251,4
DA:252,4
DA:253,2
DA:254,2
DA:256,2
DA:257,2
DA:258,3
DA:259,2
DA:260,2
DA:263,2
DA:264,2
DA:266,0
DA:283,47
DA:284,47
DA:285,46
DA:286,45
DA:287,45
DA:319,45
DA:321,45
DA:323,1
DA:334,8
DA:335,8
DA:336,7
DA:337,7
DA:338,6
DA:339,6
DA:341,5
DA:342,5
DA:344,4
DA:348,3
DA:349,3
DA:350,2
DA:351,2
DA:352,2
DA:355,3
DA:357,3
DA:359,3
DA:360,3
DA:361,3
DA:362,3
DA:363,3
DA:364,3
DA:367,3
DA:369,3
DA:370,3
DA:371,3
DA:372,0
DA:374,0
DA:375,0
DA:376,0
DA:377,0
DA:378,0
DA:379,0
DA:383,0
DA:386,3
DA:387,3
DA:388,3
DA:389,9
DA:390,9
DA:391,0
DA:392,0
DA:394,9
DA:395,9
DA:396,0
DA:397,0
DA:399,9
DA:403,3
DA:405,3
DA:407,3
DA:409,3
DA:416,0
DA:417,0
DA:418,0
DA:419,0
DA:425,0
DA:427,4
DA:439,5
DA:440,5
DA:441,4
DA:442,4
DA:443,3
DA:444,2
DA:445,2
DA:446,2
DA:447,2
DA:448,10
DA:449,10
DA:450,8
DA:451,6
DA:452,6
DA:453,2
DA:454,2
DA:459,2
DA:460,1
DA:462,1
DA:472,6
DA:473,6
DA:475,5
DA:476,5
DA:477,4
DA:478,4
DA:480,3
DA:481,3
DA:483,3
DA:485,2
DA:486,2
DA:487,2
DA:488,10
DA:489,10
DA:490,8
DA:491,6
DA:492,6
DA:494,2
DA:496,2
DA:498,2
DA:500,2
DA:504,2
DA:505,2
DA:507,0
DA:508,0
DA:518,1467
DA:519,1467
DA:520,1466
DA:521,1465
DA:522,1455
DA:523,1455
DA:524,1454
DA:525,1454
DA:526,1283
DA:528,171
DA:530,1
DA:542,10
DA:543,10
DA:544,9
DA:545,8
DA:546,8
DA:547,7
DA:548,7
DA:550,6
DA:551,6
DA:553,5
DA:555,5
DA:556,5
DA:557,2
DA:559,5
DA:560,5
DA:562,1
DA:574,8
DA:575,8
DA:576,6
DA:577,6
DA:578,4
DA:580,8
DA:582,4
DA:584,2
DA:595,4
DA:596,4
DA:597,3
DA:598,3
DA:599,2
DA:600,4
DA:602,2
DA:604,1
DA:614,4
DA:615,4
DA:616,3
DA:617,3
DA:618,2
DA:619,4
DA:621,2
DA:623,1
DA:635,3
DA:636,3
DA:637,2
DA:638,1
DA:639,1
DA:640,1
DA:641,0
DA:643,1
DA:654,3
DA:655,3
DA:656,2
DA:657,2
DA:658,1
DA:659,1
DA:660,1
DA:662,1
DA:664,1
DA:674,3
DA:675,3
DA:676,2
DA:677,2
DA:678,1
DA:679,1
DA:680,1
DA:681,1
DA:683,1
DA:689,11
LF:291
LH:269
BRDA:13,0,0,1
BRDA:13,0,1,2
BRDA:15,1,0,1
BRDA:15,1,1,1
BRDA:31,2,0,1
BRDA:31,2,1,1635
BRDA:33,3,0,29
BRDA:33,3,1,1606
BRDA:34,4,0,145
BRDA:34,4,1,1461
BRDA:34,5,0,1606
BRDA:34,5,1,1461
BRDA:84,6,0,1
BRDA:84,6,1,64
BRDA:86,7,0,8
BRDA:86,7,1,56
BRDA:89,8,0,0
BRDA:89,8,1,56
BRDA:93,9,0,0
BRDA:93,9,1,56
BRDA:96,10,0,0
BRDA:96,10,1,56
BRDA:111,11,0,1
BRDA:111,11,1,2
BRDA:115,12,0,2
BRDA:115,12,1,2
BRDA:131,13,0,1
BRDA:131,13,1,6
BRDA:133,14,0,3
BRDA:133,14,1,3
BRDA:162,15,0,1
BRDA:162,15,1,3
BRDA:167,16,0,2
BRDA:167,16,1,2
BRDA:173,17,0,2
BRDA:173,17,1,1
BRDA:188,18,0,4
BRDA:188,18,1,75
BRDA:189,19,0,1
BRDA:189,19,1,74
BRDA:190,20,0,67
BRDA:190,20,1,7
BRDA:192,21,0,0
BRDA:192,21,1,7
BRDA:193,22,0,0
BRDA:193,22,1,7
BRDA:194,23,0,6
BRDA:194,23,1,1
BRDA:197,24,0,1
BRDA:197,24,1,0
BRDA:216,25,0,0
BRDA:216,25,1,9
BRDA:218,26,0,3
BRDA:218,26,1,6
BRDA:219,27,0,4
BRDA:219,27,1,2
BRDA:230,28,0,0
BRDA:230,28,1,6
BRDA:250,29,0,0
BRDA:250,29,1,4
BRDA:252,30,0,2
BRDA:252,30,1,2
BRDA:253,31,0,0
BRDA:253,31,1,2
BRDA:256,32,0,0
BRDA:256,32,1,2
BRDA:258,33,0,2
BRDA:258,33,1,1
BRDA:284,34,0,1
BRDA:284,34,1,46
BRDA:284,35,0,47
BRDA:284,35,1,46
BRDA:285,36,0,1
BRDA:285,36,1,45
BRDA:286,37,0,3
BRDA:286,37,1,42
BRDA:335,38,0,1
BRDA:335,38,1,7
BRDA:337,39,0,1
BRDA:337,39,1,6
BRDA:339,40,0,1
BRDA:339,40,1,5
BRDA:342,41,0,1
BRDA:342,41,1,4
BRDA:344,42,0,1
BRDA:344,42,1,3
BRDA:348,43,0,0
BRDA:348,43,1,3
BRDA:350,44,0,2
BRDA:350,44,1,0
BRDA:359,45,0,0
BRDA:359,45,1,3
BRDA:360,46,0,0
BRDA:360,46,1,3
BRDA:362,47,0,3
BRDA:362,47,1,0
BRDA:370,48,0,0
BRDA:370,48,1,3
BRDA:372,49,0,0
BRDA:372,49,1,0
BRDA:375,50,0,0
BRDA:375,50,1,0
BRDA:377,51,0,0
BRDA:377,51,1,0
BRDA:387,52,0,0
BRDA:387,52,1,3
BRDA:389,53,0,9
BRDA:389,53,1,0
BRDA:391,54,0,0
BRDA:391,54,1,0
BRDA:391,55,0,0
BRDA:391,55,1,0
BRDA:394,56,0,9
BRDA:394,56,1,0
BRDA:396,57,0,0
BRDA:396,57,1,0
BRDA:403,58,0,0
BRDA:403,58,1,3
BRDA:416,59,0,0
BRDA:416,59,1,0
BRDA:417,60,0,0
BRDA:417,60,1,0
BRDA:440,61,0,1
BRDA:440,61,1,4
BRDA:442,62,0,1
BRDA:442,62,1,3
BRDA:443,63,0,1
BRDA:443,63,1,2
BRDA:446,64,0,0
BRDA:446,64,1,2
BRDA:448,65,0,0
BRDA:448,65,1,10
BRDA:449,66,0,2
BRDA:449,66,1,8
BRDA:450,67,0,2
BRDA:450,67,1,6
BRDA:452,68,0,2
BRDA:452,68,1,4
BRDA:459,69,0,1
BRDA:459,69,1,1
BRDA:473,70,0,1
BRDA:473,70,1,5
BRDA:476,71,0,1
BRDA:476,71,1,4
BRDA:478,72,0,1
BRDA:478,72,1,3
BRDA:483,73,0,1
BRDA:483,73,1,2
BRDA:486,74,0,0
BRDA:486,74,1,2
BRDA:488,75,0,0
BRDA:488,75,1,10
BRDA:489,76,0,2
BRDA:489,76,1,8
BRDA:490,77,0,2
BRDA:490,77,1,6
BRDA:492,78,0,2
BRDA:492,78,1,4
BRDA:496,79,0,0
BRDA:496,79,1,2
BRDA:504,80,0,0
BRDA:504,80,1,2
BRDA:519,81,0,1
BRDA:519,81,1,1466
BRDA:520,82,0,1
BRDA:520,82,1,1465
BRDA:521,83,0,10
BRDA:521,83,1,1455
BRDA:523,84,0,1
BRDA:523,84,1,1454
BRDA:524,85,0,0
BRDA:524,85,1,1454
BRDA:525,86,0,1283
BRDA:525,86,1,171
BRDA:543,87,0,1
BRDA:543,87,1,9
BRDA:544,88,0,1
BRDA:544,88,1,8
BRDA:546,89,0,1
BRDA:546,89,1,7
BRDA:548,90,0,1
BRDA:548,90,1,6
BRDA:551,91,0,1
BRDA:551,91,1,5
BRDA:553,92,0,0
BRDA:553,92,1,5
BRDA:556,93,0,2
BRDA:556,93,1,3
BRDA:556,94,0,5
BRDA:556,94,1,4
BRDA:556,94,2,4
BRDA:556,94,3,4
BRDA:577,95,0,2
BRDA:577,95,1,4
BRDA:577,96,0,6
BRDA:577,96,1,4
BRDA:580,97,0,4
BRDA:580,97,1,4
BRDA:580,98,0,8
BRDA:580,98,1,4
BRDA:580,98,2,4
BRDA:598,99,0,1
BRDA:598,99,1,2
BRDA:598,100,0,3
BRDA:598,100,1,2
BRDA:600,101,0,2
BRDA:600,101,1,2
BRDA:600,102,0,4
BRDA:600,102,1,2
BRDA:617,103,0,1
BRDA:617,103,1,2
BRDA:617,104,0,3
BRDA:617,104,1,2
BRDA:619,105,0,2
BRDA:619,105,1,2
BRDA:637,106,0,1
BRDA:637,106,1,1
BRDA:637,107,0,2
BRDA:637,107,1,2
BRDA:637,107,2,2
BRDA:639,108,0,1
BRDA:639,108,1,0
BRDA:657,109,0,1
BRDA:657,109,1,1
BRDA:657,110,0,2
BRDA:657,110,1,2
BRDA:657,110,2,2
BRDA:659,111,0,1
BRDA:659,111,1,0
BRDA:659,112,0,1
BRDA:659,112,1,1
BRDA:677,113,0,1
BRDA:677,113,1,1
BRDA:677,114,0,2
BRDA:677,114,1,2
BRDA:677,114,2,2
BRDA:679,115,0,1
BRDA:679,115,1,0
BRDA:679,116,0,1
BRDA:679,116,1,1
BRF:240
BRH:192
end_of_record
TN:
SF:source\user-api.js
FN:24,(anonymous_0)
FN:27,(anonymous_1)
FN:30,(anonymous_2)
FN:37,(anonymous_3)
FN:78,(anonymous_4)
FN:160,(anonymous_5)
FN:186,(anonymous_6)
FN:218,(anonymous_7)
FN:239,(anonymous_8)
FN:276,(anonymous_9)
FN:301,(anonymous_10)
FN:339,(anonymous_11)
FN:367,(anonymous_12)
FN:396,(anonymous_13)
FN:418,(anonymous_14)
FN:436,(anonymous_15)
FN:453,(anonymous_16)
FN:481,(anonymous_17)
FN:516,(anonymous_18)
FN:543,(anonymous_19)
FN:577,(anonymous_20)
FN:604,(anonymous_21)
FN:613,(anonymous_22)
FN:623,(anonymous_23)
FN:633,(anonymous_24)
FN:691,(anonymous_25)
FN:715,(anonymous_26)
FN:735,(anonymous_27)
FN:754,(anonymous_28)
FN:786,(anonymous_29)
FN:835,(anonymous_30)
FN:861,(anonymous_31)
FN:883,(anonymous_32)
FN:906,(anonymous_33)
FN:953,(anonymous_34)
FN:996,(anonymous_35)
FN:1020,(anonymous_36)
FN:1044,(anonymous_37)
FN:1072,(anonymous_38)
FN:1095,(anonymous_39)
FN:1120,(anonymous_40)
FN:1149,(anonymous_41)
FN:1169,(anonymous_42)
FN:1191,(anonymous_43)
FN:1213,(anonymous_44)
FN:1235,(anonymous_45)
FN:1253,(anonymous_46)
FN:1272,(anonymous_47)
FNF:48
FNH:46
FNDA:1357,(anonymous_0)
FNDA:1354,(anonymous_1)
FNDA:0,(anonymous_2)
FNDA:3,(anonymous_3)
FNDA:15,(anonymous_4)
FNDA:3,(anonymous_5)
FNDA:4,(anonymous_6)
FNDA:2,(anonymous_7)
FNDA:9,(anonymous_8)
FNDA:7,(anonymous_9)
FNDA:9,(anonymous_10)
FNDA:6,(anonymous_11)
FNDA:5,(anonymous_12)
FNDA:7,(anonymous_13)
FNDA:4,(anonymous_14)
FNDA:5,(anonymous_15)
FNDA:6,(anonymous_16)
FNDA:4,(anonymous_17)
FNDA:7,(anonymous_18)
FNDA:5,(anonymous_19)
FNDA:12,(anonymous_20)
FNDA:3,(anonymous_21)
FNDA:2,(anonymous_22)
FNDA:3,(anonymous_23)
FNDA:0,(anonymous_24)
FNDA:1,(anonymous_25)
FNDA:3,(anonymous_26)
FNDA:3,(anonymous_27)
FNDA:5,(anonymous_28)
FNDA:36,(anonymous_29)
FNDA:4,(anonymous_30)
FNDA:36,(anonymous_31)
FNDA:35,(anonymous_32)
FNDA:4,(anonymous_33)
FNDA:3,(anonymous_34)
FNDA:23,(anonymous_35)
FNDA:4,(anonymous_36)
FNDA:4,(anonymous_37)
FNDA:4,(anonymous_38)
FNDA:4,(anonymous_39)
FNDA:6,(anonymous_40)
FNDA:3,(anonymous_41)
FNDA:3,(anonymous_42)
FNDA:3,(anonymous_43)
FNDA:3,(anonymous_44)
FNDA:3,(anonymous_45)
FNDA:4,(anonymous_46)
FNDA:4,(anonymous_47)
DA:1,11
DA:2,11
DA:3,11
DA:5,11
DA:6,11
DA:7,11
DA:8,11
DA:9,11
DA:10,11
DA:11,11
DA:13,11
DA:15,11
DA:25,1357
DA:26,1357
DA:27,1354
DA:28,1354
DA:29,1354
DA:30,0
DA:32,1354
DA:34,3
DA:38,3
DA:39,3
DA:40,3
DA:41,3
DA:42,3
DA:56,3
DA:58,0
DA:79,15
DA:80,15
DA:82,14
DA:83,14
DA:84,13
DA:85,0
DA:96,0
DA:98,13
DA:99,13
DA:100,12
DA:102,6
DA:103,5
DA:107,6
DA:108,4
DA:111,6
DA:112,3
DA:115,6
DA:116,5
DA:118,6
DA:119,0
DA:120,0
DA:121,0
DA:124,6
DA:126,2
DA:127,2
DA:130,6
DA:131,5
DA:135,12
DA:136,7
DA:137,7
DA:138,7
DA:140,12
DA:141,12
DA:142,12
DA:143,12
DA:146,1
DA:148,1
DA:161,3
DA:162,3
DA:163,2
DA:164,2
DA:165,1
DA:167,1
DA:168,1
DA:169,1
DA:170,1
DA:171,1
DA:172,1
DA:174,1
DA:187,4
DA:188,4
DA:189,3
DA:190,3
DA:191,2
DA:192,1
DA:193,0
DA:195,1
DA:197,1
DA:198,1
DA:199,1
DA:200,1
DA:201,1
DA:204,1
DA:205,1
DA:207,1
DA:219,2
DA:220,2
DA:221,2
DA:222,2
DA:223,2
DA:224,2
DA:225,2
DA:227,0
DA:240,9
DA:241,9
DA:242,8
DA:243,8
DA:244,7
DA:246,7
DA:247,7
DA:248,4
DA:249,4
DA:250,4
DA:251,4
DA:252,4
DA:253,4
DA:255,3
DA:256,3
DA:259,6
DA:260,6
DA:262,1
DA:277,7
DA:278,7
DA:279,5
DA:280,5
DA:281,4
DA:282,4
DA:283,3
DA:284,3
DA:285,3
DA:286,2
DA:287,2
DA:289,2
DA:302,9
DA:303,9
DA:304,8
DA:305,8
DA:306,8
DA:307,5
DA:308,0
DA:312,0
DA:313,0
DA:316,5
DA:317,5
DA:321,5
DA:322,5
DA:324,1
DA:340,6
DA:341,6
DA:342,5
DA:343,5
DA:344,4
DA:345,4
DA:346,4
DA:347,3
DA:348,3
DA:351,4
DA:352,3
DA:353,3
DA:355,1
DA:368,5
DA:369,5
DA:370,4
DA:371,4
DA:372,3
DA:373,3
DA:374,1
DA:375,1
DA:376,1
DA:377,1
DA:378,1
DA:379,1
DA:380,1
DA:381,1
DA:382,1
DA:383,1
DA:386,1
DA:388,1
DA:397,7
DA:398,7
DA:399,5
DA:400,5
DA:401,3
DA:402,3
DA:403,1
DA:404,1
DA:405,2
DA:406,2
DA:408,1
DA:410,2
DA:419,4
DA:420,4
DA:421,3
DA:422,3
DA:423,2
DA:424,2
DA:425,1
DA:426,1
DA:427,1
DA:428,1
DA:430,1
DA:432,1
DA:437,5
DA:439,5
DA:440,4
DA:442,3
DA:444,0
DA:454,6
DA:455,6
DA:456,5
DA:457,5
DA:458,5
DA:460,3
DA:461,2
DA:463,2
DA:465,2
DA:466,2
DA:468,2
DA:469,2
DA:470,2
DA:472,1
DA:482,4
DA:483,4
DA:484,3
DA:485,3
DA:486,3
DA:488,2
DA:490,1
DA:491,1
DA:492,1
DA:493,1
DA:496,1
DA:498,1
DA:499,1
DA:500,1
DA:501,1
DA:504,1
DA:505,1
DA:507,1
DA:517,7
DA:518,7
DA:519,6
DA:520,6
DA:521,6
DA:522,5
DA:523,5
DA:524,5
DA:525,4
DA:526,4
DA:528,4
DA:529,4
DA:532,5
DA:534,1
DA:544,5
DA:545,5
DA:546,4
DA:547,4
DA:548,4
DA:549,2
DA:550,2
DA:551,1
DA:552,1
DA:553,1
DA:554,1
DA:555,1
DA:556,1
DA:559,1
DA:560,1
DA:561,1
DA:562,1
DA:563,1
DA:566,0
DA:568,1
DA:578,12
DA:579,12
DA:580,11
DA:581,11
DA:582,11
DA:583,9
DA:584,9
DA:585,3
DA:586,3
DA:587,3
DA:590,0
DA:592,1
DA:605,3
DA:606,3
DA:607,3
DA:608,1
DA:610,0
DA:614,2
DA:615,2
DA:617,2
DA:618,2
DA:620,0
DA:624,3
DA:625,3
DA:626,3
DA:627,3
DA:628,3
DA:630,0
DA:634,0
DA:635,0
DA:636,0
DA:637,0
DA:638,0
DA:641,0
DA:642,0
DA:645,0
DA:646,0
DA:649,0
DA:650,0
DA:653,0
DA:654,0
DA:657,0
DA:658,0
DA:661,0
DA:662,0
DA:663,0
DA:664,0
DA:666,0
DA:677,0
DA:678,0
DA:679,0
DA:681,0
DA:692,1
DA:693,1
DA:694,1
DA:695,1
DA:696,1
DA:697,1
DA:698,1
DA:700,0
DA:716,3
DA:717,3
DA:718,2
DA:719,2
DA:720,1
DA:722,1
DA:736,3
DA:737,3
DA:738,2
DA:739,2
DA:740,1
DA:742,1
DA:755,5
DA:756,5
DA:757,4
DA:758,4
DA:759,3
DA:760,3
DA:761,1
DA:762,1
DA:763,1
DA:764,1
DA:765,1
DA:766,1
DA:767,1
DA:768,1
DA:771,1
DA:773,1
DA:787,36
DA:788,36
DA:789,36
DA:790,36
DA:814,36
DA:815,36
DA:816,36
DA:817,36
DA:818,36
DA:819,36
DA:820,36
DA:821,36
DA:823,0
DA:836,4
DA:837,4
DA:838,3
DA:839,3
DA:840,2
DA:841,2
DA:842,1
DA:843,1
DA:844,1
DA:846,1
DA:862,36
DA:863,36
DA:864,35
DA:866,35
DA:867,34
DA:869,34
DA:870,34
DA:871,34
DA:872,34
DA:874,1
DA:884,35
DA:885,35
DA:886,35
DA:887,0
DA:888,35
DA:893,35
DA:894,35
DA:895,35
DA:897,0
DA:907,4
DA:908,4
DA:909,3
DA:910,2
DA:911,2
DA:912,2
DA:913,1
DA:914,0
DA:915,0
DA:916,0
DA:917,0
DA:918,0
DA:919,0
DA:920,0
DA:921,0
DA:922,0
DA:925,0
DA:926,0
DA:927,0
DA:928,0
DA:932,0
DA:933,0
DA:934,0
DA:935,0
DA:939,0
DA:940,0
DA:942,1
DA:954,3
DA:955,3
DA:956,3
DA:957,3
DA:960,3
DA:961,3
DA:962,3
DA:963,2
DA:964,2
DA:966,1
DA:967,0
DA:968,0
DA:969,0
DA:972,1
DA:973,0
DA:974,0
DA:978,0
DA:980,2
DA:997,23
DA:998,23
DA:999,22
DA:1000,22
DA:1001,21
DA:1002,2
DA:1004,19
DA:1005,19
DA:1006,19
DA:1007,19
DA:1008,19
DA:1009,19
DA:1011,1
DA:1021,4
DA:1022,4
DA:1023,3
DA:1024,3
DA:1025,2
DA:1026,1
DA:1028,1
DA:1029,1
DA:1030,1
DA:1031,1
DA:1032,1
DA:1033,1
DA:1035,1
DA:1045,4
DA:1046,4
DA:1047,3
DA:1048,3
DA:1050,2
DA:1051,1
DA:1053,1
DA:1054,1
DA:1055,1
DA:1056,1
DA:1057,1
DA:1059,1
DA:1073,4
DA:1074,4
DA:1075,3
DA:1076,3
DA:1077,3
DA:1079,0
DA:1096,4
DA:1097,4
DA:1098,3
DA:1099,3
DA:1100,2
DA:1101,2
DA:1103,1
DA:1121,6
DA:1122,6
DA:1123,5
DA:1124,5
DA:1125,4
DA:1126,3
DA:1127,1
DA:1129,2
DA:1130,2
DA:1132,1
DA:1133,1
DA:1134,1
DA:1136,1
DA:1150,3
DA:1151,3
DA:1152,2
DA:1153,2
DA:1154,1
DA:1155,1
DA:1157,1
DA:1170,3
DA:1171,3
DA:1172,2
DA:1173,2
DA:1174,1
DA:1175,1
DA:1176,1
DA:1178,1
DA:1192,3
DA:1193,3
DA:1194,2
DA:1195,2
DA:1196,1
DA:1197,1
DA:1198,1
DA:1200,1
DA:1214,3
DA:1215,3
DA:1216,2
DA:1217,2
DA:1218,1
DA:1219,1
DA:1220,1
DA:1222,1
DA:1236,3
DA:1237,3
DA:1238,2
DA:1239,2
DA:1240,1
DA:1241,1
DA:1242,1
DA:1244,1
DA:1254,4
DA:1255,4
DA:1256,4
DA:1258,2
DA:1259,2
DA:1260,1
DA:1261,1
DA:1263,0
DA:1273,4
DA:1274,4
DA:1275,4
DA:1277,2
DA:1278,2
DA:1279,1
DA:1280,1
DA:1282,0
DA:1288,11
LF:565
LH:491
BRDA:26,0,0,3
BRDA:26,0,1,1354
BRDA:28,1,0,0
BRDA:28,1,1,1354
BRDA:39,2,0,0
BRDA:39,2,1,3
BRDA:41,3,0,0
BRDA:41,3,1,3
BRDA:80,4,0,1
BRDA:80,4,1,14
BRDA:83,5,0,13
BRDA:83,5,1,1
BRDA:84,6,0,0
BRDA:84,6,1,13
BRDA:99,7,0,1
BRDA:99,7,1,12
BRDA:100,8,0,6
BRDA:100,8,1,6
BRDA:102,9,0,5
BRDA:102,9,1,1
BRDA:107,10,0,4
BRDA:107,10,1,2
BRDA:111,11,0,3
BRDA:111,11,1,3
BRDA:115,12,0,5
BRDA:115,12,1,1
BRDA:118,13,0,0
BRDA:118,13,1,6
BRDA:118,14,0,6
BRDA:118,14,1,2
BRDA:124,15,0,2
BRDA:124,15,1,4
BRDA:127,16,0,2
BRDA:127,16,1,0
BRDA:130,17,0,5
BRDA:130,17,1,1
BRDA:135,18,0,7
BRDA:135,18,1,5
BRDA:136,19,0,1
BRDA:136,19,1,6
BRDA:137,20,0,1
BRDA:137,20,1,6
BRDA:138,21,0,1
BRDA:138,21,1,6
BRDA:140,22,0,12
BRDA:140,22,1,0
BRDA:162,23,0,1
BRDA:162,23,1,2
BRDA:164,24,0,1
BRDA:164,24,1,1
BRDA:188,25,0,1
BRDA:188,25,1,3
BRDA:190,26,0,1
BRDA:190,26,1,2
BRDA:191,27,0,1
BRDA:191,27,1,1
BRDA:220,28,0,1
BRDA:220,28,1,1
BRDA:221,29,0,1
BRDA:221,29,1,1
BRDA:222,30,0,1
BRDA:222,30,1,1
BRDA:223,31,0,1
BRDA:223,31,1,1
BRDA:224,32,0,1
BRDA:224,32,1,1
BRDA:241,33,0,1
BRDA:241,33,1,8
BRDA:243,34,0,1
BRDA:243,34,1,7
BRDA:246,35,0,0
BRDA:246,35,1,7
BRDA:247,36,0,4
BRDA:247,36,1,3
BRDA:249,37,0,0
BRDA:249,37,1,4
BRDA:256,38,0,1
BRDA:256,38,1,2
BRDA:256,39,0,3
BRDA:256,39,1,3
BRDA:259,40,0,0
BRDA:259,40,1,6
BRDA:278,41,0,2
BRDA:278,41,1,5
BRDA:280,42,0,1
BRDA:280,42,1,4
BRDA:282,43,0,1
BRDA:282,43,1,3
BRDA:283,44,0,0
BRDA:283,44,1,3
BRDA:285,45,0,1
BRDA:285,45,1,2
BRDA:285,46,0,3
BRDA:285,46,1,2
BRDA:286,47,0,0
BRDA:286,47,1,2
BRDA:303,48,0,1
BRDA:303,48,1,8
BRDA:306,49,0,3
BRDA:306,49,1,5
BRDA:306,50,0,8
BRDA:306,50,1,7
BRDA:307,51,0,0
BRDA:307,51,1,5
BRDA:341,52,0,1
BRDA:341,52,1,5
BRDA:343,53,0,1
BRDA:343,53,1,4
BRDA:346,54,0,3
BRDA:346,54,1,1
BRDA:351,55,0,1
BRDA:351,55,1,3
BRDA:369,56,0,1
BRDA:369,56,1,4
BRDA:371,57,0,1
BRDA:371,57,1,3
BRDA:372,58,0,0
BRDA:372,58,1,3
BRDA:373,59,0,2
BRDA:373,59,1,1
BRDA:377,60,0,1
BRDA:377,60,1,0
BRDA:398,61,0,2
BRDA:398,61,1,5
BRDA:400,62,0,2
BRDA:400,62,1,3
BRDA:401,63,0,0
BRDA:401,63,1,3
BRDA:402,64,0,2
BRDA:402,64,1,1
BRDA:406,65,0,2
BRDA:406,65,1,0
BRDA:420,66,0,1
BRDA:420,66,1,3
BRDA:422,67,0,1
BRDA:422,67,1,2
BRDA:423,68,0,0
BRDA:423,68,1,2
BRDA:424,69,0,1
BRDA:424,69,1,1
BRDA:428,70,0,1
BRDA:428,70,1,0
BRDA:440,71,0,2
BRDA:440,71,1,2
BRDA:455,72,0,1
BRDA:455,72,1,5
BRDA:458,73,0,2
BRDA:458,73,1,3
BRDA:458,74,0,5
BRDA:458,74,1,3
BRDA:460,75,0,1
BRDA:460,75,1,2
BRDA:461,76,0,0
BRDA:461,76,1,2
BRDA:466,77,0,0
BRDA:466,77,1,2
BRDA:483,78,0,1
BRDA:483,78,1,3
BRDA:486,79,0,1
BRDA:486,79,1,2
BRDA:486,80,0,3
BRDA:486,80,1,2
BRDA:488,81,0,1
BRDA:488,81,1,1
BRDA:491,82,0,1
BRDA:491,82,1,0
BRDA:499,83,0,1
BRDA:499,83,1,0
BRDA:518,84,0,1
BRDA:518,84,1,6
BRDA:521,85,0,1
BRDA:521,85,1,5
BRDA:521,86,0,6
BRDA:521,86,1,5
BRDA:522,87,0,0
BRDA:522,87,1,5
BRDA:523,88,0,0
BRDA:523,88,1,5
BRDA:524,89,0,4
BRDA:524,89,1,1
BRDA:545,90,0,1
BRDA:545,90,1,4
BRDA:548,91,0,2
BRDA:548,91,1,2
BRDA:548,92,0,4
BRDA:548,92,1,2
BRDA:549,93,0,0
BRDA:549,93,1,2
BRDA:550,94,0,1
BRDA:550,94,1,1
BRDA:551,95,0,0
BRDA:551,95,1,1
BRDA:552,96,0,0
BRDA:552,96,1,1
BRDA:554,97,0,1
BRDA:554,97,1,0
BRDA:560,98,0,1
BRDA:560,98,1,0
BRDA:579,99,0,1
BRDA:579,99,1,11
BRDA:582,100,0,2
BRDA:582,100,1,9
BRDA:582,101,0,11
BRDA:582,101,1,10
BRDA:583,102,0,0
BRDA:583,102,1,9
BRDA:584,103,0,6
BRDA:584,103,1,3
BRDA:586,104,0,3
BRDA:586,104,1,0
BRDA:607,105,0,2
BRDA:607,105,1,1
BRDA:615,106,0,2
BRDA:615,106,1,0
BRDA:625,107,0,3
BRDA:625,107,1,0
BRDA:635,108,0,0
BRDA:635,108,1,0
BRDA:636,109,0,0
BRDA:636,109,1,0
BRDA:637,110,0,0
BRDA:637,110,1,0
BRDA:637,111,0,0
BRDA:637,111,1,0
BRDA:641,112,0,0
BRDA:641,112,1,0
BRDA:641,113,0,0
BRDA:641,113,1,0
BRDA:645,114,0,0
BRDA:645,114,1,0
BRDA:645,115,0,0
BRDA:645,115,1,0
BRDA:649,116,0,0
BRDA:649,116,1,0
BRDA:649,117,0,0
BRDA:649,117,1,0
BRDA:653,118,0,0
BRDA:653,118,1,0
BRDA:653,119,0,0
BRDA:653,119,1,0
BRDA:657,120,0,0
BRDA:657,120,1,0
BRDA:657,121,0,0
BRDA:657,121,1,0
BRDA:661,122,0,0
BRDA:661,122,1,0
BRDA:662,123,0,0
BRDA:662,123,1,0
BRDA:662,124,0,0
BRDA:662,124,1,0
BRDA:663,125,0,0
BRDA:663,125,1,0
BRDA:663,126,0,0
BRDA:663,126,1,0
BRDA:664,127,0,0
BRDA:664,127,1,0
BRDA:664,128,0,0
BRDA:664,128,1,0
BRDA:717,129,0,1
BRDA:717,129,1,2
BRDA:719,130,0,1
BRDA:719,130,1,1
BRDA:737,131,0,1
BRDA:737,131,1,2
BRDA:739,132,0,1
BRDA:739,132,1,1
BRDA:756,133,0,1
BRDA:756,133,1,4
BRDA:758,134,0,1
BRDA:758,134,1,3
BRDA:760,135,0,2
BRDA:760,135,1,1
BRDA:761,136,0,0
BRDA:761,136,1,1
BRDA:765,137,0,1
BRDA:765,137,1,0
BRDA:767,138,0,0
BRDA:767,138,1,1
BRDA:837,139,0,1
BRDA:837,139,1,3
BRDA:839,140,0,1
BRDA:839,140,1,2
BRDA:841,141,0,1
BRDA:841,141,1,1
BRDA:843,142,0,1
BRDA:843,142,1,0
BRDA:863,143,0,1
BRDA:863,143,1,35
BRDA:866,144,0,1
BRDA:866,144,1,34
BRDA:869,145,0,0
BRDA:869,145,1,34
BRDA:871,146,0,0
BRDA:871,146,1,34
BRDA:885,147,0,0
BRDA:885,147,1,35
BRDA:886,148,0,0
BRDA:886,148,1,35
BRDA:908,149,0,1
BRDA:908,149,1,3
BRDA:909,150,0,1
BRDA:909,150,1,2
BRDA:912,151,0,1
BRDA:912,151,1,1
BRDA:913,152,0,1
BRDA:913,152,1,0
BRDA:913,153,0,1
BRDA:913,153,1,1
BRDA:915,154,0,0
BRDA:915,154,1,0
BRDA:919,155,0,0
BRDA:919,155,1,0
BRDA:921,156,0,0
BRDA:921,156,1,0
BRDA:934,157,0,0
BRDA:934,157,1,0
BRDA:955,158,0,0
BRDA:955,158,1,3
BRDA:957,159,0,0
BRDA:957,159,1,3
BRDA:963,160,0,0
BRDA:963,160,1,2
BRDA:964,161,0,1
BRDA:964,161,1,1
BRDA:967,162,0,0
BRDA:967,162,1,0
BRDA:973,163,0,0
BRDA:973,163,1,0
BRDA:998,164,0,1
BRDA:998,164,1,22
BRDA:1000,165,0,1
BRDA:1000,165,1,21
BRDA:1001,166,0,2
BRDA:1001,166,1,19
BRDA:1005,167,0,0
BRDA:1005,167,1,19
BRDA:1022,168,0,1
BRDA:1022,168,1,3
BRDA:1024,169,0,1
BRDA:1024,169,1,2
BRDA:1025,170,0,1
BRDA:1025,170,1,1
BRDA:1046,171,0,1
BRDA:1046,171,1,3
BRDA:1048,172,0,1
BRDA:1048,172,1,2
BRDA:1050,173,0,1
BRDA:1050,173,1,1
BRDA:1074,174,0,1
BRDA:1074,174,1,3
BRDA:1097,175,0,1
BRDA:1097,175,1,3
BRDA:1099,176,0,1
BRDA:1099,176,1,2
BRDA:1122,177,0,1
BRDA:1122,177,1,5
BRDA:1124,178,0,1
BRDA:1124,178,1,4
BRDA:1125,179,0,3
BRDA:1125,179,1,1
BRDA:1126,180,0,1
BRDA:1126,180,1,2
BRDA:1127,181,0,1
BRDA:1127,181,1,0
BRDA:1130,182,0,1
BRDA:1130,182,1,1
BRDA:1133,183,0,0
BRDA:1133,183,1,1
BRDA:1151,184,0,1
BRDA:1151,184,1,2
BRDA:1153,185,0,1
BRDA:1153,185,1,1
BRDA:1171,186,0,1
BRDA:1171,186,1,2
BRDA:1173,187,0,1
BRDA:1173,187,1,1
BRDA:1175,188,0,0
BRDA:1175,188,1,1
BRDA:1193,189,0,1
BRDA:1193,189,1,2
BRDA:1195,190,0,1
BRDA:1195,190,1,1
BRDA:1197,191,0,0
BRDA:1197,191,1,1
BRDA:1215,192,0,1
BRDA:1215,192,1,2
BRDA:1217,193,0,1
BRDA:1217,193,1,1
BRDA:1219,194,0,0
BRDA:1219,194,1,1
BRDA:1237,195,0,1
BRDA:1237,195,1,2
BRDA:1239,196,0,1
BRDA:1239,196,1,1
BRDA:1241,197,0,0
BRDA:1241,197,1,1
BRDA:1256,198,0,2
BRDA:1256,198,1,2
BRDA:1259,199,0,1
BRDA:1259,199,1,1
BRDA:1275,200,0,2
BRDA:1275,200,1,2
BRDA:1278,201,0,1
BRDA:1278,201,1,1
BRF:404
BRH:297
end_of_record
